{"UtcTime":"2020-05-18 09:43:09.274","TerminalSessionId":"0","Company":"Microsoft Corporation","ParentImage":"C:\\Windows\\System32\\OpenSSH\\sshd.exe","Image":"C:\\Windows\\System32\\conhost.exe","FileVersion":"10.0.17763.1075 (WinBuild.160101.0800)","ParentProcessId":"3812","LogonGuid":"{87a71a6b-54eb-5ebe-e703-000000000000}","ProcessId":"3664","CommandLine":"\\??\\C:\\Windows\\system32\\conhost.exe 0xffffffff -ForceV1","ParentCommandLine":"\"C:\\Windows\\System32\\OpenSSH\\sshd.exe\" \"-R\"","LogonId":"0x3e7","ProcessGuid":"{87a71a6b-58ad-5ec2-5651-01000000b000}","OriginalFileName":"CONHOST.EXE","RuleName":"-","Description":"Console Window Host","IntegrityLevel":"System","ParentProcessGuid":"{87a71a6b-58ad-5ec2-5551-01000000b000}","Product":"Microsoft® Windows® Operating System","CurrentDirectory":"C:\\Windows","Hashes":"SHA1=74F28DD9B0DA310D85F1931DB2749A26A9A8AB02","User":"NT AUTHORITY\\SYSTEM"}
{"UtcTime":"2020-05-18 09:43:09.396","TerminalSessionId":"0","Company":"-","ParentImage":"C:\\Windows\\System32\\OpenSSH\\sshd.exe","Image":"C:\\Windows\\System32\\OpenSSH\\sshd.exe","FileVersion":"7.7.2.2","ParentProcessId":"3812","LogonGuid":"{87a71a6b-58ad-5ec2-e829-870700000000}","CommandLine":"\"C:\\Windows\\System32\\OpenSSH\\sshd.exe\" \"-y\"","ProcessId":"4420","ParentCommandLine":"\"C:\\Windows\\System32\\OpenSSH\\sshd.exe\" \"-R\"","LogonId":"0x78729e8","ProcessGuid":"{87a71a6b-58ad-5ec2-5751-01000000b000}","OriginalFileName":"-","RuleName":"-","Description":"-","IntegrityLevel":"High","ParentProcessGuid":"{87a71a6b-58ad-5ec2-5551-01000000b000}","Product":"OpenSSH for Windows","CurrentDirectory":"C:\\","Hashes":"SHA1=332C3AE15BF630ED2806BB869F7C0E91F3C884F5","User":"S-1-5-111-3847866527-469524349-687026318-516638107-1125189541-3812"}
{"UtcTime":"2020-05-18 09:43:09.861","RuleName":"-","Image":"C:\\Windows\\System32\\OpenSSH\\sshd.exe","ProcessId":"4420","ProcessGuid":"{87a71a6b-58ad-5ec2-5751-01000000b000}"}
{"UtcTime":"2020-05-18 09:43:09.877","RuleName":"-","Image":"C:\\Windows\\System32\\OpenSSH\\sshd.exe","ProcessId":"3812","ProcessGuid":"{87a71a6b-58ad-5ec2-5551-01000000b000}"}
{"UtcTime":"2020-05-18 09:43:09.877","RuleName":"-","Image":"C:\\Windows\\System32\\conhost.exe","ProcessId":"3664","ProcessGuid":"{87a71a6b-58ad-5ec2-5651-01000000b000}"}
{"UtcTime":"2020-05-18 09:43:16.279","TerminalSessionId":"0","Company":"-","ParentImage":"C:\\Windows\\System32\\OpenSSH\\sshd.exe","Image":"C:\\Windows\\System32\\OpenSSH\\sshd.exe","ParentProcessId":"1820","FileVersion":"7.7.2.2","LogonGuid":"{87a71a6b-54eb-5ebe-e703-000000000000}","ProcessId":"2588","CommandLine":"\"C:\\Windows\\System32\\OpenSSH\\sshd.exe\" \"-R\"","ParentCommandLine":"C:\\Windows\\System32\\OpenSSH\\sshd.exe","LogonId":"0x3e7","ProcessGuid":"{87a71a6b-58b4-5ec2-5851-01000000b000}","OriginalFileName":"-","RuleName":"-","Description":"-","IntegrityLevel":"System","ParentProcessGuid":"{87a71a6b-54ee-5ebe-2700-00000000b000}","Product":"OpenSSH for Windows","CurrentDirectory":"C:\\","Hashes":"SHA1=332C3AE15BF630ED2806BB869F7C0E91F3C884F5","User":"NT AUTHORITY\\SYSTEM"}
{"UtcTime":"2020-05-18 09:43:16.284","TerminalSessionId":"0","Company":"Microsoft Corporation","ParentImage":"C:\\Windows\\System32\\OpenSSH\\sshd.exe","Image":"C:\\Windows\\System32\\conhost.exe","FileVersion":"10.0.17763.1075 (WinBuild.160101.0800)","ParentProcessId":"2588","LogonGuid":"{87a71a6b-54eb-5ebe-e703-000000000000}","CommandLine":"\\??\\C:\\Windows\\system32\\conhost.exe 0xffffffff -ForceV1","ProcessId":"4468","ParentCommandLine":"\"C:\\Windows\\System32\\OpenSSH\\sshd.exe\" \"-R\"","LogonId":"0x3e7","ProcessGuid":"{87a71a6b-58b4-5ec2-5951-01000000b000}","OriginalFileName":"CONHOST.EXE","RuleName":"-","Description":"Console Window Host","IntegrityLevel":"System","ParentProcessGuid":"{87a71a6b-58b4-5ec2-5851-01000000b000}","Product":"Microsoft® Windows® Operating System","User":"NT AUTHORITY\\SYSTEM","Hashes":"SHA1=74F28DD9B0DA310D85F1931DB2749A26A9A8AB02","CurrentDirectory":"C:\\Windows"}
{"UtcTime":"2020-05-18 09:43:16.535","TerminalSessionId":"0","Company":"-","ParentImage":"C:\\Windows\\System32\\OpenSSH\\sshd.exe","Image":"C:\\Windows\\System32\\OpenSSH\\sshd.exe","FileVersion":"7.7.2.2","ParentProcessId":"2588","LogonGuid":"{87a71a6b-58b4-5ec2-e233-870700000000}","CommandLine":"\"C:\\Windows\\System32\\OpenSSH\\sshd.exe\" \"-y\"","ProcessId":"4852","ParentCommandLine":"\"C:\\Windows\\System32\\OpenSSH\\sshd.exe\" \"-R\"","LogonId":"0x78733e2","ProcessGuid":"{87a71a6b-58b4-5ec2-5a51-01000000b000}","OriginalFileName":"-","RuleName":"-","Description":"-","IntegrityLevel":"High","ParentProcessGuid":"{87a71a6b-58b4-5ec2-5851-01000000b000}","Product":"OpenSSH for Windows","CurrentDirectory":"C:\\","Hashes":"SHA1=332C3AE15BF630ED2806BB869F7C0E91F3C884F5","User":"S-1-5-111-3847866527-469524349-687026318-516638107-1125189541-2588"}
{"UtcTime":"2020-05-18 09:43:19.473","TerminalSessionId":"0","Company":"-","ParentImage":"C:\\Windows\\System32\\OpenSSH\\sshd.exe","Image":"C:\\Windows\\System32\\OpenSSH\\sshd.exe","FileVersion":"7.7.2.2","ParentProcessId":"1820","LogonGuid":"{87a71a6b-54eb-5ebe-e703-000000000000}","ProcessId":"2276","CommandLine":"\"C:\\Windows\\System32\\OpenSSH\\sshd.exe\" \"-R\"","ParentCommandLine":"C:\\Windows\\System32\\OpenSSH\\sshd.exe","LogonId":"0x3e7","ProcessGuid":"{87a71a6b-58b7-5ec2-5b51-01000000b000}","OriginalFileName":"-","RuleName":"-","Description":"-","IntegrityLevel":"System","ParentProcessGuid":"{87a71a6b-54ee-5ebe-2700-00000000b000}","Product":"OpenSSH for Windows","User":"NT AUTHORITY\\SYSTEM","Hashes":"SHA1=332C3AE15BF630ED2806BB869F7C0E91F3C884F5","CurrentDirectory":"C:\\"}
{"UtcTime":"2020-05-18 09:43:19.477","TerminalSessionId":"0","Company":"Microsoft Corporation","ParentImage":"C:\\Windows\\System32\\OpenSSH\\sshd.exe","Image":"C:\\Windows\\System32\\conhost.exe","ParentProcessId":"2276","FileVersion":"10.0.17763.1075 (WinBuild.160101.0800)","LogonGuid":"{87a71a6b-54eb-5ebe-e703-000000000000}","CommandLine":"\\??\\C:\\Windows\\system32\\conhost.exe 0xffffffff -ForceV1","ProcessId":"4796","ParentCommandLine":"\"C:\\Windows\\System32\\OpenSSH\\sshd.exe\" \"-R\"","LogonId":"0x3e7","ProcessGuid":"{87a71a6b-58b7-5ec2-5c51-01000000b000}","OriginalFileName":"CONHOST.EXE","RuleName":"-","Description":"Console Window Host","IntegrityLevel":"System","ParentProcessGuid":"{87a71a6b-58b7-5ec2-5b51-01000000b000}","Product":"Microsoft® Windows® Operating System","CurrentDirectory":"C:\\Windows","User":"NT AUTHORITY\\SYSTEM","Hashes":"SHA1=74F28DD9B0DA310D85F1931DB2749A26A9A8AB02"}
{"UtcTime":"2020-05-18 09:43:19.612","RuleName":"-","Image":"C:\\Windows\\System32\\OpenSSH\\sshd.exe","ProcessId":"4852","ProcessGuid":"{87a71a6b-58b4-5ec2-5a51-01000000b000}"}
{"UtcTime":"2020-05-18 09:43:19.612","RuleName":"-","Image":"C:\\Windows\\System32\\OpenSSH\\sshd.exe","ProcessId":"2588","ProcessGuid":"{87a71a6b-58b4-5ec2-5851-01000000b000}"}
{"UtcTime":"2020-05-18 09:43:19.612","RuleName":"-","Image":"C:\\Windows\\System32\\conhost.exe","ProcessId":"4468","ProcessGuid":"{87a71a6b-58b4-5ec2-5951-01000000b000}"}
{"UtcTime":"2020-05-18 09:43:19.666","TerminalSessionId":"0","Company":"-","ParentImage":"C:\\Windows\\System32\\OpenSSH\\sshd.exe","Image":"C:\\Windows\\System32\\OpenSSH\\sshd.exe","FileVersion":"7.7.2.2","ParentProcessId":"2276","LogonGuid":"{87a71a6b-58b7-5ec2-b83b-870700000000}","ProcessId":"3520","CommandLine":"\"C:\\Windows\\System32\\OpenSSH\\sshd.exe\" \"-y\"","ParentCommandLine":"\"C:\\Windows\\System32\\OpenSSH\\sshd.exe\" \"-R\"","LogonId":"0x7873bb8","ProcessGuid":"{87a71a6b-58b7-5ec2-5d51-01000000b000}","OriginalFileName":"-","RuleName":"-","Description":"-","IntegrityLevel":"High","ParentProcessGuid":"{87a71a6b-58b7-5ec2-5b51-01000000b000}","Product":"OpenSSH for Windows","CurrentDirectory":"C:\\","Hashes":"SHA1=332C3AE15BF630ED2806BB869F7C0E91F3C884F5","User":"S-1-5-111-3847866527-469524349-687026318-516638107-1125189541-2276"}
{"UtcTime":"2020-05-18 09:43:20.519","RuleName":"-","Image":"C:\\Windows\\System32\\OpenSSH\\sshd.exe","ProcessId":"3520","ProcessGuid":"{87a71a6b-58b7-5ec2-5d51-01000000b000}"}
{"UtcTime":"2020-05-18 09:43:20.519","RuleName":"-","Image":"C:\\Windows\\System32\\OpenSSH\\sshd.exe","ProcessId":"2276","ProcessGuid":"{87a71a6b-58b7-5ec2-5b51-01000000b000}"}
{"UtcTime":"2020-05-18 09:43:20.519","RuleName":"-","Image":"C:\\Windows\\System32\\conhost.exe","ProcessId":"4796","ProcessGuid":"{87a71a6b-58b7-5ec2-5c51-01000000b000}"}
{"UtcTime":"2020-05-18 09:43:26.223","TerminalSessionId":"0","Company":"-","ParentImage":"C:\\Windows\\System32\\OpenSSH\\sshd.exe","Image":"C:\\Windows\\System32\\OpenSSH\\sshd.exe","ParentProcessId":"1820","FileVersion":"7.7.2.2","LogonGuid":"{87a71a6b-54eb-5ebe-e703-000000000000}","ProcessId":"2012","CommandLine":"\"C:\\Windows\\System32\\OpenSSH\\sshd.exe\" \"-R\"","ParentCommandLine":"C:\\Windows\\System32\\OpenSSH\\sshd.exe","LogonId":"0x3e7","ProcessGuid":"{87a71a6b-58be-5ec2-5e51-01000000b000}","OriginalFileName":"-","RuleName":"-","Description":"-","IntegrityLevel":"System","ParentProcessGuid":"{87a71a6b-54ee-5ebe-2700-00000000b000}","Product":"OpenSSH for Windows","User":"NT AUTHORITY\\SYSTEM","Hashes":"SHA1=332C3AE15BF630ED2806BB869F7C0E91F3C884F5","CurrentDirectory":"C:\\"}
{"UtcTime":"2020-05-18 09:43:26.228","TerminalSessionId":"0","Company":"Microsoft Corporation","ParentImage":"C:\\Windows\\System32\\OpenSSH\\sshd.exe","Image":"C:\\Windows\\System32\\conhost.exe","ParentProcessId":"2012","FileVersion":"10.0.17763.1075 (WinBuild.160101.0800)","LogonGuid":"{87a71a6b-54eb-5ebe-e703-000000000000}","ProcessId":"4472","CommandLine":"\\??\\C:\\Windows\\system32\\conhost.exe 0xffffffff -ForceV1","ParentCommandLine":"\"C:\\Windows\\System32\\OpenSSH\\sshd.exe\" \"-R\"","LogonId":"0x3e7","ProcessGuid":"{87a71a6b-58be-5ec2-5f51-01000000b000}","OriginalFileName":"CONHOST.EXE","RuleName":"-","Description":"Console Window Host","IntegrityLevel":"System","ParentProcessGuid":"{87a71a6b-58be-5ec2-5e51-01000000b000}","Product":"Microsoft® Windows® Operating System","CurrentDirectory":"C:\\Windows","Hashes":"SHA1=74F28DD9B0DA310D85F1931DB2749A26A9A8AB02","User":"NT AUTHORITY\\SYSTEM"}
{"UtcTime":"2020-05-18 09:43:28.018","TerminalSessionId":"0","Company":"-","ParentImage":"C:\\Windows\\System32\\OpenSSH\\sshd.exe","Image":"C:\\Windows\\System32\\OpenSSH\\sshd.exe","ParentProcessId":"2012","FileVersion":"7.7.2.2","LogonGuid":"{87a71a6b-58c0-5ec2-4848-870700000000}","CommandLine":"\"C:\\Windows\\System32\\OpenSSH\\sshd.exe\" \"-y\"","ProcessId":"3100","ParentCommandLine":"\"C:\\Windows\\System32\\OpenSSH\\sshd.exe\" \"-R\"","LogonId":"0x7874848","ProcessGuid":"{87a71a6b-58c0-5ec2-6051-01000000b000}","OriginalFileName":"-","RuleName":"-","Description":"-","IntegrityLevel":"High","ParentProcessGuid":"{87a71a6b-58be-5ec2-5e51-01000000b000}","Product":"OpenSSH for Windows","User":"VIRTUAL USERS\\sshd_2012","Hashes":"SHA1=332C3AE15BF630ED2806BB869F7C0E91F3C884F5","CurrentDirectory":"C:\\"}
{"UtcTime":"2020-05-18 09:43:32.035","RuleName":"-","Image":"C:\\Windows\\System32\\OpenSSH\\sshd.exe","ProcessId":"3100","ProcessGuid":"{87a71a6b-58c0-5ec2-6051-01000000b000}"}
{"UtcTime":"2020-05-18 09:43:32.035","RuleName":"-","Image":"C:\\Windows\\System32\\OpenSSH\\sshd.exe","ProcessId":"2012","ProcessGuid":"{87a71a6b-58be-5ec2-5e51-01000000b000}"}
{"UtcTime":"2020-05-18 09:43:32.035","RuleName":"-","Image":"C:\\Windows\\System32\\conhost.exe","ProcessId":"4472","ProcessGuid":"{87a71a6b-58be-5ec2-5f51-01000000b000}"}
{"UtcTime":"2020-05-18 09:43:32.143","TerminalSessionId":"0","Company":"-","ParentImage":"C:\\Windows\\System32\\OpenSSH\\sshd.exe","Image":"C:\\Windows\\System32\\OpenSSH\\sshd.exe","FileVersion":"7.7.2.2","ParentProcessId":"1820","LogonGuid":"{87a71a6b-54eb-5ebe-e703-000000000000}","CommandLine":"\"C:\\Windows\\System32\\OpenSSH\\sshd.exe\" \"-R\"","ProcessId":"3796","ParentCommandLine":"C:\\Windows\\System32\\OpenSSH\\sshd.exe","LogonId":"0x3e7","ProcessGuid":"{87a71a6b-58c4-5ec2-6151-01000000b000}","OriginalFileName":"-","RuleName":"-","Description":"-","IntegrityLevel":"System","ParentProcessGuid":"{87a71a6b-54ee-5ebe-2700-00000000b000}","Product":"OpenSSH for Windows","User":"NT AUTHORITY\\SYSTEM","Hashes":"SHA1=332C3AE15BF630ED2806BB869F7C0E91F3C884F5","CurrentDirectory":"C:\\"}
{"UtcTime":"2020-05-18 09:43:32.148","TerminalSessionId":"0","Company":"Microsoft Corporation","ParentImage":"C:\\Windows\\System32\\OpenSSH\\sshd.exe","Image":"C:\\Windows\\System32\\conhost.exe","ParentProcessId":"3796","FileVersion":"10.0.17763.1075 (WinBuild.160101.0800)","LogonGuid":"{87a71a6b-54eb-5ebe-e703-000000000000}","ProcessId":"3588","CommandLine":"\\??\\C:\\Windows\\system32\\conhost.exe 0xffffffff -ForceV1","ParentCommandLine":"\"C:\\Windows\\System32\\OpenSSH\\sshd.exe\" \"-R\"","LogonId":"0x3e7","ProcessGuid":"{87a71a6b-58c4-5ec2-6251-01000000b000}","OriginalFileName":"CONHOST.EXE","RuleName":"-","Description":"Console Window Host","IntegrityLevel":"System","ParentProcessGuid":"{87a71a6b-58c4-5ec2-6151-01000000b000}","Product":"Microsoft® Windows® Operating System","User":"NT AUTHORITY\\SYSTEM","CurrentDirectory":"C:\\Windows","Hashes":"SHA1=74F28DD9B0DA310D85F1931DB2749A26A9A8AB02"}
{"UtcTime":"2020-05-18 09:43:32.400","TerminalSessionId":"0","Company":"-","ParentImage":"C:\\Windows\\System32\\OpenSSH\\sshd.exe","Image":"C:\\Windows\\System32\\OpenSSH\\sshd.exe","FileVersion":"7.7.2.2","ParentProcessId":"3796","LogonGuid":"{87a71a6b-58c4-5ec2-fe50-870700000000}","CommandLine":"\"C:\\Windows\\System32\\OpenSSH\\sshd.exe\" \"-y\"","ProcessId":"4720","ParentCommandLine":"\"C:\\Windows\\System32\\OpenSSH\\sshd.exe\" \"-R\"","LogonId":"0x78750fe","ProcessGuid":"{87a71a6b-58c4-5ec2-6351-01000000b000}","OriginalFileName":"-","RuleName":"-","Description":"-","IntegrityLevel":"High","ParentProcessGuid":"{87a71a6b-58c4-5ec2-6151-01000000b000}","Product":"OpenSSH for Windows","User":"S-1-5-111-3847866527-469524349-687026318-516638107-1125189541-3796","CurrentDirectory":"C:\\","Hashes":"SHA1=332C3AE15BF630ED2806BB869F7C0E91F3C884F5"}
{"UtcTime":"2020-05-18 09:43:32.678","TerminalSessionId":"0","Company":"-","ParentImage":"C:\\Windows\\System32\\OpenSSH\\sshd.exe","Image":"C:\\Windows\\System32\\OpenSSH\\sshd.exe","FileVersion":"7.7.2.2","ParentProcessId":"1820","LogonGuid":"{87a71a6b-54eb-5ebe-e703-000000000000}","ProcessId":"668","CommandLine":"\"C:\\Windows\\System32\\OpenSSH\\sshd.exe\" \"-R\"","ParentCommandLine":"C:\\Windows\\System32\\OpenSSH\\sshd.exe","LogonId":"0x3e7","ProcessGuid":"{87a71a6b-58c4-5ec2-6451-01000000b000}","OriginalFileName":"-","RuleName":"-","Description":"-","IntegrityLevel":"System","ParentProcessGuid":"{87a71a6b-54ee-5ebe-2700-00000000b000}","Product":"OpenSSH for Windows","CurrentDirectory":"C:\\","Hashes":"SHA1=332C3AE15BF630ED2806BB869F7C0E91F3C884F5","User":"NT AUTHORITY\\SYSTEM"}
{"UtcTime":"2020-05-18 09:43:32.682","TerminalSessionId":"0","Company":"Microsoft Corporation","ParentImage":"C:\\Windows\\System32\\OpenSSH\\sshd.exe","Image":"C:\\Windows\\System32\\conhost.exe","ParentProcessId":"668","FileVersion":"10.0.17763.1075 (WinBuild.160101.0800)","LogonGuid":"{87a71a6b-54eb-5ebe-e703-000000000000}","CommandLine":"\\??\\C:\\Windows\\system32\\conhost.exe 0xffffffff -ForceV1","ProcessId":"5044","ParentCommandLine":"\"C:\\Windows\\System32\\OpenSSH\\sshd.exe\" \"-R\"","LogonId":"0x3e7","ProcessGuid":"{87a71a6b-58c4-5ec2-6551-01000000b000}","OriginalFileName":"CONHOST.EXE","RuleName":"-","Description":"Console Window Host","IntegrityLevel":"System","ParentProcessGuid":"{87a71a6b-58c4-5ec2-6451-01000000b000}","Product":"Microsoft® Windows® Operating System","User":"NT AUTHORITY\\SYSTEM","Hashes":"SHA1=74F28DD9B0DA310D85F1931DB2749A26A9A8AB02","CurrentDirectory":"C:\\Windows"}
{"UtcTime":"2020-05-18 09:43:33.660","RuleName":"-","Image":"C:\\Windows\\System32\\OpenSSH\\sshd.exe","ProcessId":"4720","ProcessGuid":"{87a71a6b-58c4-5ec2-6351-01000000b000}"}
{"UtcTime":"2020-05-18 09:43:33.660","RuleName":"-","Image":"C:\\Windows\\System32\\OpenSSH\\sshd.exe","ProcessId":"3796","ProcessGuid":"{87a71a6b-58c4-5ec2-6151-01000000b000}"}
{"UtcTime":"2020-05-18 09:43:33.660","RuleName":"-","Image":"C:\\Windows\\System32\\conhost.exe","ProcessId":"3588","ProcessGuid":"{87a71a6b-58c4-5ec2-6251-01000000b000}"}
{"UtcTime":"2020-05-18 09:43:35.724","TerminalSessionId":"2","Company":"Sysinternals - www.sysinternals.com","ParentImage":"C:\\Windows\\System32\\WindowsPowerShell\\v1.0\\powershell.exe","Image":"C:\\Users\\Administrator\\sysmon\\Sysmon64.exe","FileVersion":"11.0","ParentProcessId":"3988","LogonGuid":"{87a71a6b-5693-5ebe-ede9-040000000000}","ProcessId":"4376","CommandLine":"\"C:\\Users\\Administrator\\sysmon\\Sysmon64.exe\" -c","ParentCommandLine":"\"C:\\Windows\\System32\\WindowsPowerShell\\v1.0\\powershell.exe\" ","LogonId":"0x4e9ed","ProcessGuid":"{87a71a6b-58c7-5ec2-6651-01000000b000}","OriginalFileName":"-","RuleName":"-","Description":"System activity monitor","IntegrityLevel":"High","ParentProcessGuid":"{87a71a6b-569d-5ebe-a100-00000000b000}","Product":"Sysinternals Sysmon","User":"EC2AMAZ-V0GPI6G\\Administrator","Hashes":"SHA1=279FE2478CE3996659AB88FE555A4207480E7E32","CurrentDirectory":"C:\\Users\\Administrator\\sysmon\\"}
{"UtcTime":"2020-05-18 09:43:35.816","RuleName":"-","Image":"C:\\Users\\Administrator\\sysmon\\Sysmon64.exe","ProcessId":"4376","ProcessGuid":"{87a71a6b-58c7-5ec2-6651-01000000b000}"}
{"UtcTime":"2020-05-18 09:43:38.457","RuleName":"-","Image":"C:\\Windows\\System32\\OpenSSH\\sshd.exe","ProcessId":"668","ProcessGuid":"{87a71a6b-58c4-5ec2-6451-01000000b000}"}
{"UtcTime":"2020-05-18 09:43:38.457","RuleName":"-","Image":"C:\\Windows\\System32\\conhost.exe","ProcessId":"5044","ProcessGuid":"{87a71a6b-58c4-5ec2-6551-01000000b000}"}
{"UtcTime":"2020-05-18 09:43:40.261","TerminalSessionId":"0","Company":"-","ParentImage":"C:\\Windows\\System32\\OpenSSH\\sshd.exe","Image":"C:\\Windows\\System32\\OpenSSH\\sshd.exe","ParentProcessId":"1820","FileVersion":"7.7.2.2","LogonGuid":"{87a71a6b-54eb-5ebe-e703-000000000000}","ProcessId":"4312","CommandLine":"\"C:\\Windows\\System32\\OpenSSH\\sshd.exe\" \"-R\"","ParentCommandLine":"C:\\Windows\\System32\\OpenSSH\\sshd.exe","LogonId":"0x3e7","ProcessGuid":"{87a71a6b-58cc-5ec2-6751-01000000b000}","OriginalFileName":"-","RuleName":"-","Description":"-","IntegrityLevel":"System","ParentProcessGuid":"{87a71a6b-54ee-5ebe-2700-00000000b000}","Product":"OpenSSH for Windows","CurrentDirectory":"C:\\","Hashes":"SHA1=332C3AE15BF630ED2806BB869F7C0E91F3C884F5","User":"NT AUTHORITY\\SYSTEM"}
{"UtcTime":"2020-05-18 09:43:40.266","TerminalSessionId":"0","Company":"Microsoft Corporation","ParentImage":"C:\\Windows\\System32\\OpenSSH\\sshd.exe","Image":"C:\\Windows\\System32\\conhost.exe","FileVersion":"10.0.17763.1075 (WinBuild.160101.0800)","ParentProcessId":"4312","LogonGuid":"{87a71a6b-54eb-5ebe-e703-000000000000}","ProcessId":"1188","CommandLine":"\\??\\C:\\Windows\\system32\\conhost.exe 0xffffffff -ForceV1","ParentCommandLine":"\"C:\\Windows\\System32\\OpenSSH\\sshd.exe\" \"-R\"","LogonId":"0x3e7","ProcessGuid":"{87a71a6b-58cc-5ec2-6851-01000000b000}","OriginalFileName":"CONHOST.EXE","RuleName":"-","Description":"Console Window Host","IntegrityLevel":"System","ParentProcessGuid":"{87a71a6b-58cc-5ec2-6751-01000000b000}","Product":"Microsoft® Windows® Operating System","CurrentDirectory":"C:\\Windows","Hashes":"SHA1=74F28DD9B0DA310D85F1931DB2749A26A9A8AB02","User":"NT AUTHORITY\\SYSTEM"}
{"UtcTime":"2020-05-18 09:43:40.495","TerminalSessionId":"0","Company":"-","ParentImage":"C:\\Windows\\System32\\OpenSSH\\sshd.exe","Image":"C:\\Windows\\System32\\OpenSSH\\sshd.exe","ParentProcessId":"4312","FileVersion":"7.7.2.2","LogonGuid":"{87a71a6b-58cc-5ec2-ca66-870700000000}","CommandLine":"\"C:\\Windows\\System32\\OpenSSH\\sshd.exe\" \"-y\"","ProcessId":"4928","ParentCommandLine":"\"C:\\Windows\\System32\\OpenSSH\\sshd.exe\" \"-R\"","LogonId":"0x78766ca","ProcessGuid":"{87a71a6b-58cc-5ec2-6951-01000000b000}","OriginalFileName":"-","RuleName":"-","Description":"-","IntegrityLevel":"High","ParentProcessGuid":"{87a71a6b-58cc-5ec2-6751-01000000b000}","Product":"OpenSSH for Windows","CurrentDirectory":"C:\\","Hashes":"SHA1=332C3AE15BF630ED2806BB869F7C0E91F3C884F5","User":"S-1-5-111-3847866527-469524349-687026318-516638107-1125189541-4312"}
{"UtcTime":"2020-05-18 09:43:41.582","RuleName":"-","Image":"C:\\Windows\\System32\\OpenSSH\\sshd.exe","ProcessId":"4928","ProcessGuid":"{87a71a6b-58cc-5ec2-6951-01000000b000}"}
{"UtcTime":"2020-05-18 09:43:41.597","RuleName":"-","Image":"C:\\Windows\\System32\\OpenSSH\\sshd.exe","ProcessId":"4312","ProcessGuid":"{87a71a6b-58cc-5ec2-6751-01000000b000}"}
{"UtcTime":"2020-05-18 09:43:41.597","RuleName":"-","Image":"C:\\Windows\\System32\\conhost.exe","ProcessId":"1188","ProcessGuid":"{87a71a6b-58cc-5ec2-6851-01000000b000}"}
{"UtcTime":"2020-05-18 09:43:44.683","TerminalSessionId":"0","Company":"-","ParentImage":"C:\\Windows\\System32\\OpenSSH\\sshd.exe","Image":"C:\\Windows\\System32\\OpenSSH\\sshd.exe","FileVersion":"7.7.2.2","ParentProcessId":"1820","LogonGuid":"{87a71a6b-54eb-5ebe-e703-000000000000}","CommandLine":"\"C:\\Windows\\System32\\OpenSSH\\sshd.exe\" \"-R\"","ProcessId":"4600","ParentCommandLine":"C:\\Windows\\System32\\OpenSSH\\sshd.exe","LogonId":"0x3e7","ProcessGuid":"{87a71a6b-58d0-5ec2-6a51-01000000b000}","OriginalFileName":"-","RuleName":"-","Description":"-","IntegrityLevel":"System","ParentProcessGuid":"{87a71a6b-54ee-5ebe-2700-00000000b000}","Product":"OpenSSH for Windows","User":"NT AUTHORITY\\SYSTEM","Hashes":"SHA1=332C3AE15BF630ED2806BB869F7C0E91F3C884F5","CurrentDirectory":"C:\\"}
{"UtcTime":"2020-05-18 09:43:44.687","TerminalSessionId":"0","Company":"Microsoft Corporation","ParentImage":"C:\\Windows\\System32\\OpenSSH\\sshd.exe","Image":"C:\\Windows\\System32\\conhost.exe","FileVersion":"10.0.17763.1075 (WinBuild.160101.0800)","ParentProcessId":"4600","LogonGuid":"{87a71a6b-54eb-5ebe-e703-000000000000}","ProcessId":"3608","CommandLine":"\\??\\C:\\Windows\\system32\\conhost.exe 0xffffffff -ForceV1","ParentCommandLine":"\"C:\\Windows\\System32\\OpenSSH\\sshd.exe\" \"-R\"","LogonId":"0x3e7","ProcessGuid":"{87a71a6b-58d0-5ec2-6b51-01000000b000}","OriginalFileName":"CONHOST.EXE","RuleName":"-","Description":"Console Window Host","IntegrityLevel":"System","ParentProcessGuid":"{87a71a6b-58d0-5ec2-6a51-01000000b000}","Product":"Microsoft® Windows® Operating System","User":"NT AUTHORITY\\SYSTEM","Hashes":"SHA1=74F28DD9B0DA310D85F1931DB2749A26A9A8AB02","CurrentDirectory":"C:\\Windows"}
{"UtcTime":"2020-05-18 09:43:44.992","TerminalSessionId":"0","Company":"-","ParentImage":"C:\\Windows\\System32\\OpenSSH\\sshd.exe","Image":"C:\\Windows\\System32\\OpenSSH\\sshd.exe","ParentProcessId":"4600","FileVersion":"7.7.2.2","LogonGuid":"{87a71a6b-58d0-5ec2-1d6f-870700000000}","CommandLine":"\"C:\\Windows\\System32\\OpenSSH\\sshd.exe\" \"-y\"","ProcessId":"3544","ParentCommandLine":"\"C:\\Windows\\System32\\OpenSSH\\sshd.exe\" \"-R\"","LogonId":"0x7876f1d","ProcessGuid":"{87a71a6b-58d0-5ec2-6c51-01000000b000}","OriginalFileName":"-","RuleName":"-","Description":"-","IntegrityLevel":"High","ParentProcessGuid":"{87a71a6b-58d0-5ec2-6a51-01000000b000}","Product":"OpenSSH for Windows","CurrentDirectory":"C:\\","User":"S-1-5-111-3847866527-469524349-687026318-516638107-1125189541-4600","Hashes":"SHA1=332C3AE15BF630ED2806BB869F7C0E91F3C884F5"}
{"UtcTime":"2020-05-18 09:43:49.932","TerminalSessionId":"0","Company":"-","ParentImage":"C:\\Windows\\System32\\OpenSSH\\sshd.exe","Image":"C:\\Windows\\System32\\OpenSSH\\sshd.exe","FileVersion":"7.7.2.2","ParentProcessId":"1820","LogonGuid":"{87a71a6b-54eb-5ebe-e703-000000000000}","CommandLine":"\"C:\\Windows\\System32\\OpenSSH\\sshd.exe\" \"-R\"","ProcessId":"4824","ParentCommandLine":"C:\\Windows\\System32\\OpenSSH\\sshd.exe","LogonId":"0x3e7","ProcessGuid":"{87a71a6b-58d5-5ec2-6d51-01000000b000}","OriginalFileName":"-","RuleName":"-","Description":"-","IntegrityLevel":"System","ParentProcessGuid":"{87a71a6b-54ee-5ebe-2700-00000000b000}","Product":"OpenSSH for Windows","User":"NT AUTHORITY\\SYSTEM","CurrentDirectory":"C:\\","Hashes":"SHA1=332C3AE15BF630ED2806BB869F7C0E91F3C884F5"}
{"UtcTime":"2020-05-18 09:43:49.936","TerminalSessionId":"0","Company":"Microsoft Corporation","ParentImage":"C:\\Windows\\System32\\OpenSSH\\sshd.exe","Image":"C:\\Windows\\System32\\conhost.exe","FileVersion":"10.0.17763.1075 (WinBuild.160101.0800)","ParentProcessId":"4824","LogonGuid":"{87a71a6b-54eb-5ebe-e703-000000000000}","ProcessId":"1180","CommandLine":"\\??\\C:\\Windows\\system32\\conhost.exe 0xffffffff -ForceV1","ParentCommandLine":"\"C:\\Windows\\System32\\OpenSSH\\sshd.exe\" \"-R\"","LogonId":"0x3e7","ProcessGuid":"{87a71a6b-58d5-5ec2-6e51-01000000b000}","OriginalFileName":"CONHOST.EXE","RuleName":"-","Description":"Console Window Host","IntegrityLevel":"System","ParentProcessGuid":"{87a71a6b-58d5-5ec2-6d51-01000000b000}","Product":"Microsoft® Windows® Operating System","User":"NT AUTHORITY\\SYSTEM","Hashes":"SHA1=74F28DD9B0DA310D85F1931DB2749A26A9A8AB02","CurrentDirectory":"C:\\Windows"}
{"UtcTime":"2020-05-18 09:43:50.410","RuleName":"-","Image":"C:\\Windows\\System32\\OpenSSH\\sshd.exe","ProcessId":"3544","ProcessGuid":"{87a71a6b-58d0-5ec2-6c51-01000000b000}"}
{"UtcTime":"2020-05-18 09:43:50.410","RuleName":"-","Image":"C:\\Windows\\System32\\OpenSSH\\sshd.exe","ProcessId":"4600","ProcessGuid":"{87a71a6b-58d0-5ec2-6a51-01000000b000}"}
{"UtcTime":"2020-05-18 09:43:50.425","RuleName":"-","Image":"C:\\Windows\\System32\\conhost.exe","ProcessId":"3608","ProcessGuid":"{87a71a6b-58d0-5ec2-6b51-01000000b000}"}
{"UtcTime":"2020-05-18 09:43:50.822","TerminalSessionId":"0","Company":"-","ParentImage":"C:\\Windows\\System32\\OpenSSH\\sshd.exe","Image":"C:\\Windows\\System32\\OpenSSH\\sshd.exe","ParentProcessId":"4824","FileVersion":"7.7.2.2","LogonGuid":"{87a71a6b-58d6-5ec2-2178-870700000000}","ProcessId":"3244","CommandLine":"\"C:\\Windows\\System32\\OpenSSH\\sshd.exe\" \"-y\"","ParentCommandLine":"\"C:\\Windows\\System32\\OpenSSH\\sshd.exe\" \"-R\"","LogonId":"0x7877821","ProcessGuid":"{87a71a6b-58d6-5ec2-6f51-01000000b000}","OriginalFileName":"-","RuleName":"-","Description":"-","IntegrityLevel":"High","ParentProcessGuid":"{87a71a6b-58d5-5ec2-6d51-01000000b000}","Product":"OpenSSH for Windows","User":"S-1-5-111-3847866527-469524349-687026318-516638107-1125189541-4824","Hashes":"SHA1=332C3AE15BF630ED2806BB869F7C0E91F3C884F5","CurrentDirectory":"C:\\"}
{"UtcTime":"2020-05-18 09:43:53.332","RuleName":"-","Image":"C:\\Windows\\System32\\OpenSSH\\sshd.exe","ProcessId":"3244","ProcessGuid":"{87a71a6b-58d6-5ec2-6f51-01000000b000}"}
{"UtcTime":"2020-05-18 09:43:53.332","RuleName":"-","Image":"C:\\Windows\\System32\\OpenSSH\\sshd.exe","ProcessId":"4824","ProcessGuid":"{87a71a6b-58d5-5ec2-6d51-01000000b000}"}
{"UtcTime":"2020-05-18 09:43:53.332","RuleName":"-","Image":"C:\\Windows\\System32\\conhost.exe","ProcessId":"1180","ProcessGuid":"{87a71a6b-58d5-5ec2-6e51-01000000b000}"}
{"UtcTime":"2020-05-18 09:43:54.820","TerminalSessionId":"0","Company":"-","ParentImage":"C:\\Windows\\System32\\OpenSSH\\sshd.exe","Image":"C:\\Windows\\System32\\OpenSSH\\sshd.exe","FileVersion":"7.7.2.2","ParentProcessId":"1820","LogonGuid":"{87a71a6b-54eb-5ebe-e703-000000000000}","CommandLine":"\"C:\\Windows\\System32\\OpenSSH\\sshd.exe\" \"-R\"","ProcessId":"4464","ParentCommandLine":"C:\\Windows\\System32\\OpenSSH\\sshd.exe","LogonId":"0x3e7","ProcessGuid":"{87a71a6b-58da-5ec2-7051-01000000b000}","OriginalFileName":"-","RuleName":"-","Description":"-","IntegrityLevel":"System","ParentProcessGuid":"{87a71a6b-54ee-5ebe-2700-00000000b000}","Product":"OpenSSH for Windows","CurrentDirectory":"C:\\","User":"NT AUTHORITY\\SYSTEM","Hashes":"SHA1=332C3AE15BF630ED2806BB869F7C0E91F3C884F5"}
{"UtcTime":"2020-05-18 09:43:54.824","TerminalSessionId":"0","Company":"Microsoft Corporation","ParentImage":"C:\\Windows\\System32\\OpenSSH\\sshd.exe","Image":"C:\\Windows\\System32\\conhost.exe","ParentProcessId":"4464","FileVersion":"10.0.17763.1075 (WinBuild.160101.0800)","LogonGuid":"{87a71a6b-54eb-5ebe-e703-000000000000}","ProcessId":"3292","CommandLine":"\\??\\C:\\Windows\\system32\\conhost.exe 0xffffffff -ForceV1","ParentCommandLine":"\"C:\\Windows\\System32\\OpenSSH\\sshd.exe\" \"-R\"","LogonId":"0x3e7","ProcessGuid":"{87a71a6b-58da-5ec2-7151-01000000b000}","OriginalFileName":"CONHOST.EXE","RuleName":"-","Description":"Console Window Host","IntegrityLevel":"System","ParentProcessGuid":"{87a71a6b-58da-5ec2-7051-01000000b000}","Product":"Microsoft® Windows® Operating System","User":"NT AUTHORITY\\SYSTEM","CurrentDirectory":"C:\\Windows","Hashes":"SHA1=74F28DD9B0DA310D85F1931DB2749A26A9A8AB02"}
{"UtcTime":"2020-05-18 09:43:55.131","TerminalSessionId":"0","Company":"-","ParentImage":"C:\\Windows\\System32\\OpenSSH\\sshd.exe","Image":"C:\\Windows\\System32\\OpenSSH\\sshd.exe","FileVersion":"7.7.2.2","ParentProcessId":"4464","LogonGuid":"{87a71a6b-58db-5ec2-7390-870700000000}","ProcessId":"1528","CommandLine":"\"C:\\Windows\\System32\\OpenSSH\\sshd.exe\" \"-y\"","ParentCommandLine":"\"C:\\Windows\\System32\\OpenSSH\\sshd.exe\" \"-R\"","LogonId":"0x7879073","ProcessGuid":"{87a71a6b-58db-5ec2-7251-01000000b000}","OriginalFileName":"-","RuleName":"-","Description":"-","IntegrityLevel":"High","ParentProcessGuid":"{87a71a6b-58da-5ec2-7051-01000000b000}","Product":"OpenSSH for Windows","CurrentDirectory":"C:\\","Hashes":"SHA1=332C3AE15BF630ED2806BB869F7C0E91F3C884F5","User":"S-1-5-111-3847866527-469524349-687026318-516638107-1125189541-4464"}
{"UtcTime":"2020-05-18 09:43:56.738","RuleName":"-","Image":"C:\\Windows\\System32\\OpenSSH\\sshd.exe","ProcessId":"1528","ProcessGuid":"{87a71a6b-58db-5ec2-7251-01000000b000}"}
{"UtcTime":"2020-05-18 09:43:56.738","RuleName":"-","Image":"C:\\Windows\\System32\\OpenSSH\\sshd.exe","ProcessId":"4464","ProcessGuid":"{87a71a6b-58da-5ec2-7051-01000000b000}"}
{"UtcTime":"2020-05-18 09:43:56.738","RuleName":"-","Image":"C:\\Windows\\System32\\conhost.exe","ProcessId":"3292","ProcessGuid":"{87a71a6b-58da-5ec2-7151-01000000b000}"}
{"UtcTime":"2020-05-18 09:43:59.754","RuleName":"-","Image":"C:\\Windows\\System32\\WindowsPowerShell\\v1.0\\powershell.exe","ProcessId":"3988","ProcessGuid":"{87a71a6b-569d-5ebe-a100-00000000b000}"}
{"UtcTime":"2020-05-18 09:43:59.785","RuleName":"-","Image":"C:\\Windows\\System32\\conhost.exe","ProcessId":"4012","ProcessGuid":"{87a71a6b-569d-5ebe-a200-00000000b000}"}
{"UtcTime":"2020-05-18 09:44:03.269","TerminalSessionId":"2","Company":"Microsoft Corporation","ParentImage":"C:\\Windows\\explorer.exe","Image":"C:\\Windows\\System32\\WindowsPowerShell\\v1.0\\powershell.exe","FileVersion":"10.0.17763.1 (WinBuild.160101.0800)","ParentProcessId":"1844","LogonGuid":"{87a71a6b-5693-5ebe-ede9-040000000000}","ProcessId":"4416","CommandLine":"\"C:\\Windows\\System32\\WindowsPowerShell\\v1.0\\powershell.exe\" ","ParentCommandLine":"C:\\Windows\\Explorer.EXE","LogonId":"0x4e9ed","ProcessGuid":"{87a71a6b-58e3-5ec2-7351-01000000b000}","OriginalFileName":"PowerShell.EXE","RuleName":"-","Description":"Windows PowerShell","IntegrityLevel":"High","ParentProcessGuid":"{87a71a6b-5695-5ebe-9700-00000000b000}","Product":"Microsoft® Windows® Operating System","User":"EC2AMAZ-V0GPI6G\\Administrator","Hashes":"SHA1=6CBCE4A295C163791B60FC23D285E6D84F28EE4C","CurrentDirectory":"C:\\Users\\Administrator\\"}
{"UtcTime":"2020-05-18 09:44:03.359","TerminalSessionId":"2","Company":"Microsoft Corporation","ParentImage":"C:\\Windows\\System32\\WindowsPowerShell\\v1.0\\powershell.exe","Image":"C:\\Windows\\System32\\conhost.exe","FileVersion":"10.0.17763.1075 (WinBuild.160101.0800)","ParentProcessId":"4416","LogonGuid":"{87a71a6b-5693-5ebe-ede9-040000000000}","ProcessId":"4080","CommandLine":"\\??\\C:\\Windows\\system32\\conhost.exe 0xffffffff -ForceV1","ParentCommandLine":"\"C:\\Windows\\System32\\WindowsPowerShell\\v1.0\\powershell.exe\" ","LogonId":"0x4e9ed","ProcessGuid":"{87a71a6b-58e3-5ec2-7451-01000000b000}","OriginalFileName":"CONHOST.EXE","RuleName":"-","Description":"Console Window Host","IntegrityLevel":"High","ParentProcessGuid":"{87a71a6b-58e3-5ec2-7351-01000000b000}","Product":"Microsoft® Windows® Operating System","User":"EC2AMAZ-V0GPI6G\\Administrator","CurrentDirectory":"C:\\Windows","Hashes":"SHA1=74F28DD9B0DA310D85F1931DB2749A26A9A8AB02"}
{"UtcTime":"2020-05-18 09:44:03.785","CreationUtcTime":"2020-04-30 08:31:34.131","RuleName":"-","PreviousCreationUtcTime":"2020-05-18 09:44:03.738","Image":"C:\\Windows\\System32\\WindowsPowerShell\\v1.0\\powershell.exe","ProcessId":"4416","TargetFilename":"C:\\Users\\Administrator\\AppData\\Roaming\\Microsoft\\Windows\\Recent\\CustomDestinations\\BPV61SVOFTMWFE2LD3AN.temp","ProcessGuid":"{87a71a6b-58e3-5ec2-7351-01000000b000}"}
{"UtcTime":"2020-05-18 09:44:10.396","TerminalSessionId":"0","Company":"-","ParentImage":"C:\\Windows\\System32\\OpenSSH\\sshd.exe","Image":"C:\\Windows\\System32\\OpenSSH\\sshd.exe","ParentProcessId":"1820","FileVersion":"7.7.2.2","LogonGuid":"{87a71a6b-54eb-5ebe-e703-000000000000}","CommandLine":"\"C:\\Windows\\System32\\OpenSSH\\sshd.exe\" \"-R\"","ProcessId":"4280","ParentCommandLine":"C:\\Windows\\System32\\OpenSSH\\sshd.exe","LogonId":"0x3e7","ProcessGuid":"{87a71a6b-58ea-5ec2-7551-01000000b000}","OriginalFileName":"-","RuleName":"-","Description":"-","IntegrityLevel":"System","ParentProcessGuid":"{87a71a6b-54ee-5ebe-2700-00000000b000}","Product":"OpenSSH for Windows","CurrentDirectory":"C:\\","Hashes":"SHA1=332C3AE15BF630ED2806BB869F7C0E91F3C884F5","User":"NT AUTHORITY\\SYSTEM"}
{"UtcTime":"2020-05-18 09:44:10.401","TerminalSessionId":"0","Company":"Microsoft Corporation","ParentImage":"C:\\Windows\\System32\\OpenSSH\\sshd.exe","Image":"C:\\Windows\\System32\\conhost.exe","ParentProcessId":"4280","FileVersion":"10.0.17763.1075 (WinBuild.160101.0800)","LogonGuid":"{87a71a6b-54eb-5ebe-e703-000000000000}","ProcessId":"4368","CommandLine":"\\??\\C:\\Windows\\system32\\conhost.exe 0xffffffff -ForceV1","ParentCommandLine":"\"C:\\Windows\\System32\\OpenSSH\\sshd.exe\" \"-R\"","LogonId":"0x3e7","ProcessGuid":"{87a71a6b-58ea-5ec2-7651-01000000b000}","OriginalFileName":"CONHOST.EXE","RuleName":"-","Description":"Console Window Host","IntegrityLevel":"System","ParentProcessGuid":"{87a71a6b-58ea-5ec2-7551-01000000b000}","Product":"Microsoft® Windows® Operating System","CurrentDirectory":"C:\\Windows","User":"NT AUTHORITY\\SYSTEM","Hashes":"SHA1=74F28DD9B0DA310D85F1931DB2749A26A9A8AB02"}
{"UtcTime":"2020-05-18 09:44:11.231","TerminalSessionId":"0","Company":"-","ParentImage":"C:\\Windows\\System32\\OpenSSH\\sshd.exe","Image":"C:\\Windows\\System32\\OpenSSH\\sshd.exe","ParentProcessId":"4280","FileVersion":"7.7.2.2","LogonGuid":"{87a71a6b-58eb-5ec2-6dec-870700000000}","CommandLine":"\"C:\\Windows\\System32\\OpenSSH\\sshd.exe\" \"-y\"","ProcessId":"4444","ParentCommandLine":"\"C:\\Windows\\System32\\OpenSSH\\sshd.exe\" \"-R\"","LogonId":"0x787ec6d","ProcessGuid":"{87a71a6b-58eb-5ec2-7751-01000000b000}","OriginalFileName":"-","RuleName":"-","Description":"-","IntegrityLevel":"High","ParentProcessGuid":"{87a71a6b-58ea-5ec2-7551-01000000b000}","Product":"OpenSSH for Windows","User":"S-1-5-111-3847866527-469524349-687026318-516638107-1125189541-4280","Hashes":"SHA1=332C3AE15BF630ED2806BB869F7C0E91F3C884F5","CurrentDirectory":"C:\\"}
{"UtcTime":"2020-05-18 09:44:14.781","TerminalSessionId":"0","Company":"-","ParentImage":"C:\\Windows\\System32\\OpenSSH\\sshd.exe","Image":"C:\\Windows\\System32\\OpenSSH\\sshd.exe","ParentProcessId":"1820","FileVersion":"7.7.2.2","LogonGuid":"{87a71a6b-54eb-5ebe-e703-000000000000}","ProcessId":"4848","CommandLine":"\"C:\\Windows\\System32\\OpenSSH\\sshd.exe\" \"-R\"","ParentCommandLine":"C:\\Windows\\System32\\OpenSSH\\sshd.exe","LogonId":"0x3e7","ProcessGuid":"{87a71a6b-58ee-5ec2-7851-01000000b000}","OriginalFileName":"-","RuleName":"-","Description":"-","IntegrityLevel":"System","ParentProcessGuid":"{87a71a6b-54ee-5ebe-2700-00000000b000}","Product":"OpenSSH for Windows","User":"NT AUTHORITY\\SYSTEM","Hashes":"SHA1=332C3AE15BF630ED2806BB869F7C0E91F3C884F5","CurrentDirectory":"C:\\"}
{"UtcTime":"2020-05-18 09:44:14.785","TerminalSessionId":"0","Company":"Microsoft Corporation","ParentImage":"C:\\Windows\\System32\\OpenSSH\\sshd.exe","Image":"C:\\Windows\\System32\\conhost.exe","FileVersion":"10.0.17763.1075 (WinBuild.160101.0800)","ParentProcessId":"4848","LogonGuid":"{87a71a6b-54eb-5ebe-e703-000000000000}","CommandLine":"\\??\\C:\\Windows\\system32\\conhost.exe 0xffffffff -ForceV1","ProcessId":"1808","ParentCommandLine":"\"C:\\Windows\\System32\\OpenSSH\\sshd.exe\" \"-R\"","LogonId":"0x3e7","ProcessGuid":"{87a71a6b-58ee-5ec2-7951-01000000b000}","OriginalFileName":"CONHOST.EXE","RuleName":"-","Description":"Console Window Host","IntegrityLevel":"System","ParentProcessGuid":"{87a71a6b-58ee-5ec2-7851-01000000b000}","Product":"Microsoft® Windows® Operating System","CurrentDirectory":"C:\\Windows","User":"NT AUTHORITY\\SYSTEM","Hashes":"SHA1=74F28DD9B0DA310D85F1931DB2749A26A9A8AB02"}
{"UtcTime":"2020-05-18 09:44:14.853","TerminalSessionId":"0","Company":"-","ParentImage":"C:\\Windows\\System32\\OpenSSH\\sshd.exe","Image":"C:\\Windows\\System32\\OpenSSH\\sshd.exe","FileVersion":"7.7.2.2","ParentProcessId":"4848","LogonGuid":"{87a71a6b-58ee-5ec2-f7f3-870700000000}","CommandLine":"\"C:\\Windows\\System32\\OpenSSH\\sshd.exe\" \"-y\"","ProcessId":"4584","ParentCommandLine":"\"C:\\Windows\\System32\\OpenSSH\\sshd.exe\" \"-R\"","LogonId":"0x787f3f7","ProcessGuid":"{87a71a6b-58ee-5ec2-7a51-01000000b000}","OriginalFileName":"-","RuleName":"-","Description":"-","IntegrityLevel":"High","ParentProcessGuid":"{87a71a6b-58ee-5ec2-7851-01000000b000}","Product":"OpenSSH for Windows","CurrentDirectory":"C:\\","Hashes":"SHA1=332C3AE15BF630ED2806BB869F7C0E91F3C884F5","User":"S-1-5-111-3847866527-469524349-687026318-516638107-1125189541-4848"}
{"UtcTime":"2020-05-18 09:44:14.927","RuleName":"-","Image":"C:\\Windows\\System32\\OpenSSH\\sshd.exe","ProcessId":"4584","ProcessGuid":"{87a71a6b-58ee-5ec2-7a51-01000000b000}"}
{"UtcTime":"2020-05-18 09:44:14.943","RuleName":"-","Image":"C:\\Windows\\System32\\OpenSSH\\sshd.exe","ProcessId":"4848","ProcessGuid":"{87a71a6b-58ee-5ec2-7851-01000000b000}"}
{"UtcTime":"2020-05-18 09:44:14.943","RuleName":"-","Image":"C:\\Windows\\System32\\conhost.exe","ProcessId":"1808","ProcessGuid":"{87a71a6b-58ee-5ec2-7951-01000000b000}"}
{"UtcTime":"2020-05-18 09:44:16.595","TerminalSessionId":"0","Company":"-","ParentImage":"C:\\Windows\\System32\\OpenSSH\\sshd.exe","Image":"C:\\Windows\\System32\\OpenSSH\\sshd.exe","ParentProcessId":"1820","FileVersion":"7.7.2.2","LogonGuid":"{87a71a6b-54eb-5ebe-e703-000000000000}","CommandLine":"\"C:\\Windows\\System32\\OpenSSH\\sshd.exe\" \"-R\"","ProcessId":"4476","ParentCommandLine":"C:\\Windows\\System32\\OpenSSH\\sshd.exe","LogonId":"0x3e7","ProcessGuid":"{87a71a6b-58f0-5ec2-7b51-01000000b000}","OriginalFileName":"-","RuleName":"-","Description":"-","IntegrityLevel":"System","ParentProcessGuid":"{87a71a6b-54ee-5ebe-2700-00000000b000}","Product":"OpenSSH for Windows","User":"NT AUTHORITY\\SYSTEM","Hashes":"SHA1=332C3AE15BF630ED2806BB869F7C0E91F3C884F5","CurrentDirectory":"C:\\"}
{"UtcTime":"2020-05-18 09:44:16.600","TerminalSessionId":"0","Company":"Microsoft Corporation","ParentImage":"C:\\Windows\\System32\\OpenSSH\\sshd.exe","Image":"C:\\Windows\\System32\\conhost.exe","ParentProcessId":"4476","FileVersion":"10.0.17763.1075 (WinBuild.160101.0800)","LogonGuid":"{87a71a6b-54eb-5ebe-e703-000000000000}","ProcessId":"4408","CommandLine":"\\??\\C:\\Windows\\system32\\conhost.exe 0xffffffff -ForceV1","ParentCommandLine":"\"C:\\Windows\\System32\\OpenSSH\\sshd.exe\" \"-R\"","LogonId":"0x3e7","ProcessGuid":"{87a71a6b-58f0-5ec2-7c51-01000000b000}","OriginalFileName":"CONHOST.EXE","RuleName":"-","Description":"Console Window Host","IntegrityLevel":"System","ParentProcessGuid":"{87a71a6b-58f0-5ec2-7b51-01000000b000}","Product":"Microsoft® Windows® Operating System","CurrentDirectory":"C:\\Windows","Hashes":"SHA1=74F28DD9B0DA310D85F1931DB2749A26A9A8AB02","User":"NT AUTHORITY\\SYSTEM"}
{"UtcTime":"2020-05-18 09:44:16.840","TerminalSessionId":"0","Company":"-","ParentImage":"C:\\Windows\\System32\\OpenSSH\\sshd.exe","Image":"C:\\Windows\\System32\\OpenSSH\\sshd.exe","FileVersion":"7.7.2.2","ParentProcessId":"4476","LogonGuid":"{87a71a6b-58f0-5ec2-e1fc-870700000000}","CommandLine":"\"C:\\Windows\\System32\\OpenSSH\\sshd.exe\" \"-y\"","ProcessId":"3368","ParentCommandLine":"\"C:\\Windows\\System32\\OpenSSH\\sshd.exe\" \"-R\"","LogonId":"0x787fce1","ProcessGuid":"{87a71a6b-58f0-5ec2-7d51-01000000b000}","OriginalFileName":"-","RuleName":"-","Description":"-","IntegrityLevel":"High","ParentProcessGuid":"{87a71a6b-58f0-5ec2-7b51-01000000b000}","Product":"OpenSSH for Windows","User":"S-1-5-111-3847866527-469524349-687026318-516638107-1125189541-4476","Hashes":"SHA1=332C3AE15BF630ED2806BB869F7C0E91F3C884F5","CurrentDirectory":"C:\\"}
{"UtcTime":"2020-05-18 09:44:18.436","TerminalSessionId":"2","Company":"Sysinternals - www.sysinternals.com","ParentImage":"C:\\Windows\\System32\\WindowsPowerShell\\v1.0\\powershell.exe","Image":"C:\\Users\\Administrator\\sysmon\\Sysmon64.exe","ParentProcessId":"4416","FileVersion":"11.0","LogonGuid":"{87a71a6b-5693-5ebe-ede9-040000000000}","CommandLine":"\"C:\\Users\\Administrator\\sysmon\\Sysmon64.exe\" -c","ProcessId":"5068","ParentCommandLine":"\"C:\\Windows\\System32\\WindowsPowerShell\\v1.0\\powershell.exe\" ","LogonId":"0x4e9ed","ProcessGuid":"{87a71a6b-58f2-5ec2-7e51-01000000b000}","OriginalFileName":"-","RuleName":"-","Description":"System activity monitor","IntegrityLevel":"High","ParentProcessGuid":"{87a71a6b-58e3-5ec2-7351-01000000b000}","Product":"Sysinternals Sysmon","User":"EC2AMAZ-V0GPI6G\\Administrator","CurrentDirectory":"C:\\Users\\Administrator\\sysmon\\","Hashes":"SHA1=279FE2478CE3996659AB88FE555A4207480E7E32"}
{"UtcTime":"2020-05-18 09:44:18.474","RuleName":"-","Image":"C:\\Users\\Administrator\\sysmon\\Sysmon64.exe","ProcessId":"5068","ProcessGuid":"{87a71a6b-58f2-5ec2-7e51-01000000b000}"}
{"UtcTime":"2020-05-18 09:44:20.037","RuleName":"-","Image":"C:\\Windows\\System32\\OpenSSH\\sshd.exe","ProcessId":"3368","ProcessGuid":"{87a71a6b-58f0-5ec2-7d51-01000000b000}"}
{"UtcTime":"2020-05-18 09:44:20.037","RuleName":"-","Image":"C:\\Windows\\System32\\OpenSSH\\sshd.exe","ProcessId":"4476","ProcessGuid":"{87a71a6b-58f0-5ec2-7b51-01000000b000}"}
{"UtcTime":"2020-05-18 09:44:20.037","RuleName":"-","Image":"C:\\Windows\\System32\\conhost.exe","ProcessId":"4408","ProcessGuid":"{87a71a6b-58f0-5ec2-7c51-01000000b000}"}
{"UtcTime":"2020-05-18 09:44:20.193","RuleName":"-","Image":"C:\\Windows\\System32\\OpenSSH\\sshd.exe","ProcessId":"4444","ProcessGuid":"{87a71a6b-58eb-5ec2-7751-01000000b000}"}
{"UtcTime":"2020-05-18 09:44:20.193","RuleName":"-","Image":"C:\\Windows\\System32\\OpenSSH\\sshd.exe","ProcessId":"4280","ProcessGuid":"{87a71a6b-58ea-5ec2-7551-01000000b000}"}
{"UtcTime":"2020-05-18 09:44:20.193","RuleName":"-","Image":"C:\\Windows\\System32\\conhost.exe","ProcessId":"4368","ProcessGuid":"{87a71a6b-58ea-5ec2-7651-01000000b000}"}
{"UtcTime":"2020-05-18 09:45:00.088","TerminalSessionId":"0","Company":"-","ParentImage":"C:\\Windows\\System32\\OpenSSH\\sshd.exe","Image":"C:\\Windows\\System32\\OpenSSH\\sshd.exe","FileVersion":"7.7.2.2","ParentProcessId":"1820","LogonGuid":"{87a71a6b-54eb-5ebe-e703-000000000000}","ProcessId":"3872","CommandLine":"\"C:\\Windows\\System32\\OpenSSH\\sshd.exe\" \"-R\"","ParentCommandLine":"C:\\Windows\\System32\\OpenSSH\\sshd.exe","LogonId":"0x3e7","ProcessGuid":"{87a71a6b-591c-5ec2-7f51-01000000b000}","OriginalFileName":"-","RuleName":"-","Description":"-","IntegrityLevel":"System","ParentProcessGuid":"{87a71a6b-54ee-5ebe-2700-00000000b000}","Product":"OpenSSH for Windows","User":"NT AUTHORITY\\SYSTEM","CurrentDirectory":"C:\\","Hashes":"SHA1=332C3AE15BF630ED2806BB869F7C0E91F3C884F5"}
{"UtcTime":"2020-05-18 09:45:00.093","TerminalSessionId":"0","Company":"Microsoft Corporation","ParentImage":"C:\\Windows\\System32\\OpenSSH\\sshd.exe","Image":"C:\\Windows\\System32\\conhost.exe","ParentProcessId":"3872","FileVersion":"10.0.17763.1075 (WinBuild.160101.0800)","LogonGuid":"{87a71a6b-54eb-5ebe-e703-000000000000}","ProcessId":"2696","CommandLine":"\\??\\C:\\Windows\\system32\\conhost.exe 0xffffffff -ForceV1","ParentCommandLine":"\"C:\\Windows\\System32\\OpenSSH\\sshd.exe\" \"-R\"","LogonId":"0x3e7","ProcessGuid":"{87a71a6b-591c-5ec2-8051-01000000b000}","OriginalFileName":"CONHOST.EXE","RuleName":"-","Description":"Console Window Host","IntegrityLevel":"System","ParentProcessGuid":"{87a71a6b-591c-5ec2-7f51-01000000b000}","Product":"Microsoft® Windows® Operating System","User":"NT AUTHORITY\\SYSTEM","CurrentDirectory":"C:\\Windows","Hashes":"SHA1=74F28DD9B0DA310D85F1931DB2749A26A9A8AB02"}
{"UtcTime":"2020-05-18 09:45:01.136","TerminalSessionId":"0","Company":"-","ParentImage":"C:\\Windows\\System32\\OpenSSH\\sshd.exe","Image":"C:\\Windows\\System32\\OpenSSH\\sshd.exe","ParentProcessId":"3872","FileVersion":"7.7.2.2","LogonGuid":"{87a71a6b-591d-5ec2-116c-880700000000}","CommandLine":"\"C:\\Windows\\System32\\OpenSSH\\sshd.exe\" \"-y\"","ProcessId":"3428","ParentCommandLine":"\"C:\\Windows\\System32\\OpenSSH\\sshd.exe\" \"-R\"","LogonId":"0x7886c11","ProcessGuid":"{87a71a6b-591d-5ec2-8151-01000000b000}","OriginalFileName":"-","RuleName":"-","Description":"-","IntegrityLevel":"High","ParentProcessGuid":"{87a71a6b-591c-5ec2-7f51-01000000b000}","Product":"OpenSSH for Windows","User":"S-1-5-111-3847866527-469524349-687026318-516638107-1125189541-3872","Hashes":"SHA1=332C3AE15BF630ED2806BB869F7C0E91F3C884F5","CurrentDirectory":"C:\\"}
{"UtcTime":"2020-05-18 09:45:03.678","RuleName":"-","Image":"C:\\Windows\\System32\\OpenSSH\\sshd.exe","ProcessId":"3428","ProcessGuid":"{87a71a6b-591d-5ec2-8151-01000000b000}"}
{"UtcTime":"2020-05-18 09:45:03.694","RuleName":"-","Image":"C:\\Windows\\System32\\OpenSSH\\sshd.exe","ProcessId":"3872","ProcessGuid":"{87a71a6b-591c-5ec2-7f51-01000000b000}"}
{"UtcTime":"2020-05-18 09:45:03.694","RuleName":"-","Image":"C:\\Windows\\System32\\conhost.exe","ProcessId":"2696","ProcessGuid":"{87a71a6b-591c-5ec2-8051-01000000b000}"}
{"UtcTime":"2020-05-18 09:45:05.580","TerminalSessionId":"2","Company":"Microsoft Corporation","ParentImage":"C:\\Windows\\explorer.exe","Image":"C:\\Windows\\System32\\notepad.exe","ParentProcessId":"1844","FileVersion":"10.0.17763.475 (WinBuild.160101.0800)","LogonGuid":"{87a71a6b-5693-5ebe-ede9-040000000000}","CommandLine":"\"C:\\Windows\\system32\\NOTEPAD.EXE\" C:\\Users\\Administrator\\sysmon\\sysmon-config.xml.txt","ProcessId":"4276","ParentCommandLine":"C:\\Windows\\Explorer.EXE","LogonId":"0x4e9ed","ProcessGuid":"{87a71a6b-5921-5ec2-8251-01000000b000}","OriginalFileName":"NOTEPAD.EXE","RuleName":"-","Description":"Notepad","IntegrityLevel":"High","ParentProcessGuid":"{87a71a6b-5695-5ebe-9700-00000000b000}","Product":"Microsoft® Windows® Operating System","CurrentDirectory":"C:\\Users\\Administrator\\sysmon\\","User":"EC2AMAZ-V0GPI6G\\Administrator","Hashes":"SHA1=B6D237154F2E528F0B503B58B025862D66B02B73"}
{"UtcTime":"2020-05-18 09:45:15.367","TerminalSessionId":"0","Company":"-","ParentImage":"C:\\Windows\\System32\\OpenSSH\\sshd.exe","Image":"C:\\Windows\\System32\\OpenSSH\\sshd.exe","FileVersion":"7.7.2.2","ParentProcessId":"1820","LogonGuid":"{87a71a6b-54eb-5ebe-e703-000000000000}","CommandLine":"\"C:\\Windows\\System32\\OpenSSH\\sshd.exe\" \"-R\"","ProcessId":"1252","ParentCommandLine":"C:\\Windows\\System32\\OpenSSH\\sshd.exe","LogonId":"0x3e7","ProcessGuid":"{87a71a6b-592b-5ec2-8351-01000000b000}","OriginalFileName":"-","RuleName":"-","Description":"-","IntegrityLevel":"System","ParentProcessGuid":"{87a71a6b-54ee-5ebe-2700-00000000b000}","Product":"OpenSSH for Windows","User":"NT AUTHORITY\\SYSTEM","Hashes":"SHA1=332C3AE15BF630ED2806BB869F7C0E91F3C884F5","CurrentDirectory":"C:\\"}
{"UtcTime":"2020-05-18 09:45:15.373","TerminalSessionId":"0","Company":"Microsoft Corporation","ParentImage":"C:\\Windows\\System32\\OpenSSH\\sshd.exe","Image":"C:\\Windows\\System32\\conhost.exe","ParentProcessId":"1252","FileVersion":"10.0.17763.1075 (WinBuild.160101.0800)","LogonGuid":"{87a71a6b-54eb-5ebe-e703-000000000000}","CommandLine":"\\??\\C:\\Windows\\system32\\conhost.exe 0xffffffff -ForceV1","ProcessId":"4516","ParentCommandLine":"\"C:\\Windows\\System32\\OpenSSH\\sshd.exe\" \"-R\"","LogonId":"0x3e7","ProcessGuid":"{87a71a6b-592b-5ec2-8451-01000000b000}","OriginalFileName":"CONHOST.EXE","RuleName":"-","Description":"Console Window Host","IntegrityLevel":"System","ParentProcessGuid":"{87a71a6b-592b-5ec2-8351-01000000b000}","Product":"Microsoft® Windows® Operating System","CurrentDirectory":"C:\\Windows","Hashes":"SHA1=74F28DD9B0DA310D85F1931DB2749A26A9A8AB02","User":"NT AUTHORITY\\SYSTEM"}
{"UtcTime":"2020-05-18 09:45:16.190","TerminalSessionId":"0","Company":"-","ParentImage":"C:\\Windows\\System32\\OpenSSH\\sshd.exe","Image":"C:\\Windows\\System32\\OpenSSH\\sshd.exe","FileVersion":"7.7.2.2","ParentProcessId":"1252","LogonGuid":"{87a71a6b-592c-5ec2-93cd-880700000000}","ProcessId":"1332","CommandLine":"\"C:\\Windows\\System32\\OpenSSH\\sshd.exe\" \"-y\"","ParentCommandLine":"\"C:\\Windows\\System32\\OpenSSH\\sshd.exe\" \"-R\"","LogonId":"0x788cd93","ProcessGuid":"{87a71a6b-592c-5ec2-8551-01000000b000}","OriginalFileName":"-","RuleName":"-","Description":"-","IntegrityLevel":"High","ParentProcessGuid":"{87a71a6b-592b-5ec2-8351-01000000b000}","Product":"OpenSSH for Windows","CurrentDirectory":"C:\\","User":"S-1-5-111-3847866527-469524349-687026318-516638107-1125189541-1252","Hashes":"SHA1=332C3AE15BF630ED2806BB869F7C0E91F3C884F5"}
