{"UtcTime":"2020-05-18 09:39:02.630","TerminalSessionId":"0","Company":"-","ParentImage":"C:\\Windows\\System32\\OpenSSH\\sshd.exe","Image":"C:\\Windows\\System32\\OpenSSH\\sshd.exe","ParentProcessId":"1820","FileVersion":"7.7.2.2","LogonGuid":"{87a71a6b-54eb-5ebe-e703-000000000000}","CommandLine":"\"C:\\Windows\\System32\\OpenSSH\\sshd.exe\" \"-R\"","ProcessId":"4268","ParentCommandLine":"C:\\Windows\\System32\\OpenSSH\\sshd.exe","LogonId":"0x3e7","ProcessGuid":"{87a71a6b-57b6-5ec2-0051-01000000b000}","OriginalFileName":"-","RuleName":"-","Description":"-","IntegrityLevel":"System","ParentProcessGuid":"{87a71a6b-54ee-5ebe-2700-00000000b000}","Product":"OpenSSH for Windows","CurrentDirectory":"C:\\","User":"NT AUTHORITY\\SYSTEM","Hashes":"SHA1=332C3AE15BF630ED2806BB869F7C0E91F3C884F5"}
{"UtcTime":"2020-05-18 09:39:04.570","RuleName":"-","Image":"C:\\Windows\\System32\\OpenSSH\\sshd.exe","ProcessId":"4268","ProcessGuid":"{87a71a6b-57b6-5ec2-0051-01000000b000}"}
{"UtcTime":"2020-05-18 09:39:06.420","TerminalSessionId":"0","Company":"-","ParentImage":"C:\\Windows\\System32\\OpenSSH\\sshd.exe","Image":"C:\\Windows\\System32\\OpenSSH\\sshd.exe","FileVersion":"7.7.2.2","ParentProcessId":"1096","LogonGuid":"{87a71a6b-57ba-5ec2-92ad-840700000000}","ProcessId":"4520","CommandLine":"\"C:\\Windows\\System32\\OpenSSH\\sshd.exe\" \"-y\"","ParentCommandLine":"\"C:\\Windows\\System32\\OpenSSH\\sshd.exe\" \"-R\"","LogonId":"0x784ad92","ProcessGuid":"{87a71a6b-57ba-5ec2-0551-01000000b000}","OriginalFileName":"-","RuleName":"-","Description":"-","IntegrityLevel":"High","ParentProcessGuid":"{87a71a6b-57b9-5ec2-0351-01000000b000}","Product":"OpenSSH for Windows","User":"VIRTUAL USERS\\sshd_1096","Hashes":"SHA1=332C3AE15BF630ED2806BB869F7C0E91F3C884F5","CurrentDirectory":"C:\\"}
{"UtcTime":"2020-05-18 09:39:07.961","TerminalSessionId":"0","Company":"-","ParentImage":"C:\\Windows\\System32\\OpenSSH\\sshd.exe","Image":"C:\\Windows\\System32\\OpenSSH\\sshd.exe","FileVersion":"7.7.2.2","ParentProcessId":"1820","LogonGuid":"{87a71a6b-54eb-5ebe-e703-000000000000}","ProcessId":"4068","CommandLine":"\"C:\\Windows\\System32\\OpenSSH\\sshd.exe\" \"-R\"","ParentCommandLine":"C:\\Windows\\System32\\OpenSSH\\sshd.exe","LogonId":"0x3e7","ProcessGuid":"{87a71a6b-57bb-5ec2-0651-01000000b000}","OriginalFileName":"-","RuleName":"-","Description":"-","IntegrityLevel":"System","ParentProcessGuid":"{87a71a6b-54ee-5ebe-2700-00000000b000}","Product":"OpenSSH for Windows","User":"NT AUTHORITY\\SYSTEM","Hashes":"SHA1=332C3AE15BF630ED2806BB869F7C0E91F3C884F5","CurrentDirectory":"C:\\"}
{"UtcTime":"2020-05-18 09:39:08.617","RuleName":"-","Image":"C:\\Windows\\System32\\OpenSSH\\sshd.exe","ProcessId":"4068","ProcessGuid":"{87a71a6b-57bb-5ec2-0651-01000000b000}"}
{"UtcTime":"2020-05-18 09:39:22.987","TerminalSessionId":"0","Company":"-","ParentImage":"C:\\Windows\\System32\\OpenSSH\\sshd.exe","Image":"C:\\Windows\\System32\\OpenSSH\\sshd.exe","FileVersion":"7.7.2.2","ParentProcessId":"1820","LogonGuid":"{87a71a6b-54eb-5ebe-e703-000000000000}","CommandLine":"\"C:\\Windows\\System32\\OpenSSH\\sshd.exe\" \"-R\"","ProcessId":"2276","ParentCommandLine":"C:\\Windows\\System32\\OpenSSH\\sshd.exe","LogonId":"0x3e7","ProcessGuid":"{87a71a6b-57ca-5ec2-0c51-01000000b000}","OriginalFileName":"-","RuleName":"-","Description":"-","IntegrityLevel":"System","ParentProcessGuid":"{87a71a6b-54ee-5ebe-2700-00000000b000}","Product":"OpenSSH for Windows","CurrentDirectory":"C:\\","Hashes":"SHA1=332C3AE15BF630ED2806BB869F7C0E91F3C884F5","User":"NT AUTHORITY\\SYSTEM"}
{"UtcTime":"2020-05-18 09:39:23.572","RuleName":"-","Image":"C:\\Windows\\System32\\OpenSSH\\sshd.exe","ProcessId":"2276","ProcessGuid":"{87a71a6b-57ca-5ec2-0c51-01000000b000}"}
{"UtcTime":"2020-05-18 09:39:27.716","TerminalSessionId":"0","Company":"-","ParentImage":"C:\\Windows\\System32\\OpenSSH\\sshd.exe","Image":"C:\\Windows\\System32\\OpenSSH\\sshd.exe","FileVersion":"7.7.2.2","ParentProcessId":"2800","LogonGuid":"{87a71a6b-57cf-5ec2-88d9-840700000000}","ProcessId":"4300","CommandLine":"\"C:\\Windows\\System32\\OpenSSH\\sshd.exe\" \"-y\"","ParentCommandLine":"\"C:\\Windows\\System32\\OpenSSH\\sshd.exe\" \"-R\"","LogonId":"0x784d988","ProcessGuid":"{87a71a6b-57cf-5ec2-1151-01000000b000}","OriginalFileName":"-","RuleName":"-","Description":"-","IntegrityLevel":"High","ParentProcessGuid":"{87a71a6b-57cf-5ec2-0f51-01000000b000}","Product":"OpenSSH for Windows","CurrentDirectory":"C:\\","User":"VIRTUAL USERS\\sshd_2800","Hashes":"SHA1=332C3AE15BF630ED2806BB869F7C0E91F3C884F5"}
{"UtcTime":"2020-05-18 09:39:28.791","RuleName":"-","Image":"C:\\Windows\\System32\\OpenSSH\\sshd.exe","ProcessId":"3504","ProcessGuid":"{87a71a6b-57d0-5ec2-1451-01000000b000}"}
{"UtcTime":"2020-05-18 09:39:28.806","RuleName":"-","Image":"C:\\Windows\\System32\\OpenSSH\\sshd.exe","ProcessId":"2800","ProcessGuid":"{87a71a6b-57cf-5ec2-0f51-01000000b000}"}
{"UtcTime":"2020-05-18 09:39:31.281","TerminalSessionId":"0","Company":"-","ParentImage":"C:\\Windows\\System32\\OpenSSH\\sshd.exe","Image":"C:\\Windows\\System32\\OpenSSH\\sshd.exe","FileVersion":"7.7.2.2","ParentProcessId":"2124","LogonGuid":"{87a71a6b-57d3-5ec2-42ea-840700000000}","CommandLine":"\"C:\\Windows\\System32\\OpenSSH\\sshd.exe\" \"-y\"","ProcessId":"3680","ParentCommandLine":"\"C:\\Windows\\System32\\OpenSSH\\sshd.exe\" \"-R\"","LogonId":"0x784ea42","ProcessGuid":"{87a71a6b-57d3-5ec2-1751-01000000b000}","OriginalFileName":"-","RuleName":"-","Description":"-","IntegrityLevel":"High","ParentProcessGuid":"{87a71a6b-57d3-5ec2-1551-01000000b000}","Product":"OpenSSH for Windows","User":"S-1-5-111-3847866527-469524349-687026318-516638107-1125189541-2124","Hashes":"SHA1=332C3AE15BF630ED2806BB869F7C0E91F3C884F5","CurrentDirectory":"C:\\"}
{"UtcTime":"2020-05-18 09:39:35.993","TerminalSessionId":"0","Company":"-","ParentImage":"C:\\Windows\\System32\\OpenSSH\\sshd.exe","Image":"C:\\Windows\\System32\\OpenSSH\\sshd.exe","ParentProcessId":"1820","FileVersion":"7.7.2.2","LogonGuid":"{87a71a6b-54eb-5ebe-e703-000000000000}","CommandLine":"\"C:\\Windows\\System32\\OpenSSH\\sshd.exe\" \"-R\"","ProcessId":"4316","ParentCommandLine":"C:\\Windows\\System32\\OpenSSH\\sshd.exe","LogonId":"0x3e7","ProcessGuid":"{87a71a6b-57d7-5ec2-1851-01000000b000}","OriginalFileName":"-","RuleName":"-","Description":"-","IntegrityLevel":"System","ParentProcessGuid":"{87a71a6b-54ee-5ebe-2700-00000000b000}","Product":"OpenSSH for Windows","CurrentDirectory":"C:\\","Hashes":"SHA1=332C3AE15BF630ED2806BB869F7C0E91F3C884F5","User":"NT AUTHORITY\\SYSTEM"}
{"UtcTime":"2020-05-18 09:39:39.551","TerminalSessionId":"2","Company":"Microsoft Corporation","ParentImage":"C:\\Windows\\explorer.exe","Image":"C:\\Program Files\\windows nt\\accessories\\wordpad.exe","FileVersion":"10.0.17763.1075 (WinBuild.160101.0800)","ParentProcessId":"1844","LogonGuid":"{87a71a6b-5693-5ebe-ede9-040000000000}","ProcessId":"4356","CommandLine":"\"C:\\Program Files\\Windows NT\\Accessories\\WORDPAD.EXE\" \"C:\\Users\\Administrator\\winlogbeat-7.7.0-windows-x86_64\\winlogbeat.yml\"","ParentCommandLine":"C:\\Windows\\Explorer.EXE","LogonId":"0x4e9ed","ProcessGuid":"{87a71a6b-57db-5ec2-1c51-01000000b000}","OriginalFileName":"WORDPAD.EXE","RuleName":"-","Description":"Windows Wordpad Application","IntegrityLevel":"High","ParentProcessGuid":"{87a71a6b-5695-5ebe-9700-00000000b000}","Product":"Microsoft® Windows® Operating System","User":"EC2AMAZ-V0GPI6G\\Administrator","Hashes":"SHA1=00CC94610D30D7F022F63BF9E7D823B20AFA5F21","CurrentDirectory":"C:\\Users\\Administrator\\winlogbeat-7.7.0-windows-x86_64\\"}
{"UtcTime":"2020-05-18 09:39:41.713","RuleName":"-","Image":"C:\\Windows\\System32\\conhost.exe","ProcessId":"3148","ProcessGuid":"{87a71a6b-57d7-5ec2-1951-01000000b000}"}
{"UtcTime":"2020-05-18 09:40:05.197","RuleName":"-","Image":"C:\\Windows\\System32\\notepad.exe","ProcessId":"3888","ProcessGuid":"{87a71a6b-57f3-5ec2-1e51-01000000b000}"}
{"UtcTime":"2020-05-18 09:40:38.121","RuleName":"-","Image":"C:\\Windows\\System32\\conhost.exe","ProcessId":"560","ProcessGuid":"{87a71a6b-579e-5ec2-e050-01000000b000}"}
{"UtcTime":"2020-05-18 09:40:42.562","TerminalSessionId":"0","Company":"-","ParentImage":"C:\\Windows\\System32\\OpenSSH\\sshd.exe","Image":"C:\\Windows\\System32\\OpenSSH\\sshd.exe","FileVersion":"7.7.2.2","ParentProcessId":"4216","LogonGuid":"{87a71a6b-581a-5ec2-8c10-860700000000}","ProcessId":"4124","CommandLine":"\"C:\\Windows\\System32\\OpenSSH\\sshd.exe\" \"-y\"","ParentCommandLine":"\"C:\\Windows\\System32\\OpenSSH\\sshd.exe\" \"-R\"","LogonId":"0x786108c","ProcessGuid":"{87a71a6b-581a-5ec2-2451-01000000b000}","OriginalFileName":"-","RuleName":"-","Description":"-","IntegrityLevel":"High","ParentProcessGuid":"{87a71a6b-581a-5ec2-2251-01000000b000}","Product":"OpenSSH for Windows","CurrentDirectory":"C:\\","User":"S-1-5-111-3847866527-469524349-687026318-516638107-1125189541-4216","Hashes":"SHA1=332C3AE15BF630ED2806BB869F7C0E91F3C884F5"}
{"UtcTime":"2020-05-18 09:40:44.848","TerminalSessionId":"0","Company":"-","ParentImage":"C:\\Windows\\System32\\OpenSSH\\sshd.exe","Image":"C:\\Windows\\System32\\OpenSSH\\sshd.exe","FileVersion":"7.7.2.2","ParentProcessId":"1820","LogonGuid":"{87a71a6b-54eb-5ebe-e703-000000000000}","ProcessId":"2616","CommandLine":"\"C:\\Windows\\System32\\OpenSSH\\sshd.exe\" \"-R\"","ParentCommandLine":"C:\\Windows\\System32\\OpenSSH\\sshd.exe","LogonId":"0x3e7","ProcessGuid":"{87a71a6b-581c-5ec2-2551-01000000b000}","OriginalFileName":"-","RuleName":"-","Description":"-","IntegrityLevel":"System","ParentProcessGuid":"{87a71a6b-54ee-5ebe-2700-00000000b000}","Product":"OpenSSH for Windows","User":"NT AUTHORITY\\SYSTEM","CurrentDirectory":"C:\\","Hashes":"SHA1=332C3AE15BF630ED2806BB869F7C0E91F3C884F5"}
{"UtcTime":"2020-05-18 09:31:31.532","TerminalSessionId":"0","Company":"-","ParentImage":"C:\\Windows\\System32\\OpenSSH\\sshd.exe","Image":"C:\\Windows\\System32\\OpenSSH\\sshd.exe","FileVersion":"7.7.2.2","ParentProcessId":"1820","LogonGuid":"{87a71a6b-54eb-5ebe-e703-000000000000}","CommandLine":"\"C:\\Windows\\System32\\OpenSSH\\sshd.exe\" \"-R\"","ProcessId":"1000","ParentCommandLine":"C:\\Windows\\System32\\OpenSSH\\sshd.exe","LogonId":"0x3e7","ProcessGuid":"{87a71a6b-55f3-5ec2-5f50-01000000b000}","OriginalFileName":"-","RuleName":"-","Description":"-","IntegrityLevel":"System","ParentProcessGuid":"{87a71a6b-54ee-5ebe-2700-00000000b000}","Product":"OpenSSH for Windows","User":"NT AUTHORITY\\SYSTEM","CurrentDirectory":"C:\\","Hashes":"SHA1=332C3AE15BF630ED2806BB869F7C0E91F3C884F5"}
{"UtcTime":"2020-05-18 09:32:10.114","TerminalSessionId":"0","Company":"-","ParentImage":"C:\\Windows\\System32\\OpenSSH\\sshd.exe","Image":"C:\\Windows\\System32\\OpenSSH\\sshd.exe","ParentProcessId":"1820","FileVersion":"7.7.2.2","LogonGuid":"{87a71a6b-54eb-5ebe-e703-000000000000}","ProcessId":"2720","CommandLine":"\"C:\\Windows\\System32\\OpenSSH\\sshd.exe\" \"-R\"","ParentCommandLine":"C:\\Windows\\System32\\OpenSSH\\sshd.exe","LogonId":"0x3e7","ProcessGuid":"{87a71a6b-561a-5ec2-6550-01000000b000}","OriginalFileName":"-","RuleName":"-","Description":"-","IntegrityLevel":"System","ParentProcessGuid":"{87a71a6b-54ee-5ebe-2700-00000000b000}","Product":"OpenSSH for Windows","User":"NT AUTHORITY\\SYSTEM","CurrentDirectory":"C:\\","Hashes":"SHA1=332C3AE15BF630ED2806BB869F7C0E91F3C884F5"}
{"UtcTime":"2020-05-18 09:32:10.264","TerminalSessionId":"0","Company":"Microsoft Corporation","ParentImage":"C:\\Windows\\System32\\OpenSSH\\sshd.exe","Image":"C:\\Windows\\System32\\conhost.exe","ParentProcessId":"2720","FileVersion":"10.0.17763.1075 (WinBuild.160101.0800)","LogonGuid":"{87a71a6b-54eb-5ebe-e703-000000000000}","ProcessId":"4988","CommandLine":"\\??\\C:\\Windows\\system32\\conhost.exe 0xffffffff -ForceV1","ParentCommandLine":"\"C:\\Windows\\System32\\OpenSSH\\sshd.exe\" \"-R\"","LogonId":"0x3e7","ProcessGuid":"{87a71a6b-561a-5ec2-6650-01000000b000}","OriginalFileName":"CONHOST.EXE","RuleName":"-","Description":"Console Window Host","IntegrityLevel":"System","ParentProcessGuid":"{87a71a6b-561a-5ec2-6550-01000000b000}","Product":"Microsoft® Windows® Operating System","User":"NT AUTHORITY\\SYSTEM","Hashes":"SHA1=74F28DD9B0DA310D85F1931DB2749A26A9A8AB02","CurrentDirectory":"C:\\Windows"}
{"UtcTime":"2020-05-18 09:32:14.136","TerminalSessionId":"0","Company":"-","ParentImage":"C:\\Windows\\System32\\OpenSSH\\sshd.exe","Image":"C:\\Windows\\System32\\OpenSSH\\sshd.exe","ParentProcessId":"2720","FileVersion":"7.7.2.2","LogonGuid":"{87a71a6b-561e-5ec2-91d9-800700000000}","ProcessId":"3944","CommandLine":"\"C:\\Windows\\System32\\OpenSSH\\sshd.exe\" \"-y\"","ParentCommandLine":"\"C:\\Windows\\System32\\OpenSSH\\sshd.exe\" \"-R\"","LogonId":"0x780d991","ProcessGuid":"{87a71a6b-561e-5ec2-6750-01000000b000}","OriginalFileName":"-","RuleName":"-","Description":"-","IntegrityLevel":"High","ParentProcessGuid":"{87a71a6b-561a-5ec2-6550-01000000b000}","Product":"OpenSSH for Windows","User":"S-1-5-111-3847866527-469524349-687026318-516638107-1125189541-2720","Hashes":"SHA1=332C3AE15BF630ED2806BB869F7C0E91F3C884F5","CurrentDirectory":"C:\\"}
{"UtcTime":"2020-05-18 09:32:31.629","RuleName":"-","Image":"C:\\Windows\\System32\\OpenSSH\\sshd.exe","ProcessId":"1060","ProcessGuid":"{87a71a6b-562d-5ec2-6b50-01000000b000}"}
{"UtcTime":"2020-05-18 09:32:31.629","RuleName":"-","Image":"C:\\Windows\\System32\\conhost.exe","ProcessId":"4748","ProcessGuid":"{87a71a6b-562d-5ec2-6c50-01000000b000}"}
{"UtcTime":"2020-05-18 09:32:32.391","TerminalSessionId":"0","Company":"-","ParentImage":"C:\\Windows\\System32\\OpenSSH\\sshd.exe","Image":"C:\\Windows\\System32\\OpenSSH\\sshd.exe","ParentProcessId":"3208","FileVersion":"7.7.2.2","LogonGuid":"{87a71a6b-5630-5ec2-9539-810700000000}","CommandLine":"\"C:\\Windows\\System32\\OpenSSH\\sshd.exe\" \"-y\"","ProcessId":"1692","ParentCommandLine":"\"C:\\Windows\\System32\\OpenSSH\\sshd.exe\" \"-R\"","LogonId":"0x7813995","ProcessGuid":"{87a71a6b-5630-5ec2-7150-01000000b000}","OriginalFileName":"-","RuleName":"-","Description":"-","IntegrityLevel":"High","ParentProcessGuid":"{87a71a6b-5630-5ec2-6f50-01000000b000}","Product":"OpenSSH for Windows","CurrentDirectory":"C:\\","Hashes":"SHA1=332C3AE15BF630ED2806BB869F7C0E91F3C884F5","User":"S-1-5-111-3847866527-469524349-687026318-516638107-1125189541-3208"}
{"UtcTime":"2020-05-18 09:32:34.660","RuleName":"-","Image":"C:\\Windows\\System32\\dllhost.exe","ProcessId":"1628","ProcessGuid":"{87a71a6b-562d-5ec2-6d50-01000000b000}"}
{"UtcTime":"2020-05-18 09:32:48.348","RuleName":"-","Image":"C:\\Windows\\System32\\conhost.exe","ProcessId":"4124","ProcessGuid":"{87a71a6b-55c8-5ec2-5050-01000000b000}"}
{"UtcTime":"2020-05-18 09:32:51.820","TerminalSessionId":"0","Company":"-","ParentImage":"C:\\Windows\\System32\\OpenSSH\\sshd.exe","Image":"C:\\Windows\\System32\\OpenSSH\\sshd.exe","ParentProcessId":"1820","FileVersion":"7.7.2.2","LogonGuid":"{87a71a6b-54eb-5ebe-e703-000000000000}","CommandLine":"\"C:\\Windows\\System32\\OpenSSH\\sshd.exe\" \"-R\"","ProcessId":"4588","ParentCommandLine":"C:\\Windows\\System32\\OpenSSH\\sshd.exe","LogonId":"0x3e7","ProcessGuid":"{87a71a6b-5643-5ec2-7350-01000000b000}","OriginalFileName":"-","RuleName":"-","Description":"-","IntegrityLevel":"System","ParentProcessGuid":"{87a71a6b-54ee-5ebe-2700-00000000b000}","Product":"OpenSSH for Windows","User":"NT AUTHORITY\\SYSTEM","Hashes":"SHA1=332C3AE15BF630ED2806BB869F7C0E91F3C884F5","CurrentDirectory":"C:\\"}
{"UtcTime":"2020-05-18 09:32:51.825","TerminalSessionId":"0","Company":"Microsoft Corporation","ParentImage":"C:\\Windows\\System32\\OpenSSH\\sshd.exe","Image":"C:\\Windows\\System32\\conhost.exe","FileVersion":"10.0.17763.1075 (WinBuild.160101.0800)","ParentProcessId":"4588","LogonGuid":"{87a71a6b-54eb-5ebe-e703-000000000000}","ProcessId":"3340","CommandLine":"\\??\\C:\\Windows\\system32\\conhost.exe 0xffffffff -ForceV1","ParentCommandLine":"\"C:\\Windows\\System32\\OpenSSH\\sshd.exe\" \"-R\"","LogonId":"0x3e7","ProcessGuid":"{87a71a6b-5643-5ec2-7450-01000000b000}","OriginalFileName":"CONHOST.EXE","RuleName":"-","Description":"Console Window Host","IntegrityLevel":"System","ParentProcessGuid":"{87a71a6b-5643-5ec2-7350-01000000b000}","Product":"Microsoft® Windows® Operating System","CurrentDirectory":"C:\\Windows","User":"NT AUTHORITY\\SYSTEM","Hashes":"SHA1=74F28DD9B0DA310D85F1931DB2749A26A9A8AB02"}
{"UtcTime":"2020-05-18 09:32:52.161","TerminalSessionId":"0","Company":"-","ParentImage":"C:\\Windows\\System32\\OpenSSH\\sshd.exe","Image":"C:\\Windows\\System32\\OpenSSH\\sshd.exe","ParentProcessId":"4588","FileVersion":"7.7.2.2","LogonGuid":"{87a71a6b-5644-5ec2-599a-810700000000}","CommandLine":"\"C:\\Windows\\System32\\OpenSSH\\sshd.exe\" \"-y\"","ProcessId":"2728","ParentCommandLine":"\"C:\\Windows\\System32\\OpenSSH\\sshd.exe\" \"-R\"","LogonId":"0x7819a59","ProcessGuid":"{87a71a6b-5644-5ec2-7550-01000000b000}","OriginalFileName":"-","RuleName":"-","Description":"-","IntegrityLevel":"High","ParentProcessGuid":"{87a71a6b-5643-5ec2-7350-01000000b000}","Product":"OpenSSH for Windows","CurrentDirectory":"C:\\","Hashes":"SHA1=332C3AE15BF630ED2806BB869F7C0E91F3C884F5","User":"S-1-5-111-3847866527-469524349-687026318-516638107-1125189541-4588"}
{"UtcTime":"2020-05-18 09:32:53.020","RuleName":"-","Image":"C:\\Windows\\System32\\OpenSSH\\sshd.exe","ProcessId":"2728","ProcessGuid":"{87a71a6b-5644-5ec2-7550-01000000b000}"}
{"UtcTime":"2020-05-18 09:32:53.020","RuleName":"-","Image":"C:\\Windows\\System32\\OpenSSH\\sshd.exe","ProcessId":"4588","ProcessGuid":"{87a71a6b-5643-5ec2-7350-01000000b000}"}
{"UtcTime":"2020-05-18 09:32:53.020","RuleName":"-","Image":"C:\\Windows\\System32\\conhost.exe","ProcessId":"3340","ProcessGuid":"{87a71a6b-5643-5ec2-7450-01000000b000}"}
{"UtcTime":"2020-05-18 09:32:59.259","TerminalSessionId":"0","Company":"-","ParentImage":"C:\\Windows\\System32\\OpenSSH\\sshd.exe","Image":"C:\\Windows\\System32\\OpenSSH\\sshd.exe","ParentProcessId":"1820","FileVersion":"7.7.2.2","LogonGuid":"{87a71a6b-54eb-5ebe-e703-000000000000}","CommandLine":"\"C:\\Windows\\System32\\OpenSSH\\sshd.exe\" \"-R\"","ProcessId":"4256","ParentCommandLine":"C:\\Windows\\System32\\OpenSSH\\sshd.exe","LogonId":"0x3e7","ProcessGuid":"{87a71a6b-564b-5ec2-7650-01000000b000}","OriginalFileName":"-","RuleName":"-","Description":"-","IntegrityLevel":"System","ParentProcessGuid":"{87a71a6b-54ee-5ebe-2700-00000000b000}","Product":"OpenSSH for Windows","CurrentDirectory":"C:\\","Hashes":"SHA1=332C3AE15BF630ED2806BB869F7C0E91F3C884F5","User":"NT AUTHORITY\\SYSTEM"}
{"UtcTime":"2020-05-18 09:32:59.264","TerminalSessionId":"0","Company":"Microsoft Corporation","ParentImage":"C:\\Windows\\System32\\OpenSSH\\sshd.exe","Image":"C:\\Windows\\System32\\conhost.exe","ParentProcessId":"4256","FileVersion":"10.0.17763.1075 (WinBuild.160101.0800)","LogonGuid":"{87a71a6b-54eb-5ebe-e703-000000000000}","ProcessId":"3336","CommandLine":"\\??\\C:\\Windows\\system32\\conhost.exe 0xffffffff -ForceV1","ParentCommandLine":"\"C:\\Windows\\System32\\OpenSSH\\sshd.exe\" \"-R\"","LogonId":"0x3e7","ProcessGuid":"{87a71a6b-564b-5ec2-7750-01000000b000}","OriginalFileName":"CONHOST.EXE","RuleName":"-","Description":"Console Window Host","IntegrityLevel":"System","ParentProcessGuid":"{87a71a6b-564b-5ec2-7650-01000000b000}","Product":"Microsoft® Windows® Operating System","CurrentDirectory":"C:\\Windows","User":"NT AUTHORITY\\SYSTEM","Hashes":"SHA1=74F28DD9B0DA310D85F1931DB2749A26A9A8AB02"}
{"UtcTime":"2020-05-18 09:32:59.341","TerminalSessionId":"0","Company":"-","ParentImage":"C:\\Windows\\System32\\OpenSSH\\sshd.exe","Image":"C:\\Windows\\System32\\OpenSSH\\sshd.exe","ParentProcessId":"4256","FileVersion":"7.7.2.2","LogonGuid":"{87a71a6b-564b-5ec2-17c4-810700000000}","CommandLine":"\"C:\\Windows\\System32\\OpenSSH\\sshd.exe\" \"-y\"","ProcessId":"1264","ParentCommandLine":"\"C:\\Windows\\System32\\OpenSSH\\sshd.exe\" \"-R\"","LogonId":"0x781c417","ProcessGuid":"{87a71a6b-564b-5ec2-7850-01000000b000}","OriginalFileName":"-","RuleName":"-","Description":"-","IntegrityLevel":"High","ParentProcessGuid":"{87a71a6b-564b-5ec2-7650-01000000b000}","Product":"OpenSSH for Windows","CurrentDirectory":"C:\\","Hashes":"SHA1=332C3AE15BF630ED2806BB869F7C0E91F3C884F5","User":"S-1-5-111-3847866527-469524349-687026318-516638107-1125189541-4256"}
{"UtcTime":"2020-05-18 09:32:59.535","RuleName":"-","Image":"C:\\Windows\\System32\\OpenSSH\\sshd.exe","ProcessId":"1264","ProcessGuid":"{87a71a6b-564b-5ec2-7850-01000000b000}"}
{"UtcTime":"2020-05-18 09:32:59.535","RuleName":"-","Image":"C:\\Windows\\System32\\OpenSSH\\sshd.exe","ProcessId":"4256","ProcessGuid":"{87a71a6b-564b-5ec2-7650-01000000b000}"}
{"UtcTime":"2020-05-18 09:32:59.535","RuleName":"-","Image":"C:\\Windows\\System32\\conhost.exe","ProcessId":"3336","ProcessGuid":"{87a71a6b-564b-5ec2-7750-01000000b000}"}
{"UtcTime":"2020-05-18 09:33:02.064","TerminalSessionId":"0","Company":"-","ParentImage":"C:\\Windows\\System32\\OpenSSH\\sshd.exe","Image":"C:\\Windows\\System32\\OpenSSH\\sshd.exe","FileVersion":"7.7.2.2","ParentProcessId":"1820","LogonGuid":"{87a71a6b-54eb-5ebe-e703-000000000000}","ProcessId":"3076","CommandLine":"\"C:\\Windows\\System32\\OpenSSH\\sshd.exe\" \"-R\"","ParentCommandLine":"C:\\Windows\\System32\\OpenSSH\\sshd.exe","LogonId":"0x3e7","ProcessGuid":"{87a71a6b-564e-5ec2-7950-01000000b000}","OriginalFileName":"-","RuleName":"-","Description":"-","IntegrityLevel":"System","ParentProcessGuid":"{87a71a6b-54ee-5ebe-2700-00000000b000}","Product":"OpenSSH for Windows","User":"NT AUTHORITY\\SYSTEM","Hashes":"SHA1=332C3AE15BF630ED2806BB869F7C0E91F3C884F5","CurrentDirectory":"C:\\"}
{"UtcTime":"2020-05-18 09:33:04.887","TerminalSessionId":"2","Company":"Microsoft Corporation","ParentImage":"C:\\Users\\Administrator\\winlogbeat-7.7.0-windows-x86_64\\winlogbeat.exe","Image":"C:\\Windows\\System32\\conhost.exe","FileVersion":"10.0.17763.1075 (WinBuild.160101.0800)","ParentProcessId":"2940","LogonGuid":"{87a71a6b-5693-5ebe-ede9-040000000000}","CommandLine":"\\??\\C:\\Windows\\system32\\conhost.exe 0xffffffff -ForceV1","ProcessId":"4276","ParentCommandLine":"\"C:\\Users\\Administrator\\winlogbeat-7.7.0-windows-x86_64\\winlogbeat.exe\" ","LogonId":"0x4e9ed","ProcessGuid":"{87a71a6b-5650-5ec2-7d50-01000000b000}","OriginalFileName":"CONHOST.EXE","RuleName":"-","Description":"Console Window Host","IntegrityLevel":"High","ParentProcessGuid":"{87a71a6b-5650-5ec2-7c50-01000000b000}","Product":"Microsoft® Windows® Operating System","User":"EC2AMAZ-V0GPI6G\\Administrator","Hashes":"SHA1=74F28DD9B0DA310D85F1931DB2749A26A9A8AB02","CurrentDirectory":"C:\\Windows"}
{"UtcTime":"2020-05-18 09:33:07.002","RuleName":"-","Image":"C:\\Users\\Administrator\\winlogbeat-7.7.0-windows-x86_64\\winlogbeat.exe","ProcessId":"2940","ProcessGuid":"{87a71a6b-5650-5ec2-7c50-01000000b000}"}
{"UtcTime":"2020-05-18 09:33:38.464","TerminalSessionId":"0","Company":"-","ParentImage":"C:\\Windows\\System32\\OpenSSH\\sshd.exe","Image":"C:\\Windows\\System32\\OpenSSH\\sshd.exe","FileVersion":"7.7.2.2","ParentProcessId":"1820","LogonGuid":"{87a71a6b-54eb-5ebe-e703-000000000000}","CommandLine":"\"C:\\Windows\\System32\\OpenSSH\\sshd.exe\" \"-R\"","ProcessId":"2812","ParentCommandLine":"C:\\Windows\\System32\\OpenSSH\\sshd.exe","LogonId":"0x3e7","ProcessGuid":"{87a71a6b-5672-5ec2-7f50-01000000b000}","OriginalFileName":"-","RuleName":"-","Description":"-","IntegrityLevel":"System","ParentProcessGuid":"{87a71a6b-54ee-5ebe-2700-00000000b000}","Product":"OpenSSH for Windows","User":"NT AUTHORITY\\SYSTEM","CurrentDirectory":"C:\\","Hashes":"SHA1=332C3AE15BF630ED2806BB869F7C0E91F3C884F5"}
{"UtcTime":"2020-05-18 09:33:40.136","RuleName":"-","Image":"C:\\Windows\\System32\\OpenSSH\\sshd.exe","ProcessId":"2812","ProcessGuid":"{87a71a6b-5672-5ec2-7f50-01000000b000}"}
{"UtcTime":"2020-05-18 09:33:44.036","TerminalSessionId":"0","Company":"-","ParentImage":"C:\\Windows\\System32\\OpenSSH\\sshd.exe","Image":"C:\\Windows\\System32\\OpenSSH\\sshd.exe","ParentProcessId":"4732","FileVersion":"7.7.2.2","LogonGuid":"{87a71a6b-5678-5ec2-1d40-820700000000}","ProcessId":"1668","CommandLine":"\"C:\\Windows\\System32\\OpenSSH\\sshd.exe\" \"-y\"","ParentCommandLine":"\"C:\\Windows\\System32\\OpenSSH\\sshd.exe\" \"-R\"","LogonId":"0x782401d","ProcessGuid":"{87a71a6b-5678-5ec2-8450-01000000b000}","OriginalFileName":"-","RuleName":"-","Description":"-","IntegrityLevel":"High","ParentProcessGuid":"{87a71a6b-5677-5ec2-8250-01000000b000}","Product":"OpenSSH for Windows","User":"S-1-5-111-3847866527-469524349-687026318-516638107-1125189541-4732","Hashes":"SHA1=332C3AE15BF630ED2806BB869F7C0E91F3C884F5","CurrentDirectory":"C:\\"}
{"UtcTime":"2020-05-18 09:33:45.656","TerminalSessionId":"0","Company":"-","ParentImage":"C:\\Windows\\System32\\OpenSSH\\sshd.exe","Image":"C:\\Windows\\System32\\OpenSSH\\sshd.exe","FileVersion":"7.7.2.2","ParentProcessId":"1820","LogonGuid":"{87a71a6b-54eb-5ebe-e703-000000000000}","CommandLine":"\"C:\\Windows\\System32\\OpenSSH\\sshd.exe\" \"-R\"","ProcessId":"5092","ParentCommandLine":"C:\\Windows\\System32\\OpenSSH\\sshd.exe","LogonId":"0x3e7","ProcessGuid":"{87a71a6b-5679-5ec2-8550-01000000b000}","OriginalFileName":"-","RuleName":"-","Description":"-","IntegrityLevel":"System","ParentProcessGuid":"{87a71a6b-54ee-5ebe-2700-00000000b000}","Product":"OpenSSH for Windows","CurrentDirectory":"C:\\","User":"NT AUTHORITY\\SYSTEM","Hashes":"SHA1=332C3AE15BF630ED2806BB869F7C0E91F3C884F5"}
{"UtcTime":"2020-05-18 09:33:55.448","RuleName":"-","Image":"C:\\Windows\\System32\\OpenSSH\\sshd.exe","ProcessId":"5024","ProcessGuid":"{87a71a6b-5679-5ec2-8750-01000000b000}"}
{"UtcTime":"2020-05-18 09:33:55.448","RuleName":"-","Image":"C:\\Windows\\System32\\OpenSSH\\sshd.exe","ProcessId":"5092","ProcessGuid":"{87a71a6b-5679-5ec2-8550-01000000b000}"}
{"UtcTime":"2020-05-18 09:33:55.448","RuleName":"-","Image":"C:\\Windows\\System32\\conhost.exe","ProcessId":"3212","ProcessGuid":"{87a71a6b-5679-5ec2-8650-01000000b000}"}
{"UtcTime":"2020-05-18 09:34:17.460","TerminalSessionId":"0","Company":"-","ParentImage":"C:\\Windows\\System32\\OpenSSH\\sshd.exe","Image":"C:\\Windows\\System32\\OpenSSH\\sshd.exe","ParentProcessId":"1820","FileVersion":"7.7.2.2","LogonGuid":"{87a71a6b-54eb-5ebe-e703-000000000000}","ProcessId":"2720","CommandLine":"\"C:\\Windows\\System32\\OpenSSH\\sshd.exe\" \"-R\"","ParentCommandLine":"C:\\Windows\\System32\\OpenSSH\\sshd.exe","LogonId":"0x3e7","ProcessGuid":"{87a71a6b-5699-5ec2-8850-01000000b000}","OriginalFileName":"-","RuleName":"-","Description":"-","IntegrityLevel":"System","ParentProcessGuid":"{87a71a6b-54ee-5ebe-2700-00000000b000}","Product":"OpenSSH for Windows","CurrentDirectory":"C:\\","Hashes":"SHA1=332C3AE15BF630ED2806BB869F7C0E91F3C884F5","User":"NT AUTHORITY\\SYSTEM"}
{"UtcTime":"2020-05-18 09:34:17.466","TerminalSessionId":"0","Company":"Microsoft Corporation","ParentImage":"C:\\Windows\\System32\\OpenSSH\\sshd.exe","Image":"C:\\Windows\\System32\\conhost.exe","FileVersion":"10.0.17763.1075 (WinBuild.160101.0800)","ParentProcessId":"2720","LogonGuid":"{87a71a6b-54eb-5ebe-e703-000000000000}","ProcessId":"3432","CommandLine":"\\??\\C:\\Windows\\system32\\conhost.exe 0xffffffff -ForceV1","ParentCommandLine":"\"C:\\Windows\\System32\\OpenSSH\\sshd.exe\" \"-R\"","LogonId":"0x3e7","ProcessGuid":"{87a71a6b-5699-5ec2-8950-01000000b000}","OriginalFileName":"CONHOST.EXE","RuleName":"-","Description":"Console Window Host","IntegrityLevel":"System","ParentProcessGuid":"{87a71a6b-5699-5ec2-8850-01000000b000}","Product":"Microsoft® Windows® Operating System","User":"NT AUTHORITY\\SYSTEM","Hashes":"SHA1=74F28DD9B0DA310D85F1931DB2749A26A9A8AB02","CurrentDirectory":"C:\\Windows"}
{"UtcTime":"2020-05-18 09:34:17.842","TerminalSessionId":"0","Company":"-","ParentImage":"C:\\Windows\\System32\\OpenSSH\\sshd.exe","Image":"C:\\Windows\\System32\\OpenSSH\\sshd.exe","ParentProcessId":"2720","FileVersion":"7.7.2.2","LogonGuid":"{87a71a6b-5699-5ec2-ef7c-820700000000}","CommandLine":"\"C:\\Windows\\System32\\OpenSSH\\sshd.exe\" \"-y\"","ProcessId":"3796","ParentCommandLine":"\"C:\\Windows\\System32\\OpenSSH\\sshd.exe\" \"-R\"","LogonId":"0x7827cef","ProcessGuid":"{87a71a6b-5699-5ec2-8a50-01000000b000}","OriginalFileName":"-","RuleName":"-","Description":"-","IntegrityLevel":"High","ParentProcessGuid":"{87a71a6b-5699-5ec2-8850-01000000b000}","Product":"OpenSSH for Windows","User":"S-1-5-111-3847866527-469524349-687026318-516638107-1125189541-2720","Hashes":"SHA1=332C3AE15BF630ED2806BB869F7C0E91F3C884F5","CurrentDirectory":"C:\\"}
{"UtcTime":"2020-05-18 09:34:19.724","TerminalSessionId":"0","Company":"-","ParentImage":"C:\\Windows\\System32\\OpenSSH\\sshd.exe","Image":"C:\\Windows\\System32\\OpenSSH\\sshd.exe","ParentProcessId":"1820","FileVersion":"7.7.2.2","LogonGuid":"{87a71a6b-54eb-5ebe-e703-000000000000}","ProcessId":"2300","CommandLine":"\"C:\\Windows\\System32\\OpenSSH\\sshd.exe\" \"-R\"","ParentCommandLine":"C:\\Windows\\System32\\OpenSSH\\sshd.exe","LogonId":"0x3e7","ProcessGuid":"{87a71a6b-569b-5ec2-8b50-01000000b000}","OriginalFileName":"-","RuleName":"-","Description":"-","IntegrityLevel":"System","ParentProcessGuid":"{87a71a6b-54ee-5ebe-2700-00000000b000}","Product":"OpenSSH for Windows","CurrentDirectory":"C:\\","Hashes":"SHA1=332C3AE15BF630ED2806BB869F7C0E91F3C884F5","User":"NT AUTHORITY\\SYSTEM"}
{"UtcTime":"2020-05-18 09:34:19.729","TerminalSessionId":"0","Company":"Microsoft Corporation","ParentImage":"C:\\Windows\\System32\\OpenSSH\\sshd.exe","Image":"C:\\Windows\\System32\\conhost.exe","ParentProcessId":"2300","FileVersion":"10.0.17763.1075 (WinBuild.160101.0800)","LogonGuid":"{87a71a6b-54eb-5ebe-e703-000000000000}","CommandLine":"\\??\\C:\\Windows\\system32\\conhost.exe 0xffffffff -ForceV1","ProcessId":"4300","ParentCommandLine":"\"C:\\Windows\\System32\\OpenSSH\\sshd.exe\" \"-R\"","LogonId":"0x3e7","ProcessGuid":"{87a71a6b-569b-5ec2-8c50-01000000b000}","OriginalFileName":"CONHOST.EXE","RuleName":"-","Description":"Console Window Host","IntegrityLevel":"System","ParentProcessGuid":"{87a71a6b-569b-5ec2-8b50-01000000b000}","Product":"Microsoft® Windows® Operating System","User":"NT AUTHORITY\\SYSTEM","CurrentDirectory":"C:\\Windows","Hashes":"SHA1=74F28DD9B0DA310D85F1931DB2749A26A9A8AB02"}
{"UtcTime":"2020-05-18 09:34:19.970","TerminalSessionId":"0","Company":"-","ParentImage":"C:\\Windows\\System32\\OpenSSH\\sshd.exe","Image":"C:\\Windows\\System32\\OpenSSH\\sshd.exe","ParentProcessId":"2300","FileVersion":"7.7.2.2","LogonGuid":"{87a71a6b-569b-5ec2-9587-820700000000}","ProcessId":"4900","CommandLine":"\"C:\\Windows\\System32\\OpenSSH\\sshd.exe\" \"-y\"","ParentCommandLine":"\"C:\\Windows\\System32\\OpenSSH\\sshd.exe\" \"-R\"","LogonId":"0x7828795","ProcessGuid":"{87a71a6b-569b-5ec2-8d50-01000000b000}","OriginalFileName":"-","RuleName":"-","Description":"-","IntegrityLevel":"High","ParentProcessGuid":"{87a71a6b-569b-5ec2-8b50-01000000b000}","Product":"OpenSSH for Windows","CurrentDirectory":"C:\\","Hashes":"SHA1=332C3AE15BF630ED2806BB869F7C0E91F3C884F5","User":"VIRTUAL USERS\\sshd_2300"}
{"UtcTime":"2020-05-18 09:34:21.169","RuleName":"-","Image":"C:\\Windows\\System32\\OpenSSH\\sshd.exe","ProcessId":"4900","ProcessGuid":"{87a71a6b-569b-5ec2-8d50-01000000b000}"}
{"UtcTime":"2020-05-18 09:34:21.169","RuleName":"-","Image":"C:\\Windows\\System32\\OpenSSH\\sshd.exe","ProcessId":"2300","ProcessGuid":"{87a71a6b-569b-5ec2-8b50-01000000b000}"}
{"UtcTime":"2020-05-18 09:34:21.185","RuleName":"-","Image":"C:\\Windows\\System32\\conhost.exe","ProcessId":"4300","ProcessGuid":"{87a71a6b-569b-5ec2-8c50-01000000b000}"}
{"UtcTime":"2020-05-18 09:34:24.247","RuleName":"-","Image":"C:\\Windows\\System32\\OpenSSH\\sshd.exe","ProcessId":"3796","ProcessGuid":"{87a71a6b-5699-5ec2-8a50-01000000b000}"}
{"UtcTime":"2020-05-18 09:34:24.247","RuleName":"-","Image":"C:\\Windows\\System32\\OpenSSH\\sshd.exe","ProcessId":"2720","ProcessGuid":"{87a71a6b-5699-5ec2-8850-01000000b000}"}
{"UtcTime":"2020-05-18 09:34:24.263","RuleName":"-","Image":"C:\\Windows\\System32\\conhost.exe","ProcessId":"3432","ProcessGuid":"{87a71a6b-5699-5ec2-8950-01000000b000}"}
{"UtcTime":"2020-05-18 09:34:32.478","TerminalSessionId":"0","Company":"-","ParentImage":"C:\\Windows\\System32\\OpenSSH\\sshd.exe","Image":"C:\\Windows\\System32\\OpenSSH\\sshd.exe","ParentProcessId":"1820","FileVersion":"7.7.2.2","LogonGuid":"{87a71a6b-54eb-5ebe-e703-000000000000}","ProcessId":"5088","CommandLine":"\"C:\\Windows\\System32\\OpenSSH\\sshd.exe\" \"-R\"","ParentCommandLine":"C:\\Windows\\System32\\OpenSSH\\sshd.exe","LogonId":"0x3e7","ProcessGuid":"{87a71a6b-56a8-5ec2-8e50-01000000b000}","OriginalFileName":"-","RuleName":"-","Description":"-","IntegrityLevel":"System","ParentProcessGuid":"{87a71a6b-54ee-5ebe-2700-00000000b000}","Product":"OpenSSH for Windows","CurrentDirectory":"C:\\","Hashes":"SHA1=332C3AE15BF630ED2806BB869F7C0E91F3C884F5","User":"NT AUTHORITY\\SYSTEM"}
{"UtcTime":"2020-05-18 09:34:32.482","TerminalSessionId":"0","Company":"Microsoft Corporation","ParentImage":"C:\\Windows\\System32\\OpenSSH\\sshd.exe","Image":"C:\\Windows\\System32\\conhost.exe","FileVersion":"10.0.17763.1075 (WinBuild.160101.0800)","ParentProcessId":"5088","LogonGuid":"{87a71a6b-54eb-5ebe-e703-000000000000}","ProcessId":"3452","CommandLine":"\\??\\C:\\Windows\\system32\\conhost.exe 0xffffffff -ForceV1","ParentCommandLine":"\"C:\\Windows\\System32\\OpenSSH\\sshd.exe\" \"-R\"","LogonId":"0x3e7","ProcessGuid":"{87a71a6b-56a8-5ec2-8f50-01000000b000}","OriginalFileName":"CONHOST.EXE","RuleName":"-","Description":"Console Window Host","IntegrityLevel":"System","ParentProcessGuid":"{87a71a6b-56a8-5ec2-8e50-01000000b000}","Product":"Microsoft® Windows® Operating System","User":"NT AUTHORITY\\SYSTEM","Hashes":"SHA1=74F28DD9B0DA310D85F1931DB2749A26A9A8AB02","CurrentDirectory":"C:\\Windows"}
{"UtcTime":"2020-05-18 09:34:32.739","TerminalSessionId":"0","Company":"-","ParentImage":"C:\\Windows\\System32\\OpenSSH\\sshd.exe","Image":"C:\\Windows\\System32\\OpenSSH\\sshd.exe","FileVersion":"7.7.2.2","ParentProcessId":"5088","LogonGuid":"{87a71a6b-56a8-5ec2-6f92-820700000000}","ProcessId":"4136","CommandLine":"\"C:\\Windows\\System32\\OpenSSH\\sshd.exe\" \"-y\"","ParentCommandLine":"\"C:\\Windows\\System32\\OpenSSH\\sshd.exe\" \"-R\"","LogonId":"0x782926f","ProcessGuid":"{87a71a6b-56a8-5ec2-9050-01000000b000}","OriginalFileName":"-","RuleName":"-","Description":"-","IntegrityLevel":"High","ParentProcessGuid":"{87a71a6b-56a8-5ec2-8e50-01000000b000}","Product":"OpenSSH for Windows","CurrentDirectory":"C:\\","Hashes":"SHA1=332C3AE15BF630ED2806BB869F7C0E91F3C884F5","User":"S-1-5-111-3847866527-469524349-687026318-516638107-1125189541-5088"}
{"UtcTime":"2020-05-18 09:34:33.997","RuleName":"-","Image":"C:\\Windows\\System32\\OpenSSH\\sshd.exe","ProcessId":"4136","ProcessGuid":"{87a71a6b-56a8-5ec2-9050-01000000b000}"}
{"UtcTime":"2020-05-18 09:34:33.997","RuleName":"-","Image":"C:\\Windows\\System32\\OpenSSH\\sshd.exe","ProcessId":"5088","ProcessGuid":"{87a71a6b-56a8-5ec2-8e50-01000000b000}"}
{"UtcTime":"2020-05-18 09:34:33.997","RuleName":"-","Image":"C:\\Windows\\System32\\conhost.exe","ProcessId":"3452","ProcessGuid":"{87a71a6b-56a8-5ec2-8f50-01000000b000}"}
{"UtcTime":"2020-05-18 09:34:46.090","TerminalSessionId":"0","Company":"-","ParentImage":"C:\\Windows\\System32\\OpenSSH\\sshd.exe","Image":"C:\\Windows\\System32\\OpenSSH\\sshd.exe","FileVersion":"7.7.2.2","ParentProcessId":"1820","LogonGuid":"{87a71a6b-54eb-5ebe-e703-000000000000}","CommandLine":"\"C:\\Windows\\System32\\OpenSSH\\sshd.exe\" \"-R\"","ProcessId":"3208","ParentCommandLine":"C:\\Windows\\System32\\OpenSSH\\sshd.exe","LogonId":"0x3e7","ProcessGuid":"{87a71a6b-56b6-5ec2-9150-01000000b000}","OriginalFileName":"-","RuleName":"-","Description":"-","IntegrityLevel":"System","ParentProcessGuid":"{87a71a6b-54ee-5ebe-2700-00000000b000}","Product":"OpenSSH for Windows","CurrentDirectory":"C:\\","User":"NT AUTHORITY\\SYSTEM","Hashes":"SHA1=332C3AE15BF630ED2806BB869F7C0E91F3C884F5"}
{"UtcTime":"2020-05-18 09:34:51.798","TerminalSessionId":"0","Company":"Microsoft Corporation","ParentImage":"C:\\Windows\\System32\\OpenSSH\\sshd.exe","Image":"C:\\Windows\\System32\\conhost.exe","ParentProcessId":"560","FileVersion":"10.0.17763.1075 (WinBuild.160101.0800)","LogonGuid":"{87a71a6b-54eb-5ebe-e703-000000000000}","CommandLine":"\\??\\C:\\Windows\\system32\\conhost.exe 0xffffffff -ForceV1","ProcessId":"4708","ParentCommandLine":"\"C:\\Windows\\System32\\OpenSSH\\sshd.exe\" \"-R\"","LogonId":"0x3e7","ProcessGuid":"{87a71a6b-56bb-5ec2-9550-01000000b000}","OriginalFileName":"CONHOST.EXE","RuleName":"-","Description":"Console Window Host","IntegrityLevel":"System","ParentProcessGuid":"{87a71a6b-56bb-5ec2-9450-01000000b000}","Product":"Microsoft® Windows® Operating System","User":"NT AUTHORITY\\SYSTEM","Hashes":"SHA1=74F28DD9B0DA310D85F1931DB2749A26A9A8AB02","CurrentDirectory":"C:\\Windows"}
{"UtcTime":"2020-05-18 09:34:52.764","TerminalSessionId":"0","Company":"-","ParentImage":"C:\\Windows\\System32\\OpenSSH\\sshd.exe","Image":"C:\\Windows\\System32\\OpenSSH\\sshd.exe","ParentProcessId":"2268","FileVersion":"7.7.2.2","LogonGuid":"{87a71a6b-56bc-5ec2-9bac-820700000000}","ProcessId":"184","CommandLine":"\"C:\\Windows\\System32\\OpenSSH\\sshd.exe\" \"-y\"","ParentCommandLine":"\"C:\\Windows\\System32\\OpenSSH\\sshd.exe\" \"-R\"","LogonId":"0x782ac9b","ProcessGuid":"{87a71a6b-56bc-5ec2-9950-01000000b000}","OriginalFileName":"-","RuleName":"-","Description":"-","IntegrityLevel":"High","ParentProcessGuid":"{87a71a6b-56bc-5ec2-9750-01000000b000}","Product":"OpenSSH for Windows","CurrentDirectory":"C:\\","User":"VIRTUAL USERS\\sshd_2268","Hashes":"SHA1=332C3AE15BF630ED2806BB869F7C0E91F3C884F5"}
{"UtcTime":"2020-05-18 09:34:53.841","RuleName":"-","Image":"C:\\Windows\\System32\\OpenSSH\\sshd.exe","ProcessId":"184","ProcessGuid":"{87a71a6b-56bc-5ec2-9950-01000000b000}"}
{"UtcTime":"2020-05-18 09:34:57.586","TerminalSessionId":"0","Company":"Microsoft Corporation","ParentImage":"C:\\Windows\\System32\\OpenSSH\\sshd.exe","Image":"C:\\Windows\\System32\\conhost.exe","FileVersion":"10.0.17763.1075 (WinBuild.160101.0800)","ParentProcessId":"3092","LogonGuid":"{87a71a6b-54eb-5ebe-e703-000000000000}","ProcessId":"712","CommandLine":"\\??\\C:\\Windows\\system32\\conhost.exe 0xffffffff -ForceV1","ParentCommandLine":"\"C:\\Windows\\System32\\OpenSSH\\sshd.exe\" \"-R\"","LogonId":"0x3e7","ProcessGuid":"{87a71a6b-56c1-5ec2-9b50-01000000b000}","OriginalFileName":"CONHOST.EXE","RuleName":"-","Description":"Console Window Host","IntegrityLevel":"System","ParentProcessGuid":"{87a71a6b-56c1-5ec2-9a50-01000000b000}","Product":"Microsoft® Windows® Operating System","CurrentDirectory":"C:\\Windows","Hashes":"SHA1=74F28DD9B0DA310D85F1931DB2749A26A9A8AB02","User":"NT AUTHORITY\\SYSTEM"}
{"UtcTime":"2020-05-18 09:34:58.998","RuleName":"-","Image":"C:\\Windows\\System32\\OpenSSH\\sshd.exe","ProcessId":"4952","ProcessGuid":"{87a71a6b-56c1-5ec2-9c50-01000000b000}"}
{"UtcTime":"2020-05-18 09:35:00.592","RuleName":"-","Image":"C:\\Windows\\System32\\OpenSSH\\sshd.exe","ProcessId":"3000","ProcessGuid":"{87a71a6b-56b6-5ec2-9350-01000000b000}"}
{"UtcTime":"2020-05-18 09:35:04.262","TerminalSessionId":"0","Company":"Microsoft Corporation","ParentImage":"C:\\Windows\\System32\\OpenSSH\\sshd.exe","Image":"C:\\Windows\\System32\\conhost.exe","ParentProcessId":"1892","FileVersion":"10.0.17763.1075 (WinBuild.160101.0800)","LogonGuid":"{87a71a6b-54eb-5ebe-e703-000000000000}","ProcessId":"3776","CommandLine":"\\??\\C:\\Windows\\system32\\conhost.exe 0xffffffff -ForceV1","ParentCommandLine":"\"C:\\Windows\\System32\\OpenSSH\\sshd.exe\" \"-R\"","LogonId":"0x3e7","ProcessGuid":"{87a71a6b-56c8-5ec2-a150-01000000b000}","OriginalFileName":"CONHOST.EXE","RuleName":"-","Description":"Console Window Host","IntegrityLevel":"System","ParentProcessGuid":"{87a71a6b-56c8-5ec2-a050-01000000b000}","Product":"Microsoft® Windows® Operating System","User":"NT AUTHORITY\\SYSTEM","CurrentDirectory":"C:\\Windows","Hashes":"SHA1=74F28DD9B0DA310D85F1931DB2749A26A9A8AB02"}
{"UtcTime":"2020-05-18 09:35:05.576","RuleName":"-","Image":"C:\\Windows\\System32\\conhost.exe","ProcessId":"3776","ProcessGuid":"{87a71a6b-56c8-5ec2-a150-01000000b000}"}
{"UtcTime":"2020-05-18 09:35:10.795","RuleName":"-","Image":"C:\\Windows\\System32\\OpenSSH\\sshd.exe","ProcessId":"4980","ProcessGuid":"{87a71a6b-56cd-5ec2-a550-01000000b000}"}
{"UtcTime":"2020-05-18 09:35:26.079","TerminalSessionId":"0","Company":"-","ParentImage":"C:\\Windows\\System32\\OpenSSH\\sshd.exe","Image":"C:\\Windows\\System32\\OpenSSH\\sshd.exe","ParentProcessId":"1820","FileVersion":"7.7.2.2","LogonGuid":"{87a71a6b-54eb-5ebe-e703-000000000000}","CommandLine":"\"C:\\Windows\\System32\\OpenSSH\\sshd.exe\" \"-R\"","ProcessId":"3732","ParentCommandLine":"C:\\Windows\\System32\\OpenSSH\\sshd.exe","LogonId":"0x3e7","ProcessGuid":"{87a71a6b-56de-5ec2-a950-01000000b000}","OriginalFileName":"-","RuleName":"-","Description":"-","IntegrityLevel":"System","ParentProcessGuid":"{87a71a6b-54ee-5ebe-2700-00000000b000}","Product":"OpenSSH for Windows","CurrentDirectory":"C:\\","Hashes":"SHA1=332C3AE15BF630ED2806BB869F7C0E91F3C884F5","User":"NT AUTHORITY\\SYSTEM"}
{"UtcTime":"2020-05-18 09:35:30.557","TerminalSessionId":"0","Company":"-","ParentImage":"C:\\Windows\\System32\\OpenSSH\\sshd.exe","Image":"C:\\Windows\\System32\\OpenSSH\\sshd.exe","ParentProcessId":"3052","FileVersion":"7.7.2.2","LogonGuid":"{87a71a6b-56e2-5ec2-c303-830700000000}","ProcessId":"4796","CommandLine":"\"C:\\Windows\\System32\\OpenSSH\\sshd.exe\" \"-y\"","ParentCommandLine":"\"C:\\Windows\\System32\\OpenSSH\\sshd.exe\" \"-R\"","LogonId":"0x78303c3","ProcessGuid":"{87a71a6b-56e2-5ec2-ae50-01000000b000}","OriginalFileName":"-","RuleName":"-","Description":"-","IntegrityLevel":"High","ParentProcessGuid":"{87a71a6b-56e2-5ec2-ac50-01000000b000}","Product":"OpenSSH for Windows","CurrentDirectory":"C:\\","Hashes":"SHA1=332C3AE15BF630ED2806BB869F7C0E91F3C884F5","User":"S-1-5-111-3847866527-469524349-687026318-516638107-1125189541-3052"}
{"UtcTime":"2020-05-18 09:35:34.383","TerminalSessionId":"0","Company":"-","ParentImage":"C:\\Windows\\System32\\OpenSSH\\sshd.exe","Image":"C:\\Windows\\System32\\OpenSSH\\sshd.exe","ParentProcessId":"1820","FileVersion":"7.7.2.2","LogonGuid":"{87a71a6b-54eb-5ebe-e703-000000000000}","CommandLine":"\"C:\\Windows\\System32\\OpenSSH\\sshd.exe\" \"-R\"","ProcessId":"3920","ParentCommandLine":"C:\\Windows\\System32\\OpenSSH\\sshd.exe","LogonId":"0x3e7","ProcessGuid":"{87a71a6b-56e6-5ec2-af50-01000000b000}","OriginalFileName":"-","RuleName":"-","Description":"-","IntegrityLevel":"System","ParentProcessGuid":"{87a71a6b-54ee-5ebe-2700-00000000b000}","Product":"OpenSSH for Windows","CurrentDirectory":"C:\\","Hashes":"SHA1=332C3AE15BF630ED2806BB869F7C0E91F3C884F5","User":"NT AUTHORITY\\SYSTEM"}
{"UtcTime":"2020-05-18 09:35:34.984","RuleName":"-","Image":"C:\\Windows\\System32\\OpenSSH\\sshd.exe","ProcessId":"3920","ProcessGuid":"{87a71a6b-56e6-5ec2-af50-01000000b000}"}
{"UtcTime":"2020-05-18 09:35:35.486","TerminalSessionId":"0","Company":"-","ParentImage":"C:\\Windows\\System32\\OpenSSH\\sshd.exe","Image":"C:\\Windows\\System32\\OpenSSH\\sshd.exe","FileVersion":"7.7.2.2","ParentProcessId":"4652","LogonGuid":"{87a71a6b-56e7-5ec2-3915-830700000000}","CommandLine":"\"C:\\Windows\\System32\\OpenSSH\\sshd.exe\" \"-y\"","ProcessId":"4104","ParentCommandLine":"\"C:\\Windows\\System32\\OpenSSH\\sshd.exe\" \"-R\"","LogonId":"0x7831539","ProcessGuid":"{87a71a6b-56e7-5ec2-b450-01000000b000}","OriginalFileName":"-","RuleName":"-","Description":"-","IntegrityLevel":"High","ParentProcessGuid":"{87a71a6b-56e7-5ec2-b250-01000000b000}","Product":"OpenSSH for Windows","CurrentDirectory":"C:\\","User":"S-1-5-111-3847866527-469524349-687026318-516638107-1125189541-4652","Hashes":"SHA1=332C3AE15BF630ED2806BB869F7C0E91F3C884F5"}
{"UtcTime":"2020-05-18 09:35:37.531","RuleName":"-","Image":"C:\\Windows\\System32\\OpenSSH\\sshd.exe","ProcessId":"4104","ProcessGuid":"{87a71a6b-56e7-5ec2-b450-01000000b000}"}
{"UtcTime":"2020-05-18 09:36:38.317","TerminalSessionId":"0","Company":"Microsoft Corporation","ParentImage":"C:\\Windows\\System32\\OpenSSH\\sshd.exe","Image":"C:\\Windows\\System32\\conhost.exe","FileVersion":"10.0.17763.1075 (WinBuild.160101.0800)","ParentProcessId":"4404","LogonGuid":"{87a71a6b-54eb-5ebe-e703-000000000000}","ProcessId":"2344","CommandLine":"\\??\\C:\\Windows\\system32\\conhost.exe 0xffffffff -ForceV1","ParentCommandLine":"\"C:\\Windows\\System32\\OpenSSH\\sshd.exe\" \"-R\"","LogonId":"0x3e7","ProcessGuid":"{87a71a6b-5726-5ec2-c550-01000000b000}","OriginalFileName":"CONHOST.EXE","RuleName":"-","Description":"Console Window Host","IntegrityLevel":"System","ParentProcessGuid":"{87a71a6b-5726-5ec2-c450-01000000b000}","Product":"Microsoft® Windows® Operating System","User":"NT AUTHORITY\\SYSTEM","Hashes":"SHA1=74F28DD9B0DA310D85F1931DB2749A26A9A8AB02","CurrentDirectory":"C:\\Windows"}
{"UtcTime":"2020-05-18 09:36:40.705","RuleName":"-","Image":"C:\\Windows\\System32\\conhost.exe","ProcessId":"2344","ProcessGuid":"{87a71a6b-5726-5ec2-c550-01000000b000}"}
{"UtcTime":"2020-05-18 09:36:57.878","RuleName":"-","Image":"C:\\Windows\\System32\\OpenSSH\\sshd.exe","ProcessId":"3012","ProcessGuid":"{87a71a6b-5738-5ec2-c950-01000000b000}"}
{"UtcTime":"2020-05-18 09:37:01.725","TerminalSessionId":"0","Company":"Microsoft Corporation","ParentImage":"C:\\Windows\\System32\\OpenSSH\\sshd.exe","Image":"C:\\Windows\\System32\\conhost.exe","FileVersion":"10.0.17763.1075 (WinBuild.160101.0800)","ParentProcessId":"504","LogonGuid":"{87a71a6b-54eb-5ebe-e703-000000000000}","CommandLine":"\\??\\C:\\Windows\\system32\\conhost.exe 0xffffffff -ForceV1","ProcessId":"4588","ParentCommandLine":"\"C:\\Windows\\System32\\OpenSSH\\sshd.exe\" \"-R\"","LogonId":"0x3e7","ProcessGuid":"{87a71a6b-573d-5ec2-cb50-01000000b000}","OriginalFileName":"CONHOST.EXE","RuleName":"-","Description":"Console Window Host","IntegrityLevel":"System","ParentProcessGuid":"{87a71a6b-573d-5ec2-ca50-01000000b000}","Product":"Microsoft® Windows® Operating System","User":"NT AUTHORITY\\SYSTEM","Hashes":"SHA1=74F28DD9B0DA310D85F1931DB2749A26A9A8AB02","CurrentDirectory":"C:\\Windows"}
{"UtcTime":"2020-05-18 09:37:05.253","RuleName":"-","Image":"C:\\Windows\\System32\\conhost.exe","ProcessId":"4352","ProcessGuid":"{87a71a6b-573f-5ec2-ce50-01000000b000}"}
{"UtcTime":"2020-05-18 09:37:12.112","RuleName":"-","Image":"C:\\Windows\\System32\\OpenSSH\\sshd.exe","ProcessId":"4416","ProcessGuid":"{87a71a6b-5746-5ec2-d250-01000000b000}"}
{"UtcTime":"2020-05-18 09:37:47.261","TerminalSessionId":"0","Company":"Microsoft Corporation","ParentImage":"C:\\Windows\\System32\\OpenSSH\\sshd.exe","Image":"C:\\Windows\\System32\\conhost.exe","FileVersion":"10.0.17763.1075 (WinBuild.160101.0800)","ParentProcessId":"4180","LogonGuid":"{87a71a6b-54eb-5ebe-e703-000000000000}","ProcessId":"4500","CommandLine":"\\??\\C:\\Windows\\system32\\conhost.exe 0xffffffff -ForceV1","ParentCommandLine":"\"C:\\Windows\\System32\\OpenSSH\\sshd.exe\" \"-R\"","LogonId":"0x3e7","ProcessGuid":"{87a71a6b-576b-5ec2-d450-01000000b000}","OriginalFileName":"CONHOST.EXE","RuleName":"-","Description":"Console Window Host","IntegrityLevel":"System","ParentProcessGuid":"{87a71a6b-576b-5ec2-d350-01000000b000}","Product":"Microsoft® Windows® Operating System","CurrentDirectory":"C:\\Windows","Hashes":"SHA1=74F28DD9B0DA310D85F1931DB2749A26A9A8AB02","User":"NT AUTHORITY\\SYSTEM"}
{"UtcTime":"2020-05-18 09:37:49.036","RuleName":"-","Image":"C:\\Windows\\System32\\conhost.exe","ProcessId":"4500","ProcessGuid":"{87a71a6b-576b-5ec2-d450-01000000b000}"}
{"UtcTime":"2020-05-18 09:38:38.158","TerminalSessionId":"0","Company":"Microsoft Corporation","ParentImage":"C:\\Windows\\System32\\OpenSSH\\sshd.exe","Image":"C:\\Windows\\System32\\conhost.exe","FileVersion":"10.0.17763.1075 (WinBuild.160101.0800)","ParentProcessId":"3892","LogonGuid":"{87a71a6b-54eb-5ebe-e703-000000000000}","CommandLine":"\\??\\C:\\Windows\\system32\\conhost.exe 0xffffffff -ForceV1","ProcessId":"3884","ParentCommandLine":"\"C:\\Windows\\System32\\OpenSSH\\sshd.exe\" \"-R\"","LogonId":"0x3e7","ProcessGuid":"{87a71a6b-579e-5ec2-e250-01000000b000}","OriginalFileName":"CONHOST.EXE","RuleName":"-","Description":"Console Window Host","IntegrityLevel":"System","ParentProcessGuid":"{87a71a6b-579e-5ec2-e150-01000000b000}","Product":"Microsoft® Windows® Operating System","User":"NT AUTHORITY\\SYSTEM","CurrentDirectory":"C:\\Windows","Hashes":"SHA1=74F28DD9B0DA310D85F1931DB2749A26A9A8AB02"}
{"UtcTime":"2020-05-18 09:38:38.496","TerminalSessionId":"0","Company":"-","ParentImage":"C:\\Windows\\System32\\OpenSSH\\sshd.exe","Image":"C:\\Windows\\System32\\OpenSSH\\sshd.exe","FileVersion":"7.7.2.2","ParentProcessId":"3892","LogonGuid":"{87a71a6b-579e-5ec2-b935-840700000000}","CommandLine":"\"C:\\Windows\\System32\\OpenSSH\\sshd.exe\" \"-y\"","ProcessId":"3104","ParentCommandLine":"\"C:\\Windows\\System32\\OpenSSH\\sshd.exe\" \"-R\"","LogonId":"0x78435b9","ProcessGuid":"{87a71a6b-579e-5ec2-e350-01000000b000}","OriginalFileName":"-","RuleName":"-","Description":"-","IntegrityLevel":"High","ParentProcessGuid":"{87a71a6b-579e-5ec2-e150-01000000b000}","Product":"OpenSSH for Windows","User":"VIRTUAL USERS\\sshd_3892","Hashes":"SHA1=332C3AE15BF630ED2806BB869F7C0E91F3C884F5","CurrentDirectory":"C:\\"}
