{"UtcTime":"2020-05-18 09:45:18.524","RuleName":"-","Image":"C:\\Windows\\System32\\OpenSSH\\sshd.exe","ProcessId":"1332","ProcessGuid":"{87a71a6b-592c-5ec2-8551-01000000b000}"}
{"UtcTime":"2020-05-18 09:45:18.524","RuleName":"-","Image":"C:\\Windows\\System32\\OpenSSH\\sshd.exe","ProcessId":"1252","ProcessGuid":"{87a71a6b-592b-5ec2-8351-01000000b000}"}
{"UtcTime":"2020-05-18 09:45:18.524","RuleName":"-","Image":"C:\\Windows\\System32\\conhost.exe","ProcessId":"4516","ProcessGuid":"{87a71a6b-592b-5ec2-8451-01000000b000}"}
{"UtcTime":"2020-05-18 09:45:22.993","RuleName":"-","Image":"C:\\Windows\\System32\\notepad.exe","ProcessId":"4276","ProcessGuid":"{87a71a6b-5921-5ec2-8251-01000000b000}"}
{"UtcTime":"2020-05-18 09:45:28.445","TerminalSessionId":"2","Company":"Microsoft Corporation","ParentImage":"C:\\Windows\\System32\\svchost.exe","Image":"C:\\Windows\\System32\\dllhost.exe","ParentProcessId":"840","FileVersion":"10.0.17763.1 (WinBuild.160101.0800)","LogonGuid":"{87a71a6b-5693-5ebe-ede9-040000000000}","ProcessId":"4328","CommandLine":"C:\\Windows\\system32\\DllHost.exe /Processid:{AB8902B4-09CA-4BB6-B78D-A8F59079A8D5}","ParentCommandLine":"C:\\Windows\\system32\\svchost.exe -k DcomLaunch -p","LogonId":"0x4e9ed","ProcessGuid":"{87a71a6b-5938-5ec2-8651-01000000b000}","OriginalFileName":"dllhost.exe","RuleName":"-","Description":"COM Surrogate","IntegrityLevel":"High","ParentProcessGuid":"{87a71a6b-54ec-5ebe-0d00-00000000b000}","Product":"Microsoft® Windows® Operating System","CurrentDirectory":"C:\\Windows\\system32\\","Hashes":"SHA1=DCE2AF90E45FB9FC05ECBC9BEDDEE53FB66F3C6D","User":"EC2AMAZ-V0GPI6G\\Administrator"}
{"UtcTime":"2020-05-18 09:45:29.543","TerminalSessionId":"0","Company":"-","ParentImage":"C:\\Windows\\System32\\OpenSSH\\sshd.exe","Image":"C:\\Windows\\System32\\OpenSSH\\sshd.exe","FileVersion":"7.7.2.2","ParentProcessId":"1820","LogonGuid":"{87a71a6b-54eb-5ebe-e703-000000000000}","ProcessId":"4116","CommandLine":"\"C:\\Windows\\System32\\OpenSSH\\sshd.exe\" \"-R\"","ParentCommandLine":"C:\\Windows\\System32\\OpenSSH\\sshd.exe","LogonId":"0x3e7","ProcessGuid":"{87a71a6b-5939-5ec2-8751-01000000b000}","OriginalFileName":"-","RuleName":"-","Description":"-","IntegrityLevel":"System","ParentProcessGuid":"{87a71a6b-54ee-5ebe-2700-00000000b000}","Product":"OpenSSH for Windows","CurrentDirectory":"C:\\","Hashes":"SHA1=332C3AE15BF630ED2806BB869F7C0E91F3C884F5","User":"NT AUTHORITY\\SYSTEM"}
{"UtcTime":"2020-05-18 09:45:29.549","TerminalSessionId":"0","Company":"Microsoft Corporation","ParentImage":"C:\\Windows\\System32\\OpenSSH\\sshd.exe","Image":"C:\\Windows\\System32\\conhost.exe","ParentProcessId":"4116","FileVersion":"10.0.17763.1075 (WinBuild.160101.0800)","LogonGuid":"{87a71a6b-54eb-5ebe-e703-000000000000}","CommandLine":"\\??\\C:\\Windows\\system32\\conhost.exe 0xffffffff -ForceV1","ProcessId":"2328","ParentCommandLine":"\"C:\\Windows\\System32\\OpenSSH\\sshd.exe\" \"-R\"","LogonId":"0x3e7","ProcessGuid":"{87a71a6b-5939-5ec2-8851-01000000b000}","OriginalFileName":"CONHOST.EXE","RuleName":"-","Description":"Console Window Host","IntegrityLevel":"System","ParentProcessGuid":"{87a71a6b-5939-5ec2-8751-01000000b000}","Product":"Microsoft® Windows® Operating System","User":"NT AUTHORITY\\SYSTEM","CurrentDirectory":"C:\\Windows","Hashes":"SHA1=74F28DD9B0DA310D85F1931DB2749A26A9A8AB02"}
{"UtcTime":"2020-05-18 09:45:29.737","TerminalSessionId":"0","Company":"-","ParentImage":"C:\\Windows\\System32\\OpenSSH\\sshd.exe","Image":"C:\\Windows\\System32\\OpenSSH\\sshd.exe","ParentProcessId":"4116","FileVersion":"7.7.2.2","LogonGuid":"{87a71a6b-5939-5ec2-6909-890700000000}","ProcessId":"4808","CommandLine":"\"C:\\Windows\\System32\\OpenSSH\\sshd.exe\" \"-y\"","ParentCommandLine":"\"C:\\Windows\\System32\\OpenSSH\\sshd.exe\" \"-R\"","LogonId":"0x7890969","ProcessGuid":"{87a71a6b-5939-5ec2-8951-01000000b000}","OriginalFileName":"-","RuleName":"-","Description":"-","IntegrityLevel":"High","ParentProcessGuid":"{87a71a6b-5939-5ec2-8751-01000000b000}","Product":"OpenSSH for Windows","User":"S-1-5-111-3847866527-469524349-687026318-516638107-1125189541-4116","CurrentDirectory":"C:\\","Hashes":"SHA1=332C3AE15BF630ED2806BB869F7C0E91F3C884F5"}
{"UtcTime":"2020-05-18 09:45:30.618","RuleName":"-","Image":"C:\\Windows\\System32\\OpenSSH\\sshd.exe","ProcessId":"4808","ProcessGuid":"{87a71a6b-5939-5ec2-8951-01000000b000}"}
{"UtcTime":"2020-05-18 09:45:30.618","RuleName":"-","Image":"C:\\Windows\\System32\\OpenSSH\\sshd.exe","ProcessId":"4116","ProcessGuid":"{87a71a6b-5939-5ec2-8751-01000000b000}"}
{"UtcTime":"2020-05-18 09:45:30.634","RuleName":"-","Image":"C:\\Windows\\System32\\conhost.exe","ProcessId":"2328","ProcessGuid":"{87a71a6b-5939-5ec2-8851-01000000b000}"}
{"UtcTime":"2020-05-18 09:45:33.509","RuleName":"-","Image":"C:\\Windows\\System32\\dllhost.exe","ProcessId":"4328","ProcessGuid":"{87a71a6b-5938-5ec2-8651-01000000b000}"}
{"UtcTime":"2020-05-18 09:45:37.165","TerminalSessionId":"0","Company":"-","ParentImage":"C:\\Windows\\System32\\OpenSSH\\sshd.exe","Image":"C:\\Windows\\System32\\OpenSSH\\sshd.exe","ParentProcessId":"1820","FileVersion":"7.7.2.2","LogonGuid":"{87a71a6b-54eb-5ebe-e703-000000000000}","ProcessId":"3100","CommandLine":"\"C:\\Windows\\System32\\OpenSSH\\sshd.exe\" \"-R\"","ParentCommandLine":"C:\\Windows\\System32\\OpenSSH\\sshd.exe","LogonId":"0x3e7","ProcessGuid":"{87a71a6b-5941-5ec2-8a51-01000000b000}","OriginalFileName":"-","RuleName":"-","Description":"-","IntegrityLevel":"System","ParentProcessGuid":"{87a71a6b-54ee-5ebe-2700-00000000b000}","Product":"OpenSSH for Windows","CurrentDirectory":"C:\\","Hashes":"SHA1=332C3AE15BF630ED2806BB869F7C0E91F3C884F5","User":"NT AUTHORITY\\SYSTEM"}
{"UtcTime":"2020-05-18 09:45:37.170","TerminalSessionId":"0","Company":"Microsoft Corporation","ParentImage":"C:\\Windows\\System32\\OpenSSH\\sshd.exe","Image":"C:\\Windows\\System32\\conhost.exe","FileVersion":"10.0.17763.1075 (WinBuild.160101.0800)","ParentProcessId":"3100","LogonGuid":"{87a71a6b-54eb-5ebe-e703-000000000000}","CommandLine":"\\??\\C:\\Windows\\system32\\conhost.exe 0xffffffff -ForceV1","ProcessId":"2012","ParentCommandLine":"\"C:\\Windows\\System32\\OpenSSH\\sshd.exe\" \"-R\"","LogonId":"0x3e7","ProcessGuid":"{87a71a6b-5941-5ec2-8b51-01000000b000}","OriginalFileName":"CONHOST.EXE","RuleName":"-","Description":"Console Window Host","IntegrityLevel":"System","ParentProcessGuid":"{87a71a6b-5941-5ec2-8a51-01000000b000}","Product":"Microsoft® Windows® Operating System","CurrentDirectory":"C:\\Windows","Hashes":"SHA1=74F28DD9B0DA310D85F1931DB2749A26A9A8AB02","User":"NT AUTHORITY\\SYSTEM"}
{"UtcTime":"2020-05-18 09:45:42.841","TerminalSessionId":"0","Company":"-","ParentImage":"C:\\Windows\\System32\\OpenSSH\\sshd.exe","Image":"C:\\Windows\\System32\\OpenSSH\\sshd.exe","ParentProcessId":"3100","FileVersion":"7.7.2.2","LogonGuid":"{87a71a6b-5946-5ec2-461f-890700000000}","ProcessId":"552","CommandLine":"\"C:\\Windows\\System32\\OpenSSH\\sshd.exe\" \"-y\"","ParentCommandLine":"\"C:\\Windows\\System32\\OpenSSH\\sshd.exe\" \"-R\"","LogonId":"0x7891f46","ProcessGuid":"{87a71a6b-5946-5ec2-8c51-01000000b000}","OriginalFileName":"-","RuleName":"-","Description":"-","IntegrityLevel":"High","ParentProcessGuid":"{87a71a6b-5941-5ec2-8a51-01000000b000}","Product":"OpenSSH for Windows","User":"VIRTUAL USERS\\sshd_3100","Hashes":"SHA1=332C3AE15BF630ED2806BB869F7C0E91F3C884F5","CurrentDirectory":"C:\\"}
{"UtcTime":"2020-05-18 09:45:42.877","TerminalSessionId":"0","Company":"-","ParentImage":"C:\\Windows\\System32\\OpenSSH\\sshd.exe","Image":"C:\\Windows\\System32\\OpenSSH\\sshd.exe","FileVersion":"7.7.2.2","ParentProcessId":"1820","LogonGuid":"{87a71a6b-54eb-5ebe-e703-000000000000}","ProcessId":"3588","CommandLine":"\"C:\\Windows\\System32\\OpenSSH\\sshd.exe\" \"-R\"","ParentCommandLine":"C:\\Windows\\System32\\OpenSSH\\sshd.exe","LogonId":"0x3e7","ProcessGuid":"{87a71a6b-5946-5ec2-8d51-01000000b000}","OriginalFileName":"-","RuleName":"-","Description":"-","IntegrityLevel":"System","ParentProcessGuid":"{87a71a6b-54ee-5ebe-2700-00000000b000}","Product":"OpenSSH for Windows","CurrentDirectory":"C:\\","User":"NT AUTHORITY\\SYSTEM","Hashes":"SHA1=332C3AE15BF630ED2806BB869F7C0E91F3C884F5"}
{"UtcTime":"2020-05-18 09:45:42.881","TerminalSessionId":"0","Company":"Microsoft Corporation","ParentImage":"C:\\Windows\\System32\\OpenSSH\\sshd.exe","Image":"C:\\Windows\\System32\\conhost.exe","FileVersion":"10.0.17763.1075 (WinBuild.160101.0800)","ParentProcessId":"3588","LogonGuid":"{87a71a6b-54eb-5ebe-e703-000000000000}","CommandLine":"\\??\\C:\\Windows\\system32\\conhost.exe 0xffffffff -ForceV1","ProcessId":"3124","ParentCommandLine":"\"C:\\Windows\\System32\\OpenSSH\\sshd.exe\" \"-R\"","LogonId":"0x3e7","ProcessGuid":"{87a71a6b-5946-5ec2-8e51-01000000b000}","OriginalFileName":"CONHOST.EXE","RuleName":"-","Description":"Console Window Host","IntegrityLevel":"System","ParentProcessGuid":"{87a71a6b-5946-5ec2-8d51-01000000b000}","Product":"Microsoft® Windows® Operating System","CurrentDirectory":"C:\\Windows","Hashes":"SHA1=74F28DD9B0DA310D85F1931DB2749A26A9A8AB02","User":"NT AUTHORITY\\SYSTEM"}
{"UtcTime":"2020-05-18 09:45:42.952","TerminalSessionId":"0","Company":"-","ParentImage":"C:\\Windows\\System32\\OpenSSH\\sshd.exe","Image":"C:\\Windows\\System32\\OpenSSH\\sshd.exe","ParentProcessId":"3588","FileVersion":"7.7.2.2","LogonGuid":"{87a71a6b-5946-5ec2-9d26-890700000000}","ProcessId":"4316","CommandLine":"\"C:\\Windows\\System32\\OpenSSH\\sshd.exe\" \"-y\"","ParentCommandLine":"\"C:\\Windows\\System32\\OpenSSH\\sshd.exe\" \"-R\"","LogonId":"0x789269d","ProcessGuid":"{87a71a6b-5946-5ec2-8f51-01000000b000}","OriginalFileName":"-","RuleName":"-","Description":"-","IntegrityLevel":"High","ParentProcessGuid":"{87a71a6b-5946-5ec2-8d51-01000000b000}","Product":"OpenSSH for Windows","CurrentDirectory":"C:\\","User":"S-1-5-111-3847866527-469524349-687026318-516638107-1125189541-3588","Hashes":"SHA1=332C3AE15BF630ED2806BB869F7C0E91F3C884F5"}
{"UtcTime":"2020-05-18 09:45:43.072","RuleName":"-","Image":"C:\\Windows\\System32\\OpenSSH\\sshd.exe","ProcessId":"4316","ProcessGuid":"{87a71a6b-5946-5ec2-8f51-01000000b000}"}
{"UtcTime":"2020-05-18 09:45:43.087","RuleName":"-","Image":"C:\\Windows\\System32\\OpenSSH\\sshd.exe","ProcessId":"3588","ProcessGuid":"{87a71a6b-5946-5ec2-8d51-01000000b000}"}
{"UtcTime":"2020-05-18 09:45:43.087","RuleName":"-","Image":"C:\\Windows\\System32\\conhost.exe","ProcessId":"3124","ProcessGuid":"{87a71a6b-5946-5ec2-8e51-01000000b000}"}
{"UtcTime":"2020-05-18 09:45:44.525","RuleName":"-","Image":"C:\\Windows\\System32\\OpenSSH\\sshd.exe","ProcessId":"552","ProcessGuid":"{87a71a6b-5946-5ec2-8c51-01000000b000}"}
{"UtcTime":"2020-05-18 09:45:44.525","RuleName":"-","Image":"C:\\Windows\\System32\\OpenSSH\\sshd.exe","ProcessId":"3100","ProcessGuid":"{87a71a6b-5941-5ec2-8a51-01000000b000}"}
{"UtcTime":"2020-05-18 09:45:44.525","RuleName":"-","Image":"C:\\Windows\\System32\\conhost.exe","ProcessId":"2012","ProcessGuid":"{87a71a6b-5941-5ec2-8b51-01000000b000}"}
{"UtcTime":"2020-05-18 09:45:50.491","TerminalSessionId":"2","Company":"Microsoft Corporation","ParentImage":"C:\\Windows\\System32\\svchost.exe","Image":"C:\\Windows\\System32\\OpenWith.exe","FileVersion":"10.0.17763.1075 (WinBuild.160101.0800)","ParentProcessId":"840","LogonGuid":"{87a71a6b-5693-5ebe-ede9-040000000000}","ProcessId":"5088","CommandLine":"C:\\Windows\\system32\\OpenWith.exe -Embedding","ParentCommandLine":"C:\\Windows\\system32\\svchost.exe -k DcomLaunch -p","LogonId":"0x4e9ed","ProcessGuid":"{87a71a6b-594e-5ec2-9051-01000000b000}","OriginalFileName":"OpenWith.exe","RuleName":"-","Description":"Pick an app","IntegrityLevel":"High","ParentProcessGuid":"{87a71a6b-54ec-5ebe-0d00-00000000b000}","Product":"Microsoft® Windows® Operating System","User":"EC2AMAZ-V0GPI6G\\Administrator","Hashes":"SHA1=96328A6316797B1AD90DF0FE7855F36D01D77A44","CurrentDirectory":"C:\\Windows\\system32\\"}
{"UtcTime":"2020-05-18 09:45:54.259","RuleName":"-","Image":"C:\\Windows\\System32\\OpenWith.exe","ProcessId":"5088","ProcessGuid":"{87a71a6b-594e-5ec2-9051-01000000b000}"}
{"UtcTime":"2020-05-18 09:45:55.303","TerminalSessionId":"0","Company":"-","ParentImage":"C:\\Windows\\System32\\OpenSSH\\sshd.exe","Image":"C:\\Windows\\System32\\OpenSSH\\sshd.exe","ParentProcessId":"1820","FileVersion":"7.7.2.2","LogonGuid":"{87a71a6b-54eb-5ebe-e703-000000000000}","ProcessId":"4776","CommandLine":"\"C:\\Windows\\System32\\OpenSSH\\sshd.exe\" \"-R\"","ParentCommandLine":"C:\\Windows\\System32\\OpenSSH\\sshd.exe","LogonId":"0x3e7","ProcessGuid":"{87a71a6b-5953-5ec2-9151-01000000b000}","OriginalFileName":"-","RuleName":"-","Description":"-","IntegrityLevel":"System","ParentProcessGuid":"{87a71a6b-54ee-5ebe-2700-00000000b000}","Product":"OpenSSH for Windows","CurrentDirectory":"C:\\","Hashes":"SHA1=332C3AE15BF630ED2806BB869F7C0E91F3C884F5","User":"NT AUTHORITY\\SYSTEM"}
{"UtcTime":"2020-05-18 09:45:55.308","TerminalSessionId":"0","Company":"Microsoft Corporation","ParentImage":"C:\\Windows\\System32\\OpenSSH\\sshd.exe","Image":"C:\\Windows\\System32\\conhost.exe","FileVersion":"10.0.17763.1075 (WinBuild.160101.0800)","ParentProcessId":"4776","LogonGuid":"{87a71a6b-54eb-5ebe-e703-000000000000}","CommandLine":"\\??\\C:\\Windows\\system32\\conhost.exe 0xffffffff -ForceV1","ProcessId":"2544","ParentCommandLine":"\"C:\\Windows\\System32\\OpenSSH\\sshd.exe\" \"-R\"","LogonId":"0x3e7","ProcessGuid":"{87a71a6b-5953-5ec2-9251-01000000b000}","OriginalFileName":"CONHOST.EXE","RuleName":"-","Description":"Console Window Host","IntegrityLevel":"System","ParentProcessGuid":"{87a71a6b-5953-5ec2-9151-01000000b000}","Product":"Microsoft® Windows® Operating System","CurrentDirectory":"C:\\Windows","User":"NT AUTHORITY\\SYSTEM","Hashes":"SHA1=74F28DD9B0DA310D85F1931DB2749A26A9A8AB02"}
{"UtcTime":"2020-05-18 09:45:55.581","TerminalSessionId":"0","Company":"-","ParentImage":"C:\\Windows\\System32\\OpenSSH\\sshd.exe","Image":"C:\\Windows\\System32\\OpenSSH\\sshd.exe","ParentProcessId":"4776","FileVersion":"7.7.2.2","LogonGuid":"{87a71a6b-5953-5ec2-f565-890700000000}","ProcessId":"3136","CommandLine":"\"C:\\Windows\\System32\\OpenSSH\\sshd.exe\" \"-y\"","ParentCommandLine":"\"C:\\Windows\\System32\\OpenSSH\\sshd.exe\" \"-R\"","LogonId":"0x78965f5","ProcessGuid":"{87a71a6b-5953-5ec2-9351-01000000b000}","OriginalFileName":"-","RuleName":"-","Description":"-","IntegrityLevel":"High","ParentProcessGuid":"{87a71a6b-5953-5ec2-9151-01000000b000}","Product":"OpenSSH for Windows","CurrentDirectory":"C:\\","Hashes":"SHA1=332C3AE15BF630ED2806BB869F7C0E91F3C884F5","User":"S-1-5-111-3847866527-469524349-687026318-516638107-1125189541-4776"}
{"UtcTime":"2020-05-18 09:45:55.755","TerminalSessionId":"0","Company":"-","ParentImage":"C:\\Windows\\System32\\OpenSSH\\sshd.exe","Image":"C:\\Windows\\System32\\OpenSSH\\sshd.exe","FileVersion":"7.7.2.2","ParentProcessId":"1820","LogonGuid":"{87a71a6b-54eb-5ebe-e703-000000000000}","ProcessId":"4844","CommandLine":"\"C:\\Windows\\System32\\OpenSSH\\sshd.exe\" \"-R\"","ParentCommandLine":"C:\\Windows\\System32\\OpenSSH\\sshd.exe","LogonId":"0x3e7","ProcessGuid":"{87a71a6b-5953-5ec2-9451-01000000b000}","OriginalFileName":"-","RuleName":"-","Description":"-","IntegrityLevel":"System","ParentProcessGuid":"{87a71a6b-54ee-5ebe-2700-00000000b000}","Product":"OpenSSH for Windows","User":"NT AUTHORITY\\SYSTEM","CurrentDirectory":"C:\\","Hashes":"SHA1=332C3AE15BF630ED2806BB869F7C0E91F3C884F5"}
{"UtcTime":"2020-05-18 09:45:55.760","TerminalSessionId":"0","Company":"Microsoft Corporation","ParentImage":"C:\\Windows\\System32\\OpenSSH\\sshd.exe","Image":"C:\\Windows\\System32\\conhost.exe","ParentProcessId":"4844","FileVersion":"10.0.17763.1075 (WinBuild.160101.0800)","LogonGuid":"{87a71a6b-54eb-5ebe-e703-000000000000}","ProcessId":"3564","CommandLine":"\\??\\C:\\Windows\\system32\\conhost.exe 0xffffffff -ForceV1","ParentCommandLine":"\"C:\\Windows\\System32\\OpenSSH\\sshd.exe\" \"-R\"","LogonId":"0x3e7","ProcessGuid":"{87a71a6b-5953-5ec2-9551-01000000b000}","OriginalFileName":"CONHOST.EXE","RuleName":"-","Description":"Console Window Host","IntegrityLevel":"System","ParentProcessGuid":"{87a71a6b-5953-5ec2-9451-01000000b000}","Product":"Microsoft® Windows® Operating System","User":"NT AUTHORITY\\SYSTEM","Hashes":"SHA1=74F28DD9B0DA310D85F1931DB2749A26A9A8AB02","CurrentDirectory":"C:\\Windows"}
{"UtcTime":"2020-05-18 09:45:55.998","TerminalSessionId":"0","Company":"-","ParentImage":"C:\\Windows\\System32\\OpenSSH\\sshd.exe","Image":"C:\\Windows\\System32\\OpenSSH\\sshd.exe","FileVersion":"7.7.2.2","ParentProcessId":"4844","LogonGuid":"{87a71a6b-5953-5ec2-f26d-890700000000}","CommandLine":"\"C:\\Windows\\System32\\OpenSSH\\sshd.exe\" \"-y\"","ProcessId":"1136","ParentCommandLine":"\"C:\\Windows\\System32\\OpenSSH\\sshd.exe\" \"-R\"","LogonId":"0x7896df2","ProcessGuid":"{87a71a6b-5953-5ec2-9651-01000000b000}","OriginalFileName":"-","RuleName":"-","Description":"-","IntegrityLevel":"High","ParentProcessGuid":"{87a71a6b-5953-5ec2-9451-01000000b000}","Product":"OpenSSH for Windows","CurrentDirectory":"C:\\","Hashes":"SHA1=332C3AE15BF630ED2806BB869F7C0E91F3C884F5","User":"S-1-5-111-3847866527-469524349-687026318-516638107-1125189541-4844"}
{"UtcTime":"2020-05-18 09:45:57.791","RuleName":"-","Image":"C:\\Windows\\System32\\OpenSSH\\sshd.exe","ProcessId":"1136","ProcessGuid":"{87a71a6b-5953-5ec2-9651-01000000b000}"}
{"UtcTime":"2020-05-18 09:45:57.791","RuleName":"-","Image":"C:\\Windows\\System32\\OpenSSH\\sshd.exe","ProcessId":"4844","ProcessGuid":"{87a71a6b-5953-5ec2-9451-01000000b000}"}
{"UtcTime":"2020-05-18 09:45:57.791","RuleName":"-","Image":"C:\\Windows\\System32\\conhost.exe","ProcessId":"3564","ProcessGuid":"{87a71a6b-5953-5ec2-9551-01000000b000}"}
{"UtcTime":"2020-05-18 09:45:58.541","RuleName":"-","Image":"C:\\Windows\\System32\\OpenSSH\\sshd.exe","ProcessId":"3136","ProcessGuid":"{87a71a6b-5953-5ec2-9351-01000000b000}"}
{"UtcTime":"2020-05-18 09:45:58.541","RuleName":"-","Image":"C:\\Windows\\System32\\OpenSSH\\sshd.exe","ProcessId":"4776","ProcessGuid":"{87a71a6b-5953-5ec2-9151-01000000b000}"}
{"UtcTime":"2020-05-18 09:45:58.562","TerminalSessionId":"0","Company":"-","ParentImage":"C:\\Windows\\System32\\OpenSSH\\sshd.exe","Image":"C:\\Windows\\System32\\OpenSSH\\sshd.exe","ParentProcessId":"1820","FileVersion":"7.7.2.2","LogonGuid":"{87a71a6b-54eb-5ebe-e703-000000000000}","CommandLine":"\"C:\\Windows\\System32\\OpenSSH\\sshd.exe\" \"-R\"","ProcessId":"4612","ParentCommandLine":"C:\\Windows\\System32\\OpenSSH\\sshd.exe","LogonId":"0x3e7","ProcessGuid":"{87a71a6b-5956-5ec2-9751-01000000b000}","OriginalFileName":"-","RuleName":"-","Description":"-","IntegrityLevel":"System","ParentProcessGuid":"{87a71a6b-54ee-5ebe-2700-00000000b000}","Product":"OpenSSH for Windows","CurrentDirectory":"C:\\","Hashes":"SHA1=332C3AE15BF630ED2806BB869F7C0E91F3C884F5","User":"NT AUTHORITY\\SYSTEM"}
{"UtcTime":"2020-05-18 09:45:58.556","RuleName":"-","Image":"C:\\Windows\\System32\\conhost.exe","ProcessId":"2544","ProcessGuid":"{87a71a6b-5953-5ec2-9251-01000000b000}"}
{"UtcTime":"2020-05-18 09:45:58.569","TerminalSessionId":"0","Company":"Microsoft Corporation","ParentImage":"C:\\Windows\\System32\\OpenSSH\\sshd.exe","Image":"C:\\Windows\\System32\\conhost.exe","FileVersion":"10.0.17763.1075 (WinBuild.160101.0800)","ParentProcessId":"4612","LogonGuid":"{87a71a6b-54eb-5ebe-e703-000000000000}","CommandLine":"\\??\\C:\\Windows\\system32\\conhost.exe 0xffffffff -ForceV1","ProcessId":"2180","ParentCommandLine":"\"C:\\Windows\\System32\\OpenSSH\\sshd.exe\" \"-R\"","LogonId":"0x3e7","ProcessGuid":"{87a71a6b-5956-5ec2-9851-01000000b000}","OriginalFileName":"CONHOST.EXE","RuleName":"-","Description":"Console Window Host","IntegrityLevel":"System","ParentProcessGuid":"{87a71a6b-5956-5ec2-9751-01000000b000}","Product":"Microsoft® Windows® Operating System","User":"NT AUTHORITY\\SYSTEM","CurrentDirectory":"C:\\Windows","Hashes":"SHA1=74F28DD9B0DA310D85F1931DB2749A26A9A8AB02"}
{"UtcTime":"2020-05-18 09:45:59.411","TerminalSessionId":"0","Company":"-","ParentImage":"C:\\Windows\\System32\\OpenSSH\\sshd.exe","Image":"C:\\Windows\\System32\\OpenSSH\\sshd.exe","ParentProcessId":"4612","FileVersion":"7.7.2.2","LogonGuid":"{87a71a6b-5957-5ec2-7577-890700000000}","CommandLine":"\"C:\\Windows\\System32\\OpenSSH\\sshd.exe\" \"-y\"","ProcessId":"4108","ParentCommandLine":"\"C:\\Windows\\System32\\OpenSSH\\sshd.exe\" \"-R\"","LogonId":"0x7897775","ProcessGuid":"{87a71a6b-5957-5ec2-9951-01000000b000}","OriginalFileName":"-","RuleName":"-","Description":"-","IntegrityLevel":"High","ParentProcessGuid":"{87a71a6b-5956-5ec2-9751-01000000b000}","Product":"OpenSSH for Windows","CurrentDirectory":"C:\\","Hashes":"SHA1=332C3AE15BF630ED2806BB869F7C0E91F3C884F5","User":"S-1-5-111-3847866527-469524349-687026318-516638107-1125189541-4612"}
{"UtcTime":"2020-05-18 09:46:02.529","TerminalSessionId":"0","Company":"-","ParentImage":"C:\\Windows\\System32\\OpenSSH\\sshd.exe","Image":"C:\\Windows\\System32\\OpenSSH\\sshd.exe","FileVersion":"7.7.2.2","ParentProcessId":"1820","LogonGuid":"{87a71a6b-54eb-5ebe-e703-000000000000}","ProcessId":"480","CommandLine":"\"C:\\Windows\\System32\\OpenSSH\\sshd.exe\" \"-R\"","ParentCommandLine":"C:\\Windows\\System32\\OpenSSH\\sshd.exe","LogonId":"0x3e7","ProcessGuid":"{87a71a6b-595a-5ec2-9a51-01000000b000}","OriginalFileName":"-","RuleName":"-","Description":"-","IntegrityLevel":"System","ParentProcessGuid":"{87a71a6b-54ee-5ebe-2700-00000000b000}","Product":"OpenSSH for Windows","CurrentDirectory":"C:\\","User":"NT AUTHORITY\\SYSTEM","Hashes":"SHA1=332C3AE15BF630ED2806BB869F7C0E91F3C884F5"}
{"UtcTime":"2020-05-18 09:46:02.534","TerminalSessionId":"0","Company":"Microsoft Corporation","ParentImage":"C:\\Windows\\System32\\OpenSSH\\sshd.exe","Image":"C:\\Windows\\System32\\conhost.exe","FileVersion":"10.0.17763.1075 (WinBuild.160101.0800)","ParentProcessId":"480","LogonGuid":"{87a71a6b-54eb-5ebe-e703-000000000000}","ProcessId":"3724","CommandLine":"\\??\\C:\\Windows\\system32\\conhost.exe 0xffffffff -ForceV1","ParentCommandLine":"\"C:\\Windows\\System32\\OpenSSH\\sshd.exe\" \"-R\"","LogonId":"0x3e7","ProcessGuid":"{87a71a6b-595a-5ec2-9b51-01000000b000}","OriginalFileName":"CONHOST.EXE","RuleName":"-","Description":"Console Window Host","IntegrityLevel":"System","ParentProcessGuid":"{87a71a6b-595a-5ec2-9a51-01000000b000}","Product":"Microsoft® Windows® Operating System","User":"NT AUTHORITY\\SYSTEM","Hashes":"SHA1=74F28DD9B0DA310D85F1931DB2749A26A9A8AB02","CurrentDirectory":"C:\\Windows"}
{"UtcTime":"2020-05-18 09:46:02.737","TerminalSessionId":"0","Company":"-","ParentImage":"C:\\Windows\\System32\\OpenSSH\\sshd.exe","Image":"C:\\Windows\\System32\\OpenSSH\\sshd.exe","ParentProcessId":"1820","FileVersion":"7.7.2.2","LogonGuid":"{87a71a6b-54eb-5ebe-e703-000000000000}","ProcessId":"3992","CommandLine":"\"C:\\Windows\\System32\\OpenSSH\\sshd.exe\" \"-R\"","ParentCommandLine":"C:\\Windows\\System32\\OpenSSH\\sshd.exe","LogonId":"0x3e7","ProcessGuid":"{87a71a6b-595a-5ec2-9c51-01000000b000}","OriginalFileName":"-","RuleName":"-","Description":"-","IntegrityLevel":"System","ParentProcessGuid":"{87a71a6b-54ee-5ebe-2700-00000000b000}","Product":"OpenSSH for Windows","CurrentDirectory":"C:\\","Hashes":"SHA1=332C3AE15BF630ED2806BB869F7C0E91F3C884F5","User":"NT AUTHORITY\\SYSTEM"}
{"UtcTime":"2020-05-18 09:46:02.742","TerminalSessionId":"0","Company":"Microsoft Corporation","ParentImage":"C:\\Windows\\System32\\OpenSSH\\sshd.exe","Image":"C:\\Windows\\System32\\conhost.exe","FileVersion":"10.0.17763.1075 (WinBuild.160101.0800)","ParentProcessId":"3992","LogonGuid":"{87a71a6b-54eb-5ebe-e703-000000000000}","CommandLine":"\\??\\C:\\Windows\\system32\\conhost.exe 0xffffffff -ForceV1","ProcessId":"3400","ParentCommandLine":"\"C:\\Windows\\System32\\OpenSSH\\sshd.exe\" \"-R\"","LogonId":"0x3e7","ProcessGuid":"{87a71a6b-595a-5ec2-9d51-01000000b000}","OriginalFileName":"CONHOST.EXE","RuleName":"-","Description":"Console Window Host","IntegrityLevel":"System","ParentProcessGuid":"{87a71a6b-595a-5ec2-9c51-01000000b000}","Product":"Microsoft® Windows® Operating System","CurrentDirectory":"C:\\Windows","Hashes":"SHA1=74F28DD9B0DA310D85F1931DB2749A26A9A8AB02","User":"NT AUTHORITY\\SYSTEM"}
{"UtcTime":"2020-05-18 09:46:02.845","TerminalSessionId":"0","Company":"-","ParentImage":"C:\\Windows\\System32\\OpenSSH\\sshd.exe","Image":"C:\\Windows\\System32\\OpenSSH\\sshd.exe","ParentProcessId":"480","FileVersion":"7.7.2.2","LogonGuid":"{87a71a6b-595a-5ec2-8f8a-890700000000}","CommandLine":"\"C:\\Windows\\System32\\OpenSSH\\sshd.exe\" \"-y\"","ProcessId":"1568","ParentCommandLine":"\"C:\\Windows\\System32\\OpenSSH\\sshd.exe\" \"-R\"","LogonId":"0x7898a8f","ProcessGuid":"{87a71a6b-595a-5ec2-9e51-01000000b000}","OriginalFileName":"-","RuleName":"-","Description":"-","IntegrityLevel":"High","ParentProcessGuid":"{87a71a6b-595a-5ec2-9a51-01000000b000}","Product":"OpenSSH for Windows","CurrentDirectory":"C:\\","User":"VIRTUAL USERS\\sshd_480","Hashes":"SHA1=332C3AE15BF630ED2806BB869F7C0E91F3C884F5"}
{"UtcTime":"2020-05-18 09:46:02.967","TerminalSessionId":"0","Company":"-","ParentImage":"C:\\Windows\\System32\\OpenSSH\\sshd.exe","Image":"C:\\Windows\\System32\\OpenSSH\\sshd.exe","ParentProcessId":"3992","FileVersion":"7.7.2.2","LogonGuid":"{87a71a6b-595a-5ec2-698d-890700000000}","CommandLine":"\"C:\\Windows\\System32\\OpenSSH\\sshd.exe\" \"-y\"","ProcessId":"4948","ParentCommandLine":"\"C:\\Windows\\System32\\OpenSSH\\sshd.exe\" \"-R\"","LogonId":"0x7898d69","ProcessGuid":"{87a71a6b-595a-5ec2-9f51-01000000b000}","OriginalFileName":"-","RuleName":"-","Description":"-","IntegrityLevel":"High","ParentProcessGuid":"{87a71a6b-595a-5ec2-9c51-01000000b000}","Product":"OpenSSH for Windows","CurrentDirectory":"C:\\","User":"S-1-5-111-3847866527-469524349-687026318-516638107-1125189541-3992","Hashes":"SHA1=332C3AE15BF630ED2806BB869F7C0E91F3C884F5"}
{"UtcTime":"2020-05-18 09:46:04.103","RuleName":"-","Image":"C:\\Windows\\System32\\OpenSSH\\sshd.exe","ProcessId":"4948","ProcessGuid":"{87a71a6b-595a-5ec2-9f51-01000000b000}"}
{"UtcTime":"2020-05-18 09:46:04.103","RuleName":"-","Image":"C:\\Windows\\System32\\OpenSSH\\sshd.exe","ProcessId":"3992","ProcessGuid":"{87a71a6b-595a-5ec2-9c51-01000000b000}"}
{"UtcTime":"2020-05-18 09:46:04.103","RuleName":"-","Image":"C:\\Windows\\System32\\conhost.exe","ProcessId":"3400","ProcessGuid":"{87a71a6b-595a-5ec2-9d51-01000000b000}"}
{"UtcTime":"2020-05-18 09:46:04.384","RuleName":"-","Image":"C:\\Windows\\System32\\OpenSSH\\sshd.exe","ProcessId":"4108","ProcessGuid":"{87a71a6b-5957-5ec2-9951-01000000b000}"}
{"UtcTime":"2020-05-18 09:46:04.384","RuleName":"-","Image":"C:\\Windows\\System32\\OpenSSH\\sshd.exe","ProcessId":"4612","ProcessGuid":"{87a71a6b-5956-5ec2-9751-01000000b000}"}
{"UtcTime":"2020-05-18 09:46:04.384","RuleName":"-","Image":"C:\\Windows\\System32\\conhost.exe","ProcessId":"2180","ProcessGuid":"{87a71a6b-5956-5ec2-9851-01000000b000}"}
{"UtcTime":"2020-05-18 09:46:04.759","RuleName":"-","Image":"C:\\Windows\\System32\\OpenSSH\\sshd.exe","ProcessId":"1568","ProcessGuid":"{87a71a6b-595a-5ec2-9e51-01000000b000}"}
{"UtcTime":"2020-05-18 09:46:04.759","RuleName":"-","Image":"C:\\Windows\\System32\\OpenSSH\\sshd.exe","ProcessId":"480","ProcessGuid":"{87a71a6b-595a-5ec2-9a51-01000000b000}"}
{"UtcTime":"2020-05-18 09:46:04.759","RuleName":"-","Image":"C:\\Windows\\System32\\conhost.exe","ProcessId":"3724","ProcessGuid":"{87a71a6b-595a-5ec2-9b51-01000000b000}"}
{"UtcTime":"2020-05-18 09:46:11.256","TerminalSessionId":"0","Company":"-","ParentImage":"C:\\Windows\\System32\\OpenSSH\\sshd.exe","Image":"C:\\Windows\\System32\\OpenSSH\\sshd.exe","FileVersion":"7.7.2.2","ParentProcessId":"1820","LogonGuid":"{87a71a6b-54eb-5ebe-e703-000000000000}","ProcessId":"3968","CommandLine":"\"C:\\Windows\\System32\\OpenSSH\\sshd.exe\" \"-R\"","ParentCommandLine":"C:\\Windows\\System32\\OpenSSH\\sshd.exe","LogonId":"0x3e7","ProcessGuid":"{87a71a6b-5963-5ec2-a051-01000000b000}","OriginalFileName":"-","RuleName":"-","Description":"-","IntegrityLevel":"System","ParentProcessGuid":"{87a71a6b-54ee-5ebe-2700-00000000b000}","Product":"OpenSSH for Windows","CurrentDirectory":"C:\\","Hashes":"SHA1=332C3AE15BF630ED2806BB869F7C0E91F3C884F5","User":"NT AUTHORITY\\SYSTEM"}
{"UtcTime":"2020-05-18 09:46:11.262","TerminalSessionId":"0","Company":"Microsoft Corporation","ParentImage":"C:\\Windows\\System32\\OpenSSH\\sshd.exe","Image":"C:\\Windows\\System32\\conhost.exe","ParentProcessId":"3968","FileVersion":"10.0.17763.1075 (WinBuild.160101.0800)","LogonGuid":"{87a71a6b-54eb-5ebe-e703-000000000000}","CommandLine":"\\??\\C:\\Windows\\system32\\conhost.exe 0xffffffff -ForceV1","ProcessId":"4632","ParentCommandLine":"\"C:\\Windows\\System32\\OpenSSH\\sshd.exe\" \"-R\"","LogonId":"0x3e7","ProcessGuid":"{87a71a6b-5963-5ec2-a151-01000000b000}","OriginalFileName":"CONHOST.EXE","RuleName":"-","Description":"Console Window Host","IntegrityLevel":"System","ParentProcessGuid":"{87a71a6b-5963-5ec2-a051-01000000b000}","Product":"Microsoft® Windows® Operating System","CurrentDirectory":"C:\\Windows","Hashes":"SHA1=74F28DD9B0DA310D85F1931DB2749A26A9A8AB02","User":"NT AUTHORITY\\SYSTEM"}
{"UtcTime":"2020-05-18 09:46:11.338","TerminalSessionId":"0","Company":"-","ParentImage":"C:\\Windows\\System32\\OpenSSH\\sshd.exe","Image":"C:\\Windows\\System32\\OpenSSH\\sshd.exe","ParentProcessId":"3968","FileVersion":"7.7.2.2","LogonGuid":"{87a71a6b-5963-5ec2-6298-890700000000}","CommandLine":"\"C:\\Windows\\System32\\OpenSSH\\sshd.exe\" \"-y\"","ProcessId":"5096","ParentCommandLine":"\"C:\\Windows\\System32\\OpenSSH\\sshd.exe\" \"-R\"","LogonId":"0x7899862","ProcessGuid":"{87a71a6b-5963-5ec2-a251-01000000b000}","OriginalFileName":"-","RuleName":"-","Description":"-","IntegrityLevel":"High","ParentProcessGuid":"{87a71a6b-5963-5ec2-a051-01000000b000}","Product":"OpenSSH for Windows","User":"S-1-5-111-3847866527-469524349-687026318-516638107-1125189541-3968","Hashes":"SHA1=332C3AE15BF630ED2806BB869F7C0E91F3C884F5","CurrentDirectory":"C:\\"}
{"UtcTime":"2020-05-18 09:46:11.541","RuleName":"-","Image":"C:\\Windows\\System32\\OpenSSH\\sshd.exe","ProcessId":"5096","ProcessGuid":"{87a71a6b-5963-5ec2-a251-01000000b000}"}
{"UtcTime":"2020-05-18 09:46:11.541","RuleName":"-","Image":"C:\\Windows\\System32\\OpenSSH\\sshd.exe","ProcessId":"3968","ProcessGuid":"{87a71a6b-5963-5ec2-a051-01000000b000}"}
{"UtcTime":"2020-05-18 09:46:11.541","RuleName":"-","Image":"C:\\Windows\\System32\\conhost.exe","ProcessId":"4632","ProcessGuid":"{87a71a6b-5963-5ec2-a151-01000000b000}"}
{"UtcTime":"2020-05-18 09:46:16.514","TerminalSessionId":"0","Company":"-","ParentImage":"C:\\Windows\\System32\\OpenSSH\\sshd.exe","Image":"C:\\Windows\\System32\\OpenSSH\\sshd.exe","FileVersion":"7.7.2.2","ParentProcessId":"1820","LogonGuid":"{87a71a6b-54eb-5ebe-e703-000000000000}","ProcessId":"4924","CommandLine":"\"C:\\Windows\\System32\\OpenSSH\\sshd.exe\" \"-R\"","ParentCommandLine":"C:\\Windows\\System32\\OpenSSH\\sshd.exe","LogonId":"0x3e7","ProcessGuid":"{87a71a6b-5968-5ec2-a351-01000000b000}","OriginalFileName":"-","RuleName":"-","Description":"-","IntegrityLevel":"System","ParentProcessGuid":"{87a71a6b-54ee-5ebe-2700-00000000b000}","Product":"OpenSSH for Windows","User":"NT AUTHORITY\\SYSTEM","Hashes":"SHA1=332C3AE15BF630ED2806BB869F7C0E91F3C884F5","CurrentDirectory":"C:\\"}
{"UtcTime":"2020-05-18 09:46:16.519","TerminalSessionId":"0","Company":"Microsoft Corporation","ParentImage":"C:\\Windows\\System32\\OpenSSH\\sshd.exe","Image":"C:\\Windows\\System32\\conhost.exe","FileVersion":"10.0.17763.1075 (WinBuild.160101.0800)","ParentProcessId":"4924","LogonGuid":"{87a71a6b-54eb-5ebe-e703-000000000000}","CommandLine":"\\??\\C:\\Windows\\system32\\conhost.exe 0xffffffff -ForceV1","ProcessId":"4532","ParentCommandLine":"\"C:\\Windows\\System32\\OpenSSH\\sshd.exe\" \"-R\"","LogonId":"0x3e7","ProcessGuid":"{87a71a6b-5968-5ec2-a451-01000000b000}","OriginalFileName":"CONHOST.EXE","RuleName":"-","Description":"Console Window Host","IntegrityLevel":"System","ParentProcessGuid":"{87a71a6b-5968-5ec2-a351-01000000b000}","Product":"Microsoft® Windows® Operating System","User":"NT AUTHORITY\\SYSTEM","CurrentDirectory":"C:\\Windows","Hashes":"SHA1=74F28DD9B0DA310D85F1931DB2749A26A9A8AB02"}
{"UtcTime":"2020-05-18 09:46:27.489","TerminalSessionId":"0","Company":"-","ParentImage":"C:\\Windows\\System32\\OpenSSH\\sshd.exe","Image":"C:\\Windows\\System32\\OpenSSH\\sshd.exe","FileVersion":"7.7.2.2","ParentProcessId":"1820","LogonGuid":"{87a71a6b-54eb-5ebe-e703-000000000000}","ProcessId":"4360","CommandLine":"\"C:\\Windows\\System32\\OpenSSH\\sshd.exe\" \"-R\"","ParentCommandLine":"C:\\Windows\\System32\\OpenSSH\\sshd.exe","LogonId":"0x3e7","ProcessGuid":"{87a71a6b-5973-5ec2-a551-01000000b000}","OriginalFileName":"-","RuleName":"-","Description":"-","IntegrityLevel":"System","ParentProcessGuid":"{87a71a6b-54ee-5ebe-2700-00000000b000}","Product":"OpenSSH for Windows","User":"NT AUTHORITY\\SYSTEM","Hashes":"SHA1=332C3AE15BF630ED2806BB869F7C0E91F3C884F5","CurrentDirectory":"C:\\"}
{"UtcTime":"2020-05-18 09:46:27.494","TerminalSessionId":"0","Company":"Microsoft Corporation","ParentImage":"C:\\Windows\\System32\\OpenSSH\\sshd.exe","Image":"C:\\Windows\\System32\\conhost.exe","FileVersion":"10.0.17763.1075 (WinBuild.160101.0800)","ParentProcessId":"4360","LogonGuid":"{87a71a6b-54eb-5ebe-e703-000000000000}","CommandLine":"\\??\\C:\\Windows\\system32\\conhost.exe 0xffffffff -ForceV1","ProcessId":"3876","ParentCommandLine":"\"C:\\Windows\\System32\\OpenSSH\\sshd.exe\" \"-R\"","LogonId":"0x3e7","ProcessGuid":"{87a71a6b-5973-5ec2-a651-01000000b000}","OriginalFileName":"CONHOST.EXE","RuleName":"-","Description":"Console Window Host","IntegrityLevel":"System","ParentProcessGuid":"{87a71a6b-5973-5ec2-a551-01000000b000}","Product":"Microsoft® Windows® Operating System","User":"NT AUTHORITY\\SYSTEM","CurrentDirectory":"C:\\Windows","Hashes":"SHA1=74F28DD9B0DA310D85F1931DB2749A26A9A8AB02"}
{"UtcTime":"2020-05-18 09:46:28.495","TerminalSessionId":"0","Company":"-","ParentImage":"C:\\Windows\\System32\\OpenSSH\\sshd.exe","Image":"C:\\Windows\\System32\\OpenSSH\\sshd.exe","FileVersion":"7.7.2.2","ParentProcessId":"1820","LogonGuid":"{87a71a6b-54eb-5ebe-e703-000000000000}","CommandLine":"\"C:\\Windows\\System32\\OpenSSH\\sshd.exe\" \"-R\"","ProcessId":"2572","ParentCommandLine":"C:\\Windows\\System32\\OpenSSH\\sshd.exe","LogonId":"0x3e7","ProcessGuid":"{87a71a6b-5974-5ec2-a751-01000000b000}","OriginalFileName":"-","RuleName":"-","Description":"-","IntegrityLevel":"System","ParentProcessGuid":"{87a71a6b-54ee-5ebe-2700-00000000b000}","Product":"OpenSSH for Windows","CurrentDirectory":"C:\\","Hashes":"SHA1=332C3AE15BF630ED2806BB869F7C0E91F3C884F5","User":"NT AUTHORITY\\SYSTEM"}
{"UtcTime":"2020-05-18 09:46:28.500","TerminalSessionId":"0","Company":"Microsoft Corporation","ParentImage":"C:\\Windows\\System32\\OpenSSH\\sshd.exe","Image":"C:\\Windows\\System32\\conhost.exe","ParentProcessId":"2572","FileVersion":"10.0.17763.1075 (WinBuild.160101.0800)","LogonGuid":"{87a71a6b-54eb-5ebe-e703-000000000000}","CommandLine":"\\??\\C:\\Windows\\system32\\conhost.exe 0xffffffff -ForceV1","ProcessId":"4640","ParentCommandLine":"\"C:\\Windows\\System32\\OpenSSH\\sshd.exe\" \"-R\"","LogonId":"0x3e7","ProcessGuid":"{87a71a6b-5974-5ec2-a851-01000000b000}","OriginalFileName":"CONHOST.EXE","RuleName":"-","Description":"Console Window Host","IntegrityLevel":"System","ParentProcessGuid":"{87a71a6b-5974-5ec2-a751-01000000b000}","Product":"Microsoft® Windows® Operating System","User":"NT AUTHORITY\\SYSTEM","Hashes":"SHA1=74F28DD9B0DA310D85F1931DB2749A26A9A8AB02","CurrentDirectory":"C:\\Windows"}
{"UtcTime":"2020-05-18 09:46:28.736","TerminalSessionId":"0","Company":"-","ParentImage":"C:\\Windows\\System32\\OpenSSH\\sshd.exe","Image":"C:\\Windows\\System32\\OpenSSH\\sshd.exe","ParentProcessId":"2572","FileVersion":"7.7.2.2","LogonGuid":"{87a71a6b-5974-5ec2-00b2-890700000000}","ProcessId":"4064","CommandLine":"\"C:\\Windows\\System32\\OpenSSH\\sshd.exe\" \"-y\"","ParentCommandLine":"\"C:\\Windows\\System32\\OpenSSH\\sshd.exe\" \"-R\"","LogonId":"0x789b200","ProcessGuid":"{87a71a6b-5974-5ec2-a951-01000000b000}","OriginalFileName":"-","RuleName":"-","Description":"-","IntegrityLevel":"High","ParentProcessGuid":"{87a71a6b-5974-5ec2-a751-01000000b000}","Product":"OpenSSH for Windows","CurrentDirectory":"C:\\","Hashes":"SHA1=332C3AE15BF630ED2806BB869F7C0E91F3C884F5","User":"S-1-5-111-3847866527-469524349-687026318-516638107-1125189541-2572"}
{"UtcTime":"2020-05-18 09:46:29.030","TerminalSessionId":"0","Company":"-","ParentImage":"C:\\Windows\\System32\\OpenSSH\\sshd.exe","Image":"C:\\Windows\\System32\\OpenSSH\\sshd.exe","ParentProcessId":"4360","FileVersion":"7.7.2.2","LogonGuid":"{87a71a6b-5975-5ec2-8db4-890700000000}","CommandLine":"\"C:\\Windows\\System32\\OpenSSH\\sshd.exe\" \"-y\"","ProcessId":"4408","ParentCommandLine":"\"C:\\Windows\\System32\\OpenSSH\\sshd.exe\" \"-R\"","LogonId":"0x789b48d","ProcessGuid":"{87a71a6b-5975-5ec2-aa51-01000000b000}","OriginalFileName":"-","RuleName":"-","Description":"-","IntegrityLevel":"High","ParentProcessGuid":"{87a71a6b-5973-5ec2-a551-01000000b000}","Product":"OpenSSH for Windows","CurrentDirectory":"C:\\","Hashes":"SHA1=332C3AE15BF630ED2806BB869F7C0E91F3C884F5","User":"S-1-5-111-3847866527-469524349-687026318-516638107-1125189541-4360"}
{"UtcTime":"2020-05-18 09:46:29.917","RuleName":"-","Image":"C:\\Windows\\System32\\OpenSSH\\sshd.exe","ProcessId":"4064","ProcessGuid":"{87a71a6b-5974-5ec2-a951-01000000b000}"}
{"UtcTime":"2020-05-18 09:46:29.933","RuleName":"-","Image":"C:\\Windows\\System32\\OpenSSH\\sshd.exe","ProcessId":"2572","ProcessGuid":"{87a71a6b-5974-5ec2-a751-01000000b000}"}
{"UtcTime":"2020-05-18 09:46:29.933","RuleName":"-","Image":"C:\\Windows\\System32\\conhost.exe","ProcessId":"4640","ProcessGuid":"{87a71a6b-5974-5ec2-a851-01000000b000}"}
{"UtcTime":"2020-05-18 09:46:34.634","TerminalSessionId":"0","Company":"-","ParentImage":"C:\\Windows\\System32\\OpenSSH\\sshd.exe","Image":"C:\\Windows\\System32\\OpenSSH\\sshd.exe","FileVersion":"7.7.2.2","ParentProcessId":"1820","LogonGuid":"{87a71a6b-54eb-5ebe-e703-000000000000}","CommandLine":"\"C:\\Windows\\System32\\OpenSSH\\sshd.exe\" \"-R\"","ProcessId":"3120","ParentCommandLine":"C:\\Windows\\System32\\OpenSSH\\sshd.exe","LogonId":"0x3e7","ProcessGuid":"{87a71a6b-597a-5ec2-ab51-01000000b000}","OriginalFileName":"-","RuleName":"-","Description":"-","IntegrityLevel":"System","ParentProcessGuid":"{87a71a6b-54ee-5ebe-2700-00000000b000}","Product":"OpenSSH for Windows","CurrentDirectory":"C:\\","Hashes":"SHA1=332C3AE15BF630ED2806BB869F7C0E91F3C884F5","User":"NT AUTHORITY\\SYSTEM"}
{"UtcTime":"2020-05-18 09:46:34.639","TerminalSessionId":"0","Company":"Microsoft Corporation","ParentImage":"C:\\Windows\\System32\\OpenSSH\\sshd.exe","Image":"C:\\Windows\\System32\\conhost.exe","FileVersion":"10.0.17763.1075 (WinBuild.160101.0800)","ParentProcessId":"3120","LogonGuid":"{87a71a6b-54eb-5ebe-e703-000000000000}","CommandLine":"\\??\\C:\\Windows\\system32\\conhost.exe 0xffffffff -ForceV1","ProcessId":"3768","ParentCommandLine":"\"C:\\Windows\\System32\\OpenSSH\\sshd.exe\" \"-R\"","LogonId":"0x3e7","ProcessGuid":"{87a71a6b-597a-5ec2-ac51-01000000b000}","OriginalFileName":"CONHOST.EXE","RuleName":"-","Description":"Console Window Host","IntegrityLevel":"System","ParentProcessGuid":"{87a71a6b-597a-5ec2-ab51-01000000b000}","Product":"Microsoft® Windows® Operating System","CurrentDirectory":"C:\\Windows","Hashes":"SHA1=74F28DD9B0DA310D85F1931DB2749A26A9A8AB02","User":"NT AUTHORITY\\SYSTEM"}
{"UtcTime":"2020-05-18 09:46:34.793","TerminalSessionId":"0","Company":"-","ParentImage":"C:\\Windows\\System32\\OpenSSH\\sshd.exe","Image":"C:\\Windows\\System32\\OpenSSH\\sshd.exe","ParentProcessId":"3120","FileVersion":"7.7.2.2","LogonGuid":"{87a71a6b-597a-5ec2-84c5-890700000000}","CommandLine":"\"C:\\Windows\\System32\\OpenSSH\\sshd.exe\" \"-y\"","ProcessId":"3340","ParentCommandLine":"\"C:\\Windows\\System32\\OpenSSH\\sshd.exe\" \"-R\"","LogonId":"0x789c584","ProcessGuid":"{87a71a6b-597a-5ec2-ad51-01000000b000}","OriginalFileName":"-","RuleName":"-","Description":"-","IntegrityLevel":"High","ParentProcessGuid":"{87a71a6b-597a-5ec2-ab51-01000000b000}","Product":"OpenSSH for Windows","User":"S-1-5-111-3847866527-469524349-687026318-516638107-1125189541-3120","CurrentDirectory":"C:\\","Hashes":"SHA1=332C3AE15BF630ED2806BB869F7C0E91F3C884F5"}
{"UtcTime":"2020-05-18 09:46:35.464","RuleName":"-","Image":"C:\\Windows\\System32\\OpenSSH\\sshd.exe","ProcessId":"3340","ProcessGuid":"{87a71a6b-597a-5ec2-ad51-01000000b000}"}
{"UtcTime":"2020-05-18 09:46:35.464","RuleName":"-","Image":"C:\\Windows\\System32\\OpenSSH\\sshd.exe","ProcessId":"3120","ProcessGuid":"{87a71a6b-597a-5ec2-ab51-01000000b000}"}
{"UtcTime":"2020-05-18 09:46:35.480","RuleName":"-","Image":"C:\\Windows\\System32\\conhost.exe","ProcessId":"3768","ProcessGuid":"{87a71a6b-597a-5ec2-ac51-01000000b000}"}
{"UtcTime":"2020-05-18 09:46:41.521","TerminalSessionId":"0","Company":"-","ParentImage":"C:\\Windows\\System32\\OpenSSH\\sshd.exe","Image":"C:\\Windows\\System32\\OpenSSH\\sshd.exe","ParentProcessId":"1820","FileVersion":"7.7.2.2","LogonGuid":"{87a71a6b-54eb-5ebe-e703-000000000000}","ProcessId":"4976","CommandLine":"\"C:\\Windows\\System32\\OpenSSH\\sshd.exe\" \"-R\"","ParentCommandLine":"C:\\Windows\\System32\\OpenSSH\\sshd.exe","LogonId":"0x3e7","ProcessGuid":"{87a71a6b-5981-5ec2-ae51-01000000b000}","OriginalFileName":"-","RuleName":"-","Description":"-","IntegrityLevel":"System","ParentProcessGuid":"{87a71a6b-54ee-5ebe-2700-00000000b000}","Product":"OpenSSH for Windows","User":"NT AUTHORITY\\SYSTEM","Hashes":"SHA1=332C3AE15BF630ED2806BB869F7C0E91F3C884F5","CurrentDirectory":"C:\\"}
{"UtcTime":"2020-05-18 09:46:41.526","TerminalSessionId":"0","Company":"Microsoft Corporation","ParentImage":"C:\\Windows\\System32\\OpenSSH\\sshd.exe","Image":"C:\\Windows\\System32\\conhost.exe","FileVersion":"10.0.17763.1075 (WinBuild.160101.0800)","ParentProcessId":"4976","LogonGuid":"{87a71a6b-54eb-5ebe-e703-000000000000}","CommandLine":"\\??\\C:\\Windows\\system32\\conhost.exe 0xffffffff -ForceV1","ProcessId":"4676","ParentCommandLine":"\"C:\\Windows\\System32\\OpenSSH\\sshd.exe\" \"-R\"","LogonId":"0x3e7","ProcessGuid":"{87a71a6b-5981-5ec2-af51-01000000b000}","OriginalFileName":"CONHOST.EXE","RuleName":"-","Description":"Console Window Host","IntegrityLevel":"System","ParentProcessGuid":"{87a71a6b-5981-5ec2-ae51-01000000b000}","Product":"Microsoft® Windows® Operating System","User":"NT AUTHORITY\\SYSTEM","Hashes":"SHA1=74F28DD9B0DA310D85F1931DB2749A26A9A8AB02","CurrentDirectory":"C:\\Windows"}
{"UtcTime":"2020-05-18 09:46:41.767","TerminalSessionId":"0","Company":"-","ParentImage":"C:\\Windows\\System32\\OpenSSH\\sshd.exe","Image":"C:\\Windows\\System32\\OpenSSH\\sshd.exe","FileVersion":"7.7.2.2","ParentProcessId":"4976","LogonGuid":"{87a71a6b-5981-5ec2-78d5-890700000000}","CommandLine":"\"C:\\Windows\\System32\\OpenSSH\\sshd.exe\" \"-y\"","ProcessId":"4200","ParentCommandLine":"\"C:\\Windows\\System32\\OpenSSH\\sshd.exe\" \"-R\"","LogonId":"0x789d578","ProcessGuid":"{87a71a6b-5981-5ec2-b051-01000000b000}","OriginalFileName":"-","RuleName":"-","Description":"-","IntegrityLevel":"High","ParentProcessGuid":"{87a71a6b-5981-5ec2-ae51-01000000b000}","Product":"OpenSSH for Windows","CurrentDirectory":"C:\\","Hashes":"SHA1=332C3AE15BF630ED2806BB869F7C0E91F3C884F5","User":"S-1-5-111-3847866527-469524349-687026318-516638107-1125189541-4976"}
{"UtcTime":"2020-05-18 09:46:42.902","RuleName":"-","Image":"C:\\Windows\\System32\\OpenSSH\\sshd.exe","ProcessId":"4200","ProcessGuid":"{87a71a6b-5981-5ec2-b051-01000000b000}"}
{"UtcTime":"2020-05-18 09:46:42.902","RuleName":"-","Image":"C:\\Windows\\System32\\OpenSSH\\sshd.exe","ProcessId":"4976","ProcessGuid":"{87a71a6b-5981-5ec2-ae51-01000000b000}"}
{"UtcTime":"2020-05-18 09:46:42.902","RuleName":"-","Image":"C:\\Windows\\System32\\conhost.exe","ProcessId":"4676","ProcessGuid":"{87a71a6b-5981-5ec2-af51-01000000b000}"}
{"UtcTime":"2020-05-18 09:46:54.119","TerminalSessionId":"0","Company":"-","ParentImage":"C:\\Windows\\System32\\OpenSSH\\sshd.exe","Image":"C:\\Windows\\System32\\OpenSSH\\sshd.exe","FileVersion":"7.7.2.2","ParentProcessId":"1820","LogonGuid":"{87a71a6b-54eb-5ebe-e703-000000000000}","CommandLine":"\"C:\\Windows\\System32\\OpenSSH\\sshd.exe\" \"-R\"","ProcessId":"4100","ParentCommandLine":"C:\\Windows\\System32\\OpenSSH\\sshd.exe","LogonId":"0x3e7","ProcessGuid":"{87a71a6b-598e-5ec2-b151-01000000b000}","OriginalFileName":"-","RuleName":"-","Description":"-","IntegrityLevel":"System","ParentProcessGuid":"{87a71a6b-54ee-5ebe-2700-00000000b000}","Product":"OpenSSH for Windows","CurrentDirectory":"C:\\","Hashes":"SHA1=332C3AE15BF630ED2806BB869F7C0E91F3C884F5","User":"NT AUTHORITY\\SYSTEM"}
{"UtcTime":"2020-05-18 09:46:54.124","TerminalSessionId":"0","Company":"Microsoft Corporation","ParentImage":"C:\\Windows\\System32\\OpenSSH\\sshd.exe","Image":"C:\\Windows\\System32\\conhost.exe","FileVersion":"10.0.17763.1075 (WinBuild.160101.0800)","ParentProcessId":"4100","LogonGuid":"{87a71a6b-54eb-5ebe-e703-000000000000}","ProcessId":"3444","CommandLine":"\\??\\C:\\Windows\\system32\\conhost.exe 0xffffffff -ForceV1","ParentCommandLine":"\"C:\\Windows\\System32\\OpenSSH\\sshd.exe\" \"-R\"","LogonId":"0x3e7","ProcessGuid":"{87a71a6b-598e-5ec2-b251-01000000b000}","OriginalFileName":"CONHOST.EXE","RuleName":"-","Description":"Console Window Host","IntegrityLevel":"System","ParentProcessGuid":"{87a71a6b-598e-5ec2-b151-01000000b000}","Product":"Microsoft® Windows® Operating System","User":"NT AUTHORITY\\SYSTEM","CurrentDirectory":"C:\\Windows","Hashes":"SHA1=74F28DD9B0DA310D85F1931DB2749A26A9A8AB02"}
{"UtcTime":"2020-05-18 09:46:54.388","TerminalSessionId":"0","Company":"-","ParentImage":"C:\\Windows\\System32\\OpenSSH\\sshd.exe","Image":"C:\\Windows\\System32\\OpenSSH\\sshd.exe","FileVersion":"7.7.2.2","ParentProcessId":"4100","LogonGuid":"{87a71a6b-598e-5ec2-1803-8a0700000000}","CommandLine":"\"C:\\Windows\\System32\\OpenSSH\\sshd.exe\" \"-y\"","ProcessId":"4228","ParentCommandLine":"\"C:\\Windows\\System32\\OpenSSH\\sshd.exe\" \"-R\"","LogonId":"0x78a0318","ProcessGuid":"{87a71a6b-598e-5ec2-b351-01000000b000}","OriginalFileName":"-","RuleName":"-","Description":"-","IntegrityLevel":"High","ParentProcessGuid":"{87a71a6b-598e-5ec2-b151-01000000b000}","Product":"OpenSSH for Windows","User":"S-1-5-111-3847866527-469524349-687026318-516638107-1125189541-4100","Hashes":"SHA1=332C3AE15BF630ED2806BB869F7C0E91F3C884F5","CurrentDirectory":"C:\\"}
{"UtcTime":"2020-05-18 09:46:55.668","RuleName":"-","Image":"C:\\Windows\\System32\\OpenSSH\\sshd.exe","ProcessId":"4228","ProcessGuid":"{87a71a6b-598e-5ec2-b351-01000000b000}"}
{"UtcTime":"2020-05-18 09:46:55.668","RuleName":"-","Image":"C:\\Windows\\System32\\OpenSSH\\sshd.exe","ProcessId":"4100","ProcessGuid":"{87a71a6b-598e-5ec2-b151-01000000b000}"}
{"UtcTime":"2020-05-18 09:46:55.683","RuleName":"-","Image":"C:\\Windows\\System32\\conhost.exe","ProcessId":"3444","ProcessGuid":"{87a71a6b-598e-5ec2-b251-01000000b000}"}
{"UtcTime":"2020-05-18 09:46:56.420","TerminalSessionId":"0","Company":"-","ParentImage":"C:\\Windows\\System32\\OpenSSH\\sshd.exe","Image":"C:\\Windows\\System32\\OpenSSH\\sshd.exe","FileVersion":"7.7.2.2","ParentProcessId":"1820","LogonGuid":"{87a71a6b-54eb-5ebe-e703-000000000000}","CommandLine":"\"C:\\Windows\\System32\\OpenSSH\\sshd.exe\" \"-R\"","ProcessId":"4420","ParentCommandLine":"C:\\Windows\\System32\\OpenSSH\\sshd.exe","LogonId":"0x3e7","ProcessGuid":"{87a71a6b-5990-5ec2-b451-01000000b000}","OriginalFileName":"-","RuleName":"-","Description":"-","IntegrityLevel":"System","ParentProcessGuid":"{87a71a6b-54ee-5ebe-2700-00000000b000}","Product":"OpenSSH for Windows","CurrentDirectory":"C:\\","Hashes":"SHA1=332C3AE15BF630ED2806BB869F7C0E91F3C884F5","User":"NT AUTHORITY\\SYSTEM"}
{"UtcTime":"2020-05-18 09:46:56.425","TerminalSessionId":"0","Company":"Microsoft Corporation","ParentImage":"C:\\Windows\\System32\\OpenSSH\\sshd.exe","Image":"C:\\Windows\\System32\\conhost.exe","FileVersion":"10.0.17763.1075 (WinBuild.160101.0800)","ParentProcessId":"4420","LogonGuid":"{87a71a6b-54eb-5ebe-e703-000000000000}","ProcessId":"4708","CommandLine":"\\??\\C:\\Windows\\system32\\conhost.exe 0xffffffff -ForceV1","ParentCommandLine":"\"C:\\Windows\\System32\\OpenSSH\\sshd.exe\" \"-R\"","LogonId":"0x3e7","ProcessGuid":"{87a71a6b-5990-5ec2-b551-01000000b000}","OriginalFileName":"CONHOST.EXE","RuleName":"-","Description":"Console Window Host","IntegrityLevel":"System","ParentProcessGuid":"{87a71a6b-5990-5ec2-b451-01000000b000}","Product":"Microsoft® Windows® Operating System","CurrentDirectory":"C:\\Windows","User":"NT AUTHORITY\\SYSTEM","Hashes":"SHA1=74F28DD9B0DA310D85F1931DB2749A26A9A8AB02"}
{"UtcTime":"2020-05-18 09:46:57.204","TerminalSessionId":"0","Company":"-","ParentImage":"C:\\Windows\\System32\\OpenSSH\\sshd.exe","Image":"C:\\Windows\\System32\\OpenSSH\\sshd.exe","ParentProcessId":"4420","FileVersion":"7.7.2.2","LogonGuid":"{87a71a6b-5991-5ec2-5c0a-8a0700000000}","CommandLine":"\"C:\\Windows\\System32\\OpenSSH\\sshd.exe\" \"-y\"","ProcessId":"3664","ParentCommandLine":"\"C:\\Windows\\System32\\OpenSSH\\sshd.exe\" \"-R\"","LogonId":"0x78a0a5c","ProcessGuid":"{87a71a6b-5991-5ec2-b651-01000000b000}","OriginalFileName":"-","RuleName":"-","Description":"-","IntegrityLevel":"High","ParentProcessGuid":"{87a71a6b-5990-5ec2-b451-01000000b000}","Product":"OpenSSH for Windows","User":"S-1-5-111-3847866527-469524349-687026318-516638107-1125189541-4420","Hashes":"SHA1=332C3AE15BF630ED2806BB869F7C0E91F3C884F5","CurrentDirectory":"C:\\"}
