{"SourceIp":"185.209.0.143","DestinationPortName":"ms-wbt-server","UtcTime":"2020-05-18 09:49:12.341","SourcePortName":"-","RuleName":"RDP","SourceIsIpv6":"false","SourceHostname":"-","DestinationHostname":"EC2AMAZ-V0GPI6G.eu-central-1.compute.internal","DestinationIsIpv6":"false","DestinationIp":"172.31.47.23","Image":"C:\\Windows\\System32\\svchost.exe","DestinationPort":"3389","ProcessId":"824","Protocol":"tcp","SourcePort":"51491","User":"NT AUTHORITY\\NETWORK SERVICE","Initiated":"false","ProcessGuid":"{87a71a6b-54ec-5ebe-1300-00000000b000}"}
{"UtcTime":"2020-05-18 09:49:14.329","DestinationPortName":"ms-wbt-server","SourcePortName":"-","SourceIp":"185.209.0.105","RuleName":"RDP","SourceHostname":"-","SourceIsIpv6":"false","DestinationHostname":"EC2AMAZ-V0GPI6G.eu-central-1.compute.internal","DestinationIsIpv6":"false","DestinationIp":"172.31.47.23","Image":"C:\\Windows\\System32\\svchost.exe","DestinationPort":"3389","ProcessId":"824","Protocol":"tcp","SourcePort":"61199","User":"NT AUTHORITY\\NETWORK SERVICE","Initiated":"false","ProcessGuid":"{87a71a6b-54ec-5ebe-1300-00000000b000}"}
{"SourceIp":"194.61.55.20","SourcePortName":"-","DestinationPortName":"ms-wbt-server","UtcTime":"2020-05-18 09:49:14.571","RuleName":"RDP","SourceHostname":"-","SourceIsIpv6":"false","DestinationHostname":"EC2AMAZ-V0GPI6G.eu-central-1.compute.internal","DestinationIsIpv6":"false","DestinationIp":"172.31.47.23","Image":"C:\\Windows\\System32\\svchost.exe","DestinationPort":"3389","ProcessId":"824","Protocol":"tcp","SourcePort":"56492","User":"NT AUTHORITY\\NETWORK SERVICE","Initiated":"false","ProcessGuid":"{87a71a6b-54ec-5ebe-1300-00000000b000}"}
{"SourcePortName":"-","SourceIp":"194.61.54.18","UtcTime":"2020-05-18 09:49:14.882","DestinationPortName":"ms-wbt-server","RuleName":"RDP","SourceIsIpv6":"false","SourceHostname":"-","DestinationHostname":"EC2AMAZ-V0GPI6G.eu-central-1.compute.internal","DestinationIsIpv6":"false","DestinationIp":"172.31.47.23","Image":"C:\\Windows\\System32\\svchost.exe","DestinationPort":"3389","ProcessId":"824","Protocol":"tcp","SourcePort":"55261","User":"NT AUTHORITY\\NETWORK SERVICE","Initiated":"false","ProcessGuid":"{87a71a6b-54ec-5ebe-1300-00000000b000}"}
{"UtcTime":"2020-05-18 09:49:20.669","TerminalSessionId":"0","Company":"-","ParentImage":"C:\\Windows\\System32\\OpenSSH\\sshd.exe","Image":"C:\\Windows\\System32\\OpenSSH\\sshd.exe","ParentProcessId":"1820","FileVersion":"7.7.2.2","LogonGuid":"{87a71a6b-54eb-5ebe-e703-000000000000}","ProcessId":"3748","CommandLine":"\"C:\\Windows\\System32\\OpenSSH\\sshd.exe\" \"-R\"","ParentCommandLine":"C:\\Windows\\System32\\OpenSSH\\sshd.exe","LogonId":"0x3e7","ProcessGuid":"{87a71a6b-5a20-5ec2-e951-01000000b000}","OriginalFileName":"-","RuleName":"-","Description":"-","IntegrityLevel":"System","ParentProcessGuid":"{87a71a6b-54ee-5ebe-2700-00000000b000}","Product":"OpenSSH for Windows","User":"NT AUTHORITY\\SYSTEM","Hashes":"MD5=72789836EEA643C23CD87732B8535E7E,SHA256=731E8034CB953ABCD0FC86400AD55113EFA302F77D276213198A76065601576B,IMPHASH=27DE371E1DAE125BC04CC09552C72D87","CurrentDirectory":"C:\\"}
{"SourceIp":"185.209.0.106","DestinationPortName":"ms-wbt-server","SourcePortName":"-","UtcTime":"2020-05-18 09:49:15.655","RuleName":"RDP","SourceIsIpv6":"false","SourceHostname":"-","DestinationHostname":"EC2AMAZ-V0GPI6G.eu-central-1.compute.internal","DestinationIsIpv6":"false","Image":"C:\\Windows\\System32\\svchost.exe","DestinationIp":"172.31.47.23","DestinationPort":"3389","ProcessId":"824","Protocol":"tcp","SourcePort":"50983","User":"NT AUTHORITY\\NETWORK SERVICE","Initiated":"false","ProcessGuid":"{87a71a6b-54ec-5ebe-1300-00000000b000}"}
{"SourcePortName":"-","DestinationPortName":"ssh","SourceIp":"222.190.130.62","UtcTime":"2020-05-18 09:49:16.123","RuleName":"SSH","SourceHostname":"-","SourceIsIpv6":"false","DestinationHostname":"EC2AMAZ-V0GPI6G.eu-central-1.compute.internal","DestinationIsIpv6":"false","Image":"C:\\Windows\\System32\\OpenSSH\\sshd.exe","DestinationIp":"172.31.47.23","DestinationPort":"22","ProcessId":"1820","Protocol":"tcp","SourcePort":"44836","User":"NT AUTHORITY\\SYSTEM","Initiated":"false","ProcessGuid":"{87a71a6b-54ee-5ebe-2700-00000000b000}"}
{"UtcTime":"2020-05-18 09:49:21.877","TerminalSessionId":"0","Company":"-","ParentImage":"C:\\Windows\\System32\\OpenSSH\\sshd.exe","Image":"C:\\Windows\\System32\\OpenSSH\\sshd.exe","FileVersion":"7.7.2.2","ParentProcessId":"3748","LogonGuid":"{87a71a6b-5a21-5ec2-4424-8b0700000000}","CommandLine":"\"C:\\Windows\\System32\\OpenSSH\\sshd.exe\" \"-y\"","ProcessId":"3136","ParentCommandLine":"\"C:\\Windows\\System32\\OpenSSH\\sshd.exe\" \"-R\"","LogonId":"0x78b2444","ProcessGuid":"{87a71a6b-5a21-5ec2-eb51-01000000b000}","OriginalFileName":"-","RuleName":"-","Description":"-","IntegrityLevel":"High","ParentProcessGuid":"{87a71a6b-5a20-5ec2-e951-01000000b000}","Product":"OpenSSH for Windows","User":"VIRTUAL USERS\\sshd_3748","Hashes":"MD5=72789836EEA643C23CD87732B8535E7E,SHA256=731E8034CB953ABCD0FC86400AD55113EFA302F77D276213198A76065601576B,IMPHASH=27DE371E1DAE125BC04CC09552C72D87","CurrentDirectory":"C:\\"}
{"UtcTime":"2020-05-18 09:49:17.496","DestinationPortName":"ms-wbt-server","SourceIp":"47.51.87.246","SourcePortName":"-","RuleName":"RDP","SourceHostname":"047-051-087-246.biz.spectrum.com","SourceIsIpv6":"false","DestinationHostname":"EC2AMAZ-V0GPI6G.eu-central-1.compute.internal","DestinationIsIpv6":"false","Image":"C:\\Windows\\System32\\svchost.exe","DestinationIp":"172.31.47.23","DestinationPort":"3389","ProcessId":"824","Protocol":"tcp","SourcePort":"60787","User":"NT AUTHORITY\\NETWORK SERVICE","Initiated":"false","ProcessGuid":"{87a71a6b-54ec-5ebe-1300-00000000b000}"}
{"UtcTime":"2020-05-18 09:49:24.337","TerminalSessionId":"0","Company":"-","ParentImage":"C:\\Windows\\System32\\OpenSSH\\sshd.exe","Image":"C:\\Windows\\System32\\OpenSSH\\sshd.exe","ParentProcessId":"1820","FileVersion":"7.7.2.2","LogonGuid":"{87a71a6b-54eb-5ebe-e703-000000000000}","ProcessId":"3900","CommandLine":"\"C:\\Windows\\System32\\OpenSSH\\sshd.exe\" \"-R\"","ParentCommandLine":"C:\\Windows\\System32\\OpenSSH\\sshd.exe","LogonId":"0x3e7","ProcessGuid":"{87a71a6b-5a24-5ec2-ec51-01000000b000}","OriginalFileName":"-","RuleName":"-","Description":"-","IntegrityLevel":"System","ParentProcessGuid":"{87a71a6b-54ee-5ebe-2700-00000000b000}","Product":"OpenSSH for Windows","CurrentDirectory":"C:\\","Hashes":"MD5=72789836EEA643C23CD87732B8535E7E,SHA256=731E8034CB953ABCD0FC86400AD55113EFA302F77D276213198A76065601576B,IMPHASH=27DE371E1DAE125BC04CC09552C72D87","User":"NT AUTHORITY\\SYSTEM"}
{"SourcePortName":"-","SourceIp":"140.246.32.143","DestinationPortName":"ssh","UtcTime":"2020-05-18 09:49:19.790","RuleName":"SSH","SourceIsIpv6":"false","SourceHostname":"-","DestinationHostname":"EC2AMAZ-V0GPI6G.eu-central-1.compute.internal","DestinationIsIpv6":"false","Image":"C:\\Windows\\System32\\OpenSSH\\sshd.exe","DestinationIp":"172.31.47.23","DestinationPort":"22","ProcessId":"1820","Protocol":"tcp","SourcePort":"50158","User":"NT AUTHORITY\\SYSTEM","Initiated":"false","ProcessGuid":"{87a71a6b-54ee-5ebe-2700-00000000b000}"}
{"UtcTime":"2020-05-18 09:49:25.563","TerminalSessionId":"0","Company":"-","ParentImage":"C:\\Windows\\System32\\OpenSSH\\sshd.exe","Image":"C:\\Windows\\System32\\OpenSSH\\sshd.exe","FileVersion":"7.7.2.2","ParentProcessId":"3900","LogonGuid":"{87a71a6b-5a25-5ec2-f42d-8b0700000000}","ProcessId":"3672","CommandLine":"\"C:\\Windows\\System32\\OpenSSH\\sshd.exe\" \"-y\"","ParentCommandLine":"\"C:\\Windows\\System32\\OpenSSH\\sshd.exe\" \"-R\"","LogonId":"0x78b2df4","ProcessGuid":"{87a71a6b-5a25-5ec2-ee51-01000000b000}","OriginalFileName":"-","RuleName":"-","Description":"-","IntegrityLevel":"High","ParentProcessGuid":"{87a71a6b-5a24-5ec2-ec51-01000000b000}","Product":"OpenSSH for Windows","CurrentDirectory":"C:\\","Hashes":"MD5=72789836EEA643C23CD87732B8535E7E,SHA256=731E8034CB953ABCD0FC86400AD55113EFA302F77D276213198A76065601576B,IMPHASH=27DE371E1DAE125BC04CC09552C72D87","User":"VIRTUAL USERS\\sshd_3900"}
{"SourceIp":"87.251.75.211","DestinationPortName":"ms-wbt-server","SourcePortName":"-","UtcTime":"2020-05-18 09:49:20.125","RuleName":"RDP","SourceIsIpv6":"false","SourceHostname":"-","DestinationHostname":"EC2AMAZ-V0GPI6G.eu-central-1.compute.internal","DestinationIsIpv6":"false","DestinationIp":"172.31.47.23","Image":"C:\\Windows\\System32\\svchost.exe","DestinationPort":"3389","ProcessId":"824","Protocol":"tcp","SourcePort":"43355","User":"NT AUTHORITY\\NETWORK SERVICE","Initiated":"false","ProcessGuid":"{87a71a6b-54ec-5ebe-1300-00000000b000}"}
{"UtcTime":"2020-05-18 09:49:29.023","TerminalSessionId":"0","Company":"-","ParentImage":"C:\\Windows\\System32\\OpenSSH\\sshd.exe","Image":"C:\\Windows\\System32\\OpenSSH\\sshd.exe","ParentProcessId":"1820","FileVersion":"7.7.2.2","LogonGuid":"{87a71a6b-54eb-5ebe-e703-000000000000}","ProcessId":"2728","CommandLine":"\"C:\\Windows\\System32\\OpenSSH\\sshd.exe\" \"-R\"","ParentCommandLine":"C:\\Windows\\System32\\OpenSSH\\sshd.exe","LogonId":"0x3e7","ProcessGuid":"{87a71a6b-5a29-5ec2-ef51-01000000b000}","OriginalFileName":"-","RuleName":"-","Description":"-","IntegrityLevel":"System","ParentProcessGuid":"{87a71a6b-54ee-5ebe-2700-00000000b000}","Product":"OpenSSH for Windows","User":"NT AUTHORITY\\SYSTEM","CurrentDirectory":"C:\\","Hashes":"MD5=72789836EEA643C23CD87732B8535E7E,SHA256=731E8034CB953ABCD0FC86400AD55113EFA302F77D276213198A76065601576B,IMPHASH=27DE371E1DAE125BC04CC09552C72D87"}
{"UtcTime":"2020-05-18 09:49:29.106","TerminalSessionId":"0","Company":"-","ParentImage":"C:\\Windows\\System32\\OpenSSH\\sshd.exe","Image":"C:\\Windows\\System32\\OpenSSH\\sshd.exe","ParentProcessId":"2728","FileVersion":"7.7.2.2","LogonGuid":"{87a71a6b-5a29-5ec2-3637-8b0700000000}","CommandLine":"\"C:\\Windows\\System32\\OpenSSH\\sshd.exe\" \"-y\"","ProcessId":"4952","ParentCommandLine":"\"C:\\Windows\\System32\\OpenSSH\\sshd.exe\" \"-R\"","LogonId":"0x78b3736","ProcessGuid":"{87a71a6b-5a29-5ec2-f151-01000000b000}","OriginalFileName":"-","RuleName":"-","Description":"-","IntegrityLevel":"High","ParentProcessGuid":"{87a71a6b-5a29-5ec2-ef51-01000000b000}","Product":"OpenSSH for Windows","User":"S-1-5-111-3847866527-469524349-687026318-516638107-1125189541-2728","CurrentDirectory":"C:\\","Hashes":"MD5=72789836EEA643C23CD87732B8535E7E,SHA256=731E8034CB953ABCD0FC86400AD55113EFA302F77D276213198A76065601576B,IMPHASH=27DE371E1DAE125BC04CC09552C72D87"}
{"SourcePortName":"-","UtcTime":"2020-05-18 09:49:24.046","SourceIp":"185.209.0.117","DestinationPortName":"ms-wbt-server","RuleName":"RDP","SourceIsIpv6":"false","SourceHostname":"-","DestinationHostname":"EC2AMAZ-V0GPI6G.eu-central-1.compute.internal","DestinationIsIpv6":"false","DestinationIp":"172.31.47.23","Image":"C:\\Windows\\System32\\svchost.exe","DestinationPort":"3389","ProcessId":"824","Protocol":"tcp","SourcePort":"53764","User":"NT AUTHORITY\\NETWORK SERVICE","Initiated":"false","ProcessGuid":"{87a71a6b-54ec-5ebe-1300-00000000b000}"}
{"SourceIp":"217.182.23.55","DestinationPortName":"ssh","UtcTime":"2020-05-18 09:49:24.476","SourcePortName":"-","RuleName":"SSH","SourceHostname":"ip55.ip-217-182-23.eu","SourceIsIpv6":"false","DestinationHostname":"EC2AMAZ-V0GPI6G.eu-central-1.compute.internal","DestinationIsIpv6":"false","DestinationIp":"172.31.47.23","Image":"C:\\Windows\\System32\\OpenSSH\\sshd.exe","DestinationPort":"22","ProcessId":"1820","Protocol":"tcp","SourcePort":"32776","User":"NT AUTHORITY\\SYSTEM","Initiated":"false","ProcessGuid":"{87a71a6b-54ee-5ebe-2700-00000000b000}"}
{"UtcTime":"2020-05-18 09:49:31.446","TerminalSessionId":"0","Company":"-","ParentImage":"C:\\Windows\\System32\\OpenSSH\\sshd.exe","Image":"C:\\Windows\\System32\\OpenSSH\\sshd.exe","ParentProcessId":"1820","FileVersion":"7.7.2.2","LogonGuid":"{87a71a6b-54eb-5ebe-e703-000000000000}","ProcessId":"3804","CommandLine":"\"C:\\Windows\\System32\\OpenSSH\\sshd.exe\" \"-R\"","ParentCommandLine":"C:\\Windows\\System32\\OpenSSH\\sshd.exe","LogonId":"0x3e7","ProcessGuid":"{87a71a6b-5a2b-5ec2-f251-01000000b000}","OriginalFileName":"-","RuleName":"-","Description":"-","IntegrityLevel":"System","ParentProcessGuid":"{87a71a6b-54ee-5ebe-2700-00000000b000}","Product":"OpenSSH for Windows","User":"NT AUTHORITY\\SYSTEM","CurrentDirectory":"C:\\","Hashes":"MD5=72789836EEA643C23CD87732B8535E7E,SHA256=731E8034CB953ABCD0FC86400AD55113EFA302F77D276213198A76065601576B,IMPHASH=27DE371E1DAE125BC04CC09552C72D87"}
{"UtcTime":"2020-05-18 09:49:31.695","TerminalSessionId":"0","Company":"-","ParentImage":"C:\\Windows\\System32\\OpenSSH\\sshd.exe","Image":"C:\\Windows\\System32\\OpenSSH\\sshd.exe","FileVersion":"7.7.2.2","ParentProcessId":"3804","LogonGuid":"{87a71a6b-5a2b-5ec2-be40-8b0700000000}","CommandLine":"\"C:\\Windows\\System32\\OpenSSH\\sshd.exe\" \"-y\"","ProcessId":"3528","ParentCommandLine":"\"C:\\Windows\\System32\\OpenSSH\\sshd.exe\" \"-R\"","LogonId":"0x78b40be","ProcessGuid":"{87a71a6b-5a2b-5ec2-f451-01000000b000}","OriginalFileName":"-","RuleName":"-","Description":"-","IntegrityLevel":"High","ParentProcessGuid":"{87a71a6b-5a2b-5ec2-f251-01000000b000}","Product":"OpenSSH for Windows","CurrentDirectory":"C:\\","Hashes":"MD5=72789836EEA643C23CD87732B8535E7E,SHA256=731E8034CB953ABCD0FC86400AD55113EFA302F77D276213198A76065601576B,IMPHASH=27DE371E1DAE125BC04CC09552C72D87","User":"S-1-5-111-3847866527-469524349-687026318-516638107-1125189541-3804"}
{"SourceIp":"194.61.54.202","SourcePortName":"-","DestinationPortName":"ms-wbt-server","UtcTime":"2020-05-18 09:49:26.587","RuleName":"RDP","SourceHostname":"-","SourceIsIpv6":"false","DestinationHostname":"EC2AMAZ-V0GPI6G.eu-central-1.compute.internal","DestinationIsIpv6":"false","Image":"C:\\Windows\\System32\\svchost.exe","DestinationIp":"172.31.47.23","DestinationPort":"3389","ProcessId":"824","Protocol":"tcp","SourcePort":"4332","User":"NT AUTHORITY\\NETWORK SERVICE","Initiated":"false","ProcessGuid":"{87a71a6b-54ec-5ebe-1300-00000000b000}"}
{"SourceIp":"194.61.54.34","DestinationPortName":"ms-wbt-server","UtcTime":"2020-05-18 09:49:26.731","SourcePortName":"-","RuleName":"RDP","SourceIsIpv6":"false","SourceHostname":"-","DestinationHostname":"EC2AMAZ-V0GPI6G.eu-central-1.compute.internal","DestinationIsIpv6":"false","Image":"C:\\Windows\\System32\\svchost.exe","DestinationIp":"172.31.47.23","DestinationPort":"3389","ProcessId":"824","Protocol":"tcp","SourcePort":"65270","User":"NT AUTHORITY\\NETWORK SERVICE","Initiated":"false","ProcessGuid":"{87a71a6b-54ec-5ebe-1300-00000000b000}"}
{"SourceIp":"194.61.54.88","SourcePortName":"-","DestinationPortName":"ms-wbt-server","UtcTime":"2020-05-18 09:51:08.036","RuleName":"RDP","SourceIsIpv6":"false","SourceHostname":"-","DestinationHostname":"EC2AMAZ-V0GPI6G.eu-central-1.compute.internal","DestinationIsIpv6":"false","Image":"C:\\Windows\\System32\\svchost.exe","DestinationIp":"172.31.47.23","DestinationPort":"3389","ProcessId":"824","Protocol":"tcp","SourcePort":"25407","User":"NT AUTHORITY\\NETWORK SERVICE","Initiated":"false","ProcessGuid":"{87a71a6b-54ec-5ebe-1300-00000000b000}"}
{"SourceIp":"185.202.2.106","SourcePortName":"-","UtcTime":"2020-05-18 09:51:09.394","DestinationPortName":"ms-wbt-server","RuleName":"RDP","SourceIsIpv6":"false","SourceHostname":"-","DestinationHostname":"EC2AMAZ-V0GPI6G.eu-central-1.compute.internal","DestinationIsIpv6":"false","Image":"C:\\Windows\\System32\\svchost.exe","DestinationIp":"172.31.47.23","DestinationPort":"3389","ProcessId":"824","Protocol":"tcp","SourcePort":"33253","User":"NT AUTHORITY\\NETWORK SERVICE","Initiated":"false","ProcessGuid":"{87a71a6b-54ec-5ebe-1300-00000000b000}"}
{"UtcTime":"2020-05-18 09:51:09.430","DestinationPortName":"ms-wbt-server","SourcePortName":"-","SourceIp":"185.202.2.104","RuleName":"RDP","SourceHostname":"-","SourceIsIpv6":"false","DestinationHostname":"EC2AMAZ-V0GPI6G.eu-central-1.compute.internal","DestinationIsIpv6":"false","Image":"C:\\Windows\\System32\\svchost.exe","DestinationIp":"172.31.47.23","DestinationPort":"3389","ProcessId":"824","Protocol":"tcp","SourcePort":"51454","User":"NT AUTHORITY\\NETWORK SERVICE","Initiated":"false","ProcessGuid":"{87a71a6b-54ec-5ebe-1300-00000000b000}"}
{"SourcePortName":"-","UtcTime":"2020-05-18 09:51:09.912","SourceIp":"194.61.54.29","DestinationPortName":"ms-wbt-server","RuleName":"RDP","SourceIsIpv6":"false","SourceHostname":"-","DestinationHostname":"EC2AMAZ-V0GPI6G.eu-central-1.compute.internal","DestinationIsIpv6":"false","DestinationIp":"172.31.47.23","Image":"C:\\Windows\\System32\\svchost.exe","DestinationPort":"3389","ProcessId":"824","Protocol":"tcp","SourcePort":"61384","User":"NT AUTHORITY\\NETWORK SERVICE","Initiated":"false","ProcessGuid":"{87a71a6b-54ec-5ebe-1300-00000000b000}"}
{"SourceIp":"151.253.118.177","DestinationPortName":"ms-wbt-server","SourcePortName":"-","UtcTime":"2020-05-18 09:51:10.370","RuleName":"RDP","SourceIsIpv6":"false","SourceHostname":"-","DestinationHostname":"EC2AMAZ-V0GPI6G.eu-central-1.compute.internal","DestinationIsIpv6":"false","DestinationIp":"172.31.47.23","Image":"C:\\Windows\\System32\\svchost.exe","DestinationPort":"3389","ProcessId":"824","Protocol":"tcp","SourcePort":"38947","User":"NT AUTHORITY\\NETWORK SERVICE","Initiated":"false","ProcessGuid":"{87a71a6b-54ec-5ebe-1300-00000000b000}"}
{"SourcePortName":"-","SourceIp":"194.61.54.35","DestinationPortName":"ms-wbt-server","UtcTime":"2020-05-18 09:51:12.911","RuleName":"RDP","SourceIsIpv6":"false","SourceHostname":"-","DestinationHostname":"EC2AMAZ-V0GPI6G.eu-central-1.compute.internal","DestinationIsIpv6":"false","DestinationIp":"172.31.47.23","Image":"C:\\Windows\\System32\\svchost.exe","DestinationPort":"3389","ProcessId":"824","Protocol":"tcp","SourcePort":"57953","User":"NT AUTHORITY\\NETWORK SERVICE","Initiated":"false","ProcessGuid":"{87a71a6b-54ec-5ebe-1300-00000000b000}"}
{"UtcTime":"2020-05-18 09:51:12.999","SourceIp":"185.202.2.88","DestinationPortName":"ms-wbt-server","SourcePortName":"-","RuleName":"RDP","SourceHostname":"-","SourceIsIpv6":"false","DestinationHostname":"EC2AMAZ-V0GPI6G.eu-central-1.compute.internal","DestinationIsIpv6":"false","Image":"C:\\Windows\\System32\\svchost.exe","DestinationIp":"172.31.47.23","DestinationPort":"3389","ProcessId":"824","Protocol":"tcp","SourcePort":"6275","User":"NT AUTHORITY\\NETWORK SERVICE","Initiated":"false","ProcessGuid":"{87a71a6b-54ec-5ebe-1300-00000000b000}"}
{"SourcePortName":"-","UtcTime":"2020-05-18 09:51:13.297","SourceIp":"92.63.194.75","DestinationPortName":"ms-wbt-server","RuleName":"RDP","SourceIsIpv6":"false","SourceHostname":"-","DestinationHostname":"EC2AMAZ-V0GPI6G.eu-central-1.compute.internal","DestinationIsIpv6":"false","DestinationIp":"172.31.47.23","Image":"C:\\Windows\\System32\\svchost.exe","DestinationPort":"3389","ProcessId":"824","Protocol":"tcp","SourcePort":"55144","User":"NT AUTHORITY\\NETWORK SERVICE","Initiated":"false","ProcessGuid":"{87a71a6b-54ec-5ebe-1300-00000000b000}"}
{"SourceIp":"87.251.75.253","UtcTime":"2020-05-18 09:51:13.333","SourcePortName":"-","DestinationPortName":"ms-wbt-server","RuleName":"RDP","SourceIsIpv6":"false","SourceHostname":"-","DestinationHostname":"EC2AMAZ-V0GPI6G.eu-central-1.compute.internal","DestinationIsIpv6":"false","Image":"C:\\Windows\\System32\\svchost.exe","DestinationIp":"172.31.47.23","DestinationPort":"3389","ProcessId":"824","Protocol":"tcp","SourcePort":"57058","User":"NT AUTHORITY\\NETWORK SERVICE","Initiated":"false","ProcessGuid":"{87a71a6b-54ec-5ebe-1300-00000000b000}"}
{"SourceIp":"194.61.54.202","UtcTime":"2020-05-18 09:51:15.363","SourcePortName":"-","DestinationPortName":"ms-wbt-server","RuleName":"RDP","SourceHostname":"-","SourceIsIpv6":"false","DestinationHostname":"EC2AMAZ-V0GPI6G.eu-central-1.compute.internal","DestinationIsIpv6":"false","DestinationIp":"172.31.47.23","Image":"C:\\Windows\\System32\\svchost.exe","DestinationPort":"3389","ProcessId":"824","Protocol":"tcp","SourcePort":"15656","User":"NT AUTHORITY\\NETWORK SERVICE","Initiated":"false","ProcessGuid":"{87a71a6b-54ec-5ebe-1300-00000000b000}"}
{"SourceIp":"51.91.69.20","UtcTime":"2020-05-18 09:51:16.489","SourcePortName":"-","DestinationPortName":"ms-wbt-server","RuleName":"RDP","SourceHostname":"ns61208963.ip-51-91-69.eu","SourceIsIpv6":"false","DestinationHostname":"EC2AMAZ-V0GPI6G.eu-central-1.compute.internal","DestinationIsIpv6":"false","DestinationIp":"172.31.47.23","Image":"C:\\Windows\\System32\\svchost.exe","DestinationPort":"3389","ProcessId":"824","Protocol":"tcp","SourcePort":"50533","User":"NT AUTHORITY\\NETWORK SERVICE","Initiated":"false","ProcessGuid":"{87a71a6b-54ec-5ebe-1300-00000000b000}"}
{"SourceIp":"185.209.0.113","UtcTime":"2020-05-18 09:51:16.719","DestinationPortName":"ms-wbt-server","SourcePortName":"-","RuleName":"RDP","SourceIsIpv6":"false","SourceHostname":"-","DestinationHostname":"EC2AMAZ-V0GPI6G.eu-central-1.compute.internal","DestinationIsIpv6":"false","Image":"C:\\Windows\\System32\\svchost.exe","DestinationIp":"172.31.47.23","DestinationPort":"3389","ProcessId":"824","Protocol":"tcp","SourcePort":"60987","User":"NT AUTHORITY\\NETWORK SERVICE","Initiated":"false","ProcessGuid":"{87a71a6b-54ec-5ebe-1300-00000000b000}"}
{"SourcePortName":"-","DestinationPortName":"ms-wbt-server","UtcTime":"2020-05-18 09:51:17.098","SourceIp":"194.61.54.31","RuleName":"RDP","SourceHostname":"-","SourceIsIpv6":"false","DestinationHostname":"EC2AMAZ-V0GPI6G.eu-central-1.compute.internal","DestinationIsIpv6":"false","DestinationIp":"172.31.47.23","Image":"C:\\Windows\\System32\\svchost.exe","DestinationPort":"3389","ProcessId":"824","Protocol":"tcp","SourcePort":"64555","User":"NT AUTHORITY\\NETWORK SERVICE","Initiated":"false","ProcessGuid":"{87a71a6b-54ec-5ebe-1300-00000000b000}"}
{"SourceIp":"92.63.194.74","UtcTime":"2020-05-18 09:51:18.086","DestinationPortName":"ms-wbt-server","SourcePortName":"-","RuleName":"RDP","SourceHostname":"-","SourceIsIpv6":"false","DestinationHostname":"EC2AMAZ-V0GPI6G.eu-central-1.compute.internal","DestinationIsIpv6":"false","DestinationIp":"172.31.47.23","Image":"C:\\Windows\\System32\\svchost.exe","DestinationPort":"3389","ProcessId":"824","Protocol":"tcp","SourcePort":"14661","User":"NT AUTHORITY\\NETWORK SERVICE","Initiated":"false","ProcessGuid":"{87a71a6b-54ec-5ebe-1300-00000000b000}"}
{"SourcePortName":"-","UtcTime":"2020-05-18 09:51:18.154","SourceIp":"194.61.55.156","DestinationPortName":"ms-wbt-server","RuleName":"RDP","SourceIsIpv6":"false","SourceHostname":"-","DestinationHostname":"EC2AMAZ-V0GPI6G.eu-central-1.compute.internal","DestinationIsIpv6":"false","DestinationIp":"172.31.47.23","Image":"C:\\Windows\\System32\\svchost.exe","DestinationPort":"3389","ProcessId":"824","Protocol":"tcp","SourcePort":"2712","User":"NT AUTHORITY\\NETWORK SERVICE","Initiated":"false","ProcessGuid":"{87a71a6b-54ec-5ebe-1300-00000000b000}"}
{"SourcePortName":"-","UtcTime":"2020-05-18 09:51:18.261","DestinationPortName":"ms-wbt-server","SourceIp":"87.251.75.211","RuleName":"RDP","SourceIsIpv6":"false","SourceHostname":"-","DestinationHostname":"EC2AMAZ-V0GPI6G.eu-central-1.compute.internal","DestinationIsIpv6":"false","DestinationIp":"172.31.47.23","Image":"C:\\Windows\\System32\\svchost.exe","DestinationPort":"3389","ProcessId":"824","Protocol":"tcp","SourcePort":"27548","User":"NT AUTHORITY\\NETWORK SERVICE","Initiated":"false","ProcessGuid":"{87a71a6b-54ec-5ebe-1300-00000000b000}"}
{"UtcTime":"2020-05-18 09:51:27.259","TerminalSessionId":"0","Company":"-","ParentImage":"C:\\Windows\\System32\\OpenSSH\\sshd.exe","Image":"C:\\Windows\\System32\\OpenSSH\\sshd.exe","ParentProcessId":"1820","FileVersion":"7.7.2.2","LogonGuid":"{87a71a6b-54eb-5ebe-e703-000000000000}","ProcessId":"3800","CommandLine":"\"C:\\Windows\\System32\\OpenSSH\\sshd.exe\" \"-R\"","ParentCommandLine":"C:\\Windows\\System32\\OpenSSH\\sshd.exe","LogonId":"0x3e7","ProcessGuid":"{87a71a6b-5a9f-5ec2-1f52-01000000b000}","OriginalFileName":"-","RuleName":"-","Description":"-","IntegrityLevel":"System","ParentProcessGuid":"{87a71a6b-54ee-5ebe-2700-00000000b000}","Product":"OpenSSH for Windows","User":"NT AUTHORITY\\SYSTEM","CurrentDirectory":"C:\\","Hashes":"MD5=72789836EEA643C23CD87732B8535E7E,SHA256=731E8034CB953ABCD0FC86400AD55113EFA302F77D276213198A76065601576B,IMPHASH=27DE371E1DAE125BC04CC09552C72D87"}
{"SourceIp":"185.209.0.117","DestinationPortName":"ms-wbt-server","SourcePortName":"-","UtcTime":"2020-05-18 09:51:22.657","RuleName":"RDP","SourceHostname":"-","SourceIsIpv6":"false","DestinationHostname":"EC2AMAZ-V0GPI6G.eu-central-1.compute.internal","DestinationIsIpv6":"false","Image":"C:\\Windows\\System32\\svchost.exe","DestinationIp":"172.31.47.23","DestinationPort":"3389","ProcessId":"824","Protocol":"tcp","SourcePort":"50201","User":"NT AUTHORITY\\NETWORK SERVICE","Initiated":"false","ProcessGuid":"{87a71a6b-54ec-5ebe-1300-00000000b000}"}
{"SourceIp":"87.251.74.50","DestinationPortName":"ssh","SourcePortName":"-","UtcTime":"2020-05-18 09:51:22.711","RuleName":"SSH","SourceIsIpv6":"false","SourceHostname":"-","DestinationHostname":"EC2AMAZ-V0GPI6G.eu-central-1.compute.internal","DestinationIsIpv6":"false","Image":"C:\\Windows\\System32\\OpenSSH\\sshd.exe","DestinationIp":"172.31.47.23","DestinationPort":"22","ProcessId":"1820","Protocol":"tcp","SourcePort":"43612","User":"NT AUTHORITY\\SYSTEM","Initiated":"false","ProcessGuid":"{87a71a6b-54ee-5ebe-2700-00000000b000}"}
{"UtcTime":"2020-05-18 09:51:22.786","DestinationPortName":"ms-wbt-server","SourceIp":"194.61.54.28","SourcePortName":"-","RuleName":"RDP","SourceIsIpv6":"false","SourceHostname":"-","DestinationHostname":"EC2AMAZ-V0GPI6G.eu-central-1.compute.internal","DestinationIsIpv6":"false","Image":"C:\\Windows\\System32\\svchost.exe","DestinationIp":"172.31.47.23","DestinationPort":"3389","ProcessId":"824","Protocol":"tcp","SourcePort":"63426","User":"NT AUTHORITY\\NETWORK SERVICE","Initiated":"false","ProcessGuid":"{87a71a6b-54ec-5ebe-1300-00000000b000}"}
{"UtcTime":"2020-05-18 09:51:23.941","SourcePortName":"-","DestinationPortName":"ms-wbt-server","SourceIp":"200.21.15.141","RuleName":"RDP","SourceHostname":"-","SourceIsIpv6":"false","DestinationHostname":"EC2AMAZ-V0GPI6G.eu-central-1.compute.internal","DestinationIsIpv6":"false","DestinationIp":"172.31.47.23","Image":"C:\\Windows\\System32\\svchost.exe","DestinationPort":"3389","ProcessId":"824","Protocol":"tcp","SourcePort":"53552","User":"NT AUTHORITY\\NETWORK SERVICE","Initiated":"false","ProcessGuid":"{87a71a6b-54ec-5ebe-1300-00000000b000}"}
{"UtcTime":"2020-05-18 09:51:29.994","TerminalSessionId":"0","Company":"-","ParentImage":"C:\\Windows\\System32\\OpenSSH\\sshd.exe","Image":"C:\\Windows\\System32\\OpenSSH\\sshd.exe","FileVersion":"7.7.2.2","ParentProcessId":"1820","LogonGuid":"{87a71a6b-54eb-5ebe-e703-000000000000}","ProcessId":"2424","CommandLine":"\"C:\\Windows\\System32\\OpenSSH\\sshd.exe\" \"-R\"","ParentCommandLine":"C:\\Windows\\System32\\OpenSSH\\sshd.exe","LogonId":"0x3e7","ProcessGuid":"{87a71a6b-5aa1-5ec2-2152-01000000b000}","OriginalFileName":"-","RuleName":"-","Description":"-","IntegrityLevel":"System","ParentProcessGuid":"{87a71a6b-54ee-5ebe-2700-00000000b000}","Product":"OpenSSH for Windows","CurrentDirectory":"C:\\","User":"NT AUTHORITY\\SYSTEM","Hashes":"MD5=72789836EEA643C23CD87732B8535E7E,SHA256=731E8034CB953ABCD0FC86400AD55113EFA302F77D276213198A76065601576B,IMPHASH=27DE371E1DAE125BC04CC09552C72D87"}
{"UtcTime":"2020-05-18 09:51:30.031","TerminalSessionId":"0","Company":"-","ParentImage":"C:\\Windows\\System32\\OpenSSH\\sshd.exe","Image":"C:\\Windows\\System32\\OpenSSH\\sshd.exe","ParentProcessId":"1820","FileVersion":"7.7.2.2","LogonGuid":"{87a71a6b-54eb-5ebe-e703-000000000000}","CommandLine":"\"C:\\Windows\\System32\\OpenSSH\\sshd.exe\" \"-R\"","ProcessId":"5016","ParentCommandLine":"C:\\Windows\\System32\\OpenSSH\\sshd.exe","LogonId":"0x3e7","ProcessGuid":"{87a71a6b-5aa2-5ec2-2352-01000000b000}","OriginalFileName":"-","RuleName":"-","Description":"-","IntegrityLevel":"System","ParentProcessGuid":"{87a71a6b-54ee-5ebe-2700-00000000b000}","Product":"OpenSSH for Windows","User":"NT AUTHORITY\\SYSTEM","Hashes":"MD5=72789836EEA643C23CD87732B8535E7E,SHA256=731E8034CB953ABCD0FC86400AD55113EFA302F77D276213198A76065601576B,IMPHASH=27DE371E1DAE125BC04CC09552C72D87","CurrentDirectory":"C:\\"}
{"SourceIp":"87.251.74.50","SourcePortName":"-","UtcTime":"2020-05-18 09:51:25.446","DestinationPortName":"ssh","RuleName":"SSH","SourceHostname":"-","SourceIsIpv6":"false","DestinationHostname":"EC2AMAZ-V0GPI6G.eu-central-1.compute.internal","DestinationIsIpv6":"false","Image":"C:\\Windows\\System32\\OpenSSH\\sshd.exe","DestinationIp":"172.31.47.23","DestinationPort":"22","ProcessId":"1820","Protocol":"tcp","SourcePort":"10056","User":"NT AUTHORITY\\SYSTEM","Initiated":"false","ProcessGuid":"{87a71a6b-54ee-5ebe-2700-00000000b000}"}
{"UtcTime":"2020-05-18 09:51:25.461","DestinationPortName":"ssh","SourcePortName":"-","SourceIp":"87.251.74.50","RuleName":"SSH","SourceHostname":"-","SourceIsIpv6":"false","DestinationHostname":"EC2AMAZ-V0GPI6G.eu-central-1.compute.internal","DestinationIsIpv6":"false","Image":"C:\\Windows\\System32\\OpenSSH\\sshd.exe","DestinationIp":"172.31.47.23","DestinationPort":"22","ProcessId":"1820","Protocol":"tcp","SourcePort":"10100","User":"NT AUTHORITY\\SYSTEM","Initiated":"false","ProcessGuid":"{87a71a6b-54ee-5ebe-2700-00000000b000}"}
{"UtcTime":"2020-05-18 09:51:31.282","TerminalSessionId":"0","Company":"-","ParentImage":"C:\\Windows\\System32\\OpenSSH\\sshd.exe","Image":"C:\\Windows\\System32\\OpenSSH\\sshd.exe","ParentProcessId":"2424","FileVersion":"7.7.2.2","LogonGuid":"{87a71a6b-5aa3-5ec2-bb39-8c0700000000}","CommandLine":"\"C:\\Windows\\System32\\OpenSSH\\sshd.exe\" \"-y\"","ProcessId":"1600","ParentCommandLine":"\"C:\\Windows\\System32\\OpenSSH\\sshd.exe\" \"-R\"","LogonId":"0x78c39bb","ProcessGuid":"{87a71a6b-5aa3-5ec2-2552-01000000b000}","OriginalFileName":"-","RuleName":"-","Description":"-","IntegrityLevel":"High","ParentProcessGuid":"{87a71a6b-5aa1-5ec2-2152-01000000b000}","Product":"OpenSSH for Windows","User":"S-1-5-111-3847866527-469524349-687026318-516638107-1125189541-2424","Hashes":"MD5=72789836EEA643C23CD87732B8535E7E,SHA256=731E8034CB953ABCD0FC86400AD55113EFA302F77D276213198A76065601576B,IMPHASH=27DE371E1DAE125BC04CC09552C72D87","CurrentDirectory":"C:\\"}
{"UtcTime":"2020-05-18 09:51:31.356","TerminalSessionId":"0","Company":"-","ParentImage":"C:\\Windows\\System32\\OpenSSH\\sshd.exe","Image":"C:\\Windows\\System32\\OpenSSH\\sshd.exe","ParentProcessId":"5016","FileVersion":"7.7.2.2","LogonGuid":"{87a71a6b-5aa3-5ec2-a63c-8c0700000000}","ProcessId":"2588","CommandLine":"\"C:\\Windows\\System32\\OpenSSH\\sshd.exe\" \"-y\"","ParentCommandLine":"\"C:\\Windows\\System32\\OpenSSH\\sshd.exe\" \"-R\"","LogonId":"0x78c3ca6","ProcessGuid":"{87a71a6b-5aa3-5ec2-2652-01000000b000}","OriginalFileName":"-","RuleName":"-","Description":"-","IntegrityLevel":"High","ParentProcessGuid":"{87a71a6b-5aa2-5ec2-2352-01000000b000}","Product":"OpenSSH for Windows","User":"S-1-5-111-3847866527-469524349-687026318-516638107-1125189541-5016","CurrentDirectory":"C:\\","Hashes":"MD5=72789836EEA643C23CD87732B8535E7E,SHA256=731E8034CB953ABCD0FC86400AD55113EFA302F77D276213198A76065601576B,IMPHASH=27DE371E1DAE125BC04CC09552C72D87"}
{"UtcTime":"2020-05-18 09:51:27.534","SourceIp":"194.61.54.27","SourcePortName":"-","DestinationPortName":"ms-wbt-server","RuleName":"RDP","SourceIsIpv6":"false","SourceHostname":"-","DestinationHostname":"EC2AMAZ-V0GPI6G.eu-central-1.compute.internal","DestinationIsIpv6":"false","Image":"C:\\Windows\\System32\\svchost.exe","DestinationIp":"172.31.47.23","DestinationPort":"3389","ProcessId":"824","Protocol":"tcp","SourcePort":"62736","User":"NT AUTHORITY\\NETWORK SERVICE","Initiated":"false","ProcessGuid":"{87a71a6b-54ec-5ebe-1300-00000000b000}"}
{"UtcTime":"2020-05-18 09:51:27.630","DestinationPortName":"ms-wbt-server","SourcePortName":"-","SourceIp":"194.61.54.32","RuleName":"RDP","SourceIsIpv6":"false","SourceHostname":"-","DestinationHostname":"EC2AMAZ-V0GPI6G.eu-central-1.compute.internal","DestinationIsIpv6":"false","DestinationIp":"172.31.47.23","Image":"C:\\Windows\\System32\\svchost.exe","DestinationPort":"3389","ProcessId":"824","Protocol":"tcp","SourcePort":"65315","User":"NT AUTHORITY\\NETWORK SERVICE","Initiated":"false","ProcessGuid":"{87a71a6b-54ec-5ebe-1300-00000000b000}"}
{"SourcePortName":"-","DestinationPortName":"ms-wbt-server","SourceIp":"185.209.0.116","UtcTime":"2020-05-18 09:51:28.686","RuleName":"RDP","SourceHostname":"-","SourceIsIpv6":"false","DestinationHostname":"EC2AMAZ-V0GPI6G.eu-central-1.compute.internal","DestinationIsIpv6":"false","DestinationIp":"172.31.47.23","Image":"C:\\Windows\\System32\\svchost.exe","DestinationPort":"3389","ProcessId":"824","Protocol":"tcp","SourcePort":"62119","User":"NT AUTHORITY\\NETWORK SERVICE","Initiated":"false","ProcessGuid":"{87a71a6b-54ec-5ebe-1300-00000000b000}"}
{"UtcTime":"2020-05-18 09:51:35.146","TerminalSessionId":"0","Company":"-","ParentImage":"C:\\Windows\\System32\\OpenSSH\\sshd.exe","Image":"C:\\Windows\\System32\\OpenSSH\\sshd.exe","ParentProcessId":"1820","FileVersion":"7.7.2.2","LogonGuid":"{87a71a6b-54eb-5ebe-e703-000000000000}","CommandLine":"\"C:\\Windows\\System32\\OpenSSH\\sshd.exe\" \"-R\"","ProcessId":"3756","ParentCommandLine":"C:\\Windows\\System32\\OpenSSH\\sshd.exe","LogonId":"0x3e7","ProcessGuid":"{87a71a6b-5aa7-5ec2-2752-01000000b000}","OriginalFileName":"-","RuleName":"-","Description":"-","IntegrityLevel":"System","ParentProcessGuid":"{87a71a6b-54ee-5ebe-2700-00000000b000}","Product":"OpenSSH for Windows","User":"NT AUTHORITY\\SYSTEM","Hashes":"MD5=72789836EEA643C23CD87732B8535E7E,SHA256=731E8034CB953ABCD0FC86400AD55113EFA302F77D276213198A76065601576B,IMPHASH=27DE371E1DAE125BC04CC09552C72D87","CurrentDirectory":"C:\\"}
{"UtcTime":"2020-05-18 09:51:35.339","TerminalSessionId":"0","Company":"-","ParentImage":"C:\\Windows\\System32\\OpenSSH\\sshd.exe","Image":"C:\\Windows\\System32\\OpenSSH\\sshd.exe","ParentProcessId":"3756","FileVersion":"7.7.2.2","LogonGuid":"{87a71a6b-5aa7-5ec2-5a47-8c0700000000}","CommandLine":"\"C:\\Windows\\System32\\OpenSSH\\sshd.exe\" \"-y\"","ProcessId":"3876","ParentCommandLine":"\"C:\\Windows\\System32\\OpenSSH\\sshd.exe\" \"-R\"","LogonId":"0x78c475a","ProcessGuid":"{87a71a6b-5aa7-5ec2-2952-01000000b000}","OriginalFileName":"-","RuleName":"-","Description":"-","IntegrityLevel":"High","ParentProcessGuid":"{87a71a6b-5aa7-5ec2-2752-01000000b000}","Product":"OpenSSH for Windows","CurrentDirectory":"C:\\","Hashes":"MD5=72789836EEA643C23CD87732B8535E7E,SHA256=731E8034CB953ABCD0FC86400AD55113EFA302F77D276213198A76065601576B,IMPHASH=27DE371E1DAE125BC04CC09552C72D87","User":"S-1-5-111-3847866527-469524349-687026318-516638107-1125189541-3756"}
{"SourceIp":"65.31.127.80","UtcTime":"2020-05-18 09:51:30.598","DestinationPortName":"ssh","SourcePortName":"-","RuleName":"SSH","SourceHostname":"cpe-65-31-127-80.wi.res.rr.com","SourceIsIpv6":"false","DestinationHostname":"EC2AMAZ-V0GPI6G.eu-central-1.compute.internal","DestinationIsIpv6":"false","DestinationIp":"172.31.47.23","Image":"C:\\Windows\\System32\\OpenSSH\\sshd.exe","DestinationPort":"22","ProcessId":"1820","Protocol":"tcp","SourcePort":"53558","User":"NT AUTHORITY\\SYSTEM","Initiated":"false","ProcessGuid":"{87a71a6b-54ee-5ebe-2700-00000000b000}"}
{"SourceIp":"185.209.0.105","DestinationPortName":"ms-wbt-server","UtcTime":"2020-05-18 09:51:31.445","SourcePortName":"-","RuleName":"RDP","SourceIsIpv6":"false","SourceHostname":"-","DestinationHostname":"EC2AMAZ-V0GPI6G.eu-central-1.compute.internal","DestinationIsIpv6":"false","DestinationIp":"172.31.47.23","Image":"C:\\Windows\\System32\\svchost.exe","DestinationPort":"3389","ProcessId":"824","Protocol":"tcp","SourcePort":"58780","User":"NT AUTHORITY\\NETWORK SERVICE","Initiated":"false","ProcessGuid":"{87a71a6b-54ec-5ebe-1300-00000000b000}"}
{"SourcePortName":"-","DestinationPortName":"ms-wbt-server","SourceIp":"92.63.194.102","UtcTime":"2020-05-18 09:51:31.680","RuleName":"RDP","SourceHostname":"-","SourceIsIpv6":"false","DestinationHostname":"EC2AMAZ-V0GPI6G.eu-central-1.compute.internal","DestinationIsIpv6":"false","Image":"C:\\Windows\\System32\\svchost.exe","DestinationIp":"172.31.47.23","DestinationPort":"3389","ProcessId":"824","Protocol":"tcp","SourcePort":"28797","User":"NT AUTHORITY\\NETWORK SERVICE","Initiated":"false","ProcessGuid":"{87a71a6b-54ec-5ebe-1300-00000000b000}"}
{"SourcePortName":"-","DestinationPortName":"ms-wbt-server","SourceIp":"194.61.54.24","UtcTime":"2020-05-18 09:51:33.376","RuleName":"RDP","SourceIsIpv6":"false","SourceHostname":"-","DestinationHostname":"EC2AMAZ-V0GPI6G.eu-central-1.compute.internal","DestinationIsIpv6":"false","DestinationIp":"172.31.47.23","Image":"C:\\Windows\\System32\\svchost.exe","DestinationPort":"3389","ProcessId":"824","Protocol":"tcp","SourcePort":"60368","User":"NT AUTHORITY\\NETWORK SERVICE","Initiated":"false","ProcessGuid":"{87a71a6b-54ec-5ebe-1300-00000000b000}"}
{"UtcTime":"2020-05-18 09:51:39.506","TerminalSessionId":"0","Company":"-","ParentImage":"C:\\Windows\\System32\\OpenSSH\\sshd.exe","Image":"C:\\Windows\\System32\\OpenSSH\\sshd.exe","ParentProcessId":"1820","FileVersion":"7.7.2.2","LogonGuid":"{87a71a6b-54eb-5ebe-e703-000000000000}","ProcessId":"4788","CommandLine":"\"C:\\Windows\\System32\\OpenSSH\\sshd.exe\" \"-R\"","ParentCommandLine":"C:\\Windows\\System32\\OpenSSH\\sshd.exe","LogonId":"0x3e7","ProcessGuid":"{87a71a6b-5aab-5ec2-2a52-01000000b000}","OriginalFileName":"-","RuleName":"-","Description":"-","IntegrityLevel":"System","ParentProcessGuid":"{87a71a6b-54ee-5ebe-2700-00000000b000}","Product":"OpenSSH for Windows","CurrentDirectory":"C:\\","Hashes":"MD5=72789836EEA643C23CD87732B8535E7E,SHA256=731E8034CB953ABCD0FC86400AD55113EFA302F77D276213198A76065601576B,IMPHASH=27DE371E1DAE125BC04CC09552C72D87","User":"NT AUTHORITY\\SYSTEM"}
{"SourcePortName":"-","UtcTime":"2020-05-18 09:51:34.191","DestinationPortName":"ms-wbt-server","SourceIp":"185.209.0.105","RuleName":"RDP","SourceHostname":"-","SourceIsIpv6":"false","DestinationHostname":"EC2AMAZ-V0GPI6G.eu-central-1.compute.internal","DestinationIsIpv6":"false","Image":"C:\\Windows\\System32\\svchost.exe","DestinationIp":"172.31.47.23","DestinationPort":"3389","ProcessId":"824","Protocol":"tcp","SourcePort":"64646","User":"NT AUTHORITY\\NETWORK SERVICE","Initiated":"false","ProcessGuid":"{87a71a6b-54ec-5ebe-1300-00000000b000}"}
{"UtcTime":"2020-05-18 09:51:39.918","TerminalSessionId":"0","Company":"-","ParentImage":"C:\\Windows\\System32\\OpenSSH\\sshd.exe","Image":"C:\\Windows\\System32\\OpenSSH\\sshd.exe","FileVersion":"7.7.2.2","ParentProcessId":"4788","LogonGuid":"{87a71a6b-5aab-5ec2-9752-8c0700000000}","CommandLine":"\"C:\\Windows\\System32\\OpenSSH\\sshd.exe\" \"-y\"","ProcessId":"3164","ParentCommandLine":"\"C:\\Windows\\System32\\OpenSSH\\sshd.exe\" \"-R\"","LogonId":"0x78c5297","ProcessGuid":"{87a71a6b-5aab-5ec2-2c52-01000000b000}","OriginalFileName":"-","RuleName":"-","Description":"-","IntegrityLevel":"High","ParentProcessGuid":"{87a71a6b-5aab-5ec2-2a52-01000000b000}","Product":"OpenSSH for Windows","User":"S-1-5-111-3847866527-469524349-687026318-516638107-1125189541-4788","Hashes":"MD5=72789836EEA643C23CD87732B8535E7E,SHA256=731E8034CB953ABCD0FC86400AD55113EFA302F77D276213198A76065601576B,IMPHASH=27DE371E1DAE125BC04CC09552C72D87","CurrentDirectory":"C:\\"}
{"SourcePortName":"-","UtcTime":"2020-05-18 09:51:34.958","DestinationPortName":"ssh","SourceIp":"87.251.74.50","RuleName":"SSH","SourceHostname":"-","SourceIsIpv6":"false","DestinationHostname":"EC2AMAZ-V0GPI6G.eu-central-1.compute.internal","DestinationIsIpv6":"false","Image":"C:\\Windows\\System32\\OpenSSH\\sshd.exe","DestinationIp":"172.31.47.23","DestinationPort":"22","ProcessId":"1820","Protocol":"tcp","SourcePort":"37798","User":"NT AUTHORITY\\SYSTEM","Initiated":"false","ProcessGuid":"{87a71a6b-54ee-5ebe-2700-00000000b000}"}
{"SourceIp":"185.202.2.85","SourcePortName":"-","UtcTime":"2020-05-18 09:51:35.592","DestinationPortName":"ms-wbt-server","RuleName":"RDP","SourceIsIpv6":"false","SourceHostname":"-","DestinationHostname":"EC2AMAZ-V0GPI6G.eu-central-1.compute.internal","DestinationIsIpv6":"false","Image":"C:\\Windows\\System32\\svchost.exe","DestinationIp":"172.31.47.23","DestinationPort":"3389","ProcessId":"824","Protocol":"tcp","SourcePort":"35204","User":"NT AUTHORITY\\NETWORK SERVICE","Initiated":"false","ProcessGuid":"{87a71a6b-54ec-5ebe-1300-00000000b000}"}
{"SourcePortName":"-","SourceIp":"87.251.75.45","UtcTime":"2020-05-18 09:51:37.084","DestinationPortName":"ms-wbt-server","RuleName":"RDP","SourceIsIpv6":"false","SourceHostname":"-","DestinationHostname":"EC2AMAZ-V0GPI6G.eu-central-1.compute.internal","DestinationIsIpv6":"false","Image":"C:\\Windows\\System32\\svchost.exe","DestinationIp":"172.31.47.23","DestinationPort":"3389","ProcessId":"824","Protocol":"tcp","SourcePort":"11357","User":"NT AUTHORITY\\NETWORK SERVICE","Initiated":"false","ProcessGuid":"{87a71a6b-54ec-5ebe-1300-00000000b000}"}
{"UtcTime":"2020-05-18 09:51:42.876","TerminalSessionId":"0","Company":"-","ParentImage":"C:\\Windows\\System32\\OpenSSH\\sshd.exe","Image":"C:\\Windows\\System32\\OpenSSH\\sshd.exe","FileVersion":"7.7.2.2","ParentProcessId":"1820","LogonGuid":"{87a71a6b-54eb-5ebe-e703-000000000000}","ProcessId":"504","CommandLine":"\"C:\\Windows\\System32\\OpenSSH\\sshd.exe\" \"-R\"","ParentCommandLine":"C:\\Windows\\System32\\OpenSSH\\sshd.exe","LogonId":"0x3e7","ProcessGuid":"{87a71a6b-5aae-5ec2-2d52-01000000b000}","OriginalFileName":"-","RuleName":"-","Description":"-","IntegrityLevel":"System","ParentProcessGuid":"{87a71a6b-54ee-5ebe-2700-00000000b000}","Product":"OpenSSH for Windows","User":"NT AUTHORITY\\SYSTEM","CurrentDirectory":"C:\\","Hashes":"MD5=72789836EEA643C23CD87732B8535E7E,SHA256=731E8034CB953ABCD0FC86400AD55113EFA302F77D276213198A76065601576B,IMPHASH=27DE371E1DAE125BC04CC09552C72D87"}
{"SourcePortName":"-","UtcTime":"2020-05-18 09:51:37.246","DestinationPortName":"ms-wbt-server","SourceIp":"185.202.2.98","RuleName":"RDP","SourceIsIpv6":"false","SourceHostname":"-","DestinationHostname":"EC2AMAZ-V0GPI6G.eu-central-1.compute.internal","DestinationIsIpv6":"false","Image":"C:\\Windows\\System32\\svchost.exe","DestinationIp":"172.31.47.23","DestinationPort":"3389","ProcessId":"824","Protocol":"tcp","SourcePort":"42720","User":"NT AUTHORITY\\NETWORK SERVICE","Initiated":"false","ProcessGuid":"{87a71a6b-54ec-5ebe-1300-00000000b000}"}
{"UtcTime":"2020-05-18 09:51:42.929","TerminalSessionId":"0","Company":"-","ParentImage":"C:\\Windows\\System32\\OpenSSH\\sshd.exe","Image":"C:\\Windows\\System32\\OpenSSH\\sshd.exe","ParentProcessId":"1820","FileVersion":"7.7.2.2","LogonGuid":"{87a71a6b-54eb-5ebe-e703-000000000000}","CommandLine":"\"C:\\Windows\\System32\\OpenSSH\\sshd.exe\" \"-R\"","ProcessId":"4480","ParentCommandLine":"C:\\Windows\\System32\\OpenSSH\\sshd.exe","LogonId":"0x3e7","ProcessGuid":"{87a71a6b-5aae-5ec2-2f52-01000000b000}","OriginalFileName":"-","RuleName":"-","Description":"-","IntegrityLevel":"System","ParentProcessGuid":"{87a71a6b-54ee-5ebe-2700-00000000b000}","Product":"OpenSSH for Windows","CurrentDirectory":"C:\\","User":"NT AUTHORITY\\SYSTEM","Hashes":"MD5=72789836EEA643C23CD87732B8535E7E,SHA256=731E8034CB953ABCD0FC86400AD55113EFA302F77D276213198A76065601576B,IMPHASH=27DE371E1DAE125BC04CC09552C72D87"}
{"UtcTime":"2020-05-18 09:51:43.013","TerminalSessionId":"0","Company":"-","ParentImage":"C:\\Windows\\System32\\OpenSSH\\sshd.exe","Image":"C:\\Windows\\System32\\OpenSSH\\sshd.exe","FileVersion":"7.7.2.2","ParentProcessId":"504","LogonGuid":"{87a71a6b-5aaf-5ec2-7c61-8c0700000000}","CommandLine":"\"C:\\Windows\\System32\\OpenSSH\\sshd.exe\" \"-y\"","ProcessId":"3452","ParentCommandLine":"\"C:\\Windows\\System32\\OpenSSH\\sshd.exe\" \"-R\"","LogonId":"0x78c617c","ProcessGuid":"{87a71a6b-5aaf-5ec2-3152-01000000b000}","OriginalFileName":"-","RuleName":"-","Description":"-","IntegrityLevel":"High","ParentProcessGuid":"{87a71a6b-5aae-5ec2-2d52-01000000b000}","Product":"OpenSSH for Windows","CurrentDirectory":"C:\\","Hashes":"MD5=72789836EEA643C23CD87732B8535E7E,SHA256=731E8034CB953ABCD0FC86400AD55113EFA302F77D276213198A76065601576B,IMPHASH=27DE371E1DAE125BC04CC09552C72D87","User":"S-1-5-111-3847866527-469524349-687026318-516638107-1125189541-504"}
{"SourceIp":"213.251.184.102","SourcePortName":"-","UtcTime":"2020-05-18 09:51:38.328","DestinationPortName":"ssh","RuleName":"SSH","SourceHostname":"ns3593477.ip-213-251-184.eu","SourceIsIpv6":"false","DestinationHostname":"EC2AMAZ-V0GPI6G.eu-central-1.compute.internal","DestinationIsIpv6":"false","Image":"C:\\Windows\\System32\\OpenSSH\\sshd.exe","DestinationIp":"172.31.47.23","DestinationPort":"22","ProcessId":"1820","Protocol":"tcp","SourcePort":"34532","User":"NT AUTHORITY\\SYSTEM","Initiated":"false","ProcessGuid":"{87a71a6b-54ee-5ebe-2700-00000000b000}"}
{"SourcePortName":"-","SourceIp":"222.186.15.115","DestinationPortName":"ssh","UtcTime":"2020-05-18 09:51:38.345","RuleName":"SSH","SourceIsIpv6":"false","SourceHostname":"-","DestinationHostname":"EC2AMAZ-V0GPI6G.eu-central-1.compute.internal","DestinationIsIpv6":"false","DestinationIp":"172.31.47.23","Image":"C:\\Windows\\System32\\OpenSSH\\sshd.exe","DestinationPort":"22","ProcessId":"1820","Protocol":"tcp","SourcePort":"11167","User":"NT AUTHORITY\\SYSTEM","Initiated":"false","ProcessGuid":"{87a71a6b-54ee-5ebe-2700-00000000b000}"}
{"UtcTime":"2020-05-18 09:51:44.071","TerminalSessionId":"0","Company":"-","ParentImage":"C:\\Windows\\System32\\OpenSSH\\sshd.exe","Image":"C:\\Windows\\System32\\OpenSSH\\sshd.exe","FileVersion":"7.7.2.2","ParentProcessId":"4480","LogonGuid":"{87a71a6b-5ab0-5ec2-f165-8c0700000000}","CommandLine":"\"C:\\Windows\\System32\\OpenSSH\\sshd.exe\" \"-y\"","ProcessId":"2012","ParentCommandLine":"\"C:\\Windows\\System32\\OpenSSH\\sshd.exe\" \"-R\"","LogonId":"0x78c65f1","ProcessGuid":"{87a71a6b-5ab0-5ec2-3252-01000000b000}","OriginalFileName":"-","RuleName":"-","Description":"-","IntegrityLevel":"High","ParentProcessGuid":"{87a71a6b-5aae-5ec2-2f52-01000000b000}","Product":"OpenSSH for Windows","User":"S-1-5-111-3847866527-469524349-687026318-516638107-1125189541-4480","Hashes":"MD5=72789836EEA643C23CD87732B8535E7E,SHA256=731E8034CB953ABCD0FC86400AD55113EFA302F77D276213198A76065601576B,IMPHASH=27DE371E1DAE125BC04CC09552C72D87","CurrentDirectory":"C:\\"}
{"SourcePortName":"-","DestinationPortName":"ms-wbt-server","UtcTime":"2020-05-18 09:51:38.545","SourceIp":"185.209.0.117","RuleName":"RDP","SourceIsIpv6":"false","SourceHostname":"-","DestinationHostname":"EC2AMAZ-V0GPI6G.eu-central-1.compute.internal","DestinationIsIpv6":"false","Image":"C:\\Windows\\System32\\svchost.exe","DestinationIp":"172.31.47.23","DestinationPort":"3389","ProcessId":"824","Protocol":"tcp","SourcePort":"64547","User":"NT AUTHORITY\\NETWORK SERVICE","Initiated":"false","ProcessGuid":"{87a71a6b-54ec-5ebe-1300-00000000b000}"}
{"SourceIp":"185.202.2.106","SourcePortName":"-","UtcTime":"2020-05-18 09:51:39.623","DestinationPortName":"ms-wbt-server","RuleName":"RDP","SourceIsIpv6":"false","SourceHostname":"-","DestinationHostname":"EC2AMAZ-V0GPI6G.eu-central-1.compute.internal","DestinationIsIpv6":"false","DestinationIp":"172.31.47.23","Image":"C:\\Windows\\System32\\svchost.exe","DestinationPort":"3389","ProcessId":"824","Protocol":"tcp","SourcePort":"18013","User":"NT AUTHORITY\\NETWORK SERVICE","Initiated":"false","ProcessGuid":"{87a71a6b-54ec-5ebe-1300-00000000b000}"}
{"SourceIp":"185.209.0.105","UtcTime":"2020-05-18 09:51:39.791","SourcePortName":"-","DestinationPortName":"ms-wbt-server","RuleName":"RDP","SourceIsIpv6":"false","SourceHostname":"-","DestinationHostname":"EC2AMAZ-V0GPI6G.eu-central-1.compute.internal","DestinationIsIpv6":"false","DestinationIp":"172.31.47.23","Image":"C:\\Windows\\System32\\svchost.exe","DestinationPort":"3389","ProcessId":"824","Protocol":"tcp","SourcePort":"62191","User":"NT AUTHORITY\\NETWORK SERVICE","Initiated":"false","ProcessGuid":"{87a71a6b-54ec-5ebe-1300-00000000b000}"}
{"SourcePortName":"-","DestinationPortName":"ms-wbt-server","UtcTime":"2020-05-18 09:51:39.919","SourceIp":"87.251.75.143","RuleName":"RDP","SourceHostname":"-","SourceIsIpv6":"false","DestinationHostname":"EC2AMAZ-V0GPI6G.eu-central-1.compute.internal","DestinationIsIpv6":"false","DestinationIp":"172.31.47.23","Image":"C:\\Windows\\System32\\svchost.exe","DestinationPort":"3389","ProcessId":"824","Protocol":"tcp","SourcePort":"52749","User":"NT AUTHORITY\\NETWORK SERVICE","Initiated":"false","ProcessGuid":"{87a71a6b-54ec-5ebe-1300-00000000b000}"}
{"UtcTime":"2020-05-18 09:51:46.113","TerminalSessionId":"0","Company":"-","ParentImage":"C:\\Windows\\System32\\OpenSSH\\sshd.exe","Image":"C:\\Windows\\System32\\OpenSSH\\sshd.exe","ParentProcessId":"1820","FileVersion":"7.7.2.2","LogonGuid":"{87a71a6b-54eb-5ebe-e703-000000000000}","ProcessId":"668","CommandLine":"\"C:\\Windows\\System32\\OpenSSH\\sshd.exe\" \"-R\"","ParentCommandLine":"C:\\Windows\\System32\\OpenSSH\\sshd.exe","LogonId":"0x3e7","ProcessGuid":"{87a71a6b-5ab2-5ec2-3352-01000000b000}","OriginalFileName":"-","RuleName":"-","Description":"-","IntegrityLevel":"System","ParentProcessGuid":"{87a71a6b-54ee-5ebe-2700-00000000b000}","Product":"OpenSSH for Windows","CurrentDirectory":"C:\\","Hashes":"MD5=72789836EEA643C23CD87732B8535E7E,SHA256=731E8034CB953ABCD0FC86400AD55113EFA302F77D276213198A76065601576B,IMPHASH=27DE371E1DAE125BC04CC09552C72D87","User":"NT AUTHORITY\\SYSTEM"}
