{"UtcTime":"2020-05-18 09:38:53.927","TerminalSessionId":"0","Company":"Microsoft Corporation","ParentImage":"C:\\Windows\\System32\\OpenSSH\\sshd.exe","Image":"C:\\Windows\\System32\\conhost.exe","FileVersion":"10.0.17763.1075 (WinBuild.160101.0800)","ParentProcessId":"504","LogonGuid":"{87a71a6b-54eb-5ebe-e703-000000000000}","CommandLine":"\\??\\C:\\Windows\\system32\\conhost.exe 0xffffffff -ForceV1","ProcessId":"4844","ParentCommandLine":"\"C:\\Windows\\System32\\OpenSSH\\sshd.exe\" \"-R\"","LogonId":"0x3e7","ProcessGuid":"{87a71a6b-57ad-5ec2-e850-01000000b000}","OriginalFileName":"CONHOST.EXE","RuleName":"-","Description":"Console Window Host","IntegrityLevel":"System","ParentProcessGuid":"{87a71a6b-57ad-5ec2-e750-01000000b000}","Product":"Microsoft® Windows® Operating System","User":"NT AUTHORITY\\SYSTEM","CurrentDirectory":"C:\\Windows","Hashes":"SHA1=74F28DD9B0DA310D85F1931DB2749A26A9A8AB02"}
{"UtcTime":"2020-05-18 09:38:55.273","RuleName":"-","Image":"C:\\Windows\\System32\\OpenSSH\\sshd.exe","ProcessId":"504","ProcessGuid":"{87a71a6b-57ad-5ec2-e750-01000000b000}"}
{"UtcTime":"2020-05-18 09:38:55.336","RuleName":"-","Image":"C:\\Windows\\System32\\conhost.exe","ProcessId":"4164","ProcessGuid":"{87a71a6b-57ad-5ec2-e650-01000000b000}"}
{"UtcTime":"2020-05-18 09:38:56.351","RuleName":"-","Image":"C:\\Windows\\System32\\OpenSSH\\sshd.exe","ProcessId":"4632","ProcessGuid":"{87a71a6b-57b0-5ec2-ed50-01000000b000}"}
{"UtcTime":"2020-05-18 09:38:56.626","TerminalSessionId":"0","Company":"Microsoft Corporation","ParentImage":"C:\\Windows\\System32\\OpenSSH\\sshd.exe","Image":"C:\\Windows\\System32\\conhost.exe","ParentProcessId":"520","FileVersion":"10.0.17763.1075 (WinBuild.160101.0800)","LogonGuid":"{87a71a6b-54eb-5ebe-e703-000000000000}","ProcessId":"4888","CommandLine":"\\??\\C:\\Windows\\system32\\conhost.exe 0xffffffff -ForceV1","ParentCommandLine":"\"C:\\Windows\\System32\\OpenSSH\\sshd.exe\" \"-R\"","LogonId":"0x3e7","ProcessGuid":"{87a71a6b-57b0-5ec2-ef50-01000000b000}","OriginalFileName":"CONHOST.EXE","RuleName":"-","Description":"Console Window Host","IntegrityLevel":"System","ParentProcessGuid":"{87a71a6b-57b0-5ec2-ee50-01000000b000}","Product":"Microsoft® Windows® Operating System","User":"NT AUTHORITY\\SYSTEM","Hashes":"SHA1=74F28DD9B0DA310D85F1931DB2749A26A9A8AB02","CurrentDirectory":"C:\\Windows"}
{"UtcTime":"2020-05-18 09:38:58.079","TerminalSessionId":"0","Company":"Microsoft Corporation","ParentImage":"C:\\Windows\\System32\\OpenSSH\\sshd.exe","Image":"C:\\Windows\\System32\\conhost.exe","ParentProcessId":"4692","FileVersion":"10.0.17763.1075 (WinBuild.160101.0800)","LogonGuid":"{87a71a6b-54eb-5ebe-e703-000000000000}","CommandLine":"\\??\\C:\\Windows\\system32\\conhost.exe 0xffffffff -ForceV1","ProcessId":"3964","ParentCommandLine":"\"C:\\Windows\\System32\\OpenSSH\\sshd.exe\" \"-R\"","LogonId":"0x3e7","ProcessGuid":"{87a71a6b-57b2-5ec2-f550-01000000b000}","OriginalFileName":"CONHOST.EXE","RuleName":"-","Description":"Console Window Host","IntegrityLevel":"System","ParentProcessGuid":"{87a71a6b-57b2-5ec2-f450-01000000b000}","Product":"Microsoft® Windows® Operating System","User":"NT AUTHORITY\\SYSTEM","Hashes":"SHA1=74F28DD9B0DA310D85F1931DB2749A26A9A8AB02","CurrentDirectory":"C:\\Windows"}
{"UtcTime":"2020-05-18 09:38:58.399","TerminalSessionId":"0","Company":"-","ParentImage":"C:\\Windows\\System32\\OpenSSH\\sshd.exe","Image":"C:\\Windows\\System32\\OpenSSH\\sshd.exe","FileVersion":"7.7.2.2","ParentProcessId":"1808","LogonGuid":"{87a71a6b-57b2-5ec2-b883-840700000000}","CommandLine":"\"C:\\Windows\\System32\\OpenSSH\\sshd.exe\" \"-y\"","ProcessId":"4532","ParentCommandLine":"\"C:\\Windows\\System32\\OpenSSH\\sshd.exe\" \"-R\"","LogonId":"0x78483b8","ProcessGuid":"{87a71a6b-57b2-5ec2-f950-01000000b000}","OriginalFileName":"-","RuleName":"-","Description":"-","IntegrityLevel":"High","ParentProcessGuid":"{87a71a6b-57b2-5ec2-f650-01000000b000}","Product":"OpenSSH for Windows","User":"S-1-5-111-3847866527-469524349-687026318-516638107-1125189541-1808","Hashes":"SHA1=332C3AE15BF630ED2806BB869F7C0E91F3C884F5","CurrentDirectory":"C:\\"}
{"UtcTime":"2020-05-18 09:38:59.273","RuleName":"-","Image":"C:\\Windows\\System32\\OpenSSH\\sshd.exe","ProcessId":"3624","ProcessGuid":"{87a71a6b-57b1-5ec2-f350-01000000b000}"}
{"UtcTime":"2020-05-18 09:39:00.308","TerminalSessionId":"0","Company":"Microsoft Corporation","ParentImage":"C:\\Windows\\System32\\OpenSSH\\sshd.exe","Image":"C:\\Windows\\System32\\conhost.exe","FileVersion":"10.0.17763.1075 (WinBuild.160101.0800)","ParentProcessId":"4740","LogonGuid":"{87a71a6b-54eb-5ebe-e703-000000000000}","ProcessId":"2940","CommandLine":"\\??\\C:\\Windows\\system32\\conhost.exe 0xffffffff -ForceV1","ParentCommandLine":"\"C:\\Windows\\System32\\OpenSSH\\sshd.exe\" \"-R\"","LogonId":"0x3e7","ProcessGuid":"{87a71a6b-57b4-5ec2-fe50-01000000b000}","OriginalFileName":"CONHOST.EXE","RuleName":"-","Description":"Console Window Host","IntegrityLevel":"System","ParentProcessGuid":"{87a71a6b-57b4-5ec2-fd50-01000000b000}","Product":"Microsoft® Windows® Operating System","User":"NT AUTHORITY\\SYSTEM","Hashes":"SHA1=74F28DD9B0DA310D85F1931DB2749A26A9A8AB02","CurrentDirectory":"C:\\Windows"}
{"UtcTime":"2020-05-18 09:39:02.351","RuleName":"-","Image":"C:\\Windows\\System32\\conhost.exe","ProcessId":"2940","ProcessGuid":"{87a71a6b-57b4-5ec2-fe50-01000000b000}"}
{"UtcTime":"2020-05-18 09:39:04.570","RuleName":"-","Image":"C:\\Windows\\System32\\OpenSSH\\sshd.exe","ProcessId":"4228","ProcessGuid":"{87a71a6b-57b8-5ec2-0251-01000000b000}"}
{"UtcTime":"2020-05-18 09:39:05.029","TerminalSessionId":"0","Company":"Microsoft Corporation","ParentImage":"C:\\Windows\\System32\\OpenSSH\\sshd.exe","Image":"C:\\Windows\\System32\\conhost.exe","ParentProcessId":"1096","FileVersion":"10.0.17763.1075 (WinBuild.160101.0800)","LogonGuid":"{87a71a6b-54eb-5ebe-e703-000000000000}","ProcessId":"1208","CommandLine":"\\??\\C:\\Windows\\system32\\conhost.exe 0xffffffff -ForceV1","ParentCommandLine":"\"C:\\Windows\\System32\\OpenSSH\\sshd.exe\" \"-R\"","LogonId":"0x3e7","ProcessGuid":"{87a71a6b-57b9-5ec2-0451-01000000b000}","OriginalFileName":"CONHOST.EXE","RuleName":"-","Description":"Console Window Host","IntegrityLevel":"System","ParentProcessGuid":"{87a71a6b-57b9-5ec2-0351-01000000b000}","Product":"Microsoft® Windows® Operating System","CurrentDirectory":"C:\\Windows","Hashes":"SHA1=74F28DD9B0DA310D85F1931DB2749A26A9A8AB02","User":"NT AUTHORITY\\SYSTEM"}
{"UtcTime":"2020-05-18 09:39:07.680","RuleName":"-","Image":"C:\\Windows\\System32\\conhost.exe","ProcessId":"1208","ProcessGuid":"{87a71a6b-57b9-5ec2-0451-01000000b000}"}
{"UtcTime":"2020-05-18 09:39:08.617","RuleName":"-","Image":"C:\\Windows\\System32\\OpenSSH\\sshd.exe","ProcessId":"4264","ProcessGuid":"{87a71a6b-57bc-5ec2-0851-01000000b000}"}
{"UtcTime":"2020-05-18 09:39:10.152","TerminalSessionId":"0","Company":"Microsoft Corporation","ParentImage":"C:\\Windows\\System32\\OpenSSH\\sshd.exe","Image":"C:\\Windows\\System32\\conhost.exe","FileVersion":"10.0.17763.1075 (WinBuild.160101.0800)","ParentProcessId":"3028","LogonGuid":"{87a71a6b-54eb-5ebe-e703-000000000000}","CommandLine":"\\??\\C:\\Windows\\system32\\conhost.exe 0xffffffff -ForceV1","ProcessId":"3096","ParentCommandLine":"\"C:\\Windows\\System32\\OpenSSH\\sshd.exe\" \"-R\"","LogonId":"0x3e7","ProcessGuid":"{87a71a6b-57be-5ec2-0a51-01000000b000}","OriginalFileName":"CONHOST.EXE","RuleName":"-","Description":"Console Window Host","IntegrityLevel":"System","ParentProcessGuid":"{87a71a6b-57be-5ec2-0951-01000000b000}","Product":"Microsoft® Windows® Operating System","CurrentDirectory":"C:\\Windows","User":"NT AUTHORITY\\SYSTEM","Hashes":"SHA1=74F28DD9B0DA310D85F1931DB2749A26A9A8AB02"}
{"UtcTime":"2020-05-18 09:39:10.341","TerminalSessionId":"0","Company":"-","ParentImage":"C:\\Windows\\System32\\OpenSSH\\sshd.exe","Image":"C:\\Windows\\System32\\OpenSSH\\sshd.exe","ParentProcessId":"3028","FileVersion":"7.7.2.2","LogonGuid":"{87a71a6b-57be-5ec2-9abc-840700000000}","ProcessId":"1688","CommandLine":"\"C:\\Windows\\System32\\OpenSSH\\sshd.exe\" \"-y\"","ParentCommandLine":"\"C:\\Windows\\System32\\OpenSSH\\sshd.exe\" \"-R\"","LogonId":"0x784bc9a","ProcessGuid":"{87a71a6b-57be-5ec2-0b51-01000000b000}","OriginalFileName":"-","RuleName":"-","Description":"-","IntegrityLevel":"High","ParentProcessGuid":"{87a71a6b-57be-5ec2-0951-01000000b000}","Product":"OpenSSH for Windows","User":"S-1-5-111-3847866527-469524349-687026318-516638107-1125189541-3028","Hashes":"SHA1=332C3AE15BF630ED2806BB869F7C0E91F3C884F5","CurrentDirectory":"C:\\"}
{"UtcTime":"2020-05-18 09:39:11.211","RuleName":"-","Image":"C:\\Windows\\System32\\conhost.exe","ProcessId":"3096","ProcessGuid":"{87a71a6b-57be-5ec2-0a51-01000000b000}"}
{"UtcTime":"2020-05-18 09:39:23.572","RuleName":"-","Image":"C:\\Windows\\System32\\OpenSSH\\sshd.exe","ProcessId":"2552","ProcessGuid":"{87a71a6b-57cb-5ec2-0e51-01000000b000}"}
{"UtcTime":"2020-05-18 09:39:27.496","TerminalSessionId":"0","Company":"Microsoft Corporation","ParentImage":"C:\\Windows\\System32\\OpenSSH\\sshd.exe","Image":"C:\\Windows\\System32\\conhost.exe","FileVersion":"10.0.17763.1075 (WinBuild.160101.0800)","ParentProcessId":"2800","LogonGuid":"{87a71a6b-54eb-5ebe-e703-000000000000}","ProcessId":"4176","CommandLine":"\\??\\C:\\Windows\\system32\\conhost.exe 0xffffffff -ForceV1","ParentCommandLine":"\"C:\\Windows\\System32\\OpenSSH\\sshd.exe\" \"-R\"","LogonId":"0x3e7","ProcessGuid":"{87a71a6b-57cf-5ec2-1051-01000000b000}","OriginalFileName":"CONHOST.EXE","RuleName":"-","Description":"Console Window Host","IntegrityLevel":"System","ParentProcessGuid":"{87a71a6b-57cf-5ec2-0f51-01000000b000}","Product":"Microsoft® Windows® Operating System","User":"NT AUTHORITY\\SYSTEM","Hashes":"SHA1=74F28DD9B0DA310D85F1931DB2749A26A9A8AB02","CurrentDirectory":"C:\\Windows"}
{"UtcTime":"2020-05-18 09:39:28.589","TerminalSessionId":"0","Company":"-","ParentImage":"C:\\Windows\\System32\\OpenSSH\\sshd.exe","Image":"C:\\Windows\\System32\\OpenSSH\\sshd.exe","ParentProcessId":"2528","FileVersion":"7.7.2.2","LogonGuid":"{87a71a6b-57d0-5ec2-b6e1-840700000000}","ProcessId":"3504","CommandLine":"\"C:\\Windows\\System32\\OpenSSH\\sshd.exe\" \"-y\"","ParentCommandLine":"\"C:\\Windows\\System32\\OpenSSH\\sshd.exe\" \"-R\"","LogonId":"0x784e1b6","ProcessGuid":"{87a71a6b-57d0-5ec2-1451-01000000b000}","OriginalFileName":"-","RuleName":"-","Description":"-","IntegrityLevel":"High","ParentProcessGuid":"{87a71a6b-57d0-5ec2-1251-01000000b000}","Product":"OpenSSH for Windows","CurrentDirectory":"C:\\","Hashes":"SHA1=332C3AE15BF630ED2806BB869F7C0E91F3C884F5","User":"VIRTUAL USERS\\sshd_2528"}
{"UtcTime":"2020-05-18 09:39:28.806","RuleName":"-","Image":"C:\\Windows\\System32\\OpenSSH\\sshd.exe","ProcessId":"4300","ProcessGuid":"{87a71a6b-57cf-5ec2-1151-01000000b000}"}
{"UtcTime":"2020-05-18 09:39:31.134","TerminalSessionId":"0","Company":"Microsoft Corporation","ParentImage":"C:\\Windows\\System32\\OpenSSH\\sshd.exe","Image":"C:\\Windows\\System32\\conhost.exe","FileVersion":"10.0.17763.1075 (WinBuild.160101.0800)","ParentProcessId":"2124","LogonGuid":"{87a71a6b-54eb-5ebe-e703-000000000000}","ProcessId":"2720","CommandLine":"\\??\\C:\\Windows\\system32\\conhost.exe 0xffffffff -ForceV1","ParentCommandLine":"\"C:\\Windows\\System32\\OpenSSH\\sshd.exe\" \"-R\"","LogonId":"0x3e7","ProcessGuid":"{87a71a6b-57d3-5ec2-1651-01000000b000}","OriginalFileName":"CONHOST.EXE","RuleName":"-","Description":"Console Window Host","IntegrityLevel":"System","ParentProcessGuid":"{87a71a6b-57d3-5ec2-1551-01000000b000}","Product":"Microsoft® Windows® Operating System","User":"NT AUTHORITY\\SYSTEM","Hashes":"SHA1=74F28DD9B0DA310D85F1931DB2749A26A9A8AB02","CurrentDirectory":"C:\\Windows"}
{"UtcTime":"2020-05-18 09:39:31.947","RuleName":"-","Image":"C:\\Windows\\System32\\conhost.exe","ProcessId":"2720","ProcessGuid":"{87a71a6b-57d3-5ec2-1651-01000000b000}"}
{"UtcTime":"2020-05-18 09:39:39.369","TerminalSessionId":"2","Company":"Microsoft Corporation","ParentImage":"C:\\Windows\\explorer.exe","Image":"C:\\Program Files\\windows nt\\accessories\\wordpad.exe","FileVersion":"10.0.17763.1075 (WinBuild.160101.0800)","ParentProcessId":"1844","LogonGuid":"{87a71a6b-5693-5ebe-ede9-040000000000}","CommandLine":"\"C:\\Program Files\\Windows NT\\Accessories\\WORDPAD.EXE\" \"C:\\Users\\Administrator\\winlogbeat-7.7.0-windows-x86_64\\winlogbeat.yml\"","ProcessId":"4904","ParentCommandLine":"C:\\Windows\\Explorer.EXE","LogonId":"0x4e9ed","ProcessGuid":"{87a71a6b-57db-5ec2-1b51-01000000b000}","OriginalFileName":"WORDPAD.EXE","RuleName":"-","Description":"Windows Wordpad Application","IntegrityLevel":"High","ParentProcessGuid":"{87a71a6b-5695-5ebe-9700-00000000b000}","Product":"Microsoft® Windows® Operating System","CurrentDirectory":"C:\\Users\\Administrator\\winlogbeat-7.7.0-windows-x86_64\\","Hashes":"SHA1=00CC94610D30D7F022F63BF9E7D823B20AFA5F21","User":"EC2AMAZ-V0GPI6G\\Administrator"}
{"UtcTime":"2020-05-18 09:39:41.697","RuleName":"-","Image":"C:\\Windows\\System32\\OpenSSH\\sshd.exe","ProcessId":"4316","ProcessGuid":"{87a71a6b-57d7-5ec2-1851-01000000b000}"}
{"UtcTime":"2020-05-18 09:40:03.238","TerminalSessionId":"2","Company":"Microsoft Corporation","ParentImage":"C:\\Windows\\explorer.exe","Image":"C:\\Windows\\System32\\notepad.exe","ParentProcessId":"1844","FileVersion":"10.0.17763.475 (WinBuild.160101.0800)","LogonGuid":"{87a71a6b-5693-5ebe-ede9-040000000000}","CommandLine":"\"C:\\Windows\\system32\\NOTEPAD.EXE\" C:\\Users\\Administrator\\sysmon\\sysmon-config.xml.txt","ProcessId":"3888","ParentCommandLine":"C:\\Windows\\Explorer.EXE","LogonId":"0x4e9ed","ProcessGuid":"{87a71a6b-57f3-5ec2-1e51-01000000b000}","OriginalFileName":"NOTEPAD.EXE","RuleName":"-","Description":"Notepad","IntegrityLevel":"High","ParentProcessGuid":"{87a71a6b-5695-5ebe-9700-00000000b000}","Product":"Microsoft® Windows® Operating System","User":"EC2AMAZ-V0GPI6G\\Administrator","Hashes":"SHA1=B6D237154F2E528F0B503B58B025862D66B02B73","CurrentDirectory":"C:\\Users\\Administrator\\sysmon\\"}
{"UtcTime":"2020-05-18 09:40:38.121","RuleName":"-","Image":"C:\\Windows\\System32\\OpenSSH\\sshd.exe","ProcessId":"4396","ProcessGuid":"{87a71a6b-579e-5ec2-df50-01000000b000}"}
{"UtcTime":"2020-05-18 09:40:42.300","TerminalSessionId":"0","Company":"Microsoft Corporation","ParentImage":"C:\\Windows\\System32\\OpenSSH\\sshd.exe","Image":"C:\\Windows\\System32\\conhost.exe","ParentProcessId":"4216","FileVersion":"10.0.17763.1075 (WinBuild.160101.0800)","LogonGuid":"{87a71a6b-54eb-5ebe-e703-000000000000}","CommandLine":"\\??\\C:\\Windows\\system32\\conhost.exe 0xffffffff -ForceV1","ProcessId":"4484","ParentCommandLine":"\"C:\\Windows\\System32\\OpenSSH\\sshd.exe\" \"-R\"","LogonId":"0x3e7","ProcessGuid":"{87a71a6b-581a-5ec2-2351-01000000b000}","OriginalFileName":"CONHOST.EXE","RuleName":"-","Description":"Console Window Host","IntegrityLevel":"System","ParentProcessGuid":"{87a71a6b-581a-5ec2-2251-01000000b000}","Product":"Microsoft® Windows® Operating System","CurrentDirectory":"C:\\Windows","Hashes":"SHA1=74F28DD9B0DA310D85F1931DB2749A26A9A8AB02","User":"NT AUTHORITY\\SYSTEM"}
{"UtcTime":"2020-05-18 09:40:44.434","RuleName":"-","Image":"C:\\Windows\\System32\\conhost.exe","ProcessId":"4484","ProcessGuid":"{87a71a6b-581a-5ec2-2351-01000000b000}"}
{"UtcTime":"2020-05-18 09:31:31.536","TerminalSessionId":"0","Company":"Microsoft Corporation","ParentImage":"C:\\Windows\\System32\\OpenSSH\\sshd.exe","Image":"C:\\Windows\\System32\\conhost.exe","FileVersion":"10.0.17763.1075 (WinBuild.160101.0800)","ParentProcessId":"1000","LogonGuid":"{87a71a6b-54eb-5ebe-e703-000000000000}","ProcessId":"2616","CommandLine":"\\??\\C:\\Windows\\system32\\conhost.exe 0xffffffff -ForceV1","ParentCommandLine":"\"C:\\Windows\\System32\\OpenSSH\\sshd.exe\" \"-R\"","LogonId":"0x3e7","ProcessGuid":"{87a71a6b-55f3-5ec2-6050-01000000b000}","OriginalFileName":"CONHOST.EXE","RuleName":"-","Description":"Console Window Host","IntegrityLevel":"System","ParentProcessGuid":"{87a71a6b-55f3-5ec2-5f50-01000000b000}","Product":"Microsoft® Windows® Operating System","User":"NT AUTHORITY\\SYSTEM","Hashes":"SHA1=74F28DD9B0DA310D85F1931DB2749A26A9A8AB02","CurrentDirectory":"C:\\Windows"}
{"UtcTime":"2020-05-18 09:31:31.783","TerminalSessionId":"0","Company":"-","ParentImage":"C:\\Windows\\System32\\OpenSSH\\sshd.exe","Image":"C:\\Windows\\System32\\OpenSSH\\sshd.exe","FileVersion":"7.7.2.2","ParentProcessId":"1000","LogonGuid":"{87a71a6b-55f3-5ec2-8c98-800700000000}","ProcessId":"4736","CommandLine":"\"C:\\Windows\\System32\\OpenSSH\\sshd.exe\" \"-y\"","ParentCommandLine":"\"C:\\Windows\\System32\\OpenSSH\\sshd.exe\" \"-R\"","LogonId":"0x780988c","ProcessGuid":"{87a71a6b-55f3-5ec2-6150-01000000b000}","OriginalFileName":"-","RuleName":"-","Description":"-","IntegrityLevel":"High","ParentProcessGuid":"{87a71a6b-55f3-5ec2-5f50-01000000b000}","Product":"OpenSSH for Windows","CurrentDirectory":"C:\\","Hashes":"SHA1=332C3AE15BF630ED2806BB869F7C0E91F3C884F5","User":"S-1-5-111-3847866527-469524349-687026318-516638107-1125189541-1000"}
{"UtcTime":"2020-05-18 09:31:31.802","RuleName":"-","Image":"C:\\Program Files\\windows nt\\accessories\\wordpad.exe","ProcessId":"4304","ProcessGuid":"{87a71a6b-55d4-5ec2-5550-01000000b000}"}
{"UtcTime":"2020-05-18 09:31:46.568","RuleName":"-","Image":"C:\\Windows\\System32\\conhost.exe","ProcessId":"2588","ProcessGuid":"{87a71a6b-5601-5ec2-6350-01000000b000}"}
{"UtcTime":"2020-05-18 09:32:31.629","RuleName":"-","Image":"C:\\Windows\\System32\\OpenSSH\\sshd.exe","ProcessId":"4212","ProcessGuid":"{87a71a6b-562d-5ec2-6e50-01000000b000}"}
{"UtcTime":"2020-05-18 09:32:32.099","TerminalSessionId":"0","Company":"Microsoft Corporation","ParentImage":"C:\\Windows\\System32\\OpenSSH\\sshd.exe","Image":"C:\\Windows\\System32\\conhost.exe","FileVersion":"10.0.17763.1075 (WinBuild.160101.0800)","ParentProcessId":"3208","LogonGuid":"{87a71a6b-54eb-5ebe-e703-000000000000}","ProcessId":"3428","CommandLine":"\\??\\C:\\Windows\\system32\\conhost.exe 0xffffffff -ForceV1","ParentCommandLine":"\"C:\\Windows\\System32\\OpenSSH\\sshd.exe\" \"-R\"","LogonId":"0x3e7","ProcessGuid":"{87a71a6b-5630-5ec2-7050-01000000b000}","OriginalFileName":"CONHOST.EXE","RuleName":"-","Description":"Console Window Host","IntegrityLevel":"System","ParentProcessGuid":"{87a71a6b-5630-5ec2-6f50-01000000b000}","Product":"Microsoft® Windows® Operating System","User":"NT AUTHORITY\\SYSTEM","Hashes":"SHA1=74F28DD9B0DA310D85F1931DB2749A26A9A8AB02","CurrentDirectory":"C:\\Windows"}
{"UtcTime":"2020-05-18 09:32:33.816","RuleName":"-","Image":"C:\\Windows\\System32\\conhost.exe","ProcessId":"3428","ProcessGuid":"{87a71a6b-5630-5ec2-7050-01000000b000}"}
{"UtcTime":"2020-05-18 09:32:48.348","RuleName":"-","Image":"C:\\Windows\\System32\\OpenSSH\\sshd.exe","ProcessId":"4724","ProcessGuid":"{87a71a6b-55c8-5ec2-4f50-01000000b000}"}
{"UtcTime":"2020-05-18 09:33:04.873","TerminalSessionId":"2","Company":"Elastic","ParentImage":"C:\\Windows\\explorer.exe","Image":"C:\\Users\\Administrator\\winlogbeat-7.7.0-windows-x86_64\\winlogbeat.exe","ParentProcessId":"1844","FileVersion":"7.7.0","LogonGuid":"{87a71a6b-5693-5ebe-ede9-040000000000}","ProcessId":"2940","CommandLine":"\"C:\\Users\\Administrator\\winlogbeat-7.7.0-windows-x86_64\\winlogbeat.exe\" ","ParentCommandLine":"C:\\Windows\\Explorer.EXE","LogonId":"0x4e9ed","ProcessGuid":"{87a71a6b-5650-5ec2-7c50-01000000b000}","OriginalFileName":"winlogbeat.exe","RuleName":"-","Description":"Winlogbeat ships Windows event logs to Elasticsearch or Logstash.","IntegrityLevel":"High","ParentProcessGuid":"{87a71a6b-5695-5ebe-9700-00000000b000}","Product":"Winlogbeat","User":"EC2AMAZ-V0GPI6G\\Administrator","Hashes":"SHA1=7B6EF4BF735AD8F032A4A84175F7B7EE5B05E17B","CurrentDirectory":"C:\\Users\\Administrator\\winlogbeat-7.7.0-windows-x86_64\\"}
{"UtcTime":"2020-05-18 09:33:05.581","RuleName":"-","Image":"C:\\Windows\\System32\\conhost.exe","ProcessId":"4528","ProcessGuid":"{87a71a6b-564e-5ec2-7a50-01000000b000}"}
{"UtcTime":"2020-05-18 09:33:13.370","RuleName":"-","Image":"C:\\Program Files\\windows nt\\accessories\\wordpad.exe","ProcessId":"540","ProcessGuid":"{87a71a6b-5654-5ec2-7e50-01000000b000}"}
{"UtcTime":"2020-05-18 09:33:40.120","RuleName":"-","Image":"C:\\Windows\\System32\\OpenSSH\\sshd.exe","ProcessId":"4668","ProcessGuid":"{87a71a6b-5672-5ec2-8150-01000000b000}"}
{"UtcTime":"2020-05-18 09:33:43.734","TerminalSessionId":"0","Company":"Microsoft Corporation","ParentImage":"C:\\Windows\\System32\\OpenSSH\\sshd.exe","Image":"C:\\Windows\\System32\\conhost.exe","ParentProcessId":"4732","FileVersion":"10.0.17763.1075 (WinBuild.160101.0800)","LogonGuid":"{87a71a6b-54eb-5ebe-e703-000000000000}","CommandLine":"\\??\\C:\\Windows\\system32\\conhost.exe 0xffffffff -ForceV1","ProcessId":"2980","ParentCommandLine":"\"C:\\Windows\\System32\\OpenSSH\\sshd.exe\" \"-R\"","LogonId":"0x3e7","ProcessGuid":"{87a71a6b-5677-5ec2-8350-01000000b000}","OriginalFileName":"CONHOST.EXE","RuleName":"-","Description":"Console Window Host","IntegrityLevel":"System","ParentProcessGuid":"{87a71a6b-5677-5ec2-8250-01000000b000}","Product":"Microsoft® Windows® Operating System","CurrentDirectory":"C:\\Windows","Hashes":"SHA1=74F28DD9B0DA310D85F1931DB2749A26A9A8AB02","User":"NT AUTHORITY\\SYSTEM"}
{"UtcTime":"2020-05-18 09:33:45.542","RuleName":"-","Image":"C:\\Windows\\System32\\conhost.exe","ProcessId":"2980","ProcessGuid":"{87a71a6b-5677-5ec2-8350-01000000b000}"}
{"UtcTime":"2020-05-18 09:33:46.073","RuleName":"-","Image":"C:\\Windows\\System32\\svchost.exe","ProcessId":"3016","ProcessGuid":"{87a71a6b-554d-5ec2-2450-01000000b000}"}
{"UtcTime":"2020-05-18 09:34:51.793","TerminalSessionId":"0","Company":"-","ParentImage":"C:\\Windows\\System32\\OpenSSH\\sshd.exe","Image":"C:\\Windows\\System32\\OpenSSH\\sshd.exe","FileVersion":"7.7.2.2","ParentProcessId":"1820","LogonGuid":"{87a71a6b-54eb-5ebe-e703-000000000000}","CommandLine":"\"C:\\Windows\\System32\\OpenSSH\\sshd.exe\" \"-R\"","ProcessId":"560","ParentCommandLine":"C:\\Windows\\System32\\OpenSSH\\sshd.exe","LogonId":"0x3e7","ProcessGuid":"{87a71a6b-56bb-5ec2-9450-01000000b000}","OriginalFileName":"-","RuleName":"-","Description":"-","IntegrityLevel":"System","ParentProcessGuid":"{87a71a6b-54ee-5ebe-2700-00000000b000}","Product":"OpenSSH for Windows","User":"NT AUTHORITY\\SYSTEM","CurrentDirectory":"C:\\","Hashes":"SHA1=332C3AE15BF630ED2806BB869F7C0E91F3C884F5"}
{"UtcTime":"2020-05-18 09:34:52.544","TerminalSessionId":"0","Company":"Microsoft Corporation","ParentImage":"C:\\Windows\\System32\\OpenSSH\\sshd.exe","Image":"C:\\Windows\\System32\\conhost.exe","ParentProcessId":"2268","FileVersion":"10.0.17763.1075 (WinBuild.160101.0800)","LogonGuid":"{87a71a6b-54eb-5ebe-e703-000000000000}","CommandLine":"\\??\\C:\\Windows\\system32\\conhost.exe 0xffffffff -ForceV1","ProcessId":"2660","ParentCommandLine":"\"C:\\Windows\\System32\\OpenSSH\\sshd.exe\" \"-R\"","LogonId":"0x3e7","ProcessGuid":"{87a71a6b-56bc-5ec2-9850-01000000b000}","OriginalFileName":"CONHOST.EXE","RuleName":"-","Description":"Console Window Host","IntegrityLevel":"System","ParentProcessGuid":"{87a71a6b-56bc-5ec2-9750-01000000b000}","Product":"Microsoft® Windows® Operating System","CurrentDirectory":"C:\\Windows","Hashes":"SHA1=74F28DD9B0DA310D85F1931DB2749A26A9A8AB02","User":"NT AUTHORITY\\SYSTEM"}
{"UtcTime":"2020-05-18 09:34:52.857","RuleName":"-","Image":"C:\\Windows\\System32\\conhost.exe","ProcessId":"4708","ProcessGuid":"{87a71a6b-56bb-5ec2-9550-01000000b000}"}
{"UtcTime":"2020-05-18 09:34:57.581","TerminalSessionId":"0","Company":"-","ParentImage":"C:\\Windows\\System32\\OpenSSH\\sshd.exe","Image":"C:\\Windows\\System32\\OpenSSH\\sshd.exe","ParentProcessId":"1820","FileVersion":"7.7.2.2","LogonGuid":"{87a71a6b-54eb-5ebe-e703-000000000000}","CommandLine":"\"C:\\Windows\\System32\\OpenSSH\\sshd.exe\" \"-R\"","ProcessId":"3092","ParentCommandLine":"C:\\Windows\\System32\\OpenSSH\\sshd.exe","LogonId":"0x3e7","ProcessGuid":"{87a71a6b-56c1-5ec2-9a50-01000000b000}","OriginalFileName":"-","RuleName":"-","Description":"-","IntegrityLevel":"System","ParentProcessGuid":"{87a71a6b-54ee-5ebe-2700-00000000b000}","Product":"OpenSSH for Windows","CurrentDirectory":"C:\\","User":"NT AUTHORITY\\SYSTEM","Hashes":"SHA1=332C3AE15BF630ED2806BB869F7C0E91F3C884F5"}
{"UtcTime":"2020-05-18 09:34:58.623","TerminalSessionId":"0","Company":"Microsoft Corporation","ParentImage":"C:\\Windows\\System32\\OpenSSH\\sshd.exe","Image":"C:\\Windows\\System32\\conhost.exe","ParentProcessId":"3876","FileVersion":"10.0.17763.1075 (WinBuild.160101.0800)","LogonGuid":"{87a71a6b-54eb-5ebe-e703-000000000000}","ProcessId":"4120","CommandLine":"\\??\\C:\\Windows\\system32\\conhost.exe 0xffffffff -ForceV1","ParentCommandLine":"\"C:\\Windows\\System32\\OpenSSH\\sshd.exe\" \"-R\"","LogonId":"0x3e7","ProcessGuid":"{87a71a6b-56c2-5ec2-9e50-01000000b000}","OriginalFileName":"CONHOST.EXE","RuleName":"-","Description":"Console Window Host","IntegrityLevel":"System","ParentProcessGuid":"{87a71a6b-56c2-5ec2-9d50-01000000b000}","Product":"Microsoft® Windows® Operating System","CurrentDirectory":"C:\\Windows","User":"NT AUTHORITY\\SYSTEM","Hashes":"SHA1=74F28DD9B0DA310D85F1931DB2749A26A9A8AB02"}
{"UtcTime":"2020-05-18 09:35:00.014","TerminalSessionId":"0","Company":"-","ParentImage":"C:\\Windows\\System32\\OpenSSH\\sshd.exe","Image":"C:\\Windows\\System32\\OpenSSH\\sshd.exe","FileVersion":"7.7.2.2","ParentProcessId":"3876","LogonGuid":"{87a71a6b-56c4-5ec2-cccc-820700000000}","CommandLine":"\"C:\\Windows\\System32\\OpenSSH\\sshd.exe\" \"-y\"","ProcessId":"4192","ParentCommandLine":"\"C:\\Windows\\System32\\OpenSSH\\sshd.exe\" \"-R\"","LogonId":"0x782cccc","ProcessGuid":"{87a71a6b-56c4-5ec2-9f50-01000000b000}","OriginalFileName":"-","RuleName":"-","Description":"-","IntegrityLevel":"High","ParentProcessGuid":"{87a71a6b-56c2-5ec2-9d50-01000000b000}","Product":"OpenSSH for Windows","User":"S-1-5-111-3847866527-469524349-687026318-516638107-1125189541-3876","Hashes":"SHA1=332C3AE15BF630ED2806BB869F7C0E91F3C884F5","CurrentDirectory":"C:\\"}
{"UtcTime":"2020-05-18 09:35:04.258","TerminalSessionId":"0","Company":"-","ParentImage":"C:\\Windows\\System32\\OpenSSH\\sshd.exe","Image":"C:\\Windows\\System32\\OpenSSH\\sshd.exe","FileVersion":"7.7.2.2","ParentProcessId":"1820","LogonGuid":"{87a71a6b-54eb-5ebe-e703-000000000000}","ProcessId":"1892","CommandLine":"\"C:\\Windows\\System32\\OpenSSH\\sshd.exe\" \"-R\"","ParentCommandLine":"C:\\Windows\\System32\\OpenSSH\\sshd.exe","LogonId":"0x3e7","ProcessGuid":"{87a71a6b-56c8-5ec2-a050-01000000b000}","OriginalFileName":"-","RuleName":"-","Description":"-","IntegrityLevel":"System","ParentProcessGuid":"{87a71a6b-54ee-5ebe-2700-00000000b000}","Product":"OpenSSH for Windows","CurrentDirectory":"C:\\","Hashes":"SHA1=332C3AE15BF630ED2806BB869F7C0E91F3C884F5","User":"NT AUTHORITY\\SYSTEM"}
{"UtcTime":"2020-05-18 09:35:05.576","RuleName":"-","Image":"C:\\Windows\\System32\\OpenSSH\\sshd.exe","ProcessId":"1892","ProcessGuid":"{87a71a6b-56c8-5ec2-a050-01000000b000}"}
{"UtcTime":"2020-05-18 09:35:09.543","TerminalSessionId":"0","Company":"-","ParentImage":"C:\\Windows\\System32\\OpenSSH\\sshd.exe","Image":"C:\\Windows\\System32\\OpenSSH\\sshd.exe","ParentProcessId":"3184","FileVersion":"7.7.2.2","LogonGuid":"{87a71a6b-56cd-5ec2-66e5-820700000000}","CommandLine":"\"C:\\Windows\\System32\\OpenSSH\\sshd.exe\" \"-y\"","ProcessId":"4980","ParentCommandLine":"\"C:\\Windows\\System32\\OpenSSH\\sshd.exe\" \"-R\"","LogonId":"0x782e566","ProcessGuid":"{87a71a6b-56cd-5ec2-a550-01000000b000}","OriginalFileName":"-","RuleName":"-","Description":"-","IntegrityLevel":"High","ParentProcessGuid":"{87a71a6b-56cd-5ec2-a350-01000000b000}","Product":"OpenSSH for Windows","CurrentDirectory":"C:\\","Hashes":"SHA1=332C3AE15BF630ED2806BB869F7C0E91F3C884F5","User":"S-1-5-111-3847866527-469524349-687026318-516638107-1125189541-3184"}
{"UtcTime":"2020-05-18 09:35:15.937","RuleName":"-","Image":"C:\\Windows\\System32\\conhost.exe","ProcessId":"4692","ProcessGuid":"{87a71a6b-56d3-5ec2-a750-01000000b000}"}
{"UtcTime":"2020-05-18 09:35:30.231","TerminalSessionId":"0","Company":"Microsoft Corporation","ParentImage":"C:\\Windows\\System32\\OpenSSH\\sshd.exe","Image":"C:\\Windows\\System32\\conhost.exe","ParentProcessId":"3052","FileVersion":"10.0.17763.1075 (WinBuild.160101.0800)","LogonGuid":"{87a71a6b-54eb-5ebe-e703-000000000000}","CommandLine":"\\??\\C:\\Windows\\system32\\conhost.exe 0xffffffff -ForceV1","ProcessId":"4500","ParentCommandLine":"\"C:\\Windows\\System32\\OpenSSH\\sshd.exe\" \"-R\"","LogonId":"0x3e7","ProcessGuid":"{87a71a6b-56e2-5ec2-ad50-01000000b000}","OriginalFileName":"CONHOST.EXE","RuleName":"-","Description":"Console Window Host","IntegrityLevel":"System","ParentProcessGuid":"{87a71a6b-56e2-5ec2-ac50-01000000b000}","Product":"Microsoft® Windows® Operating System","CurrentDirectory":"C:\\Windows","User":"NT AUTHORITY\\SYSTEM","Hashes":"SHA1=74F28DD9B0DA310D85F1931DB2749A26A9A8AB02"}
{"UtcTime":"2020-05-18 09:35:34.969","RuleName":"-","Image":"C:\\Windows\\System32\\OpenSSH\\sshd.exe","ProcessId":"4976","ProcessGuid":"{87a71a6b-56e6-5ec2-b150-01000000b000}"}
{"UtcTime":"2020-05-18 09:35:35.201","TerminalSessionId":"0","Company":"Microsoft Corporation","ParentImage":"C:\\Windows\\System32\\OpenSSH\\sshd.exe","Image":"C:\\Windows\\System32\\conhost.exe","FileVersion":"10.0.17763.1075 (WinBuild.160101.0800)","ParentProcessId":"4652","LogonGuid":"{87a71a6b-54eb-5ebe-e703-000000000000}","CommandLine":"\\??\\C:\\Windows\\system32\\conhost.exe 0xffffffff -ForceV1","ProcessId":"4676","ParentCommandLine":"\"C:\\Windows\\System32\\OpenSSH\\sshd.exe\" \"-R\"","LogonId":"0x3e7","ProcessGuid":"{87a71a6b-56e7-5ec2-b350-01000000b000}","OriginalFileName":"CONHOST.EXE","RuleName":"-","Description":"Console Window Host","IntegrityLevel":"System","ParentProcessGuid":"{87a71a6b-56e7-5ec2-b250-01000000b000}","Product":"Microsoft® Windows® Operating System","CurrentDirectory":"C:\\Windows","Hashes":"SHA1=74F28DD9B0DA310D85F1931DB2749A26A9A8AB02","User":"NT AUTHORITY\\SYSTEM"}
{"UtcTime":"2020-05-18 09:35:35.906","RuleName":"-","Image":"C:\\Windows\\System32\\conhost.exe","ProcessId":"4120","ProcessGuid":"{87a71a6b-56c2-5ec2-9e50-01000000b000}"}
{"UtcTime":"2020-05-18 09:36:27.874","TerminalSessionId":"0","Company":"-","ParentImage":"C:\\Windows\\System32\\OpenSSH\\sshd.exe","Image":"C:\\Windows\\System32\\OpenSSH\\sshd.exe","FileVersion":"7.7.2.2","ParentProcessId":"4212","LogonGuid":"{87a71a6b-571b-5ec2-9466-830700000000}","CommandLine":"\"C:\\Windows\\System32\\OpenSSH\\sshd.exe\" \"-y\"","ProcessId":"5088","ParentCommandLine":"\"C:\\Windows\\System32\\OpenSSH\\sshd.exe\" \"-R\"","LogonId":"0x7836694","ProcessGuid":"{87a71a6b-571b-5ec2-c350-01000000b000}","OriginalFileName":"-","RuleName":"-","Description":"-","IntegrityLevel":"High","ParentProcessGuid":"{87a71a6b-571b-5ec2-c150-01000000b000}","Product":"OpenSSH for Windows","User":"S-1-5-111-3847866527-469524349-687026318-516638107-1125189541-4212","Hashes":"SHA1=332C3AE15BF630ED2806BB869F7C0E91F3C884F5","CurrentDirectory":"C:\\"}
{"UtcTime":"2020-05-18 09:36:29.721","RuleName":"-","Image":"C:\\Windows\\System32\\OpenSSH\\sshd.exe","ProcessId":"5088","ProcessGuid":"{87a71a6b-571b-5ec2-c350-01000000b000}"}
{"UtcTime":"2020-05-18 09:36:38.312","TerminalSessionId":"0","Company":"-","ParentImage":"C:\\Windows\\System32\\OpenSSH\\sshd.exe","Image":"C:\\Windows\\System32\\OpenSSH\\sshd.exe","ParentProcessId":"1820","FileVersion":"7.7.2.2","LogonGuid":"{87a71a6b-54eb-5ebe-e703-000000000000}","CommandLine":"\"C:\\Windows\\System32\\OpenSSH\\sshd.exe\" \"-R\"","ProcessId":"4404","ParentCommandLine":"C:\\Windows\\System32\\OpenSSH\\sshd.exe","LogonId":"0x3e7","ProcessGuid":"{87a71a6b-5726-5ec2-c450-01000000b000}","OriginalFileName":"-","RuleName":"-","Description":"-","IntegrityLevel":"System","ParentProcessGuid":"{87a71a6b-54ee-5ebe-2700-00000000b000}","Product":"OpenSSH for Windows","CurrentDirectory":"C:\\","Hashes":"SHA1=332C3AE15BF630ED2806BB869F7C0E91F3C884F5","User":"NT AUTHORITY\\SYSTEM"}
{"UtcTime":"2020-05-18 09:36:40.705","RuleName":"-","Image":"C:\\Windows\\System32\\OpenSSH\\sshd.exe","ProcessId":"4404","ProcessGuid":"{87a71a6b-5726-5ec2-c450-01000000b000}"}
{"UtcTime":"2020-05-18 09:36:56.048","TerminalSessionId":"0","Company":"-","ParentImage":"C:\\Windows\\System32\\OpenSSH\\sshd.exe","Image":"C:\\Windows\\System32\\OpenSSH\\sshd.exe","ParentProcessId":"712","FileVersion":"7.7.2.2","LogonGuid":"{87a71a6b-5738-5ec2-4696-830700000000}","ProcessId":"3012","CommandLine":"\"C:\\Windows\\System32\\OpenSSH\\sshd.exe\" \"-y\"","ParentCommandLine":"\"C:\\Windows\\System32\\OpenSSH\\sshd.exe\" \"-R\"","LogonId":"0x7839646","ProcessGuid":"{87a71a6b-5738-5ec2-c950-01000000b000}","OriginalFileName":"-","RuleName":"-","Description":"-","IntegrityLevel":"High","ParentProcessGuid":"{87a71a6b-5737-5ec2-c750-01000000b000}","Product":"OpenSSH for Windows","User":"VIRTUAL USERS\\sshd_712","CurrentDirectory":"C:\\","Hashes":"SHA1=332C3AE15BF630ED2806BB869F7C0E91F3C884F5"}
{"UtcTime":"2020-05-18 09:37:01.720","TerminalSessionId":"0","Company":"-","ParentImage":"C:\\Windows\\System32\\OpenSSH\\sshd.exe","Image":"C:\\Windows\\System32\\OpenSSH\\sshd.exe","ParentProcessId":"1820","FileVersion":"7.7.2.2","LogonGuid":"{87a71a6b-54eb-5ebe-e703-000000000000}","ProcessId":"504","CommandLine":"\"C:\\Windows\\System32\\OpenSSH\\sshd.exe\" \"-R\"","ParentCommandLine":"C:\\Windows\\System32\\OpenSSH\\sshd.exe","LogonId":"0x3e7","ProcessGuid":"{87a71a6b-573d-5ec2-ca50-01000000b000}","OriginalFileName":"-","RuleName":"-","Description":"-","IntegrityLevel":"System","ParentProcessGuid":"{87a71a6b-54ee-5ebe-2700-00000000b000}","Product":"OpenSSH for Windows","User":"NT AUTHORITY\\SYSTEM","Hashes":"SHA1=332C3AE15BF630ED2806BB869F7C0E91F3C884F5","CurrentDirectory":"C:\\"}
{"UtcTime":"2020-05-18 09:37:05.253","RuleName":"-","Image":"C:\\Windows\\System32\\OpenSSH\\sshd.exe","ProcessId":"4504","ProcessGuid":"{87a71a6b-573f-5ec2-cd50-01000000b000}"}
{"UtcTime":"2020-05-18 09:37:10.910","TerminalSessionId":"0","Company":"-","ParentImage":"C:\\Windows\\System32\\OpenSSH\\sshd.exe","Image":"C:\\Windows\\System32\\OpenSSH\\sshd.exe","ParentProcessId":"4792","FileVersion":"7.7.2.2","LogonGuid":"{87a71a6b-5746-5ec2-fab8-830700000000}","ProcessId":"4416","CommandLine":"\"C:\\Windows\\System32\\OpenSSH\\sshd.exe\" \"-y\"","ParentCommandLine":"\"C:\\Windows\\System32\\OpenSSH\\sshd.exe\" \"-R\"","LogonId":"0x783b8fa","ProcessGuid":"{87a71a6b-5746-5ec2-d250-01000000b000}","OriginalFileName":"-","RuleName":"-","Description":"-","IntegrityLevel":"High","ParentProcessGuid":"{87a71a6b-5746-5ec2-d050-01000000b000}","Product":"OpenSSH for Windows","User":"S-1-5-111-3847866527-469524349-687026318-516638107-1125189541-4792","Hashes":"SHA1=332C3AE15BF630ED2806BB869F7C0E91F3C884F5","CurrentDirectory":"C:\\"}
{"UtcTime":"2020-05-18 09:37:47.256","TerminalSessionId":"0","Company":"-","ParentImage":"C:\\Windows\\System32\\OpenSSH\\sshd.exe","Image":"C:\\Windows\\System32\\OpenSSH\\sshd.exe","FileVersion":"7.7.2.2","ParentProcessId":"1820","LogonGuid":"{87a71a6b-54eb-5ebe-e703-000000000000}","CommandLine":"\"C:\\Windows\\System32\\OpenSSH\\sshd.exe\" \"-R\"","ProcessId":"4180","ParentCommandLine":"C:\\Windows\\System32\\OpenSSH\\sshd.exe","LogonId":"0x3e7","ProcessGuid":"{87a71a6b-576b-5ec2-d350-01000000b000}","OriginalFileName":"-","RuleName":"-","Description":"-","IntegrityLevel":"System","ParentProcessGuid":"{87a71a6b-54ee-5ebe-2700-00000000b000}","Product":"OpenSSH for Windows","User":"NT AUTHORITY\\SYSTEM","CurrentDirectory":"C:\\","Hashes":"SHA1=332C3AE15BF630ED2806BB869F7C0E91F3C884F5"}
{"UtcTime":"2020-05-18 09:37:49.021","RuleName":"-","Image":"C:\\Windows\\System32\\OpenSSH\\sshd.exe","ProcessId":"4180","ProcessGuid":"{87a71a6b-576b-5ec2-d350-01000000b000}"}
{"UtcTime":"2020-05-18 09:38:38.152","TerminalSessionId":"0","Company":"-","ParentImage":"C:\\Windows\\System32\\OpenSSH\\sshd.exe","Image":"C:\\Windows\\System32\\OpenSSH\\sshd.exe","ParentProcessId":"1820","FileVersion":"7.7.2.2","LogonGuid":"{87a71a6b-54eb-5ebe-e703-000000000000}","CommandLine":"\"C:\\Windows\\System32\\OpenSSH\\sshd.exe\" \"-R\"","ProcessId":"3892","ParentCommandLine":"C:\\Windows\\System32\\OpenSSH\\sshd.exe","LogonId":"0x3e7","ProcessGuid":"{87a71a6b-579e-5ec2-e150-01000000b000}","OriginalFileName":"-","RuleName":"-","Description":"-","IntegrityLevel":"System","ParentProcessGuid":"{87a71a6b-54ee-5ebe-2700-00000000b000}","Product":"OpenSSH for Windows","User":"NT AUTHORITY\\SYSTEM","CurrentDirectory":"C:\\","Hashes":"SHA1=332C3AE15BF630ED2806BB869F7C0E91F3C884F5"}
{"UtcTime":"2020-05-18 09:38:38.210","RuleName":"-","Image":"C:\\Windows\\System32\\conhost.exe","ProcessId":"3232","ProcessGuid":"{87a71a6b-579c-5ec2-dd50-01000000b000}"}
{"UtcTime":"2020-05-18 09:38:53.923","TerminalSessionId":"0","Company":"-","ParentImage":"C:\\Windows\\System32\\OpenSSH\\sshd.exe","Image":"C:\\Windows\\System32\\OpenSSH\\sshd.exe","FileVersion":"7.7.2.2","ParentProcessId":"1820","LogonGuid":"{87a71a6b-54eb-5ebe-e703-000000000000}","CommandLine":"\"C:\\Windows\\System32\\OpenSSH\\sshd.exe\" \"-R\"","ProcessId":"504","ParentCommandLine":"C:\\Windows\\System32\\OpenSSH\\sshd.exe","LogonId":"0x3e7","ProcessGuid":"{87a71a6b-57ad-5ec2-e750-01000000b000}","OriginalFileName":"-","RuleName":"-","Description":"-","IntegrityLevel":"System","ParentProcessGuid":"{87a71a6b-54ee-5ebe-2700-00000000b000}","Product":"OpenSSH for Windows","User":"NT AUTHORITY\\SYSTEM","Hashes":"SHA1=332C3AE15BF630ED2806BB869F7C0E91F3C884F5","CurrentDirectory":"C:\\"}
{"UtcTime":"2020-05-18 09:38:55.273","RuleName":"-","Image":"C:\\Windows\\System32\\OpenSSH\\sshd.exe","ProcessId":"3244","ProcessGuid":"{87a71a6b-57ae-5ec2-ea50-01000000b000}"}
{"UtcTime":"2020-05-18 09:38:55.336","RuleName":"-","Image":"C:\\Windows\\System32\\OpenSSH\\sshd.exe","ProcessId":"3308","ProcessGuid":"{87a71a6b-57ad-5ec2-e550-01000000b000}"}
{"UtcTime":"2020-05-18 09:38:56.125","TerminalSessionId":"0","Company":"-","ParentImage":"C:\\Windows\\System32\\OpenSSH\\sshd.exe","Image":"C:\\Windows\\System32\\OpenSSH\\sshd.exe","ParentProcessId":"688","FileVersion":"7.7.2.2","LogonGuid":"{87a71a6b-57b0-5ec2-5366-840700000000}","ProcessId":"4632","CommandLine":"\"C:\\Windows\\System32\\OpenSSH\\sshd.exe\" \"-y\"","ParentCommandLine":"\"C:\\Windows\\System32\\OpenSSH\\sshd.exe\" \"-R\"","LogonId":"0x7846653","ProcessGuid":"{87a71a6b-57b0-5ec2-ed50-01000000b000}","OriginalFileName":"-","RuleName":"-","Description":"-","IntegrityLevel":"High","ParentProcessGuid":"{87a71a6b-57af-5ec2-eb50-01000000b000}","Product":"OpenSSH for Windows","CurrentDirectory":"C:\\","User":"S-1-5-111-3847866527-469524349-687026318-516638107-1125189541-688","Hashes":"SHA1=332C3AE15BF630ED2806BB869F7C0E91F3C884F5"}
{"UtcTime":"2020-05-18 09:38:56.622","TerminalSessionId":"0","Company":"-","ParentImage":"C:\\Windows\\System32\\OpenSSH\\sshd.exe","Image":"C:\\Windows\\System32\\OpenSSH\\sshd.exe","ParentProcessId":"1820","FileVersion":"7.7.2.2","LogonGuid":"{87a71a6b-54eb-5ebe-e703-000000000000}","CommandLine":"\"C:\\Windows\\System32\\OpenSSH\\sshd.exe\" \"-R\"","ProcessId":"520","ParentCommandLine":"C:\\Windows\\System32\\OpenSSH\\sshd.exe","LogonId":"0x3e7","ProcessGuid":"{87a71a6b-57b0-5ec2-ee50-01000000b000}","OriginalFileName":"-","RuleName":"-","Description":"-","IntegrityLevel":"System","ParentProcessGuid":"{87a71a6b-54ee-5ebe-2700-00000000b000}","Product":"OpenSSH for Windows","User":"NT AUTHORITY\\SYSTEM","CurrentDirectory":"C:\\","Hashes":"SHA1=332C3AE15BF630ED2806BB869F7C0E91F3C884F5"}
{"UtcTime":"2020-05-18 09:38:57.664","RuleName":"-","Image":"C:\\Windows\\System32\\OpenSSH\\sshd.exe","ProcessId":"520","ProcessGuid":"{87a71a6b-57b0-5ec2-ee50-01000000b000}"}
{"UtcTime":"2020-05-18 09:38:57.664","RuleName":"-","Image":"C:\\Windows\\System32\\conhost.exe","ProcessId":"4888","ProcessGuid":"{87a71a6b-57b0-5ec2-ef50-01000000b000}"}
{"UtcTime":"2020-05-18 09:38:57.698","TerminalSessionId":"0","Company":"-","ParentImage":"C:\\Windows\\System32\\OpenSSH\\sshd.exe","Image":"C:\\Windows\\System32\\OpenSSH\\sshd.exe","FileVersion":"7.7.2.2","ParentProcessId":"1820","LogonGuid":"{87a71a6b-54eb-5ebe-e703-000000000000}","CommandLine":"\"C:\\Windows\\System32\\OpenSSH\\sshd.exe\" \"-R\"","ProcessId":"5072","ParentCommandLine":"C:\\Windows\\System32\\OpenSSH\\sshd.exe","LogonId":"0x3e7","ProcessGuid":"{87a71a6b-57b1-5ec2-f150-01000000b000}","OriginalFileName":"-","RuleName":"-","Description":"-","IntegrityLevel":"System","ParentProcessGuid":"{87a71a6b-54ee-5ebe-2700-00000000b000}","Product":"OpenSSH for Windows","User":"NT AUTHORITY\\SYSTEM","CurrentDirectory":"C:\\","Hashes":"SHA1=332C3AE15BF630ED2806BB869F7C0E91F3C884F5"}
{"UtcTime":"2020-05-18 09:38:57.702","TerminalSessionId":"0","Company":"Microsoft Corporation","ParentImage":"C:\\Windows\\System32\\OpenSSH\\sshd.exe","Image":"C:\\Windows\\System32\\conhost.exe","ParentProcessId":"5072","FileVersion":"10.0.17763.1075 (WinBuild.160101.0800)","LogonGuid":"{87a71a6b-54eb-5ebe-e703-000000000000}","CommandLine":"\\??\\C:\\Windows\\system32\\conhost.exe 0xffffffff -ForceV1","ProcessId":"4584","ParentCommandLine":"\"C:\\Windows\\System32\\OpenSSH\\sshd.exe\" \"-R\"","LogonId":"0x3e7","ProcessGuid":"{87a71a6b-57b1-5ec2-f250-01000000b000}","OriginalFileName":"CONHOST.EXE","RuleName":"-","Description":"Console Window Host","IntegrityLevel":"System","ParentProcessGuid":"{87a71a6b-57b1-5ec2-f150-01000000b000}","Product":"Microsoft® Windows® Operating System","CurrentDirectory":"C:\\Windows","User":"NT AUTHORITY\\SYSTEM","Hashes":"SHA1=74F28DD9B0DA310D85F1931DB2749A26A9A8AB02"}
{"UtcTime":"2020-05-18 09:38:57.957","TerminalSessionId":"0","Company":"-","ParentImage":"C:\\Windows\\System32\\OpenSSH\\sshd.exe","Image":"C:\\Windows\\System32\\OpenSSH\\sshd.exe","FileVersion":"7.7.2.2","ParentProcessId":"5072","LogonGuid":"{87a71a6b-57b1-5ec2-8a76-840700000000}","ProcessId":"3624","CommandLine":"\"C:\\Windows\\System32\\OpenSSH\\sshd.exe\" \"-y\"","ParentCommandLine":"\"C:\\Windows\\System32\\OpenSSH\\sshd.exe\" \"-R\"","LogonId":"0x784768a","ProcessGuid":"{87a71a6b-57b1-5ec2-f350-01000000b000}","OriginalFileName":"-","RuleName":"-","Description":"-","IntegrityLevel":"High","ParentProcessGuid":"{87a71a6b-57b1-5ec2-f150-01000000b000}","Product":"OpenSSH for Windows","User":"S-1-5-111-3847866527-469524349-687026318-516638107-1125189541-5072","Hashes":"SHA1=332C3AE15BF630ED2806BB869F7C0E91F3C884F5","CurrentDirectory":"C:\\"}
{"UtcTime":"2020-05-18 09:38:58.075","TerminalSessionId":"0","Company":"-","ParentImage":"C:\\Windows\\System32\\OpenSSH\\sshd.exe","Image":"C:\\Windows\\System32\\OpenSSH\\sshd.exe","ParentProcessId":"1820","FileVersion":"7.7.2.2","LogonGuid":"{87a71a6b-54eb-5ebe-e703-000000000000}","ProcessId":"4692","CommandLine":"\"C:\\Windows\\System32\\OpenSSH\\sshd.exe\" \"-R\"","ParentCommandLine":"C:\\Windows\\System32\\OpenSSH\\sshd.exe","LogonId":"0x3e7","ProcessGuid":"{87a71a6b-57b2-5ec2-f450-01000000b000}","OriginalFileName":"-","RuleName":"-","Description":"-","IntegrityLevel":"System","ParentProcessGuid":"{87a71a6b-54ee-5ebe-2700-00000000b000}","Product":"OpenSSH for Windows","User":"NT AUTHORITY\\SYSTEM","CurrentDirectory":"C:\\","Hashes":"SHA1=332C3AE15BF630ED2806BB869F7C0E91F3C884F5"}
{"UtcTime":"2020-05-18 09:38:58.201","TerminalSessionId":"0","Company":"-","ParentImage":"C:\\Windows\\System32\\OpenSSH\\sshd.exe","Image":"C:\\Windows\\System32\\OpenSSH\\sshd.exe","FileVersion":"7.7.2.2","ParentProcessId":"4692","LogonGuid":"{87a71a6b-57b2-5ec2-1e81-840700000000}","ProcessId":"1944","CommandLine":"\"C:\\Windows\\System32\\OpenSSH\\sshd.exe\" \"-y\"","ParentCommandLine":"\"C:\\Windows\\System32\\OpenSSH\\sshd.exe\" \"-R\"","LogonId":"0x784811e","ProcessGuid":"{87a71a6b-57b2-5ec2-f850-01000000b000}","OriginalFileName":"-","RuleName":"-","Description":"-","IntegrityLevel":"High","ParentProcessGuid":"{87a71a6b-57b2-5ec2-f450-01000000b000}","Product":"OpenSSH for Windows","User":"S-1-5-111-3847866527-469524349-687026318-516638107-1125189541-4692","Hashes":"SHA1=332C3AE15BF630ED2806BB869F7C0E91F3C884F5","CurrentDirectory":"C:\\"}
{"UtcTime":"2020-05-18 09:38:59.155","TerminalSessionId":"0","Company":"-","ParentImage":"C:\\Windows\\System32\\OpenSSH\\sshd.exe","Image":"C:\\Windows\\System32\\OpenSSH\\sshd.exe","FileVersion":"7.7.2.2","ParentProcessId":"2204","LogonGuid":"{87a71a6b-57b3-5ec2-6e8c-840700000000}","ProcessId":"4964","CommandLine":"\"C:\\Windows\\System32\\OpenSSH\\sshd.exe\" \"-y\"","ParentCommandLine":"\"C:\\Windows\\System32\\OpenSSH\\sshd.exe\" \"-R\"","LogonId":"0x7848c6e","ProcessGuid":"{87a71a6b-57b3-5ec2-fc50-01000000b000}","OriginalFileName":"-","RuleName":"-","Description":"-","IntegrityLevel":"High","ParentProcessGuid":"{87a71a6b-57b2-5ec2-fa50-01000000b000}","Product":"OpenSSH for Windows","CurrentDirectory":"C:\\","Hashes":"SHA1=332C3AE15BF630ED2806BB869F7C0E91F3C884F5","User":"S-1-5-111-3847866527-469524349-687026318-516638107-1125189541-2204"}
{"UtcTime":"2020-05-18 09:39:02.351","RuleName":"-","Image":"C:\\Windows\\System32\\OpenSSH\\sshd.exe","ProcessId":"4740","ProcessGuid":"{87a71a6b-57b4-5ec2-fd50-01000000b000}"}
{"UtcTime":"2020-05-18 09:39:04.261","TerminalSessionId":"0","Company":"-","ParentImage":"C:\\Windows\\System32\\OpenSSH\\sshd.exe","Image":"C:\\Windows\\System32\\OpenSSH\\sshd.exe","FileVersion":"7.7.2.2","ParentProcessId":"4268","LogonGuid":"{87a71a6b-57b8-5ec2-4ca4-840700000000}","CommandLine":"\"C:\\Windows\\System32\\OpenSSH\\sshd.exe\" \"-y\"","ProcessId":"4228","ParentCommandLine":"\"C:\\Windows\\System32\\OpenSSH\\sshd.exe\" \"-R\"","LogonId":"0x784a44c","ProcessGuid":"{87a71a6b-57b8-5ec2-0251-01000000b000}","OriginalFileName":"-","RuleName":"-","Description":"-","IntegrityLevel":"High","ParentProcessGuid":"{87a71a6b-57b6-5ec2-0051-01000000b000}","Product":"OpenSSH for Windows","CurrentDirectory":"C:\\","Hashes":"SHA1=332C3AE15BF630ED2806BB869F7C0E91F3C884F5","User":"S-1-5-111-3847866527-469524349-687026318-516638107-1125189541-4268"}
{"UtcTime":"2020-05-18 09:39:05.025","TerminalSessionId":"0","Company":"-","ParentImage":"C:\\Windows\\System32\\OpenSSH\\sshd.exe","Image":"C:\\Windows\\System32\\OpenSSH\\sshd.exe","ParentProcessId":"1820","FileVersion":"7.7.2.2","LogonGuid":"{87a71a6b-54eb-5ebe-e703-000000000000}","CommandLine":"\"C:\\Windows\\System32\\OpenSSH\\sshd.exe\" \"-R\"","ProcessId":"1096","ParentCommandLine":"C:\\Windows\\System32\\OpenSSH\\sshd.exe","LogonId":"0x3e7","ProcessGuid":"{87a71a6b-57b9-5ec2-0351-01000000b000}","OriginalFileName":"-","RuleName":"-","Description":"-","IntegrityLevel":"System","ParentProcessGuid":"{87a71a6b-54ee-5ebe-2700-00000000b000}","Product":"OpenSSH for Windows","User":"NT AUTHORITY\\SYSTEM","CurrentDirectory":"C:\\","Hashes":"SHA1=332C3AE15BF630ED2806BB869F7C0E91F3C884F5"}
{"UtcTime":"2020-05-18 09:39:07.680","RuleName":"-","Image":"C:\\Windows\\System32\\OpenSSH\\sshd.exe","ProcessId":"1096","ProcessGuid":"{87a71a6b-57b9-5ec2-0351-01000000b000}"}
{"UtcTime":"2020-05-18 09:39:08.376","TerminalSessionId":"0","Company":"-","ParentImage":"C:\\Windows\\System32\\OpenSSH\\sshd.exe","Image":"C:\\Windows\\System32\\OpenSSH\\sshd.exe","FileVersion":"7.7.2.2","ParentProcessId":"4068","LogonGuid":"{87a71a6b-57bc-5ec2-a2b4-840700000000}","CommandLine":"\"C:\\Windows\\System32\\OpenSSH\\sshd.exe\" \"-y\"","ProcessId":"4264","ParentCommandLine":"\"C:\\Windows\\System32\\OpenSSH\\sshd.exe\" \"-R\"","LogonId":"0x784b4a2","ProcessGuid":"{87a71a6b-57bc-5ec2-0851-01000000b000}","OriginalFileName":"-","RuleName":"-","Description":"-","IntegrityLevel":"High","ParentProcessGuid":"{87a71a6b-57bb-5ec2-0651-01000000b000}","Product":"OpenSSH for Windows","User":"S-1-5-111-3847866527-469524349-687026318-516638107-1125189541-4068","Hashes":"SHA1=332C3AE15BF630ED2806BB869F7C0E91F3C884F5","CurrentDirectory":"C:\\"}
{"UtcTime":"2020-05-18 09:39:10.147","TerminalSessionId":"0","Company":"-","ParentImage":"C:\\Windows\\System32\\OpenSSH\\sshd.exe","Image":"C:\\Windows\\System32\\OpenSSH\\sshd.exe","FileVersion":"7.7.2.2","ParentProcessId":"1820","LogonGuid":"{87a71a6b-54eb-5ebe-e703-000000000000}","CommandLine":"\"C:\\Windows\\System32\\OpenSSH\\sshd.exe\" \"-R\"","ProcessId":"3028","ParentCommandLine":"C:\\Windows\\System32\\OpenSSH\\sshd.exe","LogonId":"0x3e7","ProcessGuid":"{87a71a6b-57be-5ec2-0951-01000000b000}","OriginalFileName":"-","RuleName":"-","Description":"-","IntegrityLevel":"System","ParentProcessGuid":"{87a71a6b-54ee-5ebe-2700-00000000b000}","Product":"OpenSSH for Windows","CurrentDirectory":"C:\\","User":"NT AUTHORITY\\SYSTEM","Hashes":"SHA1=332C3AE15BF630ED2806BB869F7C0E91F3C884F5"}
{"UtcTime":"2020-05-18 09:39:11.211","RuleName":"-","Image":"C:\\Windows\\System32\\OpenSSH\\sshd.exe","ProcessId":"3028","ProcessGuid":"{87a71a6b-57be-5ec2-0951-01000000b000}"}
{"UtcTime":"2020-05-18 09:39:23.116","TerminalSessionId":"0","Company":"-","ParentImage":"C:\\Windows\\System32\\OpenSSH\\sshd.exe","Image":"C:\\Windows\\System32\\OpenSSH\\sshd.exe","ParentProcessId":"2276","FileVersion":"7.7.2.2","LogonGuid":"{87a71a6b-57cb-5ec2-72d0-840700000000}","ProcessId":"2552","CommandLine":"\"C:\\Windows\\System32\\OpenSSH\\sshd.exe\" \"-y\"","ParentCommandLine":"\"C:\\Windows\\System32\\OpenSSH\\sshd.exe\" \"-R\"","LogonId":"0x784d072","ProcessGuid":"{87a71a6b-57cb-5ec2-0e51-01000000b000}","OriginalFileName":"-","RuleName":"-","Description":"-","IntegrityLevel":"High","ParentProcessGuid":"{87a71a6b-57ca-5ec2-0c51-01000000b000}","Product":"OpenSSH for Windows","CurrentDirectory":"C:\\","Hashes":"SHA1=332C3AE15BF630ED2806BB869F7C0E91F3C884F5","User":"S-1-5-111-3847866527-469524349-687026318-516638107-1125189541-2276"}
