{"UtcTime":"2020-05-18 09:58:06.916","SourceIp":"185.202.2.20","SourcePortName":"-","DestinationPortName":"ms-wbt-server","RuleName":"RDP","SourceHostname":"-","SourceIsIpv6":"false","DestinationHostname":"EC2AMAZ-NP5R74L.eu-central-1.compute.internal","DestinationIsIpv6":"false","DestinationIp":"172.31.34.47","Image":"C:\\Windows\\System32\\svchost.exe","DestinationPort":"3389","ProcessId":"824","Protocol":"tcp","SourcePort":"31855","User":"NT AUTHORITY\\NETWORK SERVICE","Initiated":"false","ProcessGuid":"{8bcf3217-54f6-5ebe-1300-00000000b000}"}
{"UtcTime":"2020-05-18 09:58:07.005","SourceIp":"185.202.2.19","DestinationPortName":"ms-wbt-server","SourcePortName":"-","RuleName":"RDP","SourceIsIpv6":"false","SourceHostname":"-","DestinationHostname":"EC2AMAZ-NP5R74L.eu-central-1.compute.internal","DestinationIsIpv6":"false","DestinationIp":"172.31.34.47","Image":"C:\\Windows\\System32\\svchost.exe","DestinationPort":"3389","ProcessId":"824","Protocol":"tcp","SourcePort":"8295","User":"NT AUTHORITY\\NETWORK SERVICE","Initiated":"false","ProcessGuid":"{8bcf3217-54f6-5ebe-1300-00000000b000}"}
{"SourcePortName":"-","DestinationPortName":"ms-wbt-server","SourceIp":"185.202.2.16","UtcTime":"2020-05-18 09:58:07.324","RuleName":"RDP","SourceIsIpv6":"false","SourceHostname":"-","DestinationHostname":"EC2AMAZ-NP5R74L.eu-central-1.compute.internal","DestinationIsIpv6":"false","Image":"C:\\Windows\\System32\\svchost.exe","DestinationIp":"172.31.34.47","DestinationPort":"3389","ProcessId":"824","Protocol":"tcp","SourcePort":"25886","User":"NT AUTHORITY\\NETWORK SERVICE","Initiated":"false","ProcessGuid":"{8bcf3217-54f6-5ebe-1300-00000000b000}"}
{"SourcePortName":"-","DestinationPortName":"ms-wbt-server","UtcTime":"2020-05-18 09:58:07.577","SourceIp":"185.209.0.113","RuleName":"RDP","SourceIsIpv6":"false","SourceHostname":"-","DestinationHostname":"EC2AMAZ-NP5R74L.eu-central-1.compute.internal","DestinationIsIpv6":"false","DestinationIp":"172.31.34.47","Image":"C:\\Windows\\System32\\svchost.exe","DestinationPort":"3389","ProcessId":"824","Protocol":"tcp","SourcePort":"63531","User":"NT AUTHORITY\\NETWORK SERVICE","Initiated":"false","ProcessGuid":"{8bcf3217-54f6-5ebe-1300-00000000b000}"}
{"UtcTime":"2020-05-18 09:58:09.479","DestinationPortName":"ms-wbt-server","SourceIp":"185.202.2.22","SourcePortName":"-","RuleName":"RDP","SourceHostname":"-","SourceIsIpv6":"false","DestinationHostname":"EC2AMAZ-NP5R74L.eu-central-1.compute.internal","DestinationIsIpv6":"false","DestinationIp":"172.31.34.47","Image":"C:\\Windows\\System32\\svchost.exe","DestinationPort":"3389","ProcessId":"824","Protocol":"tcp","SourcePort":"56696","User":"NT AUTHORITY\\NETWORK SERVICE","Initiated":"false","ProcessGuid":"{8bcf3217-54f6-5ebe-1300-00000000b000}"}
{"UtcTime":"2020-05-18 09:58:14.998","DestinationPortName":"ms-wbt-server","SourceIp":"185.202.2.224","SourcePortName":"-","RuleName":"RDP","SourceHostname":"-","SourceIsIpv6":"false","DestinationHostname":"EC2AMAZ-NP5R74L.eu-central-1.compute.internal","DestinationIsIpv6":"false","DestinationIp":"172.31.34.47","Image":"C:\\Windows\\System32\\svchost.exe","DestinationPort":"3389","ProcessId":"824","Protocol":"tcp","SourcePort":"38753","User":"NT AUTHORITY\\NETWORK SERVICE","Initiated":"false","ProcessGuid":"{8bcf3217-54f6-5ebe-1300-00000000b000}"}
{"SourcePortName":"-","DestinationPortName":"ms-wbt-server","UtcTime":"2020-05-18 09:58:20.403","SourceIp":"185.202.1.47","RuleName":"RDP","SourceHostname":"-","SourceIsIpv6":"false","DestinationHostname":"EC2AMAZ-NP5R74L.eu-central-1.compute.internal","DestinationIsIpv6":"false","DestinationIp":"172.31.34.47","Image":"C:\\Windows\\System32\\svchost.exe","DestinationPort":"3389","ProcessId":"824","Protocol":"tcp","SourcePort":"51251","User":"NT AUTHORITY\\NETWORK SERVICE","Initiated":"false","ProcessGuid":"{8bcf3217-54f6-5ebe-1300-00000000b000}"}
{"SourceIp":"185.209.0.117","SourcePortName":"-","DestinationPortName":"ms-wbt-server","UtcTime":"2020-05-18 09:58:23.762","RuleName":"RDP","SourceHostname":"-","SourceIsIpv6":"false","DestinationHostname":"EC2AMAZ-NP5R74L.eu-central-1.compute.internal","DestinationIsIpv6":"false","DestinationIp":"172.31.34.47","Image":"C:\\Windows\\System32\\svchost.exe","DestinationPort":"3389","ProcessId":"824","Protocol":"tcp","SourcePort":"51844","User":"NT AUTHORITY\\NETWORK SERVICE","Initiated":"false","ProcessGuid":"{8bcf3217-54f6-5ebe-1300-00000000b000}"}
{"SourcePortName":"-","SourceIp":"45.82.153.49","UtcTime":"2020-05-18 09:58:25.481","DestinationPortName":"ms-wbt-server","RuleName":"RDP","SourceHostname":"-","SourceIsIpv6":"false","DestinationHostname":"EC2AMAZ-NP5R74L.eu-central-1.compute.internal","DestinationIsIpv6":"false","DestinationIp":"172.31.34.47","Image":"C:\\Windows\\System32\\svchost.exe","DestinationPort":"3389","ProcessId":"824","Protocol":"tcp","SourcePort":"16153","User":"NT AUTHORITY\\NETWORK SERVICE","Initiated":"false","ProcessGuid":"{8bcf3217-54f6-5ebe-1300-00000000b000}"}
{"SourceIp":"185.202.1.245","DestinationPortName":"ms-wbt-server","UtcTime":"2020-05-18 09:58:26.581","SourcePortName":"-","RuleName":"RDP","SourceHostname":"-","SourceIsIpv6":"false","DestinationHostname":"EC2AMAZ-NP5R74L.eu-central-1.compute.internal","DestinationIsIpv6":"false","Image":"C:\\Windows\\System32\\svchost.exe","DestinationIp":"172.31.34.47","DestinationPort":"3389","ProcessId":"824","Protocol":"tcp","SourcePort":"14584","User":"NT AUTHORITY\\NETWORK SERVICE","Initiated":"false","ProcessGuid":"{8bcf3217-54f6-5ebe-1300-00000000b000}"}
{"SourceIp":"185.202.1.41","UtcTime":"2020-05-18 09:58:26.584","SourcePortName":"-","DestinationPortName":"ms-wbt-server","RuleName":"RDP","SourceIsIpv6":"false","SourceHostname":"-","DestinationHostname":"EC2AMAZ-NP5R74L.eu-central-1.compute.internal","DestinationIsIpv6":"false","DestinationIp":"172.31.34.47","Image":"C:\\Windows\\System32\\svchost.exe","DestinationPort":"3389","ProcessId":"824","Protocol":"tcp","SourcePort":"18117","User":"NT AUTHORITY\\NETWORK SERVICE","Initiated":"false","ProcessGuid":"{8bcf3217-54f6-5ebe-1300-00000000b000}"}
{"UtcTime":"2020-05-18 09:58:27.348","DestinationPortName":"ms-wbt-server","SourcePortName":"-","SourceIp":"185.209.0.105","RuleName":"RDP","SourceHostname":"-","SourceIsIpv6":"false","DestinationHostname":"EC2AMAZ-NP5R74L.eu-central-1.compute.internal","DestinationIsIpv6":"false","DestinationIp":"172.31.34.47","Image":"C:\\Windows\\System32\\svchost.exe","DestinationPort":"3389","ProcessId":"824","Protocol":"tcp","SourcePort":"64872","User":"NT AUTHORITY\\NETWORK SERVICE","Initiated":"false","ProcessGuid":"{8bcf3217-54f6-5ebe-1300-00000000b000}"}
{"SourcePortName":"-","SourceIp":"222.255.167.88","UtcTime":"2020-05-18 09:58:29.988","DestinationPortName":"ms-wbt-server","RuleName":"RDP","SourceHostname":"static.vnpt.vn","SourceIsIpv6":"false","DestinationHostname":"EC2AMAZ-NP5R74L.eu-central-1.compute.internal","DestinationIsIpv6":"false","DestinationIp":"172.31.34.47","Image":"C:\\Windows\\System32\\svchost.exe","DestinationPort":"3389","ProcessId":"824","Protocol":"tcp","SourcePort":"10476","User":"NT AUTHORITY\\NETWORK SERVICE","Initiated":"false","ProcessGuid":"{8bcf3217-54f6-5ebe-1300-00000000b000}"}
{"UtcTime":"2020-05-18 09:58:30.250","SourceIp":"194.61.55.252","SourcePortName":"-","DestinationPortName":"ms-wbt-server","RuleName":"RDP","SourceIsIpv6":"false","SourceHostname":"-","DestinationHostname":"EC2AMAZ-NP5R74L.eu-central-1.compute.internal","DestinationIsIpv6":"false","Image":"C:\\Windows\\System32\\svchost.exe","DestinationIp":"172.31.34.47","DestinationPort":"3389","ProcessId":"824","Protocol":"tcp","SourcePort":"24439","User":"NT AUTHORITY\\NETWORK SERVICE","Initiated":"false","ProcessGuid":"{8bcf3217-54f6-5ebe-1300-00000000b000}"}
{"SourcePortName":"-","SourceIp":"185.209.0.106","UtcTime":"2020-05-18 09:58:30.676","DestinationPortName":"ms-wbt-server","RuleName":"RDP","SourceIsIpv6":"false","SourceHostname":"-","DestinationHostname":"EC2AMAZ-NP5R74L.eu-central-1.compute.internal","DestinationIsIpv6":"false","DestinationIp":"172.31.34.47","Image":"C:\\Windows\\System32\\svchost.exe","DestinationPort":"3389","ProcessId":"824","Protocol":"tcp","SourcePort":"64922","User":"NT AUTHORITY\\NETWORK SERVICE","Initiated":"false","ProcessGuid":"{8bcf3217-54f6-5ebe-1300-00000000b000}"}
{"SourcePortName":"-","DestinationPortName":"ms-wbt-server","SourceIp":"51.91.69.20","UtcTime":"2020-05-18 09:58:31.607","RuleName":"RDP","SourceHostname":"ns61208963.ip-51-91-69.eu","SourceIsIpv6":"false","DestinationHostname":"EC2AMAZ-NP5R74L.eu-central-1.compute.internal","DestinationIsIpv6":"false","Image":"C:\\Windows\\System32\\svchost.exe","DestinationIp":"172.31.34.47","DestinationPort":"3389","ProcessId":"824","Protocol":"tcp","SourcePort":"50931","User":"NT AUTHORITY\\NETWORK SERVICE","Initiated":"false","ProcessGuid":"{8bcf3217-54f6-5ebe-1300-00000000b000}"}
{"SourceIp":"185.209.0.105","UtcTime":"2020-05-18 09:58:33.372","DestinationPortName":"ms-wbt-server","SourcePortName":"-","RuleName":"RDP","SourceHostname":"-","SourceIsIpv6":"false","DestinationHostname":"EC2AMAZ-NP5R74L.eu-central-1.compute.internal","DestinationIsIpv6":"false","Image":"C:\\Windows\\System32\\svchost.exe","DestinationIp":"172.31.34.47","DestinationPort":"3389","ProcessId":"824","Protocol":"tcp","SourcePort":"65338","User":"NT AUTHORITY\\NETWORK SERVICE","Initiated":"false","ProcessGuid":"{8bcf3217-54f6-5ebe-1300-00000000b000}"}
{"SourceIp":"185.209.0.106","DestinationPortName":"ms-wbt-server","SourcePortName":"-","UtcTime":"2020-05-18 09:58:34.702","RuleName":"RDP","SourceIsIpv6":"false","SourceHostname":"-","DestinationHostname":"EC2AMAZ-NP5R74L.eu-central-1.compute.internal","DestinationIsIpv6":"false","Image":"C:\\Windows\\System32\\svchost.exe","DestinationIp":"172.31.34.47","DestinationPort":"3389","ProcessId":"824","Protocol":"tcp","SourcePort":"64992","User":"NT AUTHORITY\\NETWORK SERVICE","Initiated":"false","ProcessGuid":"{8bcf3217-54f6-5ebe-1300-00000000b000}"}
{"SourcePortName":"-","DestinationPortName":"ms-wbt-server","UtcTime":"2020-05-18 09:58:39.854","SourceIp":"185.202.1.51","RuleName":"RDP","SourceHostname":"-","SourceIsIpv6":"false","DestinationHostname":"EC2AMAZ-NP5R74L.eu-central-1.compute.internal","DestinationIsIpv6":"false","DestinationIp":"172.31.34.47","Image":"C:\\Windows\\System32\\svchost.exe","DestinationPort":"3389","ProcessId":"824","Protocol":"tcp","SourcePort":"52144","User":"NT AUTHORITY\\NETWORK SERVICE","Initiated":"false","ProcessGuid":"{8bcf3217-54f6-5ebe-1300-00000000b000}"}
{"SourcePortName":"-","DestinationPortName":"ms-wbt-server","SourceIp":"185.209.0.113","UtcTime":"2020-05-18 09:58:40.615","RuleName":"RDP","SourceIsIpv6":"false","SourceHostname":"-","DestinationHostname":"EC2AMAZ-NP5R74L.eu-central-1.compute.internal","DestinationIsIpv6":"false","DestinationIp":"172.31.34.47","Image":"C:\\Windows\\System32\\svchost.exe","DestinationPort":"3389","ProcessId":"824","Protocol":"tcp","SourcePort":"49437","User":"NT AUTHORITY\\NETWORK SERVICE","Initiated":"false","ProcessGuid":"{8bcf3217-54f6-5ebe-1300-00000000b000}"}
{"UtcTime":"2020-05-18 09:58:42.632","SourceIp":"185.202.1.50","DestinationPortName":"ms-wbt-server","SourcePortName":"-","RuleName":"RDP","SourceIsIpv6":"false","SourceHostname":"-","DestinationHostname":"EC2AMAZ-NP5R74L.eu-central-1.compute.internal","DestinationIsIpv6":"false","DestinationIp":"172.31.34.47","Image":"C:\\Windows\\System32\\svchost.exe","DestinationPort":"3389","ProcessId":"824","Protocol":"tcp","SourcePort":"55483","User":"NT AUTHORITY\\NETWORK SERVICE","Initiated":"false","ProcessGuid":"{8bcf3217-54f6-5ebe-1300-00000000b000}"}
{"SourceIp":"185.202.1.56","DestinationPortName":"ms-wbt-server","UtcTime":"2020-05-18 09:58:47.739","SourcePortName":"-","RuleName":"RDP","SourceIsIpv6":"false","SourceHostname":"-","DestinationHostname":"EC2AMAZ-NP5R74L.eu-central-1.compute.internal","DestinationIsIpv6":"false","Image":"C:\\Windows\\System32\\svchost.exe","DestinationIp":"172.31.34.47","DestinationPort":"3389","ProcessId":"824","Protocol":"tcp","SourcePort":"54726","User":"NT AUTHORITY\\NETWORK SERVICE","Initiated":"false","ProcessGuid":"{8bcf3217-54f6-5ebe-1300-00000000b000}"}
{"SourcePortName":"-","DestinationPortName":"ms-wbt-server","SourceIp":"185.202.2.19","UtcTime":"2020-05-18 09:58:48.279","RuleName":"RDP","SourceHostname":"-","SourceIsIpv6":"false","DestinationHostname":"EC2AMAZ-NP5R74L.eu-central-1.compute.internal","DestinationIsIpv6":"false","Image":"C:\\Windows\\System32\\svchost.exe","DestinationIp":"172.31.34.47","DestinationPort":"3389","ProcessId":"824","Protocol":"tcp","SourcePort":"28997","User":"NT AUTHORITY\\NETWORK SERVICE","Initiated":"false","ProcessGuid":"{8bcf3217-54f6-5ebe-1300-00000000b000}"}
{"SourcePortName":"-","SourceIp":"87.251.75.111","DestinationPortName":"ms-wbt-server","UtcTime":"2020-05-18 09:58:48.692","RuleName":"RDP","SourceIsIpv6":"false","SourceHostname":"-","DestinationHostname":"EC2AMAZ-NP5R74L.eu-central-1.compute.internal","DestinationIsIpv6":"false","Image":"C:\\Windows\\System32\\svchost.exe","DestinationIp":"172.31.34.47","DestinationPort":"3389","ProcessId":"824","Protocol":"tcp","SourcePort":"7745","User":"NT AUTHORITY\\NETWORK SERVICE","Initiated":"false","ProcessGuid":"{8bcf3217-54f6-5ebe-1300-00000000b000}"}
{"UtcTime":"2020-05-18 09:58:49.960","DestinationPortName":"ms-wbt-server","SourcePortName":"-","SourceIp":"185.202.1.55","RuleName":"RDP","SourceIsIpv6":"false","SourceHostname":"-","DestinationHostname":"EC2AMAZ-NP5R74L.eu-central-1.compute.internal","DestinationIsIpv6":"false","DestinationIp":"172.31.34.47","Image":"C:\\Windows\\System32\\svchost.exe","DestinationPort":"3389","ProcessId":"824","Protocol":"tcp","SourcePort":"50467","User":"NT AUTHORITY\\NETWORK SERVICE","Initiated":"false","ProcessGuid":"{8bcf3217-54f6-5ebe-1300-00000000b000}"}
{"SourcePortName":"-","UtcTime":"2020-05-18 09:58:52.643","DestinationPortName":"ms-wbt-server","SourceIp":"185.209.0.117","RuleName":"RDP","SourceHostname":"-","SourceIsIpv6":"false","DestinationHostname":"EC2AMAZ-NP5R74L.eu-central-1.compute.internal","DestinationIsIpv6":"false","DestinationIp":"172.31.34.47","Image":"C:\\Windows\\System32\\svchost.exe","DestinationPort":"3389","ProcessId":"824","Protocol":"tcp","SourcePort":"56437","User":"NT AUTHORITY\\NETWORK SERVICE","Initiated":"false","ProcessGuid":"{8bcf3217-54f6-5ebe-1300-00000000b000}"}
{"SourceIp":"185.202.2.28","DestinationPortName":"ms-wbt-server","UtcTime":"2020-05-18 09:58:53.817","SourcePortName":"-","RuleName":"RDP","SourceIsIpv6":"false","SourceHostname":"-","DestinationHostname":"EC2AMAZ-NP5R74L.eu-central-1.compute.internal","DestinationIsIpv6":"false","Image":"C:\\Windows\\System32\\svchost.exe","DestinationIp":"172.31.34.47","DestinationPort":"3389","ProcessId":"824","Protocol":"tcp","SourcePort":"10943","User":"NT AUTHORITY\\NETWORK SERVICE","Initiated":"false","ProcessGuid":"{8bcf3217-54f6-5ebe-1300-00000000b000}"}
{"SourceIp":"185.209.0.116","DestinationPortName":"ms-wbt-server","SourcePortName":"-","UtcTime":"2020-05-18 09:58:54.997","RuleName":"RDP","SourceIsIpv6":"false","SourceHostname":"-","DestinationHostname":"EC2AMAZ-NP5R74L.eu-central-1.compute.internal","DestinationIsIpv6":"false","DestinationIp":"172.31.34.47","Image":"C:\\Windows\\System32\\svchost.exe","DestinationPort":"3389","ProcessId":"824","Protocol":"tcp","SourcePort":"60572","User":"NT AUTHORITY\\NETWORK SERVICE","Initiated":"false","ProcessGuid":"{8bcf3217-54f6-5ebe-1300-00000000b000}"}
{"UtcTime":"2020-05-18 09:58:55.060","SourceIp":"185.209.0.117","DestinationPortName":"ms-wbt-server","SourcePortName":"-","RuleName":"RDP","SourceHostname":"-","SourceIsIpv6":"false","DestinationHostname":"EC2AMAZ-NP5R74L.eu-central-1.compute.internal","DestinationIsIpv6":"false","Image":"C:\\Windows\\System32\\svchost.exe","DestinationIp":"172.31.34.47","DestinationPort":"3389","ProcessId":"824","Protocol":"tcp","SourcePort":"61696","User":"NT AUTHORITY\\NETWORK SERVICE","Initiated":"false","ProcessGuid":"{8bcf3217-54f6-5ebe-1300-00000000b000}"}
{"SourceIp":"185.202.2.22","SourcePortName":"-","DestinationPortName":"ms-wbt-server","UtcTime":"2020-05-18 09:58:56.932","RuleName":"RDP","SourceHostname":"-","SourceIsIpv6":"false","DestinationHostname":"EC2AMAZ-NP5R74L.eu-central-1.compute.internal","DestinationIsIpv6":"false","Image":"C:\\Windows\\System32\\svchost.exe","DestinationIp":"172.31.34.47","DestinationPort":"3389","ProcessId":"824","Protocol":"tcp","SourcePort":"40927","User":"NT AUTHORITY\\NETWORK SERVICE","Initiated":"false","ProcessGuid":"{8bcf3217-54f6-5ebe-1300-00000000b000}"}
{"UtcTime":"2020-05-18 09:58:57.276","SourcePortName":"-","SourceIp":"185.202.2.16","DestinationPortName":"ms-wbt-server","RuleName":"RDP","SourceIsIpv6":"false","SourceHostname":"-","DestinationHostname":"EC2AMAZ-NP5R74L.eu-central-1.compute.internal","DestinationIsIpv6":"false","DestinationIp":"172.31.34.47","Image":"C:\\Windows\\System32\\svchost.exe","DestinationPort":"3389","ProcessId":"824","Protocol":"tcp","SourcePort":"19186","User":"NT AUTHORITY\\NETWORK SERVICE","Initiated":"false","ProcessGuid":"{8bcf3217-54f6-5ebe-1300-00000000b000}"}
{"UtcTime":"2020-05-18 09:58:58.781","SourcePortName":"-","SourceIp":"185.209.0.105","DestinationPortName":"ms-wbt-server","RuleName":"RDP","SourceIsIpv6":"false","SourceHostname":"-","DestinationHostname":"EC2AMAZ-NP5R74L.eu-central-1.compute.internal","DestinationIsIpv6":"false","DestinationIp":"172.31.34.47","Image":"C:\\Windows\\System32\\svchost.exe","DestinationPort":"3389","ProcessId":"824","Protocol":"tcp","SourcePort":"59336","User":"NT AUTHORITY\\NETWORK SERVICE","Initiated":"false","ProcessGuid":"{8bcf3217-54f6-5ebe-1300-00000000b000}"}
{"SourceIp":"185.202.2.224","DestinationPortName":"ms-wbt-server","SourcePortName":"-","UtcTime":"2020-05-18 09:59:02.405","RuleName":"RDP","SourceHostname":"-","SourceIsIpv6":"false","DestinationHostname":"EC2AMAZ-NP5R74L.eu-central-1.compute.internal","DestinationIsIpv6":"false","DestinationIp":"172.31.34.47","Image":"C:\\Windows\\System32\\svchost.exe","DestinationPort":"3389","ProcessId":"824","Protocol":"tcp","SourcePort":"22696","User":"NT AUTHORITY\\NETWORK SERVICE","Initiated":"false","ProcessGuid":"{8bcf3217-54f6-5ebe-1300-00000000b000}"}
{"SourcePortName":"-","DestinationPortName":"ms-wbt-server","SourceIp":"185.209.0.113","UtcTime":"2020-05-18 09:59:03.916","RuleName":"RDP","SourceHostname":"-","SourceIsIpv6":"false","DestinationHostname":"EC2AMAZ-NP5R74L.eu-central-1.compute.internal","DestinationIsIpv6":"false","Image":"C:\\Windows\\System32\\svchost.exe","DestinationIp":"172.31.34.47","DestinationPort":"3389","ProcessId":"824","Protocol":"tcp","SourcePort":"64208","User":"NT AUTHORITY\\NETWORK SERVICE","Initiated":"false","ProcessGuid":"{8bcf3217-54f6-5ebe-1300-00000000b000}"}
{"UtcTime":"2020-05-18 09:59:05.690","SourcePortName":"-","DestinationPortName":"ms-wbt-server","SourceIp":"185.202.1.41","RuleName":"RDP","SourceHostname":"-","SourceIsIpv6":"false","DestinationHostname":"EC2AMAZ-NP5R74L.eu-central-1.compute.internal","DestinationIsIpv6":"false","Image":"C:\\Windows\\System32\\svchost.exe","DestinationIp":"172.31.34.47","DestinationPort":"3389","ProcessId":"824","Protocol":"tcp","SourcePort":"30590","User":"NT AUTHORITY\\NETWORK SERVICE","Initiated":"false","ProcessGuid":"{8bcf3217-54f6-5ebe-1300-00000000b000}"}
{"SourceIp":"185.202.2.20","DestinationPortName":"ms-wbt-server","UtcTime":"2020-05-18 09:59:06.371","SourcePortName":"-","RuleName":"RDP","SourceHostname":"-","SourceIsIpv6":"false","DestinationHostname":"EC2AMAZ-NP5R74L.eu-central-1.compute.internal","DestinationIsIpv6":"false","Image":"C:\\Windows\\System32\\svchost.exe","DestinationIp":"172.31.34.47","DestinationPort":"3389","ProcessId":"824","Protocol":"tcp","SourcePort":"56041","User":"NT AUTHORITY\\NETWORK SERVICE","Initiated":"false","ProcessGuid":"{8bcf3217-54f6-5ebe-1300-00000000b000}"}
{"UtcTime":"2020-05-18 09:59:07.425","SourcePortName":"-","SourceIp":"45.82.153.49","DestinationPortName":"ms-wbt-server","RuleName":"RDP","SourceIsIpv6":"false","SourceHostname":"-","DestinationHostname":"EC2AMAZ-NP5R74L.eu-central-1.compute.internal","DestinationIsIpv6":"false","Image":"C:\\Windows\\System32\\svchost.exe","DestinationIp":"172.31.34.47","DestinationPort":"3389","ProcessId":"824","Protocol":"tcp","SourcePort":"40582","User":"NT AUTHORITY\\NETWORK SERVICE","Initiated":"false","ProcessGuid":"{8bcf3217-54f6-5ebe-1300-00000000b000}"}
{"UtcTime":"2020-05-18 09:59:36.020","TerminalSessionId":"0","Company":"-","ParentImage":"C:\\Windows\\System32\\OpenSSH\\sshd.exe","Image":"C:\\Windows\\System32\\OpenSSH\\sshd.exe","ParentProcessId":"5016","FileVersion":"7.7.2.2","LogonGuid":"{87a71a6b-5c88-5ec2-ef4c-900700000000}","ProcessId":"4660","CommandLine":"\"C:\\Windows\\System32\\OpenSSH\\sshd.exe\" \"-y\"","ParentCommandLine":"\"C:\\Windows\\System32\\OpenSSH\\sshd.exe\" \"-R\"","LogonId":"0x7904cef","ProcessGuid":"{87a71a6b-5c88-5ec2-0753-01000000b000}","OriginalFileName":"-","RuleName":"-","Description":"-","IntegrityLevel":"High","ParentProcessGuid":"{87a71a6b-5c87-5ec2-0553-01000000b000}","Product":"OpenSSH for Windows","CurrentDirectory":"C:\\","User":"S-1-5-111-3847866527-469524349-687026318-516638107-1125189541-5016","Hashes":"MD5=72789836EEA643C23CD87732B8535E7E,SHA256=731E8034CB953ABCD0FC86400AD55113EFA302F77D276213198A76065601576B,IMPHASH=27DE371E1DAE125BC04CC09552C72D87"}
{"UtcTime":"2020-05-18 09:42:51.971","RuleName":"-","Image":"C:\\Windows\\System32\\conhost.exe","ProcessId":"172","ProcessGuid":"{8bcf3217-5890-5ec2-7015-00000000b000}"}
{"UtcTime":"2020-05-18 09:42:52.127","RuleName":"-","Image":"C:\\Windows\\System32\\OpenSSH\\sshd.exe","ProcessId":"668","ProcessGuid":"{8bcf3217-5890-5ec2-7115-00000000b000}"}
{"UtcTime":"2020-05-18 09:43:06.862","RuleName":"-","Image":"C:\\Windows\\System32\\OpenSSH\\sshd.exe","ProcessId":"4456","ProcessGuid":"{8bcf3217-589c-5ec2-7515-00000000b000}"}
{"UtcTime":"2020-05-18 09:43:06.862","RuleName":"-","Image":"C:\\Windows\\System32\\conhost.exe","ProcessId":"500","ProcessGuid":"{8bcf3217-589c-5ec2-7615-00000000b000}"}
{"UtcTime":"2020-05-18 09:47:27.334","TerminalSessionId":"2","Company":"Microsoft Corporation","ParentImage":"C:\\Windows\\System32\\svchost.exe","Image":"C:\\Windows\\System32\\dllhost.exe","FileVersion":"10.0.17763.1 (WinBuild.160101.0800)","ParentProcessId":"840","LogonGuid":"{8bcf3217-5507-5ebe-3712-020000000000}","CommandLine":"C:\\Windows\\system32\\DllHost.exe /Processid:{AB8902B4-09CA-4BB6-B78D-A8F59079A8D5}","ProcessId":"3988","ParentCommandLine":"C:\\Windows\\system32\\svchost.exe -k DcomLaunch -p","LogonId":"0x21237","ProcessGuid":"{8bcf3217-59af-5ec2-7815-00000000b000}","OriginalFileName":"dllhost.exe","RuleName":"-","Description":"COM Surrogate","IntegrityLevel":"High","ParentProcessGuid":"{8bcf3217-54f6-5ebe-0d00-00000000b000}","Product":"Microsoft® Windows® Operating System","CurrentDirectory":"C:\\Windows\\system32\\","User":"EC2AMAZ-NP5R74L\\Administrator","Hashes":"SHA1=DCE2AF90E45FB9FC05ECBC9BEDDEE53FB66F3C6D"}
{"UtcTime":"2020-05-18 09:47:49.492","TerminalSessionId":"2","Company":"Sysinternals - www.sysinternals.com","ParentImage":"C:\\Windows\\System32\\WindowsPowerShell\\v1.0\\powershell.exe","Image":"C:\\Users\\Administrator\\sysmon\\Sysmon64.exe","ParentProcessId":"3304","FileVersion":"11.0","LogonGuid":"{8bcf3217-5507-5ebe-3712-020000000000}","CommandLine":"\"C:\\Users\\Administrator\\sysmon\\Sysmon64.exe\" .\\sysmon-config.xml","ProcessId":"2156","ParentCommandLine":"\"C:\\Windows\\System32\\WindowsPowerShell\\v1.0\\powershell.exe\" ","LogonId":"0x21237","ProcessGuid":"{8bcf3217-59c5-5ec2-7915-00000000b000}","OriginalFileName":"-","RuleName":"-","Description":"System activity monitor","IntegrityLevel":"High","ParentProcessGuid":"{8bcf3217-5513-5ebe-4c00-00000000b000}","Product":"Sysinternals Sysmon","CurrentDirectory":"C:\\Users\\Administrator\\sysmon\\","Hashes":"SHA1=279FE2478CE3996659AB88FE555A4207480E7E32","User":"EC2AMAZ-NP5R74L\\Administrator"}
{"UtcTime":"2020-05-18 09:47:56.102","RuleName":"-","Image":"C:\\Users\\Administrator\\sysmon\\Sysmon64.exe","ProcessId":"1404","ProcessGuid":"{8bcf3217-59cb-5ec2-7a15-00000000b000}"}
{"SourceIp":"185.202.1.209","UtcTime":"2020-05-18 09:47:50.159","DestinationPortName":"ms-wbt-server","SourcePortName":"-","RuleName":"RDP","SourceIsIpv6":"false","SourceHostname":"-","DestinationHostname":"EC2AMAZ-NP5R74L.eu-central-1.compute.internal","DestinationIsIpv6":"false","DestinationIp":"172.31.34.47","Image":"C:\\Windows\\System32\\svchost.exe","DestinationPort":"3389","ProcessId":"824","Protocol":"tcp","SourcePort":"53895","User":"NT AUTHORITY\\NETWORK SERVICE","Initiated":"false","ProcessGuid":"{8bcf3217-54f6-5ebe-1300-00000000b000}"}
{"SourceIp":"185.202.1.246","SourcePortName":"-","UtcTime":"2020-05-18 09:48:13.768","DestinationPortName":"ms-wbt-server","RuleName":"RDP","SourceHostname":"-","SourceIsIpv6":"false","DestinationHostname":"EC2AMAZ-NP5R74L.eu-central-1.compute.internal","DestinationIsIpv6":"false","Image":"C:\\Windows\\System32\\svchost.exe","DestinationIp":"172.31.34.47","DestinationPort":"3389","ProcessId":"824","Protocol":"tcp","SourcePort":"38978","User":"NT AUTHORITY\\NETWORK SERVICE","Initiated":"false","ProcessGuid":"{8bcf3217-54f6-5ebe-1300-00000000b000}"}
{"UtcTime":"2020-05-18 09:48:58.097","SourceIp":"92.63.194.3","DestinationPortName":"ms-wbt-server","SourcePortName":"-","RuleName":"RDP","SourceHostname":"-","SourceIsIpv6":"false","DestinationHostname":"EC2AMAZ-NP5R74L.eu-central-1.compute.internal","DestinationIsIpv6":"false","DestinationIp":"172.31.34.47","Image":"C:\\Windows\\System32\\svchost.exe","DestinationPort":"3389","ProcessId":"824","Protocol":"tcp","SourcePort":"52236","User":"NT AUTHORITY\\NETWORK SERVICE","Initiated":"false","ProcessGuid":"{8bcf3217-54f6-5ebe-1300-00000000b000}"}
{"SourcePortName":"-","SourceIp":"184.69.160.78","DestinationPortName":"ms-wbt-server","UtcTime":"2020-05-18 09:50:02.842","RuleName":"RDP","SourceIsIpv6":"false","SourceHostname":"-","DestinationHostname":"EC2AMAZ-NP5R74L.eu-central-1.compute.internal","DestinationIsIpv6":"false","DestinationIp":"172.31.34.47","Image":"C:\\Windows\\System32\\svchost.exe","DestinationPort":"3389","ProcessId":"824","Protocol":"tcp","SourcePort":"51862","User":"NT AUTHORITY\\NETWORK SERVICE","Initiated":"false","ProcessGuid":"{8bcf3217-54f6-5ebe-1300-00000000b000}"}
{"SourceIp":"185.153.199.132","DestinationPortName":"ms-wbt-server","SourcePortName":"-","UtcTime":"2020-05-18 09:51:01.506","RuleName":"RDP","SourceHostname":"server-185-153-199-132.cloudedic.net","SourceIsIpv6":"false","DestinationHostname":"EC2AMAZ-NP5R74L.eu-central-1.compute.internal","DestinationIsIpv6":"false","Image":"C:\\Windows\\System32\\svchost.exe","DestinationIp":"172.31.34.47","DestinationPort":"3389","ProcessId":"824","Protocol":"tcp","SourcePort":"19243","User":"NT AUTHORITY\\NETWORK SERVICE","Initiated":"false","ProcessGuid":"{8bcf3217-54f6-5ebe-1300-00000000b000}"}
{"SourceIp":"185.153.199.132","DestinationPortName":"ms-wbt-server","UtcTime":"2020-05-18 09:51:18.139","SourcePortName":"-","RuleName":"RDP","SourceHostname":"server-185-153-199-132.cloudedic.net","SourceIsIpv6":"false","DestinationHostname":"EC2AMAZ-NP5R74L.eu-central-1.compute.internal","DestinationIsIpv6":"false","DestinationIp":"172.31.34.47","Image":"C:\\Windows\\System32\\svchost.exe","DestinationPort":"3389","ProcessId":"824","Protocol":"tcp","SourcePort":"11038","User":"NT AUTHORITY\\NETWORK SERVICE","Initiated":"false","ProcessGuid":"{8bcf3217-54f6-5ebe-1300-00000000b000}"}
{"UtcTime":"2020-05-18 09:51:34.210","TerminalSessionId":"0","Company":"Microsoft Corporation","ParentImage":"C:\\Windows\\System32\\svchost.exe","Image":"C:\\Windows\\System32\\taskhostw.exe","ParentProcessId":"1276","FileVersion":"10.0.17763.831 (WinBuild.160101.0800)","LogonGuid":"{8bcf3217-54f5-5ebe-e703-000000000000}","CommandLine":"taskhostw.exe NGCKeyPregen","ProcessId":"2580","ParentCommandLine":"C:\\Windows\\system32\\svchost.exe -k netsvcs -p","LogonId":"0x3e7","ProcessGuid":"{8bcf3217-5aa6-5ec2-7d15-00000000b000}","OriginalFileName":"taskhostw.exe","RuleName":"-","Description":"Host Process for Windows Tasks","IntegrityLevel":"System","ParentProcessGuid":"{8bcf3217-54f7-5ebe-1a00-00000000b000}","Product":"Microsoft® Windows® Operating System","User":"NT AUTHORITY\\SYSTEM","CurrentDirectory":"C:\\Windows\\system32\\","Hashes":"MD5=106B2AEC107DFD22DB51C7A1B29623F8,SHA256=CA620F4DE4A426F129445E4D8A545B7B08B021080E7375A3EA3ED8C8A7212A8F,IMPHASH=9839C7FD9649496B162F72128209528A"}
{"SourceIp":"185.209.0.105","DestinationPortName":"ms-wbt-server","UtcTime":"2020-05-18 09:51:28.642","SourcePortName":"-","RuleName":"RDP","SourceIsIpv6":"false","SourceHostname":"-","DestinationHostname":"EC2AMAZ-NP5R74L.eu-central-1.compute.internal","DestinationIsIpv6":"false","DestinationIp":"172.31.34.47","Image":"C:\\Windows\\System32\\svchost.exe","DestinationPort":"3389","ProcessId":"824","Protocol":"tcp","SourcePort":"57191","User":"NT AUTHORITY\\NETWORK SERVICE","Initiated":"false","ProcessGuid":"{8bcf3217-54f6-5ebe-1300-00000000b000}"}
{"SourceIp":"51.91.69.20","DestinationPortName":"ms-wbt-server","SourcePortName":"-","UtcTime":"2020-05-18 09:51:32.248","RuleName":"RDP","SourceHostname":"ns61208963.ip-51-91-69.eu","SourceIsIpv6":"false","DestinationHostname":"EC2AMAZ-NP5R74L.eu-central-1.compute.internal","DestinationIsIpv6":"false","DestinationIp":"172.31.34.47","Image":"C:\\Windows\\System32\\svchost.exe","DestinationPort":"3389","ProcessId":"824","Protocol":"tcp","SourcePort":"59397","User":"NT AUTHORITY\\NETWORK SERVICE","Initiated":"false","ProcessGuid":"{8bcf3217-54f6-5ebe-1300-00000000b000}"}
{"UtcTime":"2020-05-18 09:51:34.258","DestinationPortName":"ms-wbt-server","SourceIp":"185.209.0.106","SourcePortName":"-","RuleName":"RDP","SourceHostname":"-","SourceIsIpv6":"false","DestinationHostname":"EC2AMAZ-NP5R74L.eu-central-1.compute.internal","DestinationIsIpv6":"false","Image":"C:\\Windows\\System32\\svchost.exe","DestinationIp":"172.31.34.47","DestinationPort":"3389","ProcessId":"824","Protocol":"tcp","SourcePort":"59013","User":"NT AUTHORITY\\NETWORK SERVICE","Initiated":"false","ProcessGuid":"{8bcf3217-54f6-5ebe-1300-00000000b000}"}
{"UtcTime":"2020-05-18 09:51:36.119","SourcePortName":"-","DestinationPortName":"ms-wbt-server","SourceIp":"185.209.0.117","RuleName":"RDP","SourceIsIpv6":"false","SourceHostname":"-","DestinationHostname":"EC2AMAZ-NP5R74L.eu-central-1.compute.internal","DestinationIsIpv6":"false","Image":"C:\\Windows\\System32\\svchost.exe","DestinationIp":"172.31.34.47","DestinationPort":"3389","ProcessId":"824","Protocol":"tcp","SourcePort":"63943","User":"NT AUTHORITY\\NETWORK SERVICE","Initiated":"false","ProcessGuid":"{8bcf3217-54f6-5ebe-1300-00000000b000}"}
{"SourceIp":"185.209.0.106","DestinationPortName":"ms-wbt-server","SourcePortName":"-","UtcTime":"2020-05-18 09:51:37.038","RuleName":"RDP","SourceIsIpv6":"false","SourceHostname":"-","DestinationHostname":"EC2AMAZ-NP5R74L.eu-central-1.compute.internal","DestinationIsIpv6":"false","Image":"C:\\Windows\\System32\\svchost.exe","DestinationIp":"172.31.34.47","DestinationPort":"3389","ProcessId":"824","Protocol":"tcp","SourcePort":"51518","User":"NT AUTHORITY\\NETWORK SERVICE","Initiated":"false","ProcessGuid":"{8bcf3217-54f6-5ebe-1300-00000000b000}"}
{"UtcTime":"2020-05-18 09:51:37.231","DestinationPortName":"ms-wbt-server","SourcePortName":"-","SourceIp":"185.73.114.238","RuleName":"RDP","SourceHostname":"185-73-114-238.nrp.co","SourceIsIpv6":"false","DestinationHostname":"EC2AMAZ-NP5R74L.eu-central-1.compute.internal","DestinationIsIpv6":"false","Image":"C:\\Windows\\System32\\svchost.exe","DestinationIp":"172.31.34.47","DestinationPort":"3389","ProcessId":"824","Protocol":"tcp","SourcePort":"64373","User":"NT AUTHORITY\\NETWORK SERVICE","Initiated":"false","ProcessGuid":"{8bcf3217-54f6-5ebe-1300-00000000b000}"}
{"SourceIp":"185.209.0.105","DestinationPortName":"ms-wbt-server","UtcTime":"2020-05-18 09:51:37.281","SourcePortName":"-","RuleName":"RDP","SourceIsIpv6":"false","SourceHostname":"-","DestinationHostname":"EC2AMAZ-NP5R74L.eu-central-1.compute.internal","DestinationIsIpv6":"false","DestinationIp":"172.31.34.47","Image":"C:\\Windows\\System32\\svchost.exe","DestinationPort":"3389","ProcessId":"824","Protocol":"tcp","SourcePort":"58512","User":"NT AUTHORITY\\NETWORK SERVICE","Initiated":"false","ProcessGuid":"{8bcf3217-54f6-5ebe-1300-00000000b000}"}
{"SourceIp":"207.188.84.69","SourcePortName":"-","DestinationPortName":"ms-wbt-server","UtcTime":"2020-05-18 09:51:42.044","RuleName":"RDP","SourceHostname":"207.188.84.69.tor.pathcom.com","SourceIsIpv6":"false","DestinationHostname":"EC2AMAZ-NP5R74L.eu-central-1.compute.internal","DestinationIsIpv6":"false","Image":"C:\\Windows\\System32\\svchost.exe","DestinationIp":"172.31.34.47","DestinationPort":"3389","ProcessId":"824","Protocol":"tcp","SourcePort":"42062","User":"NT AUTHORITY\\NETWORK SERVICE","Initiated":"false","ProcessGuid":"{8bcf3217-54f6-5ebe-1300-00000000b000}"}
{"UtcTime":"2020-05-18 09:51:42.315","DestinationPortName":"ms-wbt-server","SourcePortName":"-","SourceIp":"207.188.84.69","RuleName":"RDP","SourceHostname":"207.188.84.69.tor.pathcom.com","SourceIsIpv6":"false","DestinationHostname":"EC2AMAZ-NP5R74L.eu-central-1.compute.internal","DestinationIsIpv6":"false","Image":"C:\\Windows\\System32\\svchost.exe","DestinationIp":"172.31.34.47","DestinationPort":"3389","ProcessId":"824","Protocol":"tcp","SourcePort":"42427","User":"NT AUTHORITY\\NETWORK SERVICE","Initiated":"false","ProcessGuid":"{8bcf3217-54f6-5ebe-1300-00000000b000}"}
{"SourceIp":"185.209.0.113","UtcTime":"2020-05-18 09:51:43.885","DestinationPortName":"ms-wbt-server","SourcePortName":"-","RuleName":"RDP","SourceHostname":"-","SourceIsIpv6":"false","DestinationHostname":"EC2AMAZ-NP5R74L.eu-central-1.compute.internal","DestinationIsIpv6":"false","Image":"C:\\Windows\\System32\\svchost.exe","DestinationIp":"172.31.34.47","DestinationPort":"3389","ProcessId":"824","Protocol":"tcp","SourcePort":"65373","User":"NT AUTHORITY\\NETWORK SERVICE","Initiated":"false","ProcessGuid":"{8bcf3217-54f6-5ebe-1300-00000000b000}"}
{"SourceIp":"45.143.200.3","DestinationPortName":"ms-wbt-server","UtcTime":"2020-05-18 09:51:53.574","SourcePortName":"-","RuleName":"RDP","SourceHostname":"-","SourceIsIpv6":"false","DestinationHostname":"EC2AMAZ-NP5R74L.eu-central-1.compute.internal","DestinationIsIpv6":"false","Image":"C:\\Windows\\System32\\svchost.exe","DestinationIp":"172.31.34.47","DestinationPort":"3389","ProcessId":"824","Protocol":"tcp","SourcePort":"24431","User":"NT AUTHORITY\\NETWORK SERVICE","Initiated":"false","ProcessGuid":"{8bcf3217-54f6-5ebe-1300-00000000b000}"}
{"SourcePortName":"-","DestinationPortName":"ms-wbt-server","UtcTime":"2020-05-18 09:51:53.671","SourceIp":"185.209.0.117","RuleName":"RDP","SourceIsIpv6":"false","SourceHostname":"-","DestinationHostname":"EC2AMAZ-NP5R74L.eu-central-1.compute.internal","DestinationIsIpv6":"false","Image":"C:\\Windows\\System32\\svchost.exe","DestinationIp":"172.31.34.47","DestinationPort":"3389","ProcessId":"824","Protocol":"tcp","SourcePort":"51216","User":"NT AUTHORITY\\NETWORK SERVICE","Initiated":"false","ProcessGuid":"{8bcf3217-54f6-5ebe-1300-00000000b000}"}
{"SourceIp":"82.202.247.84","SourcePortName":"-","DestinationPortName":"ms-wbt-server","UtcTime":"2020-05-18 09:51:56.687","RuleName":"RDP","SourceIsIpv6":"false","SourceHostname":"-","DestinationHostname":"EC2AMAZ-NP5R74L.eu-central-1.compute.internal","DestinationIsIpv6":"false","Image":"C:\\Windows\\System32\\svchost.exe","DestinationIp":"172.31.34.47","DestinationPort":"3389","ProcessId":"824","Protocol":"tcp","SourcePort":"53584","User":"NT AUTHORITY\\NETWORK SERVICE","Initiated":"false","ProcessGuid":"{8bcf3217-54f6-5ebe-1300-00000000b000}"}
{"UtcTime":"2020-05-18 09:51:56.941","DestinationPortName":"ms-wbt-server","SourcePortName":"-","SourceIp":"185.209.0.117","RuleName":"RDP","SourceIsIpv6":"false","SourceHostname":"-","DestinationHostname":"EC2AMAZ-NP5R74L.eu-central-1.compute.internal","DestinationIsIpv6":"false","Image":"C:\\Windows\\System32\\svchost.exe","DestinationIp":"172.31.34.47","DestinationPort":"3389","ProcessId":"824","Protocol":"tcp","SourcePort":"52991","User":"NT AUTHORITY\\NETWORK SERVICE","Initiated":"false","ProcessGuid":"{8bcf3217-54f6-5ebe-1300-00000000b000}"}
{"UtcTime":"2020-05-18 09:51:57.075","DestinationPortName":"ms-wbt-server","SourceIp":"185.209.0.116","SourcePortName":"-","RuleName":"RDP","SourceHostname":"-","SourceIsIpv6":"false","DestinationHostname":"EC2AMAZ-NP5R74L.eu-central-1.compute.internal","DestinationIsIpv6":"false","Image":"C:\\Windows\\System32\\svchost.exe","DestinationIp":"172.31.34.47","DestinationPort":"3389","ProcessId":"824","Protocol":"tcp","SourcePort":"56137","User":"NT AUTHORITY\\NETWORK SERVICE","Initiated":"false","ProcessGuid":"{8bcf3217-54f6-5ebe-1300-00000000b000}"}
{"SourceIp":"185.209.0.105","SourcePortName":"-","DestinationPortName":"ms-wbt-server","UtcTime":"2020-05-18 09:52:00.580","RuleName":"RDP","SourceIsIpv6":"false","SourceHostname":"-","DestinationHostname":"EC2AMAZ-NP5R74L.eu-central-1.compute.internal","DestinationIsIpv6":"false","Image":"C:\\Windows\\System32\\svchost.exe","DestinationIp":"172.31.34.47","DestinationPort":"3389","ProcessId":"824","Protocol":"tcp","SourcePort":"51213","User":"NT AUTHORITY\\NETWORK SERVICE","Initiated":"false","ProcessGuid":"{8bcf3217-54f6-5ebe-1300-00000000b000}"}
{"SourcePortName":"-","SourceIp":"185.153.199.132","UtcTime":"2020-05-18 09:52:01.755","DestinationPortName":"ms-wbt-server","RuleName":"RDP","SourceIsIpv6":"false","SourceHostname":"server-185-153-199-132.cloudedic.net","DestinationHostname":"EC2AMAZ-NP5R74L.eu-central-1.compute.internal","DestinationIsIpv6":"false","DestinationIp":"172.31.34.47","Image":"C:\\Windows\\System32\\svchost.exe","DestinationPort":"3389","ProcessId":"824","Protocol":"tcp","SourcePort":"29699","User":"NT AUTHORITY\\NETWORK SERVICE","Initiated":"false","ProcessGuid":"{8bcf3217-54f6-5ebe-1300-00000000b000}"}
{"UtcTime":"2020-05-18 09:52:06.915","DestinationPortName":"ms-wbt-server","SourceIp":"45.168.90.164","SourcePortName":"-","RuleName":"RDP","SourceIsIpv6":"false","SourceHostname":"45-168-90-164.lexcom.net.br","DestinationHostname":"EC2AMAZ-NP5R74L.eu-central-1.compute.internal","DestinationIsIpv6":"false","Image":"C:\\Windows\\System32\\svchost.exe","DestinationIp":"172.31.34.47","DestinationPort":"3389","ProcessId":"824","Protocol":"tcp","SourcePort":"65472","User":"NT AUTHORITY\\NETWORK SERVICE","Initiated":"false","ProcessGuid":"{8bcf3217-54f6-5ebe-1300-00000000b000}"}
{"SourceIp":"185.209.0.113","SourcePortName":"-","DestinationPortName":"ms-wbt-server","UtcTime":"2020-05-18 09:52:07.929","RuleName":"RDP","SourceHostname":"-","SourceIsIpv6":"false","DestinationHostname":"EC2AMAZ-NP5R74L.eu-central-1.compute.internal","DestinationIsIpv6":"false","Image":"C:\\Windows\\System32\\svchost.exe","DestinationIp":"172.31.34.47","DestinationPort":"3389","ProcessId":"824","Protocol":"tcp","SourcePort":"62378","User":"NT AUTHORITY\\NETWORK SERVICE","Initiated":"false","ProcessGuid":"{8bcf3217-54f6-5ebe-1300-00000000b000}"}
{"SourceIp":"79.124.62.51","SourcePortName":"-","UtcTime":"2020-05-18 09:52:08.734","DestinationPortName":"ms-wbt-server","RuleName":"RDP","SourceHostname":"ip-62-51.fiberinternet.bg","SourceIsIpv6":"false","DestinationHostname":"EC2AMAZ-NP5R74L.eu-central-1.compute.internal","DestinationIsIpv6":"false","DestinationIp":"172.31.34.47","Image":"C:\\Windows\\System32\\svchost.exe","DestinationPort":"3389","ProcessId":"824","Protocol":"tcp","SourcePort":"61434","User":"NT AUTHORITY\\NETWORK SERVICE","Initiated":"false","ProcessGuid":"{8bcf3217-54f6-5ebe-1300-00000000b000}"}
{"SourcePortName":"-","DestinationPortName":"ms-wbt-server","UtcTime":"2020-05-18 09:54:37.646","SourceIp":"194.61.55.83","RuleName":"RDP","SourceIsIpv6":"false","SourceHostname":"-","DestinationHostname":"EC2AMAZ-NP5R74L.eu-central-1.compute.internal","DestinationIsIpv6":"false","Image":"C:\\Windows\\System32\\svchost.exe","DestinationIp":"172.31.34.47","DestinationPort":"3389","ProcessId":"824","Protocol":"tcp","SourcePort":"50279","User":"NT AUTHORITY\\NETWORK SERVICE","Initiated":"false","ProcessGuid":"{8bcf3217-54f6-5ebe-1300-00000000b000}"}
{"SourcePortName":"-","DestinationPortName":"ms-wbt-server","UtcTime":"2020-05-18 09:54:39.093","SourceIp":"51.91.69.20","RuleName":"RDP","SourceHostname":"ns61208963.ip-51-91-69.eu","SourceIsIpv6":"false","DestinationHostname":"EC2AMAZ-NP5R74L.eu-central-1.compute.internal","DestinationIsIpv6":"false","Image":"C:\\Windows\\System32\\svchost.exe","DestinationIp":"172.31.34.47","DestinationPort":"3389","ProcessId":"824","Protocol":"tcp","SourcePort":"49810","User":"NT AUTHORITY\\NETWORK SERVICE","Initiated":"false","ProcessGuid":"{8bcf3217-54f6-5ebe-1300-00000000b000}"}
{"UtcTime":"2020-05-18 09:54:39.238","DestinationPortName":"ms-wbt-server","SourcePortName":"-","SourceIp":"185.209.0.113","RuleName":"RDP","SourceHostname":"-","SourceIsIpv6":"false","DestinationHostname":"EC2AMAZ-NP5R74L.eu-central-1.compute.internal","DestinationIsIpv6":"false","Image":"C:\\Windows\\System32\\svchost.exe","DestinationIp":"172.31.34.47","DestinationPort":"3389","ProcessId":"824","Protocol":"tcp","SourcePort":"55633","User":"NT AUTHORITY\\NETWORK SERVICE","Initiated":"false","ProcessGuid":"{8bcf3217-54f6-5ebe-1300-00000000b000}"}
{"UtcTime":"2020-05-18 09:54:44.211","SourcePortName":"-","SourceIp":"185.153.199.130","DestinationPortName":"ms-wbt-server","RuleName":"RDP","SourceHostname":"server-185-153-199-130.cloudedic.net","SourceIsIpv6":"false","DestinationHostname":"EC2AMAZ-NP5R74L.eu-central-1.compute.internal","DestinationIsIpv6":"false","Image":"C:\\Windows\\System32\\svchost.exe","DestinationIp":"172.31.34.47","DestinationPort":"3389","ProcessId":"824","Protocol":"tcp","SourcePort":"6337","User":"NT AUTHORITY\\NETWORK SERVICE","Initiated":"false","ProcessGuid":"{8bcf3217-54f6-5ebe-1300-00000000b000}"}
{"SourceIp":"87.251.75.216","DestinationPortName":"ms-wbt-server","UtcTime":"2020-05-18 09:54:45.335","SourcePortName":"-","RuleName":"RDP","SourceHostname":"-","SourceIsIpv6":"false","DestinationHostname":"EC2AMAZ-NP5R74L.eu-central-1.compute.internal","DestinationIsIpv6":"false","DestinationIp":"172.31.34.47","Image":"C:\\Windows\\System32\\svchost.exe","DestinationPort":"3389","ProcessId":"824","Protocol":"tcp","SourcePort":"50356","User":"NT AUTHORITY\\NETWORK SERVICE","Initiated":"false","ProcessGuid":"{8bcf3217-54f6-5ebe-1300-00000000b000}"}
{"SourceIp":"185.209.0.117","DestinationPortName":"ms-wbt-server","SourcePortName":"-","UtcTime":"2020-05-18 09:54:51.830","RuleName":"RDP","SourceHostname":"-","SourceIsIpv6":"false","DestinationHostname":"EC2AMAZ-NP5R74L.eu-central-1.compute.internal","DestinationIsIpv6":"false","Image":"C:\\Windows\\System32\\svchost.exe","DestinationIp":"172.31.34.47","DestinationPort":"3389","ProcessId":"824","Protocol":"tcp","SourcePort":"62989","User":"NT AUTHORITY\\NETWORK SERVICE","Initiated":"false","ProcessGuid":"{8bcf3217-54f6-5ebe-1300-00000000b000}"}
{"UtcTime":"2020-05-18 09:54:53.501","DestinationPortName":"ms-wbt-server","SourceIp":"185.202.1.47","SourcePortName":"-","RuleName":"RDP","SourceHostname":"-","SourceIsIpv6":"false","DestinationHostname":"EC2AMAZ-NP5R74L.eu-central-1.compute.internal","DestinationIsIpv6":"false","DestinationIp":"172.31.34.47","Image":"C:\\Windows\\System32\\svchost.exe","DestinationPort":"3389","ProcessId":"824","Protocol":"tcp","SourcePort":"52109","User":"NT AUTHORITY\\NETWORK SERVICE","Initiated":"false","ProcessGuid":"{8bcf3217-54f6-5ebe-1300-00000000b000}"}
{"UtcTime":"2020-05-18 09:54:56.228","SourceIp":"185.202.2.25","SourcePortName":"-","DestinationPortName":"ms-wbt-server","RuleName":"RDP","SourceIsIpv6":"false","SourceHostname":"-","DestinationHostname":"EC2AMAZ-NP5R74L.eu-central-1.compute.internal","DestinationIsIpv6":"false","DestinationIp":"172.31.34.47","Image":"C:\\Windows\\System32\\svchost.exe","DestinationPort":"3389","ProcessId":"824","Protocol":"tcp","SourcePort":"49829","User":"NT AUTHORITY\\NETWORK SERVICE","Initiated":"false","ProcessGuid":"{8bcf3217-54f6-5ebe-1300-00000000b000}"}
{"SourceIp":"194.61.55.133","DestinationPortName":"ms-wbt-server","SourcePortName":"-","UtcTime":"2020-05-18 09:54:56.944","RuleName":"RDP","SourceHostname":"-","SourceIsIpv6":"false","DestinationHostname":"EC2AMAZ-NP5R74L.eu-central-1.compute.internal","DestinationIsIpv6":"false","DestinationIp":"172.31.34.47","Image":"C:\\Windows\\System32\\svchost.exe","DestinationPort":"3389","ProcessId":"824","Protocol":"tcp","SourcePort":"52648","User":"NT AUTHORITY\\NETWORK SERVICE","Initiated":"false","ProcessGuid":"{8bcf3217-54f6-5ebe-1300-00000000b000}"}
{"UtcTime":"2020-05-18 09:54:57.108","DestinationPortName":"ms-wbt-server","SourcePortName":"-","SourceIp":"185.209.0.105","RuleName":"RDP","SourceHostname":"-","SourceIsIpv6":"false","DestinationHostname":"EC2AMAZ-NP5R74L.eu-central-1.compute.internal","DestinationIsIpv6":"false","Image":"C:\\Windows\\System32\\svchost.exe","DestinationIp":"172.31.34.47","DestinationPort":"3389","ProcessId":"824","Protocol":"tcp","SourcePort":"57789","User":"NT AUTHORITY\\NETWORK SERVICE","Initiated":"false","ProcessGuid":"{8bcf3217-54f6-5ebe-1300-00000000b000}"}
{"SourceIp":"185.202.2.26","UtcTime":"2020-05-18 09:55:00.269","SourcePortName":"-","DestinationPortName":"ms-wbt-server","RuleName":"RDP","SourceIsIpv6":"false","SourceHostname":"-","DestinationHostname":"EC2AMAZ-NP5R74L.eu-central-1.compute.internal","DestinationIsIpv6":"false","Image":"C:\\Windows\\System32\\svchost.exe","DestinationIp":"172.31.34.47","DestinationPort":"3389","ProcessId":"824","Protocol":"tcp","SourcePort":"55313","User":"NT AUTHORITY\\NETWORK SERVICE","Initiated":"false","ProcessGuid":"{8bcf3217-54f6-5ebe-1300-00000000b000}"}
{"SourcePortName":"-","UtcTime":"2020-05-18 09:55:00.784","DestinationPortName":"ms-wbt-server","SourceIp":"185.202.2.30","RuleName":"RDP","SourceHostname":"-","SourceIsIpv6":"false","DestinationHostname":"EC2AMAZ-NP5R74L.eu-central-1.compute.internal","DestinationIsIpv6":"false","Image":"C:\\Windows\\System32\\svchost.exe","DestinationIp":"172.31.34.47","DestinationPort":"3389","ProcessId":"824","Protocol":"tcp","SourcePort":"59397","User":"NT AUTHORITY\\NETWORK SERVICE","Initiated":"false","ProcessGuid":"{8bcf3217-54f6-5ebe-1300-00000000b000}"}
{"UtcTime":"2020-05-18 09:55:01.802","SourcePortName":"-","DestinationPortName":"ms-wbt-server","SourceIp":"185.209.0.106","RuleName":"RDP","SourceHostname":"-","SourceIsIpv6":"false","DestinationHostname":"EC2AMAZ-NP5R74L.eu-central-1.compute.internal","DestinationIsIpv6":"false","DestinationIp":"172.31.34.47","Image":"C:\\Windows\\System32\\svchost.exe","DestinationPort":"3389","ProcessId":"824","Protocol":"tcp","SourcePort":"59374","User":"NT AUTHORITY\\NETWORK SERVICE","Initiated":"false","ProcessGuid":"{8bcf3217-54f6-5ebe-1300-00000000b000}"}
{"SourcePortName":"-","DestinationPortName":"ms-wbt-server","SourceIp":"185.202.2.31","UtcTime":"2020-05-18 09:55:02.371","RuleName":"RDP","SourceIsIpv6":"false","SourceHostname":"-","DestinationHostname":"EC2AMAZ-NP5R74L.eu-central-1.compute.internal","DestinationIsIpv6":"false","Image":"C:\\Windows\\System32\\svchost.exe","DestinationIp":"172.31.34.47","DestinationPort":"3389","ProcessId":"824","Protocol":"tcp","SourcePort":"60792","User":"NT AUTHORITY\\NETWORK SERVICE","Initiated":"false","ProcessGuid":"{8bcf3217-54f6-5ebe-1300-00000000b000}"}
{"UtcTime":"2020-05-18 09:55:03.231","DestinationPortName":"ms-wbt-server","SourcePortName":"-","SourceIp":"185.202.1.51","RuleName":"RDP","SourceHostname":"-","SourceIsIpv6":"false","DestinationHostname":"EC2AMAZ-NP5R74L.eu-central-1.compute.internal","DestinationIsIpv6":"false","DestinationIp":"172.31.34.47","Image":"C:\\Windows\\System32\\svchost.exe","DestinationPort":"3389","ProcessId":"824","Protocol":"tcp","SourcePort":"53441","User":"NT AUTHORITY\\NETWORK SERVICE","Initiated":"false","ProcessGuid":"{8bcf3217-54f6-5ebe-1300-00000000b000}"}
{"UtcTime":"2020-05-18 09:55:03.381","SourcePortName":"-","SourceIp":"185.202.1.229","DestinationPortName":"ms-wbt-server","RuleName":"RDP","SourceIsIpv6":"false","SourceHostname":"-","DestinationHostname":"EC2AMAZ-NP5R74L.eu-central-1.compute.internal","DestinationIsIpv6":"false","Image":"C:\\Windows\\System32\\svchost.exe","DestinationIp":"172.31.34.47","DestinationPort":"3389","ProcessId":"824","Protocol":"tcp","SourcePort":"49536","User":"NT AUTHORITY\\NETWORK SERVICE","Initiated":"false","ProcessGuid":"{8bcf3217-54f6-5ebe-1300-00000000b000}"}
{"SourcePortName":"-","UtcTime":"2020-05-18 09:55:03.774","SourceIp":"194.61.55.116","DestinationPortName":"ms-wbt-server","RuleName":"RDP","SourceHostname":"-","SourceIsIpv6":"false","DestinationHostname":"EC2AMAZ-NP5R74L.eu-central-1.compute.internal","DestinationIsIpv6":"false","DestinationIp":"172.31.34.47","Image":"C:\\Windows\\System32\\svchost.exe","DestinationPort":"3389","ProcessId":"824","Protocol":"tcp","SourcePort":"59817","User":"NT AUTHORITY\\NETWORK SERVICE","Initiated":"false","ProcessGuid":"{8bcf3217-54f6-5ebe-1300-00000000b000}"}
{"UtcTime":"2020-05-18 09:55:04.565","SourcePortName":"-","SourceIp":"185.209.0.105","DestinationPortName":"ms-wbt-server","RuleName":"RDP","SourceHostname":"-","SourceIsIpv6":"false","DestinationHostname":"EC2AMAZ-NP5R74L.eu-central-1.compute.internal","DestinationIsIpv6":"false","Image":"C:\\Windows\\System32\\svchost.exe","DestinationIp":"172.31.34.47","DestinationPort":"3389","ProcessId":"824","Protocol":"tcp","SourcePort":"62078","User":"NT AUTHORITY\\NETWORK SERVICE","Initiated":"false","ProcessGuid":"{8bcf3217-54f6-5ebe-1300-00000000b000}"}
