{"UtcTime":"2020-05-18 10:03:57.113","TerminalSessionId":"0","Company":"-","ParentImage":"C:\\Windows\\System32\\OpenSSH\\sshd.exe","Image":"C:\\Windows\\System32\\OpenSSH\\sshd.exe","ParentProcessId":"4040","FileVersion":"7.7.2.2","LogonGuid":"{87a71a6b-5d8d-5ec2-7fb0-920700000000}","CommandLine":"\"C:\\Windows\\System32\\OpenSSH\\sshd.exe\" \"-y\"","ProcessId":"1244","ParentCommandLine":"\"C:\\Windows\\System32\\OpenSSH\\sshd.exe\" \"-R\"","LogonId":"0x792b07f","ProcessGuid":"{87a71a6b-5d8d-5ec2-9153-01000000b000}","OriginalFileName":"-","RuleName":"-","Description":"-","IntegrityLevel":"High","ParentProcessGuid":"{87a71a6b-5d8d-5ec2-8f53-01000000b000}","Product":"OpenSSH for Windows","User":"S-1-5-111-3847866527-469524349-687026318-516638107-1125189541-4040","CurrentDirectory":"C:\\","Hashes":"MD5=72789836EEA643C23CD87732B8535E7E,SHA256=731E8034CB953ABCD0FC86400AD55113EFA302F77D276213198A76065601576B,IMPHASH=27DE371E1DAE125BC04CC09552C72D87"}
{"SourceIp":"201.124.74.148","UtcTime":"2020-05-18 10:03:51.758","SourcePortName":"-","DestinationPortName":"ssh","RuleName":"SSH","SourceIsIpv6":"false","SourceHostname":"dsl-201-124-74-148-dyn.prod-infinitum.com.mx","DestinationHostname":"EC2AMAZ-V0GPI6G.eu-central-1.compute.internal","DestinationIsIpv6":"false","DestinationIp":"172.31.47.23","Image":"C:\\Windows\\System32\\OpenSSH\\sshd.exe","DestinationPort":"22","ProcessId":"1820","Protocol":"tcp","SourcePort":"44344","User":"NT AUTHORITY\\SYSTEM","Initiated":"false","ProcessGuid":"{87a71a6b-54ee-5ebe-2700-00000000b000}"}
{"SourceIp":"213.251.184.102","DestinationPortName":"ssh","UtcTime":"2020-05-18 10:03:52.459","SourcePortName":"-","RuleName":"SSH","SourceIsIpv6":"false","SourceHostname":"ns3593477.ip-213-251-184.eu","DestinationHostname":"EC2AMAZ-V0GPI6G.eu-central-1.compute.internal","DestinationIsIpv6":"false","DestinationIp":"172.31.47.23","Image":"C:\\Windows\\System32\\OpenSSH\\sshd.exe","DestinationPort":"22","ProcessId":"1820","Protocol":"tcp","SourcePort":"53186","User":"NT AUTHORITY\\SYSTEM","Initiated":"false","ProcessGuid":"{87a71a6b-54ee-5ebe-2700-00000000b000}"}
{"SourceIp":"185.209.0.117","DestinationPortName":"ms-wbt-server","SourcePortName":"-","UtcTime":"2020-05-18 10:03:52.018","RuleName":"RDP","SourceHostname":"-","SourceIsIpv6":"false","DestinationHostname":"EC2AMAZ-V0GPI6G.eu-central-1.compute.internal","DestinationIsIpv6":"false","Image":"C:\\Windows\\System32\\svchost.exe","DestinationIp":"172.31.47.23","DestinationPort":"3389","ProcessId":"824","Protocol":"tcp","SourcePort":"57922","User":"NT AUTHORITY\\NETWORK SERVICE","Initiated":"false","ProcessGuid":"{87a71a6b-54ec-5ebe-1300-00000000b000}"}
{"UtcTime":"2020-05-18 10:03:58.620","TerminalSessionId":"0","Company":"-","ParentImage":"C:\\Windows\\System32\\OpenSSH\\sshd.exe","Image":"C:\\Windows\\System32\\OpenSSH\\sshd.exe","ParentProcessId":"1820","FileVersion":"7.7.2.2","LogonGuid":"{87a71a6b-54eb-5ebe-e703-000000000000}","CommandLine":"\"C:\\Windows\\System32\\OpenSSH\\sshd.exe\" \"-R\"","ProcessId":"3484","ParentCommandLine":"C:\\Windows\\System32\\OpenSSH\\sshd.exe","LogonId":"0x3e7","ProcessGuid":"{87a71a6b-5d8e-5ec2-9253-01000000b000}","OriginalFileName":"-","RuleName":"-","Description":"-","IntegrityLevel":"System","ParentProcessGuid":"{87a71a6b-54ee-5ebe-2700-00000000b000}","Product":"OpenSSH for Windows","User":"NT AUTHORITY\\SYSTEM","Hashes":"MD5=72789836EEA643C23CD87732B8535E7E,SHA256=731E8034CB953ABCD0FC86400AD55113EFA302F77D276213198A76065601576B,IMPHASH=27DE371E1DAE125BC04CC09552C72D87","CurrentDirectory":"C:\\"}
{"SourcePortName":"-","DestinationPortName":"ms-wbt-server","UtcTime":"2020-05-18 10:03:53.142","SourceIp":"87.251.75.227","RuleName":"RDP","SourceIsIpv6":"false","SourceHostname":"-","DestinationHostname":"EC2AMAZ-V0GPI6G.eu-central-1.compute.internal","DestinationIsIpv6":"false","Image":"C:\\Windows\\System32\\svchost.exe","DestinationIp":"172.31.47.23","DestinationPort":"3389","ProcessId":"824","Protocol":"tcp","SourcePort":"13255","User":"NT AUTHORITY\\NETWORK SERVICE","Initiated":"false","ProcessGuid":"{87a71a6b-54ec-5ebe-1300-00000000b000}"}
{"UtcTime":"2020-05-18 10:03:58.783","TerminalSessionId":"0","Company":"-","ParentImage":"C:\\Windows\\System32\\OpenSSH\\sshd.exe","Image":"C:\\Windows\\System32\\OpenSSH\\sshd.exe","FileVersion":"7.7.2.2","ParentProcessId":"3484","LogonGuid":"{87a71a6b-5d8e-5ec2-b5ba-920700000000}","ProcessId":"2328","CommandLine":"\"C:\\Windows\\System32\\OpenSSH\\sshd.exe\" \"-y\"","ParentCommandLine":"\"C:\\Windows\\System32\\OpenSSH\\sshd.exe\" \"-R\"","LogonId":"0x792bab5","ProcessGuid":"{87a71a6b-5d8e-5ec2-9453-01000000b000}","OriginalFileName":"-","RuleName":"-","Description":"-","IntegrityLevel":"High","ParentProcessGuid":"{87a71a6b-5d8e-5ec2-9253-01000000b000}","Product":"OpenSSH for Windows","User":"S-1-5-111-3847866527-469524349-687026318-516638107-1125189541-3484","CurrentDirectory":"C:\\","Hashes":"MD5=72789836EEA643C23CD87732B8535E7E,SHA256=731E8034CB953ABCD0FC86400AD55113EFA302F77D276213198A76065601576B,IMPHASH=27DE371E1DAE125BC04CC09552C72D87"}
{"SourcePortName":"-","UtcTime":"2020-05-18 10:03:54.149","SourceIp":"92.63.194.36","DestinationPortName":"ms-wbt-server","RuleName":"RDP","SourceIsIpv6":"false","SourceHostname":"-","DestinationHostname":"EC2AMAZ-V0GPI6G.eu-central-1.compute.internal","DestinationIsIpv6":"false","Image":"C:\\Windows\\System32\\svchost.exe","DestinationIp":"172.31.47.23","DestinationPort":"3389","ProcessId":"824","Protocol":"tcp","SourcePort":"5149","User":"NT AUTHORITY\\NETWORK SERVICE","Initiated":"false","ProcessGuid":"{87a71a6b-54ec-5ebe-1300-00000000b000}"}
{"UtcTime":"2020-05-18 10:03:54.057","SourceIp":"64.225.61.147","DestinationPortName":"ssh","SourcePortName":"-","RuleName":"SSH","SourceHostname":"-","SourceIsIpv6":"false","DestinationHostname":"EC2AMAZ-V0GPI6G.eu-central-1.compute.internal","DestinationIsIpv6":"false","DestinationIp":"172.31.47.23","Image":"C:\\Windows\\System32\\OpenSSH\\sshd.exe","DestinationPort":"22","ProcessId":"1820","Protocol":"tcp","SourcePort":"42602","User":"NT AUTHORITY\\SYSTEM","Initiated":"false","ProcessGuid":"{87a71a6b-54ee-5ebe-2700-00000000b000}"}
{"SourceIp":"185.209.0.113","DestinationPortName":"ms-wbt-server","UtcTime":"2020-05-18 10:03:54.462","SourcePortName":"-","RuleName":"RDP","SourceIsIpv6":"false","SourceHostname":"-","DestinationHostname":"EC2AMAZ-V0GPI6G.eu-central-1.compute.internal","DestinationIsIpv6":"false","DestinationIp":"172.31.47.23","Image":"C:\\Windows\\System32\\svchost.exe","DestinationPort":"3389","ProcessId":"824","Protocol":"tcp","SourcePort":"58966","User":"NT AUTHORITY\\NETWORK SERVICE","Initiated":"false","ProcessGuid":"{87a71a6b-54ec-5ebe-1300-00000000b000}"}
{"UtcTime":"2020-05-18 10:03:54.281","SourcePortName":"-","SourceIp":"185.202.2.91","DestinationPortName":"ms-wbt-server","RuleName":"RDP","SourceHostname":"-","SourceIsIpv6":"false","DestinationHostname":"EC2AMAZ-V0GPI6G.eu-central-1.compute.internal","DestinationIsIpv6":"false","Image":"C:\\Windows\\System32\\svchost.exe","DestinationIp":"172.31.47.23","DestinationPort":"3389","ProcessId":"824","Protocol":"tcp","SourcePort":"63469","User":"NT AUTHORITY\\NETWORK SERVICE","Initiated":"false","ProcessGuid":"{87a71a6b-54ec-5ebe-1300-00000000b000}"}
{"SourcePortName":"-","UtcTime":"2020-05-18 10:03:53.162","DestinationPortName":"ms-wbt-server","SourceIp":"185.209.0.116","RuleName":"RDP","SourceIsIpv6":"false","SourceHostname":"-","DestinationHostname":"EC2AMAZ-NP5R74L.eu-central-1.compute.internal","DestinationIsIpv6":"false","Image":"C:\\Windows\\System32\\svchost.exe","DestinationIp":"172.31.34.47","DestinationPort":"3389","ProcessId":"824","Protocol":"tcp","SourcePort":"62994","User":"NT AUTHORITY\\NETWORK SERVICE","Initiated":"false","ProcessGuid":"{8bcf3217-54f6-5ebe-1300-00000000b000}"}
{"SourcePortName":"-","DestinationPortName":"ms-wbt-server","UtcTime":"2020-05-18 10:03:57.740","SourceIp":"185.209.0.113","RuleName":"RDP","SourceIsIpv6":"false","SourceHostname":"-","DestinationHostname":"EC2AMAZ-V0GPI6G.eu-central-1.compute.internal","DestinationIsIpv6":"false","DestinationIp":"172.31.47.23","Image":"C:\\Windows\\System32\\svchost.exe","DestinationPort":"3389","ProcessId":"824","Protocol":"tcp","SourcePort":"65268","User":"NT AUTHORITY\\NETWORK SERVICE","Initiated":"false","ProcessGuid":"{87a71a6b-54ec-5ebe-1300-00000000b000}"}
{"SourceIp":"185.202.1.119","DestinationPortName":"ms-wbt-server","UtcTime":"2020-05-18 10:03:57.880","SourcePortName":"-","RuleName":"RDP","SourceHostname":"-","SourceIsIpv6":"false","DestinationHostname":"EC2AMAZ-V0GPI6G.eu-central-1.compute.internal","DestinationIsIpv6":"false","DestinationIp":"172.31.47.23","Image":"C:\\Windows\\System32\\svchost.exe","DestinationPort":"3389","ProcessId":"824","Protocol":"tcp","SourcePort":"54091","User":"NT AUTHORITY\\NETWORK SERVICE","Initiated":"false","ProcessGuid":"{87a71a6b-54ec-5ebe-1300-00000000b000}"}
{"SourcePortName":"-","UtcTime":"2020-05-18 10:03:56.678","SourceIp":"51.91.69.20","DestinationPortName":"ms-wbt-server","RuleName":"RDP","SourceIsIpv6":"false","SourceHostname":"ns61208963.ip-51-91-69.eu","DestinationHostname":"EC2AMAZ-NP5R74L.eu-central-1.compute.internal","DestinationIsIpv6":"false","Image":"C:\\Windows\\System32\\svchost.exe","DestinationIp":"172.31.34.47","DestinationPort":"3389","ProcessId":"824","Protocol":"tcp","SourcePort":"49506","User":"NT AUTHORITY\\NETWORK SERVICE","Initiated":"false","ProcessGuid":"{8bcf3217-54f6-5ebe-1300-00000000b000}"}
{"SourcePortName":"-","DestinationPortName":"ms-wbt-server","UtcTime":"2020-05-18 10:03:59.747","SourceIp":"194.61.55.240","RuleName":"RDP","SourceIsIpv6":"false","SourceHostname":"-","DestinationHostname":"EC2AMAZ-V0GPI6G.eu-central-1.compute.internal","DestinationIsIpv6":"false","Image":"C:\\Windows\\System32\\svchost.exe","DestinationIp":"172.31.47.23","DestinationPort":"3389","ProcessId":"824","Protocol":"tcp","SourcePort":"8192","User":"NT AUTHORITY\\NETWORK SERVICE","Initiated":"false","ProcessGuid":"{87a71a6b-54ec-5ebe-1300-00000000b000}"}
{"SourcePortName":"-","SourceIp":"151.253.48.108","DestinationPortName":"ms-wbt-server","UtcTime":"2020-05-18 10:03:59.002","RuleName":"RDP","SourceIsIpv6":"false","SourceHostname":"-","DestinationHostname":"EC2AMAZ-V0GPI6G.eu-central-1.compute.internal","DestinationIsIpv6":"false","DestinationIp":"172.31.47.23","Image":"C:\\Windows\\System32\\svchost.exe","DestinationPort":"3389","ProcessId":"824","Protocol":"tcp","SourcePort":"60917","User":"NT AUTHORITY\\NETWORK SERVICE","Initiated":"false","ProcessGuid":"{87a71a6b-54ec-5ebe-1300-00000000b000}"}
{"UtcTime":"2020-05-18 10:04:00.047","DestinationPortName":"ms-wbt-server","SourceIp":"92.63.194.101","SourcePortName":"-","RuleName":"RDP","SourceHostname":"-","SourceIsIpv6":"false","DestinationHostname":"EC2AMAZ-V0GPI6G.eu-central-1.compute.internal","DestinationIsIpv6":"false","DestinationIp":"172.31.47.23","Image":"C:\\Windows\\System32\\svchost.exe","DestinationPort":"3389","ProcessId":"824","Protocol":"tcp","SourcePort":"51464","User":"NT AUTHORITY\\NETWORK SERVICE","Initiated":"false","ProcessGuid":"{87a71a6b-54ec-5ebe-1300-00000000b000}"}
{"SourceIp":"185.209.0.106","DestinationPortName":"ms-wbt-server","UtcTime":"2020-05-18 10:04:01.420","SourcePortName":"-","RuleName":"RDP","SourceHostname":"-","SourceIsIpv6":"false","DestinationHostname":"EC2AMAZ-V0GPI6G.eu-central-1.compute.internal","DestinationIsIpv6":"false","DestinationIp":"172.31.47.23","Image":"C:\\Windows\\System32\\svchost.exe","DestinationPort":"3389","ProcessId":"824","Protocol":"tcp","SourcePort":"52584","User":"NT AUTHORITY\\NETWORK SERVICE","Initiated":"false","ProcessGuid":"{87a71a6b-54ec-5ebe-1300-00000000b000}"}
{"SourceIp":"51.145.36.11","DestinationPortName":"ms-wbt-server","SourcePortName":"-","UtcTime":"2020-05-18 10:04:02.351","RuleName":"RDP","SourceIsIpv6":"false","SourceHostname":"-","DestinationHostname":"EC2AMAZ-V0GPI6G.eu-central-1.compute.internal","DestinationIsIpv6":"false","Image":"C:\\Windows\\System32\\svchost.exe","DestinationIp":"172.31.47.23","DestinationPort":"3389","ProcessId":"824","Protocol":"tcp","SourcePort":"60277","User":"NT AUTHORITY\\NETWORK SERVICE","Initiated":"false","ProcessGuid":"{87a71a6b-54ec-5ebe-1300-00000000b000}"}
{"UtcTime":"2020-05-18 10:04:08.075","TerminalSessionId":"0","Company":"-","ParentImage":"C:\\Windows\\System32\\OpenSSH\\sshd.exe","Image":"C:\\Windows\\System32\\OpenSSH\\sshd.exe","FileVersion":"7.7.2.2","ParentProcessId":"1820","LogonGuid":"{87a71a6b-54eb-5ebe-e703-000000000000}","CommandLine":"\"C:\\Windows\\System32\\OpenSSH\\sshd.exe\" \"-R\"","ProcessId":"4728","ParentCommandLine":"C:\\Windows\\System32\\OpenSSH\\sshd.exe","LogonId":"0x3e7","ProcessGuid":"{87a71a6b-5d98-5ec2-9553-01000000b000}","OriginalFileName":"-","RuleName":"-","Description":"-","IntegrityLevel":"System","ParentProcessGuid":"{87a71a6b-54ee-5ebe-2700-00000000b000}","Product":"OpenSSH for Windows","User":"NT AUTHORITY\\SYSTEM","Hashes":"MD5=72789836EEA643C23CD87732B8535E7E,SHA256=731E8034CB953ABCD0FC86400AD55113EFA302F77D276213198A76065601576B,IMPHASH=27DE371E1DAE125BC04CC09552C72D87","CurrentDirectory":"C:\\"}
{"UtcTime":"2020-05-18 10:04:08.273","TerminalSessionId":"0","Company":"-","ParentImage":"C:\\Windows\\System32\\OpenSSH\\sshd.exe","Image":"C:\\Windows\\System32\\OpenSSH\\sshd.exe","ParentProcessId":"4728","FileVersion":"7.7.2.2","LogonGuid":"{87a71a6b-5d98-5ec2-c6d0-920700000000}","CommandLine":"\"C:\\Windows\\System32\\OpenSSH\\sshd.exe\" \"-y\"","ProcessId":"1688","ParentCommandLine":"\"C:\\Windows\\System32\\OpenSSH\\sshd.exe\" \"-R\"","LogonId":"0x792d0c6","ProcessGuid":"{87a71a6b-5d98-5ec2-9753-01000000b000}","OriginalFileName":"-","RuleName":"-","Description":"-","IntegrityLevel":"High","ParentProcessGuid":"{87a71a6b-5d98-5ec2-9553-01000000b000}","Product":"OpenSSH for Windows","User":"S-1-5-111-3847866527-469524349-687026318-516638107-1125189541-4728","Hashes":"MD5=72789836EEA643C23CD87732B8535E7E,SHA256=731E8034CB953ABCD0FC86400AD55113EFA302F77D276213198A76065601576B,IMPHASH=27DE371E1DAE125BC04CC09552C72D87","CurrentDirectory":"C:\\"}
{"SourcePortName":"-","DestinationPortName":"ms-wbt-server","SourceIp":"212.92.114.158","UtcTime":"2020-05-18 10:03:45.773","RuleName":"RDP","SourceHostname":"-","SourceIsIpv6":"false","DestinationHostname":"EC2AMAZ-ESHNN19.eu-central-1.compute.internal","DestinationIsIpv6":"false","DestinationIp":"172.31.5.93","Image":"C:\\Windows\\System32\\svchost.exe","DestinationPort":"3389","ProcessId":"68","Protocol":"tcp","SourcePort":"54743","User":"NT AUTHORITY\\NETWORK SERVICE","Initiated":"false","ProcessGuid":"{7899F400-C773-5EB3-0E00-000000004A01}"}
{"UtcTime":"2020-05-18 10:03:47.549","SourcePortName":"-","DestinationPortName":"ms-wbt-server","SourceIp":"51.91.69.20","RuleName":"RDP","SourceIsIpv6":"false","SourceHostname":"ns61208963.ip-51-91-69.eu","DestinationHostname":"EC2AMAZ-ESHNN19.eu-central-1.compute.internal","DestinationIsIpv6":"false","Image":"C:\\Windows\\System32\\svchost.exe","DestinationIp":"172.31.5.93","DestinationPort":"3389","ProcessId":"68","Protocol":"tcp","SourcePort":"49905","User":"NT AUTHORITY\\NETWORK SERVICE","Initiated":"false","ProcessGuid":"{7899F400-C773-5EB3-0E00-000000004A01}"}
{"UtcTime":"2020-05-18 10:04:03.512","DestinationPortName":"ssh","SourceIp":"65.31.127.80","SourcePortName":"-","RuleName":"SSH","SourceIsIpv6":"false","SourceHostname":"cpe-65-31-127-80.wi.res.rr.com","DestinationHostname":"EC2AMAZ-V0GPI6G.eu-central-1.compute.internal","DestinationIsIpv6":"false","DestinationIp":"172.31.47.23","Image":"C:\\Windows\\System32\\OpenSSH\\sshd.exe","DestinationPort":"22","ProcessId":"1820","Protocol":"tcp","SourcePort":"33144","User":"NT AUTHORITY\\SYSTEM","Initiated":"false","ProcessGuid":"{87a71a6b-54ee-5ebe-2700-00000000b000}"}
{"SourcePortName":"-","SourceIp":"87.251.75.76","DestinationPortName":"ms-wbt-server","UtcTime":"2020-05-18 10:04:04.291","RuleName":"RDP","SourceIsIpv6":"false","SourceHostname":"-","DestinationHostname":"EC2AMAZ-V0GPI6G.eu-central-1.compute.internal","DestinationIsIpv6":"false","DestinationIp":"172.31.47.23","Image":"C:\\Windows\\System32\\svchost.exe","DestinationPort":"3389","ProcessId":"824","Protocol":"tcp","SourcePort":"42703","User":"NT AUTHORITY\\NETWORK SERVICE","Initiated":"false","ProcessGuid":"{87a71a6b-54ec-5ebe-1300-00000000b000}"}
{"SourcePortName":"-","UtcTime":"2020-05-18 10:04:05.200","SourceIp":"92.63.194.100","DestinationPortName":"ms-wbt-server","RuleName":"RDP","SourceHostname":"-","SourceIsIpv6":"false","DestinationHostname":"EC2AMAZ-V0GPI6G.eu-central-1.compute.internal","DestinationIsIpv6":"false","Image":"C:\\Windows\\System32\\svchost.exe","DestinationIp":"172.31.47.23","DestinationPort":"3389","ProcessId":"824","Protocol":"tcp","SourcePort":"56673","User":"NT AUTHORITY\\NETWORK SERVICE","Initiated":"false","ProcessGuid":"{87a71a6b-54ec-5ebe-1300-00000000b000}"}
{"SourcePortName":"-","DestinationPortName":"ms-wbt-server","UtcTime":"2020-05-18 10:04:06.630","SourceIp":"194.61.55.206","RuleName":"RDP","SourceIsIpv6":"false","SourceHostname":"-","DestinationHostname":"EC2AMAZ-V0GPI6G.eu-central-1.compute.internal","DestinationIsIpv6":"false","Image":"C:\\Windows\\System32\\svchost.exe","DestinationIp":"172.31.47.23","DestinationPort":"3389","ProcessId":"824","Protocol":"tcp","SourcePort":"23325","User":"NT AUTHORITY\\NETWORK SERVICE","Initiated":"false","ProcessGuid":"{87a71a6b-54ec-5ebe-1300-00000000b000}"}
{"UtcTime":"2020-05-18 10:04:13.011","TerminalSessionId":"0","Company":"-","ParentImage":"C:\\Windows\\System32\\OpenSSH\\sshd.exe","Image":"C:\\Windows\\System32\\OpenSSH\\sshd.exe","ParentProcessId":"3660","FileVersion":"7.7.2.2","LogonGuid":"{87a71a6b-5d9c-5ec2-37dc-920700000000}","ProcessId":"4516","CommandLine":"\"C:\\Windows\\System32\\OpenSSH\\sshd.exe\" \"-y\"","ParentCommandLine":"\"C:\\Windows\\System32\\OpenSSH\\sshd.exe\" \"-R\"","LogonId":"0x792dc37","ProcessGuid":"{87a71a6b-5d9d-5ec2-9a53-01000000b000}","OriginalFileName":"-","RuleName":"-","Description":"-","IntegrityLevel":"High","ParentProcessGuid":"{87a71a6b-5d9c-5ec2-9853-01000000b000}","Product":"OpenSSH for Windows","User":"S-1-5-111-3847866527-469524349-687026318-516638107-1125189541-3660","Hashes":"MD5=72789836EEA643C23CD87732B8535E7E,SHA256=731E8034CB953ABCD0FC86400AD55113EFA302F77D276213198A76065601576B,IMPHASH=27DE371E1DAE125BC04CC09552C72D87","CurrentDirectory":"C:\\"}
{"UtcTime":"2020-05-18 10:04:12.739","TerminalSessionId":"0","Company":"-","ParentImage":"C:\\Windows\\System32\\OpenSSH\\sshd.exe","Image":"C:\\Windows\\System32\\OpenSSH\\sshd.exe","ParentProcessId":"1820","FileVersion":"7.7.2.2","LogonGuid":"{87a71a6b-54eb-5ebe-e703-000000000000}","CommandLine":"\"C:\\Windows\\System32\\OpenSSH\\sshd.exe\" \"-R\"","ProcessId":"3660","ParentCommandLine":"C:\\Windows\\System32\\OpenSSH\\sshd.exe","LogonId":"0x3e7","ProcessGuid":"{87a71a6b-5d9c-5ec2-9853-01000000b000}","OriginalFileName":"-","RuleName":"-","Description":"-","IntegrityLevel":"System","ParentProcessGuid":"{87a71a6b-54ee-5ebe-2700-00000000b000}","Product":"OpenSSH for Windows","User":"NT AUTHORITY\\SYSTEM","Hashes":"MD5=72789836EEA643C23CD87732B8535E7E,SHA256=731E8034CB953ABCD0FC86400AD55113EFA302F77D276213198A76065601576B,IMPHASH=27DE371E1DAE125BC04CC09552C72D87","CurrentDirectory":"C:\\"}
{"SourcePortName":"-","DestinationPortName":"ms-wbt-server","SourceIp":"14.46.112.201","UtcTime":"2020-05-18 10:04:05.147","RuleName":"RDP","SourceIsIpv6":"false","SourceHostname":"-","DestinationHostname":"EC2AMAZ-NP5R74L.eu-central-1.compute.internal","DestinationIsIpv6":"false","DestinationIp":"172.31.34.47","Image":"C:\\Windows\\System32\\svchost.exe","DestinationPort":"3389","ProcessId":"824","Protocol":"tcp","SourcePort":"4563","User":"NT AUTHORITY\\NETWORK SERVICE","Initiated":"false","ProcessGuid":"{8bcf3217-54f6-5ebe-1300-00000000b000}"}
{"UtcTime":"2020-05-18 10:04:08.176","SourceIp":"119.92.118.59","SourcePortName":"-","DestinationPortName":"ssh","RuleName":"SSH","SourceIsIpv6":"false","SourceHostname":"host.28.static.e-telligent.net","DestinationHostname":"EC2AMAZ-V0GPI6G.eu-central-1.compute.internal","DestinationIsIpv6":"false","Image":"C:\\Windows\\System32\\OpenSSH\\sshd.exe","DestinationIp":"172.31.47.23","DestinationPort":"22","ProcessId":"1820","Protocol":"tcp","SourcePort":"53274","User":"NT AUTHORITY\\SYSTEM","Initiated":"false","ProcessGuid":"{87a71a6b-54ee-5ebe-2700-00000000b000}"}
{"UtcTime":"2020-05-18 10:04:08.405","DestinationPortName":"ms-wbt-server","SourceIp":"185.209.0.113","SourcePortName":"-","RuleName":"RDP","SourceHostname":"-","SourceIsIpv6":"false","DestinationHostname":"EC2AMAZ-V0GPI6G.eu-central-1.compute.internal","DestinationIsIpv6":"false","Image":"C:\\Windows\\System32\\svchost.exe","DestinationIp":"172.31.47.23","DestinationPort":"3389","ProcessId":"824","Protocol":"tcp","SourcePort":"52582","User":"NT AUTHORITY\\NETWORK SERVICE","Initiated":"false","ProcessGuid":"{87a71a6b-54ec-5ebe-1300-00000000b000}"}
{"SourceIp":"14.46.112.201","DestinationPortName":"ms-wbt-server","SourcePortName":"-","UtcTime":"2020-05-18 10:03:51.324","RuleName":"RDP","SourceIsIpv6":"false","SourceHostname":"-","DestinationHostname":"EC2AMAZ-ESHNN19.eu-central-1.compute.internal","DestinationIsIpv6":"false","Image":"C:\\Windows\\System32\\svchost.exe","DestinationIp":"172.31.5.93","DestinationPort":"3389","ProcessId":"68","Protocol":"tcp","SourcePort":"5015","User":"NT AUTHORITY\\NETWORK SERVICE","Initiated":"false","ProcessGuid":"{7899F400-C773-5EB3-0E00-000000004A01}"}
{"SourceIp":"194.61.55.72","DestinationPortName":"ms-wbt-server","SourcePortName":"-","UtcTime":"2020-05-18 10:04:09.960","RuleName":"RDP","SourceIsIpv6":"false","SourceHostname":"-","DestinationHostname":"EC2AMAZ-V0GPI6G.eu-central-1.compute.internal","DestinationIsIpv6":"false","DestinationIp":"172.31.47.23","Image":"C:\\Windows\\System32\\svchost.exe","DestinationPort":"3389","ProcessId":"824","Protocol":"tcp","SourcePort":"56258","User":"NT AUTHORITY\\NETWORK SERVICE","Initiated":"false","ProcessGuid":"{87a71a6b-54ec-5ebe-1300-00000000b000}"}
{"UtcTime":"2020-05-18 10:04:16.810","TerminalSessionId":"0","Company":"-","ParentImage":"C:\\Windows\\System32\\OpenSSH\\sshd.exe","Image":"C:\\Windows\\System32\\OpenSSH\\sshd.exe","FileVersion":"7.7.2.2","ParentProcessId":"1820","LogonGuid":"{87a71a6b-54eb-5ebe-e703-000000000000}","ProcessId":"2300","CommandLine":"\"C:\\Windows\\System32\\OpenSSH\\sshd.exe\" \"-R\"","ParentCommandLine":"C:\\Windows\\System32\\OpenSSH\\sshd.exe","LogonId":"0x3e7","ProcessGuid":"{87a71a6b-5da0-5ec2-9b53-01000000b000}","OriginalFileName":"-","RuleName":"-","Description":"-","IntegrityLevel":"System","ParentProcessGuid":"{87a71a6b-54ee-5ebe-2700-00000000b000}","Product":"OpenSSH for Windows","CurrentDirectory":"C:\\","Hashes":"MD5=72789836EEA643C23CD87732B8535E7E,SHA256=731E8034CB953ABCD0FC86400AD55113EFA302F77D276213198A76065601576B,IMPHASH=27DE371E1DAE125BC04CC09552C72D87","User":"NT AUTHORITY\\SYSTEM"}
{"SourcePortName":"-","DestinationPortName":"ssh","SourceIp":"106.53.4.214","UtcTime":"2020-05-18 10:04:12.247","RuleName":"SSH","SourceIsIpv6":"false","SourceHostname":"-","DestinationHostname":"EC2AMAZ-V0GPI6G.eu-central-1.compute.internal","DestinationIsIpv6":"false","Image":"C:\\Windows\\System32\\OpenSSH\\sshd.exe","DestinationIp":"172.31.47.23","DestinationPort":"22","ProcessId":"1820","Protocol":"tcp","SourcePort":"60226","User":"NT AUTHORITY\\SYSTEM","Initiated":"false","ProcessGuid":"{87a71a6b-54ee-5ebe-2700-00000000b000}"}
{"UtcTime":"2020-05-18 10:04:17.636","TerminalSessionId":"0","Company":"-","ParentImage":"C:\\Windows\\System32\\OpenSSH\\sshd.exe","Image":"C:\\Windows\\System32\\OpenSSH\\sshd.exe","ParentProcessId":"2300","FileVersion":"7.7.2.2","LogonGuid":"{87a71a6b-5da1-5ec2-d8e7-920700000000}","CommandLine":"\"C:\\Windows\\System32\\OpenSSH\\sshd.exe\" \"-y\"","ProcessId":"4480","ParentCommandLine":"\"C:\\Windows\\System32\\OpenSSH\\sshd.exe\" \"-R\"","LogonId":"0x792e7d8","ProcessGuid":"{87a71a6b-5da1-5ec2-9d53-01000000b000}","OriginalFileName":"-","RuleName":"-","Description":"-","IntegrityLevel":"High","ParentProcessGuid":"{87a71a6b-5da0-5ec2-9b53-01000000b000}","Product":"OpenSSH for Windows","CurrentDirectory":"C:\\","Hashes":"MD5=72789836EEA643C23CD87732B8535E7E,SHA256=731E8034CB953ABCD0FC86400AD55113EFA302F77D276213198A76065601576B,IMPHASH=27DE371E1DAE125BC04CC09552C72D87","User":"VIRTUAL USERS\\sshd_2300"}
{"SourcePortName":"-","DestinationPortName":"ms-wbt-server","SourceIp":"185.209.0.105","UtcTime":"2020-05-18 10:04:12.212","RuleName":"RDP","SourceHostname":"-","SourceIsIpv6":"false","DestinationHostname":"EC2AMAZ-V0GPI6G.eu-central-1.compute.internal","DestinationIsIpv6":"false","DestinationIp":"172.31.47.23","Image":"C:\\Windows\\System32\\svchost.exe","DestinationPort":"3389","ProcessId":"824","Protocol":"tcp","SourcePort":"62745","User":"NT AUTHORITY\\NETWORK SERVICE","Initiated":"false","ProcessGuid":"{87a71a6b-54ec-5ebe-1300-00000000b000}"}
{"SourceIp":"194.61.55.29","SourcePortName":"-","DestinationPortName":"ms-wbt-server","UtcTime":"2020-05-18 10:04:12.643","RuleName":"RDP","SourceIsIpv6":"false","SourceHostname":"-","DestinationHostname":"EC2AMAZ-V0GPI6G.eu-central-1.compute.internal","DestinationIsIpv6":"false","DestinationIp":"172.31.47.23","Image":"C:\\Windows\\System32\\svchost.exe","DestinationPort":"3389","ProcessId":"824","Protocol":"tcp","SourcePort":"27026","User":"NT AUTHORITY\\NETWORK SERVICE","Initiated":"false","ProcessGuid":"{87a71a6b-54ec-5ebe-1300-00000000b000}"}
{"SourcePortName":"-","DestinationPortName":"ms-wbt-server","SourceIp":"185.202.2.90","UtcTime":"2020-05-18 10:04:13.817","RuleName":"RDP","SourceIsIpv6":"false","SourceHostname":"-","DestinationHostname":"EC2AMAZ-V0GPI6G.eu-central-1.compute.internal","DestinationIsIpv6":"false","Image":"C:\\Windows\\System32\\svchost.exe","DestinationIp":"172.31.47.23","DestinationPort":"3389","ProcessId":"824","Protocol":"tcp","SourcePort":"28645","User":"NT AUTHORITY\\NETWORK SERVICE","Initiated":"false","ProcessGuid":"{87a71a6b-54ec-5ebe-1300-00000000b000}"}
{"SourcePortName":"-","DestinationPortName":"ms-wbt-server","SourceIp":"185.209.0.113","UtcTime":"2020-05-18 10:04:12.314","RuleName":"RDP","SourceHostname":"-","SourceIsIpv6":"false","DestinationHostname":"EC2AMAZ-NP5R74L.eu-central-1.compute.internal","DestinationIsIpv6":"false","Image":"C:\\Windows\\System32\\svchost.exe","DestinationIp":"172.31.34.47","DestinationPort":"3389","ProcessId":"824","Protocol":"tcp","SourcePort":"64785","User":"NT AUTHORITY\\NETWORK SERVICE","Initiated":"false","ProcessGuid":"{8bcf3217-54f6-5ebe-1300-00000000b000}"}
{"SourcePortName":"-","SourceIp":"87.251.75.90","UtcTime":"2020-05-18 10:04:15.032","DestinationPortName":"ms-wbt-server","RuleName":"RDP","SourceIsIpv6":"false","SourceHostname":"-","DestinationHostname":"EC2AMAZ-V0GPI6G.eu-central-1.compute.internal","DestinationIsIpv6":"false","Image":"C:\\Windows\\System32\\svchost.exe","DestinationIp":"172.31.47.23","DestinationPort":"3389","ProcessId":"824","Protocol":"tcp","SourcePort":"39434","User":"NT AUTHORITY\\NETWORK SERVICE","Initiated":"false","ProcessGuid":"{87a71a6b-54ec-5ebe-1300-00000000b000}"}
{"UtcTime":"2020-05-18 10:04:15.358","DestinationPortName":"ms-wbt-server","SourceIp":"87.251.75.127","SourcePortName":"-","RuleName":"RDP","SourceHostname":"-","SourceIsIpv6":"false","DestinationHostname":"EC2AMAZ-V0GPI6G.eu-central-1.compute.internal","DestinationIsIpv6":"false","Image":"C:\\Windows\\System32\\svchost.exe","DestinationIp":"172.31.47.23","DestinationPort":"3389","ProcessId":"824","Protocol":"tcp","SourcePort":"18101","User":"NT AUTHORITY\\NETWORK SERVICE","Initiated":"false","ProcessGuid":"{87a71a6b-54ec-5ebe-1300-00000000b000}"}
{"UtcTime":"2020-05-18 10:04:23.367","TerminalSessionId":"0","Company":"-","ParentImage":"C:\\Windows\\System32\\OpenSSH\\sshd.exe","Image":"C:\\Windows\\System32\\OpenSSH\\sshd.exe","ParentProcessId":"1820","FileVersion":"7.7.2.2","LogonGuid":"{87a71a6b-54eb-5ebe-e703-000000000000}","CommandLine":"\"C:\\Windows\\System32\\OpenSSH\\sshd.exe\" \"-R\"","ProcessId":"4856","ParentCommandLine":"C:\\Windows\\System32\\OpenSSH\\sshd.exe","LogonId":"0x3e7","ProcessGuid":"{87a71a6b-5da7-5ec2-9e53-01000000b000}","OriginalFileName":"-","RuleName":"-","Description":"-","IntegrityLevel":"System","ParentProcessGuid":"{87a71a6b-54ee-5ebe-2700-00000000b000}","Product":"OpenSSH for Windows","User":"NT AUTHORITY\\SYSTEM","CurrentDirectory":"C:\\","Hashes":"MD5=72789836EEA643C23CD87732B8535E7E,SHA256=731E8034CB953ABCD0FC86400AD55113EFA302F77D276213198A76065601576B,IMPHASH=27DE371E1DAE125BC04CC09552C72D87"}
{"UtcTime":"2020-05-18 10:04:18.804","SourceIp":"163.44.159.154","SourcePortName":"-","DestinationPortName":"ssh","RuleName":"SSH","SourceHostname":"v163-44-159-154.a01a.g.sin1.static.cnode.io","SourceIsIpv6":"false","DestinationHostname":"EC2AMAZ-V0GPI6G.eu-central-1.compute.internal","DestinationIsIpv6":"false","DestinationIp":"172.31.47.23","Image":"C:\\Windows\\System32\\OpenSSH\\sshd.exe","DestinationPort":"22","ProcessId":"1820","Protocol":"tcp","SourcePort":"35644","User":"NT AUTHORITY\\SYSTEM","Initiated":"false","ProcessGuid":"{87a71a6b-54ee-5ebe-2700-00000000b000}"}
{"UtcTime":"2020-05-18 10:04:23.609","TerminalSessionId":"0","Company":"-","ParentImage":"C:\\Windows\\System32\\OpenSSH\\sshd.exe","Image":"C:\\Windows\\System32\\OpenSSH\\sshd.exe","ParentProcessId":"4856","FileVersion":"7.7.2.2","LogonGuid":"{87a71a6b-5da7-5ec2-3ef3-920700000000}","CommandLine":"\"C:\\Windows\\System32\\OpenSSH\\sshd.exe\" \"-y\"","ProcessId":"2012","ParentCommandLine":"\"C:\\Windows\\System32\\OpenSSH\\sshd.exe\" \"-R\"","LogonId":"0x792f33e","ProcessGuid":"{87a71a6b-5da7-5ec2-a053-01000000b000}","OriginalFileName":"-","RuleName":"-","Description":"-","IntegrityLevel":"High","ParentProcessGuid":"{87a71a6b-5da7-5ec2-9e53-01000000b000}","Product":"OpenSSH for Windows","User":"S-1-5-111-3847866527-469524349-687026318-516638107-1125189541-4856","CurrentDirectory":"C:\\","Hashes":"MD5=72789836EEA643C23CD87732B8535E7E,SHA256=731E8034CB953ABCD0FC86400AD55113EFA302F77D276213198A76065601576B,IMPHASH=27DE371E1DAE125BC04CC09552C72D87"}
{"UtcTime":"2020-05-18 10:04:00.577","DestinationPortName":"ms-wbt-server","SourcePortName":"-","SourceIp":"24.37.226.213","RuleName":"RDP","SourceIsIpv6":"false","SourceHostname":"modemcable213.226-37-24.static.videotron.ca","DestinationHostname":"EC2AMAZ-ESHNN19.eu-central-1.compute.internal","DestinationIsIpv6":"false","Image":"C:\\Windows\\System32\\svchost.exe","DestinationIp":"172.31.5.93","DestinationPort":"3389","ProcessId":"68","Protocol":"tcp","SourcePort":"63365","User":"NT AUTHORITY\\NETWORK SERVICE","Initiated":"false","ProcessGuid":"{7899F400-C773-5EB3-0E00-000000004A01}"}
{"SourceIp":"35.182.163.128","UtcTime":"2020-05-18 10:04:02.511","DestinationPortName":"ms-wbt-server","SourcePortName":"-","RuleName":"RDP","SourceIsIpv6":"false","SourceHostname":"ec2-35-182-163-128.ca-central-1.compute.amazonaws.com","DestinationHostname":"EC2AMAZ-ESHNN19.eu-central-1.compute.internal","DestinationIsIpv6":"false","Image":"C:\\Windows\\System32\\svchost.exe","DestinationIp":"172.31.5.93","DestinationPort":"3389","ProcessId":"68","Protocol":"tcp","SourcePort":"57091","User":"NT AUTHORITY\\NETWORK SERVICE","Initiated":"false","ProcessGuid":"{7899F400-C773-5EB3-0E00-000000004A01}"}
