{"UtcTime":"2020-05-18 10:03:18.489","TerminalSessionId":"0","Company":"-","ParentImage":"C:\\Windows\\System32\\OpenSSH\\sshd.exe","Image":"C:\\Windows\\System32\\OpenSSH\\sshd.exe","ParentProcessId":"880","FileVersion":"7.7.2.2","LogonGuid":"{87a71a6b-5d66-5ec2-5a35-920700000000}","CommandLine":"\"C:\\Windows\\System32\\OpenSSH\\sshd.exe\" \"-y\"","ProcessId":"2344","ParentCommandLine":"\"C:\\Windows\\System32\\OpenSSH\\sshd.exe\" \"-R\"","LogonId":"0x792355a","ProcessGuid":"{87a71a6b-5d66-5ec2-7353-01000000b000}","OriginalFileName":"-","RuleName":"-","Description":"-","IntegrityLevel":"High","ParentProcessGuid":"{87a71a6b-5d66-5ec2-7153-01000000b000}","Product":"OpenSSH for Windows","User":"VIRTUAL USERS\\sshd_880","CurrentDirectory":"C:\\","Hashes":"MD5=72789836EEA643C23CD87732B8535E7E,SHA256=731E8034CB953ABCD0FC86400AD55113EFA302F77D276213198A76065601576B,IMPHASH=27DE371E1DAE125BC04CC09552C72D87"}
{"SourcePortName":"-","DestinationPortName":"ms-wbt-server","SourceIp":"87.251.75.227","UtcTime":"2020-05-18 10:03:12.552","RuleName":"RDP","SourceHostname":"-","SourceIsIpv6":"false","DestinationHostname":"EC2AMAZ-V0GPI6G.eu-central-1.compute.internal","DestinationIsIpv6":"false","Image":"C:\\Windows\\System32\\svchost.exe","DestinationIp":"172.31.47.23","DestinationPort":"3389","ProcessId":"824","Protocol":"tcp","SourcePort":"56630","User":"NT AUTHORITY\\NETWORK SERVICE","Initiated":"false","ProcessGuid":"{87a71a6b-54ec-5ebe-1300-00000000b000}"}
{"SourcePortName":"-","DestinationPortName":"ssh","UtcTime":"2020-05-18 10:03:13.599","SourceIp":"175.6.32.134","RuleName":"SSH","SourceIsIpv6":"false","SourceHostname":"-","DestinationHostname":"EC2AMAZ-V0GPI6G.eu-central-1.compute.internal","DestinationIsIpv6":"false","Image":"C:\\Windows\\System32\\OpenSSH\\sshd.exe","DestinationIp":"172.31.47.23","DestinationPort":"22","ProcessId":"1820","Protocol":"tcp","SourcePort":"36860","User":"NT AUTHORITY\\SYSTEM","Initiated":"false","ProcessGuid":"{87a71a6b-54ee-5ebe-2700-00000000b000}"}
{"UtcTime":"2020-05-18 10:03:14.864","DestinationPortName":"ms-wbt-server","SourcePortName":"-","SourceIp":"92.63.194.36","RuleName":"RDP","SourceIsIpv6":"false","SourceHostname":"-","DestinationHostname":"EC2AMAZ-V0GPI6G.eu-central-1.compute.internal","DestinationIsIpv6":"false","Image":"C:\\Windows\\System32\\svchost.exe","DestinationIp":"172.31.47.23","DestinationPort":"3389","ProcessId":"824","Protocol":"tcp","SourcePort":"52547","User":"NT AUTHORITY\\NETWORK SERVICE","Initiated":"false","ProcessGuid":"{87a71a6b-54ec-5ebe-1300-00000000b000}"}
{"SourcePortName":"-","UtcTime":"2020-05-18 10:02:58.203","SourceIp":"177.36.196.5","DestinationPortName":"ms-wbt-server","RuleName":"RDP","SourceIsIpv6":"false","SourceHostname":"customer-177-36-196-5.conectv.com.br","DestinationHostname":"EC2AMAZ-ESHNN19.eu-central-1.compute.internal","DestinationIsIpv6":"false","DestinationIp":"172.31.5.93","Image":"C:\\Windows\\System32\\svchost.exe","DestinationPort":"3389","ProcessId":"68","Protocol":"tcp","SourcePort":"51162","User":"NT AUTHORITY\\NETWORK SERVICE","Initiated":"false","ProcessGuid":"{7899F400-C773-5EB3-0E00-000000004A01}"}
{"SourcePortName":"-","SourceIp":"51.91.69.20","DestinationPortName":"ms-wbt-server","UtcTime":"2020-05-18 10:03:01.521","RuleName":"RDP","SourceIsIpv6":"false","SourceHostname":"ns61208963.ip-51-91-69.eu","DestinationHostname":"EC2AMAZ-ESHNN19.eu-central-1.compute.internal","DestinationIsIpv6":"false","DestinationIp":"172.31.5.93","Image":"C:\\Windows\\System32\\svchost.exe","DestinationPort":"3389","ProcessId":"68","Protocol":"tcp","SourcePort":"50039","User":"NT AUTHORITY\\NETWORK SERVICE","Initiated":"false","ProcessGuid":"{7899F400-C773-5EB3-0E00-000000004A01}"}
{"UtcTime":"2020-05-18 10:03:16.269","DestinationPortName":"ms-wbt-server","SourceIp":"185.209.0.106","SourcePortName":"-","RuleName":"RDP","SourceHostname":"-","SourceIsIpv6":"false","DestinationHostname":"EC2AMAZ-NP5R74L.eu-central-1.compute.internal","DestinationIsIpv6":"false","DestinationIp":"172.31.34.47","Image":"C:\\Windows\\System32\\svchost.exe","DestinationPort":"3389","ProcessId":"824","Protocol":"tcp","SourcePort":"62287","User":"NT AUTHORITY\\NETWORK SERVICE","Initiated":"false","ProcessGuid":"{8bcf3217-54f6-5ebe-1300-00000000b000}"}
{"SourcePortName":"-","SourceIp":"87.251.75.90","DestinationPortName":"ms-wbt-server","UtcTime":"2020-05-18 10:03:20.788","RuleName":"RDP","SourceHostname":"-","SourceIsIpv6":"false","DestinationHostname":"EC2AMAZ-V0GPI6G.eu-central-1.compute.internal","DestinationIsIpv6":"false","Image":"C:\\Windows\\System32\\svchost.exe","DestinationIp":"172.31.47.23","DestinationPort":"3389","ProcessId":"824","Protocol":"tcp","SourcePort":"36425","User":"NT AUTHORITY\\NETWORK SERVICE","Initiated":"false","ProcessGuid":"{87a71a6b-54ec-5ebe-1300-00000000b000}"}
{"SourcePortName":"-","SourceIp":"194.61.55.72","DestinationPortName":"ms-wbt-server","UtcTime":"2020-05-18 10:03:20.980","RuleName":"RDP","SourceHostname":"-","SourceIsIpv6":"false","DestinationHostname":"EC2AMAZ-V0GPI6G.eu-central-1.compute.internal","DestinationIsIpv6":"false","Image":"C:\\Windows\\System32\\svchost.exe","DestinationIp":"172.31.47.23","DestinationPort":"3389","ProcessId":"824","Protocol":"tcp","SourcePort":"9110","User":"NT AUTHORITY\\NETWORK SERVICE","Initiated":"false","ProcessGuid":"{87a71a6b-54ec-5ebe-1300-00000000b000}"}
{"SourceIp":"185.202.2.91","SourcePortName":"-","DestinationPortName":"ms-wbt-server","UtcTime":"2020-05-18 10:03:19.805","RuleName":"RDP","SourceHostname":"-","SourceIsIpv6":"false","DestinationHostname":"EC2AMAZ-V0GPI6G.eu-central-1.compute.internal","DestinationIsIpv6":"false","Image":"C:\\Windows\\System32\\svchost.exe","DestinationIp":"172.31.47.23","DestinationPort":"3389","ProcessId":"824","Protocol":"tcp","SourcePort":"60438","User":"NT AUTHORITY\\NETWORK SERVICE","Initiated":"false","ProcessGuid":"{87a71a6b-54ec-5ebe-1300-00000000b000}"}
{"SourceIp":"194.61.55.240","UtcTime":"2020-05-18 10:03:21.367","SourcePortName":"-","DestinationPortName":"ms-wbt-server","RuleName":"RDP","SourceIsIpv6":"false","SourceHostname":"-","DestinationHostname":"EC2AMAZ-V0GPI6G.eu-central-1.compute.internal","DestinationIsIpv6":"false","Image":"C:\\Windows\\System32\\svchost.exe","DestinationIp":"172.31.47.23","DestinationPort":"3389","ProcessId":"824","Protocol":"tcp","SourcePort":"57088","User":"NT AUTHORITY\\NETWORK SERVICE","Initiated":"false","ProcessGuid":"{87a71a6b-54ec-5ebe-1300-00000000b000}"}
{"SourceIp":"185.202.2.89","DestinationPortName":"ms-wbt-server","SourcePortName":"-","UtcTime":"2020-05-18 10:03:20.308","RuleName":"RDP","SourceIsIpv6":"false","SourceHostname":"-","DestinationHostname":"EC2AMAZ-V0GPI6G.eu-central-1.compute.internal","DestinationIsIpv6":"false","Image":"C:\\Windows\\System32\\svchost.exe","DestinationIp":"172.31.47.23","DestinationPort":"3389","ProcessId":"824","Protocol":"tcp","SourcePort":"10670","User":"NT AUTHORITY\\NETWORK SERVICE","Initiated":"false","ProcessGuid":"{87a71a6b-54ec-5ebe-1300-00000000b000}"}
{"SourceIp":"87.251.75.15","SourcePortName":"-","UtcTime":"2020-05-18 10:03:17.341","DestinationPortName":"ms-wbt-server","RuleName":"RDP","SourceIsIpv6":"false","SourceHostname":"-","DestinationHostname":"EC2AMAZ-NP5R74L.eu-central-1.compute.internal","DestinationIsIpv6":"false","Image":"C:\\Windows\\System32\\svchost.exe","DestinationIp":"172.31.34.47","DestinationPort":"3389","ProcessId":"824","Protocol":"tcp","SourcePort":"10423","User":"NT AUTHORITY\\NETWORK SERVICE","Initiated":"false","ProcessGuid":"{8bcf3217-54f6-5ebe-1300-00000000b000}"}
{"SourceIp":"185.209.0.105","DestinationPortName":"ms-wbt-server","SourcePortName":"-","UtcTime":"2020-05-18 10:03:20.046","RuleName":"RDP","SourceIsIpv6":"false","SourceHostname":"-","DestinationHostname":"EC2AMAZ-NP5R74L.eu-central-1.compute.internal","DestinationIsIpv6":"false","DestinationIp":"172.31.34.47","Image":"C:\\Windows\\System32\\svchost.exe","DestinationPort":"3389","ProcessId":"824","Protocol":"tcp","SourcePort":"64452","User":"NT AUTHORITY\\NETWORK SERVICE","Initiated":"false","ProcessGuid":"{8bcf3217-54f6-5ebe-1300-00000000b000}"}
{"SourcePortName":"-","SourceIp":"87.251.75.76","UtcTime":"2020-05-18 10:03:22.591","DestinationPortName":"ms-wbt-server","RuleName":"RDP","SourceHostname":"-","SourceIsIpv6":"false","DestinationHostname":"EC2AMAZ-V0GPI6G.eu-central-1.compute.internal","DestinationIsIpv6":"false","Image":"C:\\Windows\\System32\\svchost.exe","DestinationIp":"172.31.47.23","DestinationPort":"3389","ProcessId":"824","Protocol":"tcp","SourcePort":"22275","User":"NT AUTHORITY\\NETWORK SERVICE","Initiated":"false","ProcessGuid":"{87a71a6b-54ec-5ebe-1300-00000000b000}"}
{"SourcePortName":"-","DestinationPortName":"ms-wbt-server","UtcTime":"2020-05-18 10:03:23.415","SourceIp":"185.209.0.116","RuleName":"RDP","SourceIsIpv6":"false","SourceHostname":"-","DestinationHostname":"EC2AMAZ-V0GPI6G.eu-central-1.compute.internal","DestinationIsIpv6":"false","Image":"C:\\Windows\\System32\\svchost.exe","DestinationIp":"172.31.47.23","DestinationPort":"3389","ProcessId":"824","Protocol":"tcp","SourcePort":"50986","User":"NT AUTHORITY\\NETWORK SERVICE","Initiated":"false","ProcessGuid":"{87a71a6b-54ec-5ebe-1300-00000000b000}"}
{"UtcTime":"2020-05-18 10:03:30.074","TerminalSessionId":"0","Company":"-","ParentImage":"C:\\Windows\\System32\\OpenSSH\\sshd.exe","Image":"C:\\Windows\\System32\\OpenSSH\\sshd.exe","FileVersion":"7.7.2.2","ParentProcessId":"1820","LogonGuid":"{87a71a6b-54eb-5ebe-e703-000000000000}","ProcessId":"2428","CommandLine":"\"C:\\Windows\\System32\\OpenSSH\\sshd.exe\" \"-R\"","ParentCommandLine":"C:\\Windows\\System32\\OpenSSH\\sshd.exe","LogonId":"0x3e7","ProcessGuid":"{87a71a6b-5d72-5ec2-7453-01000000b000}","OriginalFileName":"-","RuleName":"-","Description":"-","IntegrityLevel":"System","ParentProcessGuid":"{87a71a6b-54ee-5ebe-2700-00000000b000}","Product":"OpenSSH for Windows","User":"NT AUTHORITY\\SYSTEM","Hashes":"MD5=72789836EEA643C23CD87732B8535E7E,SHA256=731E8034CB953ABCD0FC86400AD55113EFA302F77D276213198A76065601576B,IMPHASH=27DE371E1DAE125BC04CC09552C72D87","CurrentDirectory":"C:\\"}
{"SourceIp":"121.52.154.216","DestinationPortName":"ms-wbt-server","SourcePortName":"-","UtcTime":"2020-05-18 10:03:24.445","RuleName":"RDP","SourceIsIpv6":"false","SourceHostname":"121.52.154.216.lumhs.edu.pk","DestinationHostname":"EC2AMAZ-V0GPI6G.eu-central-1.compute.internal","DestinationIsIpv6":"false","Image":"C:\\Windows\\System32\\svchost.exe","DestinationIp":"172.31.47.23","DestinationPort":"3389","ProcessId":"824","Protocol":"tcp","SourcePort":"28704","User":"NT AUTHORITY\\NETWORK SERVICE","Initiated":"false","ProcessGuid":"{87a71a6b-54ec-5ebe-1300-00000000b000}"}
{"SourcePortName":"-","SourceIp":"142.93.216.68","UtcTime":"2020-05-18 10:03:25.512","DestinationPortName":"ssh","RuleName":"SSH","SourceIsIpv6":"false","SourceHostname":"-","DestinationHostname":"EC2AMAZ-V0GPI6G.eu-central-1.compute.internal","DestinationIsIpv6":"false","Image":"C:\\Windows\\System32\\OpenSSH\\sshd.exe","DestinationIp":"172.31.47.23","DestinationPort":"22","ProcessId":"1820","Protocol":"tcp","SourcePort":"40386","User":"NT AUTHORITY\\SYSTEM","Initiated":"false","ProcessGuid":"{87a71a6b-54ee-5ebe-2700-00000000b000}"}
{"UtcTime":"2020-05-18 10:03:30.277","TerminalSessionId":"0","Company":"-","ParentImage":"C:\\Windows\\System32\\OpenSSH\\sshd.exe","Image":"C:\\Windows\\System32\\OpenSSH\\sshd.exe","ParentProcessId":"2428","FileVersion":"7.7.2.2","LogonGuid":"{87a71a6b-5d72-5ec2-c746-920700000000}","ProcessId":"4632","CommandLine":"\"C:\\Windows\\System32\\OpenSSH\\sshd.exe\" \"-y\"","ParentCommandLine":"\"C:\\Windows\\System32\\OpenSSH\\sshd.exe\" \"-R\"","LogonId":"0x79246c7","ProcessGuid":"{87a71a6b-5d72-5ec2-7653-01000000b000}","OriginalFileName":"-","RuleName":"-","Description":"-","IntegrityLevel":"High","ParentProcessGuid":"{87a71a6b-5d72-5ec2-7453-01000000b000}","Product":"OpenSSH for Windows","User":"S-1-5-111-3847866527-469524349-687026318-516638107-1125189541-2428","CurrentDirectory":"C:\\","Hashes":"MD5=72789836EEA643C23CD87732B8535E7E,SHA256=731E8034CB953ABCD0FC86400AD55113EFA302F77D276213198A76065601576B,IMPHASH=27DE371E1DAE125BC04CC09552C72D87"}
{"SourcePortName":"-","DestinationPortName":"ms-wbt-server","SourceIp":"194.61.54.33","UtcTime":"2020-05-18 10:03:22.934","RuleName":"RDP","SourceIsIpv6":"false","SourceHostname":"-","DestinationHostname":"EC2AMAZ-NP5R74L.eu-central-1.compute.internal","DestinationIsIpv6":"false","DestinationIp":"172.31.34.47","Image":"C:\\Windows\\System32\\svchost.exe","DestinationPort":"3389","ProcessId":"824","Protocol":"tcp","SourcePort":"55934","User":"NT AUTHORITY\\NETWORK SERVICE","Initiated":"false","ProcessGuid":"{8bcf3217-54f6-5ebe-1300-00000000b000}"}
{"SourcePortName":"-","SourceIp":"185.209.0.113","DestinationPortName":"ms-wbt-server","UtcTime":"2020-05-18 10:03:24.576","RuleName":"RDP","SourceHostname":"-","SourceIsIpv6":"false","DestinationHostname":"EC2AMAZ-NP5R74L.eu-central-1.compute.internal","DestinationIsIpv6":"false","Image":"C:\\Windows\\System32\\svchost.exe","DestinationIp":"172.31.34.47","DestinationPort":"3389","ProcessId":"824","Protocol":"tcp","SourcePort":"59130","User":"NT AUTHORITY\\NETWORK SERVICE","Initiated":"false","ProcessGuid":"{8bcf3217-54f6-5ebe-1300-00000000b000}"}
{"SourcePortName":"-","DestinationPortName":"ms-wbt-server","SourceIp":"185.209.0.105","UtcTime":"2020-05-18 10:03:27.098","RuleName":"RDP","SourceIsIpv6":"false","SourceHostname":"-","DestinationHostname":"EC2AMAZ-V0GPI6G.eu-central-1.compute.internal","DestinationIsIpv6":"false","Image":"C:\\Windows\\System32\\svchost.exe","DestinationIp":"172.31.47.23","DestinationPort":"3389","ProcessId":"824","Protocol":"tcp","SourcePort":"50177","User":"NT AUTHORITY\\NETWORK SERVICE","Initiated":"false","ProcessGuid":"{87a71a6b-54ec-5ebe-1300-00000000b000}"}
{"UtcTime":"2020-05-18 10:03:23.844","SourceIp":"185.209.0.106","SourcePortName":"-","DestinationPortName":"ms-wbt-server","RuleName":"RDP","SourceHostname":"-","SourceIsIpv6":"false","DestinationHostname":"EC2AMAZ-NP5R74L.eu-central-1.compute.internal","DestinationIsIpv6":"false","Image":"C:\\Windows\\System32\\svchost.exe","DestinationIp":"172.31.34.47","DestinationPort":"3389","ProcessId":"824","Protocol":"tcp","SourcePort":"51378","User":"NT AUTHORITY\\NETWORK SERVICE","Initiated":"false","ProcessGuid":"{8bcf3217-54f6-5ebe-1300-00000000b000}"}
{"SourceIp":"194.61.55.206","UtcTime":"2020-05-18 10:03:27.178","SourcePortName":"-","DestinationPortName":"ms-wbt-server","RuleName":"RDP","SourceHostname":"-","SourceIsIpv6":"false","DestinationHostname":"EC2AMAZ-V0GPI6G.eu-central-1.compute.internal","DestinationIsIpv6":"false","Image":"C:\\Windows\\System32\\svchost.exe","DestinationIp":"172.31.47.23","DestinationPort":"3389","ProcessId":"824","Protocol":"tcp","SourcePort":"10775","User":"NT AUTHORITY\\NETWORK SERVICE","Initiated":"false","ProcessGuid":"{87a71a6b-54ec-5ebe-1300-00000000b000}"}
{"UtcTime":"2020-05-18 10:03:34.649","TerminalSessionId":"0","Company":"-","ParentImage":"C:\\Windows\\System32\\OpenSSH\\sshd.exe","Image":"C:\\Windows\\System32\\OpenSSH\\sshd.exe","ParentProcessId":"1820","FileVersion":"7.7.2.2","LogonGuid":"{87a71a6b-54eb-5ebe-e703-000000000000}","CommandLine":"\"C:\\Windows\\System32\\OpenSSH\\sshd.exe\" \"-R\"","ProcessId":"4492","ParentCommandLine":"C:\\Windows\\System32\\OpenSSH\\sshd.exe","LogonId":"0x3e7","ProcessGuid":"{87a71a6b-5d76-5ec2-7753-01000000b000}","OriginalFileName":"-","RuleName":"-","Description":"-","IntegrityLevel":"System","ParentProcessGuid":"{87a71a6b-54ee-5ebe-2700-00000000b000}","Product":"OpenSSH for Windows","User":"NT AUTHORITY\\SYSTEM","Hashes":"MD5=72789836EEA643C23CD87732B8535E7E,SHA256=731E8034CB953ABCD0FC86400AD55113EFA302F77D276213198A76065601576B,IMPHASH=27DE371E1DAE125BC04CC09552C72D87","CurrentDirectory":"C:\\"}
{"UtcTime":"2020-05-18 10:03:34.729","TerminalSessionId":"0","Company":"-","ParentImage":"C:\\Windows\\System32\\OpenSSH\\sshd.exe","Image":"C:\\Windows\\System32\\OpenSSH\\sshd.exe","ParentProcessId":"4492","FileVersion":"7.7.2.2","LogonGuid":"{87a71a6b-5d76-5ec2-3951-920700000000}","ProcessId":"2224","CommandLine":"\"C:\\Windows\\System32\\OpenSSH\\sshd.exe\" \"-y\"","ParentCommandLine":"\"C:\\Windows\\System32\\OpenSSH\\sshd.exe\" \"-R\"","LogonId":"0x7925139","ProcessGuid":"{87a71a6b-5d76-5ec2-7953-01000000b000}","OriginalFileName":"-","RuleName":"-","Description":"-","IntegrityLevel":"High","ParentProcessGuid":"{87a71a6b-5d76-5ec2-7753-01000000b000}","Product":"OpenSSH for Windows","CurrentDirectory":"C:\\","Hashes":"MD5=72789836EEA643C23CD87732B8535E7E,SHA256=731E8034CB953ABCD0FC86400AD55113EFA302F77D276213198A76065601576B,IMPHASH=27DE371E1DAE125BC04CC09552C72D87","User":"S-1-5-111-3847866527-469524349-687026318-516638107-1125189541-4492"}
{"SourcePortName":"-","SourceIp":"87.251.75.127","UtcTime":"2020-05-18 10:03:29.226","DestinationPortName":"ms-wbt-server","RuleName":"RDP","SourceHostname":"-","SourceIsIpv6":"false","DestinationHostname":"EC2AMAZ-V0GPI6G.eu-central-1.compute.internal","DestinationIsIpv6":"false","DestinationIp":"172.31.47.23","Image":"C:\\Windows\\System32\\svchost.exe","DestinationPort":"3389","ProcessId":"824","Protocol":"tcp","SourcePort":"40772","User":"NT AUTHORITY\\NETWORK SERVICE","Initiated":"false","ProcessGuid":"{87a71a6b-54ec-5ebe-1300-00000000b000}"}
{"UtcTime":"2020-05-18 10:03:26.965","DestinationPortName":"ms-wbt-server","SourceIp":"85.19.205.194","SourcePortName":"-","RuleName":"RDP","SourceIsIpv6":"false","SourceHostname":"mail.itavdelingen.no","DestinationHostname":"EC2AMAZ-NP5R74L.eu-central-1.compute.internal","DestinationIsIpv6":"false","Image":"C:\\Windows\\System32\\svchost.exe","DestinationIp":"172.31.34.47","DestinationPort":"3389","ProcessId":"824","Protocol":"tcp","SourcePort":"16949","User":"NT AUTHORITY\\NETWORK SERVICE","Initiated":"false","ProcessGuid":"{8bcf3217-54f6-5ebe-1300-00000000b000}"}
{"SourcePortName":"-","SourceIp":"176.31.250.160","UtcTime":"2020-05-18 10:03:30.086","DestinationPortName":"ssh","RuleName":"SSH","SourceHostname":"ns341006.ip-176-31-250.eu","SourceIsIpv6":"false","DestinationHostname":"EC2AMAZ-V0GPI6G.eu-central-1.compute.internal","DestinationIsIpv6":"false","DestinationIp":"172.31.47.23","Image":"C:\\Windows\\System32\\OpenSSH\\sshd.exe","DestinationPort":"22","ProcessId":"1820","Protocol":"tcp","SourcePort":"45654","User":"NT AUTHORITY\\SYSTEM","Initiated":"false","ProcessGuid":"{87a71a6b-54ee-5ebe-2700-00000000b000}"}
{"UtcTime":"2020-05-18 10:03:37.038","TerminalSessionId":"0","Company":"-","ParentImage":"C:\\Windows\\System32\\OpenSSH\\sshd.exe","Image":"C:\\Windows\\System32\\OpenSSH\\sshd.exe","FileVersion":"7.7.2.2","ParentProcessId":"1820","LogonGuid":"{87a71a6b-54eb-5ebe-e703-000000000000}","ProcessId":"1600","CommandLine":"\"C:\\Windows\\System32\\OpenSSH\\sshd.exe\" \"-R\"","ParentCommandLine":"C:\\Windows\\System32\\OpenSSH\\sshd.exe","LogonId":"0x3e7","ProcessGuid":"{87a71a6b-5d79-5ec2-7a53-01000000b000}","OriginalFileName":"-","RuleName":"-","Description":"-","IntegrityLevel":"System","ParentProcessGuid":"{87a71a6b-54ee-5ebe-2700-00000000b000}","Product":"OpenSSH for Windows","User":"NT AUTHORITY\\SYSTEM","Hashes":"MD5=72789836EEA643C23CD87732B8535E7E,SHA256=731E8034CB953ABCD0FC86400AD55113EFA302F77D276213198A76065601576B,IMPHASH=27DE371E1DAE125BC04CC09552C72D87","CurrentDirectory":"C:\\"}
{"UtcTime":"2020-05-18 10:03:37.279","TerminalSessionId":"0","Company":"-","ParentImage":"C:\\Windows\\System32\\OpenSSH\\sshd.exe","Image":"C:\\Windows\\System32\\OpenSSH\\sshd.exe","ParentProcessId":"1600","FileVersion":"7.7.2.2","LogonGuid":"{87a71a6b-5d79-5ec2-485b-920700000000}","ProcessId":"4824","CommandLine":"\"C:\\Windows\\System32\\OpenSSH\\sshd.exe\" \"-y\"","ParentCommandLine":"\"C:\\Windows\\System32\\OpenSSH\\sshd.exe\" \"-R\"","LogonId":"0x7925b48","ProcessGuid":"{87a71a6b-5d79-5ec2-7c53-01000000b000}","OriginalFileName":"-","RuleName":"-","Description":"-","IntegrityLevel":"High","ParentProcessGuid":"{87a71a6b-5d79-5ec2-7a53-01000000b000}","Product":"OpenSSH for Windows","CurrentDirectory":"C:\\","User":"S-1-5-111-3847866527-469524349-687026318-516638107-1125189541-1600","Hashes":"MD5=72789836EEA643C23CD87732B8535E7E,SHA256=731E8034CB953ABCD0FC86400AD55113EFA302F77D276213198A76065601576B,IMPHASH=27DE371E1DAE125BC04CC09552C72D87"}
{"SourcePortName":"-","UtcTime":"2020-05-18 10:03:32.105","DestinationPortName":"ms-wbt-server","SourceIp":"185.209.0.117","RuleName":"RDP","SourceHostname":"-","SourceIsIpv6":"false","DestinationHostname":"EC2AMAZ-V0GPI6G.eu-central-1.compute.internal","DestinationIsIpv6":"false","Image":"C:\\Windows\\System32\\svchost.exe","DestinationIp":"172.31.47.23","DestinationPort":"3389","ProcessId":"824","Protocol":"tcp","SourcePort":"55479","User":"NT AUTHORITY\\NETWORK SERVICE","Initiated":"false","ProcessGuid":"{87a71a6b-54ec-5ebe-1300-00000000b000}"}
{"UtcTime":"2020-05-18 10:03:32.476","SourceIp":"49.233.88.50","DestinationPortName":"ssh","SourcePortName":"-","RuleName":"SSH","SourceHostname":"-","SourceIsIpv6":"false","DestinationHostname":"EC2AMAZ-V0GPI6G.eu-central-1.compute.internal","DestinationIsIpv6":"false","DestinationIp":"172.31.47.23","Image":"C:\\Windows\\System32\\OpenSSH\\sshd.exe","DestinationPort":"22","ProcessId":"1820","Protocol":"tcp","SourcePort":"56162","User":"NT AUTHORITY\\SYSTEM","Initiated":"false","ProcessGuid":"{87a71a6b-54ee-5ebe-2700-00000000b000}"}
{"SourcePortName":"-","DestinationPortName":"ms-wbt-server","UtcTime":"2020-05-18 10:03:32.761","SourceIp":"194.61.55.29","RuleName":"RDP","SourceIsIpv6":"false","SourceHostname":"-","DestinationHostname":"EC2AMAZ-V0GPI6G.eu-central-1.compute.internal","DestinationIsIpv6":"false","DestinationIp":"172.31.47.23","Image":"C:\\Windows\\System32\\svchost.exe","DestinationPort":"3389","ProcessId":"824","Protocol":"tcp","SourcePort":"11885","User":"NT AUTHORITY\\NETWORK SERVICE","Initiated":"false","ProcessGuid":"{87a71a6b-54ec-5ebe-1300-00000000b000}"}
{"UtcTime":"2020-05-18 10:03:38.720","TerminalSessionId":"0","Company":"-","ParentImage":"C:\\Windows\\System32\\OpenSSH\\sshd.exe","Image":"C:\\Windows\\System32\\OpenSSH\\sshd.exe","FileVersion":"7.7.2.2","ParentProcessId":"1820","LogonGuid":"{87a71a6b-54eb-5ebe-e703-000000000000}","ProcessId":"2280","CommandLine":"\"C:\\Windows\\System32\\OpenSSH\\sshd.exe\" \"-R\"","ParentCommandLine":"C:\\Windows\\System32\\OpenSSH\\sshd.exe","LogonId":"0x3e7","ProcessGuid":"{87a71a6b-5d7a-5ec2-7d53-01000000b000}","OriginalFileName":"-","RuleName":"-","Description":"-","IntegrityLevel":"System","ParentProcessGuid":"{87a71a6b-54ee-5ebe-2700-00000000b000}","Product":"OpenSSH for Windows","CurrentDirectory":"C:\\","Hashes":"MD5=72789836EEA643C23CD87732B8535E7E,SHA256=731E8034CB953ABCD0FC86400AD55113EFA302F77D276213198A76065601576B,IMPHASH=27DE371E1DAE125BC04CC09552C72D87","User":"NT AUTHORITY\\SYSTEM"}
{"UtcTime":"2020-05-18 10:03:38.996","TerminalSessionId":"0","Company":"-","ParentImage":"C:\\Windows\\System32\\OpenSSH\\sshd.exe","Image":"C:\\Windows\\System32\\OpenSSH\\sshd.exe","ParentProcessId":"2280","FileVersion":"7.7.2.2","LogonGuid":"{87a71a6b-5d7a-5ec2-0d64-920700000000}","CommandLine":"\"C:\\Windows\\System32\\OpenSSH\\sshd.exe\" \"-y\"","ProcessId":"4696","ParentCommandLine":"\"C:\\Windows\\System32\\OpenSSH\\sshd.exe\" \"-R\"","LogonId":"0x792640d","ProcessGuid":"{87a71a6b-5d7a-5ec2-7f53-01000000b000}","OriginalFileName":"-","RuleName":"-","Description":"-","IntegrityLevel":"High","ParentProcessGuid":"{87a71a6b-5d7a-5ec2-7d53-01000000b000}","Product":"OpenSSH for Windows","User":"S-1-5-111-3847866527-469524349-687026318-516638107-1125189541-2280","CurrentDirectory":"C:\\","Hashes":"MD5=72789836EEA643C23CD87732B8535E7E,SHA256=731E8034CB953ABCD0FC86400AD55113EFA302F77D276213198A76065601576B,IMPHASH=27DE371E1DAE125BC04CC09552C72D87"}
{"UtcTime":"2020-05-18 10:03:33.837","DestinationPortName":"ms-wbt-server","SourceIp":"185.202.2.90","SourcePortName":"-","RuleName":"RDP","SourceHostname":"-","SourceIsIpv6":"false","DestinationHostname":"EC2AMAZ-V0GPI6G.eu-central-1.compute.internal","DestinationIsIpv6":"false","DestinationIp":"172.31.47.23","Image":"C:\\Windows\\System32\\svchost.exe","DestinationPort":"3389","ProcessId":"824","Protocol":"tcp","SourcePort":"13045","User":"NT AUTHORITY\\NETWORK SERVICE","Initiated":"false","ProcessGuid":"{87a71a6b-54ec-5ebe-1300-00000000b000}"}
{"UtcTime":"2020-05-18 10:03:39.262","TerminalSessionId":"0","Company":"-","ParentImage":"C:\\Windows\\System32\\OpenSSH\\sshd.exe","Image":"C:\\Windows\\System32\\OpenSSH\\sshd.exe","ParentProcessId":"1820","FileVersion":"7.7.2.2","LogonGuid":"{87a71a6b-54eb-5ebe-e703-000000000000}","ProcessId":"504","CommandLine":"\"C:\\Windows\\System32\\OpenSSH\\sshd.exe\" \"-R\"","ParentCommandLine":"C:\\Windows\\System32\\OpenSSH\\sshd.exe","LogonId":"0x3e7","ProcessGuid":"{87a71a6b-5d7b-5ec2-8053-01000000b000}","OriginalFileName":"-","RuleName":"-","Description":"-","IntegrityLevel":"System","ParentProcessGuid":"{87a71a6b-54ee-5ebe-2700-00000000b000}","Product":"OpenSSH for Windows","User":"NT AUTHORITY\\SYSTEM","Hashes":"MD5=72789836EEA643C23CD87732B8535E7E,SHA256=731E8034CB953ABCD0FC86400AD55113EFA302F77D276213198A76065601576B,IMPHASH=27DE371E1DAE125BC04CC09552C72D87","CurrentDirectory":"C:\\"}
{"UtcTime":"2020-05-18 10:03:39.571","TerminalSessionId":"0","Company":"-","ParentImage":"C:\\Windows\\System32\\OpenSSH\\sshd.exe","Image":"C:\\Windows\\System32\\OpenSSH\\sshd.exe","FileVersion":"7.7.2.2","ParentProcessId":"504","LogonGuid":"{87a71a6b-5d7b-5ec2-6c6b-920700000000}","ProcessId":"1852","CommandLine":"\"C:\\Windows\\System32\\OpenSSH\\sshd.exe\" \"-y\"","ParentCommandLine":"\"C:\\Windows\\System32\\OpenSSH\\sshd.exe\" \"-R\"","LogonId":"0x7926b6c","ProcessGuid":"{87a71a6b-5d7b-5ec2-8253-01000000b000}","OriginalFileName":"-","RuleName":"-","Description":"-","IntegrityLevel":"High","ParentProcessGuid":"{87a71a6b-5d7b-5ec2-8053-01000000b000}","Product":"OpenSSH for Windows","User":"S-1-5-111-3847866527-469524349-687026318-516638107-1125189541-504","CurrentDirectory":"C:\\","Hashes":"MD5=72789836EEA643C23CD87732B8535E7E,SHA256=731E8034CB953ABCD0FC86400AD55113EFA302F77D276213198A76065601576B,IMPHASH=27DE371E1DAE125BC04CC09552C72D87"}
{"SourceIp":"182.122.19.152","DestinationPortName":"ssh","UtcTime":"2020-05-18 10:03:34.158","SourcePortName":"-","RuleName":"SSH","SourceIsIpv6":"false","SourceHostname":"hn.kd.ny.adsl","DestinationHostname":"EC2AMAZ-V0GPI6G.eu-central-1.compute.internal","DestinationIsIpv6":"false","Image":"C:\\Windows\\System32\\OpenSSH\\sshd.exe","DestinationIp":"172.31.47.23","DestinationPort":"22","ProcessId":"1820","Protocol":"tcp","SourcePort":"8396","User":"NT AUTHORITY\\SYSTEM","Initiated":"false","ProcessGuid":"{87a71a6b-54ee-5ebe-2700-00000000b000}"}
{"SourcePortName":"-","SourceIp":"140.246.32.143","UtcTime":"2020-05-18 10:03:34.700","DestinationPortName":"ssh","RuleName":"SSH","SourceIsIpv6":"false","SourceHostname":"-","DestinationHostname":"EC2AMAZ-V0GPI6G.eu-central-1.compute.internal","DestinationIsIpv6":"false","Image":"C:\\Windows\\System32\\OpenSSH\\sshd.exe","DestinationIp":"172.31.47.23","DestinationPort":"22","ProcessId":"1820","Protocol":"tcp","SourcePort":"45892","User":"NT AUTHORITY\\SYSTEM","Initiated":"false","ProcessGuid":"{87a71a6b-54ee-5ebe-2700-00000000b000}"}
{"SourcePortName":"-","DestinationPortName":"ms-wbt-server","UtcTime":"2020-05-18 10:03:31.882","SourceIp":"185.209.0.105","RuleName":"RDP","SourceIsIpv6":"false","SourceHostname":"-","DestinationHostname":"EC2AMAZ-NP5R74L.eu-central-1.compute.internal","DestinationIsIpv6":"false","DestinationIp":"172.31.34.47","Image":"C:\\Windows\\System32\\svchost.exe","DestinationPort":"3389","ProcessId":"824","Protocol":"tcp","SourcePort":"57294","User":"NT AUTHORITY\\NETWORK SERVICE","Initiated":"false","ProcessGuid":"{8bcf3217-54f6-5ebe-1300-00000000b000}"}
{"UtcTime":"2020-05-18 10:03:32.783","DestinationPortName":"ms-wbt-server","SourceIp":"185.209.0.117","SourcePortName":"-","RuleName":"RDP","SourceIsIpv6":"false","SourceHostname":"-","DestinationHostname":"EC2AMAZ-NP5R74L.eu-central-1.compute.internal","DestinationIsIpv6":"false","Image":"C:\\Windows\\System32\\svchost.exe","DestinationIp":"172.31.34.47","DestinationPort":"3389","ProcessId":"824","Protocol":"tcp","SourcePort":"62253","User":"NT AUTHORITY\\NETWORK SERVICE","Initiated":"false","ProcessGuid":"{8bcf3217-54f6-5ebe-1300-00000000b000}"}
{"SourceIp":"185.209.0.143","DestinationPortName":"ms-wbt-server","SourcePortName":"-","UtcTime":"2020-05-18 10:03:32.963","RuleName":"RDP","SourceIsIpv6":"false","SourceHostname":"-","DestinationHostname":"EC2AMAZ-NP5R74L.eu-central-1.compute.internal","DestinationIsIpv6":"false","Image":"C:\\Windows\\System32\\svchost.exe","DestinationIp":"172.31.34.47","DestinationPort":"3389","ProcessId":"824","Protocol":"tcp","SourcePort":"57945","User":"NT AUTHORITY\\NETWORK SERVICE","Initiated":"false","ProcessGuid":"{8bcf3217-54f6-5ebe-1300-00000000b000}"}
{"UtcTime":"2020-05-18 10:03:41.745","TerminalSessionId":"0","Company":"-","ParentImage":"C:\\Windows\\System32\\OpenSSH\\sshd.exe","Image":"C:\\Windows\\System32\\OpenSSH\\sshd.exe","FileVersion":"7.7.2.2","ParentProcessId":"1820","LogonGuid":"{87a71a6b-54eb-5ebe-e703-000000000000}","CommandLine":"\"C:\\Windows\\System32\\OpenSSH\\sshd.exe\" \"-R\"","ProcessId":"4996","ParentCommandLine":"C:\\Windows\\System32\\OpenSSH\\sshd.exe","LogonId":"0x3e7","ProcessGuid":"{87a71a6b-5d7d-5ec2-8353-01000000b000}","OriginalFileName":"-","RuleName":"-","Description":"-","IntegrityLevel":"System","ParentProcessGuid":"{87a71a6b-54ee-5ebe-2700-00000000b000}","Product":"OpenSSH for Windows","CurrentDirectory":"C:\\","Hashes":"MD5=72789836EEA643C23CD87732B8535E7E,SHA256=731E8034CB953ABCD0FC86400AD55113EFA302F77D276213198A76065601576B,IMPHASH=27DE371E1DAE125BC04CC09552C72D87","User":"NT AUTHORITY\\SYSTEM"}
{"UtcTime":"2020-05-18 10:03:41.826","TerminalSessionId":"0","Company":"-","ParentImage":"C:\\Windows\\System32\\OpenSSH\\sshd.exe","Image":"C:\\Windows\\System32\\OpenSSH\\sshd.exe","ParentProcessId":"4996","FileVersion":"7.7.2.2","LogonGuid":"{87a71a6b-5d7d-5ec2-4d74-920700000000}","CommandLine":"\"C:\\Windows\\System32\\OpenSSH\\sshd.exe\" \"-y\"","ProcessId":"1584","ParentCommandLine":"\"C:\\Windows\\System32\\OpenSSH\\sshd.exe\" \"-R\"","LogonId":"0x792744d","ProcessGuid":"{87a71a6b-5d7d-5ec2-8553-01000000b000}","OriginalFileName":"-","RuleName":"-","Description":"-","IntegrityLevel":"High","ParentProcessGuid":"{87a71a6b-5d7d-5ec2-8353-01000000b000}","Product":"OpenSSH for Windows","User":"S-1-5-111-3847866527-469524349-687026318-516638107-1125189541-4996","CurrentDirectory":"C:\\","Hashes":"MD5=72789836EEA643C23CD87732B8535E7E,SHA256=731E8034CB953ABCD0FC86400AD55113EFA302F77D276213198A76065601576B,IMPHASH=27DE371E1DAE125BC04CC09552C72D87"}
{"UtcTime":"2020-05-18 10:03:42.824","TerminalSessionId":"0","Company":"-","ParentImage":"C:\\Windows\\System32\\OpenSSH\\sshd.exe","Image":"C:\\Windows\\System32\\OpenSSH\\sshd.exe","FileVersion":"7.7.2.2","ParentProcessId":"1820","LogonGuid":"{87a71a6b-54eb-5ebe-e703-000000000000}","CommandLine":"\"C:\\Windows\\System32\\OpenSSH\\sshd.exe\" \"-R\"","ProcessId":"3428","ParentCommandLine":"C:\\Windows\\System32\\OpenSSH\\sshd.exe","LogonId":"0x3e7","ProcessGuid":"{87a71a6b-5d7e-5ec2-8653-01000000b000}","OriginalFileName":"-","RuleName":"-","Description":"-","IntegrityLevel":"System","ParentProcessGuid":"{87a71a6b-54ee-5ebe-2700-00000000b000}","Product":"OpenSSH for Windows","CurrentDirectory":"C:\\","Hashes":"MD5=72789836EEA643C23CD87732B8535E7E,SHA256=731E8034CB953ABCD0FC86400AD55113EFA302F77D276213198A76065601576B,IMPHASH=27DE371E1DAE125BC04CC09552C72D87","User":"NT AUTHORITY\\SYSTEM"}
{"UtcTime":"2020-05-18 10:03:37.183","DestinationPortName":"ssh","SourcePortName":"-","SourceIp":"217.182.23.55","RuleName":"SSH","SourceHostname":"ip55.ip-217-182-23.eu","SourceIsIpv6":"false","DestinationHostname":"EC2AMAZ-V0GPI6G.eu-central-1.compute.internal","DestinationIsIpv6":"false","DestinationIp":"172.31.47.23","Image":"C:\\Windows\\System32\\OpenSSH\\sshd.exe","DestinationPort":"22","ProcessId":"1820","Protocol":"tcp","SourcePort":"33826","User":"NT AUTHORITY\\SYSTEM","Initiated":"false","ProcessGuid":"{87a71a6b-54ee-5ebe-2700-00000000b000}"}
{"UtcTime":"2020-05-18 10:03:42.917","TerminalSessionId":"0","Company":"-","ParentImage":"C:\\Windows\\System32\\OpenSSH\\sshd.exe","Image":"C:\\Windows\\System32\\OpenSSH\\sshd.exe","ParentProcessId":"3428","FileVersion":"7.7.2.2","LogonGuid":"{87a71a6b-5d7e-5ec2-387d-920700000000}","ProcessId":"3612","CommandLine":"\"C:\\Windows\\System32\\OpenSSH\\sshd.exe\" \"-y\"","ParentCommandLine":"\"C:\\Windows\\System32\\OpenSSH\\sshd.exe\" \"-R\"","LogonId":"0x7927d38","ProcessGuid":"{87a71a6b-5d7e-5ec2-8853-01000000b000}","OriginalFileName":"-","RuleName":"-","Description":"-","IntegrityLevel":"High","ParentProcessGuid":"{87a71a6b-5d7e-5ec2-8653-01000000b000}","Product":"OpenSSH for Windows","User":"VIRTUAL USERS\\sshd_3428","CurrentDirectory":"C:\\","Hashes":"MD5=72789836EEA643C23CD87732B8535E7E,SHA256=731E8034CB953ABCD0FC86400AD55113EFA302F77D276213198A76065601576B,IMPHASH=27DE371E1DAE125BC04CC09552C72D87"}
{"SourcePortName":"-","UtcTime":"2020-05-18 10:03:38.262","SourceIp":"77.109.173.12","DestinationPortName":"ssh","RuleName":"SSH","SourceIsIpv6":"false","SourceHostname":"77.109.173.12.easyzone.ch","DestinationHostname":"EC2AMAZ-V0GPI6G.eu-central-1.compute.internal","DestinationIsIpv6":"false","DestinationIp":"172.31.47.23","Image":"C:\\Windows\\System32\\OpenSSH\\sshd.exe","DestinationPort":"22","ProcessId":"1820","Protocol":"tcp","SourcePort":"39822","User":"NT AUTHORITY\\SYSTEM","Initiated":"false","ProcessGuid":"{87a71a6b-54ee-5ebe-2700-00000000b000}"}
{"UtcTime":"2020-05-18 10:03:38.655","DestinationPortName":"ms-wbt-server","SourceIp":"36.111.177.242","SourcePortName":"-","RuleName":"RDP","SourceIsIpv6":"false","SourceHostname":"-","DestinationHostname":"EC2AMAZ-V0GPI6G.eu-central-1.compute.internal","DestinationIsIpv6":"false","Image":"C:\\Windows\\System32\\svchost.exe","DestinationIp":"172.31.47.23","DestinationPort":"3389","ProcessId":"824","Protocol":"tcp","SourcePort":"55279","User":"NT AUTHORITY\\NETWORK SERVICE","Initiated":"false","ProcessGuid":"{87a71a6b-54ec-5ebe-1300-00000000b000}"}
{"SourceIp":"194.61.54.33","DestinationPortName":"ms-wbt-server","UtcTime":"2020-05-18 10:03:38.349","SourcePortName":"-","RuleName":"RDP","SourceHostname":"-","SourceIsIpv6":"false","DestinationHostname":"EC2AMAZ-NP5R74L.eu-central-1.compute.internal","DestinationIsIpv6":"false","Image":"C:\\Windows\\System32\\svchost.exe","DestinationIp":"172.31.34.47","DestinationPort":"3389","ProcessId":"824","Protocol":"tcp","SourcePort":"54252","User":"NT AUTHORITY\\NETWORK SERVICE","Initiated":"false","ProcessGuid":"{8bcf3217-54f6-5ebe-1300-00000000b000}"}
{"UtcTime":"2020-05-18 10:03:40.736","SourceIp":"185.209.0.106","SourcePortName":"-","DestinationPortName":"ms-wbt-server","RuleName":"RDP","SourceIsIpv6":"false","SourceHostname":"-","DestinationHostname":"EC2AMAZ-V0GPI6G.eu-central-1.compute.internal","DestinationIsIpv6":"false","Image":"C:\\Windows\\System32\\svchost.exe","DestinationIp":"172.31.47.23","DestinationPort":"3389","ProcessId":"824","Protocol":"tcp","SourcePort":"54414","User":"NT AUTHORITY\\NETWORK SERVICE","Initiated":"false","ProcessGuid":"{87a71a6b-54ec-5ebe-1300-00000000b000}"}
{"UtcTime":"2020-05-18 10:03:40.965","DestinationPortName":"ms-wbt-server","SourcePortName":"-","SourceIp":"51.91.69.20","RuleName":"RDP","SourceHostname":"ns61208963.ip-51-91-69.eu","SourceIsIpv6":"false","DestinationHostname":"EC2AMAZ-V0GPI6G.eu-central-1.compute.internal","DestinationIsIpv6":"false","DestinationIp":"172.31.47.23","Image":"C:\\Windows\\System32\\svchost.exe","DestinationPort":"3389","ProcessId":"824","Protocol":"tcp","SourcePort":"56959","User":"NT AUTHORITY\\NETWORK SERVICE","Initiated":"false","ProcessGuid":"{87a71a6b-54ec-5ebe-1300-00000000b000}"}
{"SourceIp":"82.202.247.84","UtcTime":"2020-05-18 10:03:39.260","DestinationPortName":"ms-wbt-server","SourcePortName":"-","RuleName":"RDP","SourceHostname":"-","SourceIsIpv6":"false","DestinationHostname":"EC2AMAZ-NP5R74L.eu-central-1.compute.internal","DestinationIsIpv6":"false","Image":"C:\\Windows\\System32\\svchost.exe","DestinationIp":"172.31.34.47","DestinationPort":"3389","ProcessId":"824","Protocol":"tcp","SourcePort":"4635","User":"NT AUTHORITY\\NETWORK SERVICE","Initiated":"false","ProcessGuid":"{8bcf3217-54f6-5ebe-1300-00000000b000}"}
{"SourceIp":"45.82.153.202","SourcePortName":"-","DestinationPortName":"ms-wbt-server","UtcTime":"2020-05-18 10:03:42.151","RuleName":"RDP","SourceIsIpv6":"false","SourceHostname":"-","DestinationHostname":"EC2AMAZ-V0GPI6G.eu-central-1.compute.internal","DestinationIsIpv6":"false","DestinationIp":"172.31.47.23","Image":"C:\\Windows\\System32\\svchost.exe","DestinationPort":"3389","ProcessId":"824","Protocol":"tcp","SourcePort":"28762","User":"NT AUTHORITY\\NETWORK SERVICE","Initiated":"false","ProcessGuid":"{87a71a6b-54ec-5ebe-1300-00000000b000}"}
{"SourcePortName":"-","SourceIp":"24.37.226.213","UtcTime":"2020-05-18 10:03:26.883","DestinationPortName":"ms-wbt-server","RuleName":"RDP","SourceIsIpv6":"false","SourceHostname":"modemcable213.226-37-24.static.videotron.ca","DestinationHostname":"EC2AMAZ-ESHNN19.eu-central-1.compute.internal","DestinationIsIpv6":"false","DestinationIp":"172.31.5.93","Image":"C:\\Windows\\System32\\svchost.exe","DestinationPort":"3389","ProcessId":"68","Protocol":"tcp","SourcePort":"59612","User":"NT AUTHORITY\\NETWORK SERVICE","Initiated":"false","ProcessGuid":"{7899F400-C773-5EB3-0E00-000000004A01}"}
{"SourcePortName":"-","DestinationPortName":"ms-wbt-server","SourceIp":"200.21.15.141","UtcTime":"2020-05-18 10:03:43.786","RuleName":"RDP","SourceIsIpv6":"false","SourceHostname":"-","DestinationHostname":"EC2AMAZ-V0GPI6G.eu-central-1.compute.internal","DestinationIsIpv6":"false","DestinationIp":"172.31.47.23","Image":"C:\\Windows\\System32\\svchost.exe","DestinationPort":"3389","ProcessId":"824","Protocol":"tcp","SourcePort":"61177","User":"NT AUTHORITY\\NETWORK SERVICE","Initiated":"false","ProcessGuid":"{87a71a6b-54ec-5ebe-1300-00000000b000}"}
{"UtcTime":"2020-05-18 10:03:44.704","SourcePortName":"-","DestinationPortName":"ms-wbt-server","SourceIp":"185.202.2.97","RuleName":"RDP","SourceHostname":"-","SourceIsIpv6":"false","DestinationHostname":"EC2AMAZ-V0GPI6G.eu-central-1.compute.internal","DestinationIsIpv6":"false","DestinationIp":"172.31.47.23","Image":"C:\\Windows\\System32\\svchost.exe","DestinationPort":"3389","ProcessId":"824","Protocol":"tcp","SourcePort":"30549","User":"NT AUTHORITY\\NETWORK SERVICE","Initiated":"false","ProcessGuid":"{87a71a6b-54ec-5ebe-1300-00000000b000}"}
{"UtcTime":"2020-05-18 10:03:43.535","DestinationPortName":"ms-wbt-server","SourcePortName":"-","SourceIp":"194.61.54.33","RuleName":"RDP","SourceHostname":"-","SourceIsIpv6":"false","DestinationHostname":"EC2AMAZ-NP5R74L.eu-central-1.compute.internal","DestinationIsIpv6":"false","DestinationIp":"172.31.34.47","Image":"C:\\Windows\\System32\\svchost.exe","DestinationPort":"3389","ProcessId":"824","Protocol":"tcp","SourcePort":"51677","User":"NT AUTHORITY\\NETWORK SERVICE","Initiated":"false","ProcessGuid":"{8bcf3217-54f6-5ebe-1300-00000000b000}"}
{"SourcePortName":"-","DestinationPortName":"ms-wbt-server","SourceIp":"185.209.0.106","UtcTime":"2020-05-18 10:03:45.992","RuleName":"RDP","SourceIsIpv6":"false","SourceHostname":"-","DestinationHostname":"EC2AMAZ-V0GPI6G.eu-central-1.compute.internal","DestinationIsIpv6":"false","DestinationIp":"172.31.47.23","Image":"C:\\Windows\\System32\\svchost.exe","DestinationPort":"3389","ProcessId":"824","Protocol":"tcp","SourcePort":"59105","User":"NT AUTHORITY\\NETWORK SERVICE","Initiated":"false","ProcessGuid":"{87a71a6b-54ec-5ebe-1300-00000000b000}"}
{"SourcePortName":"-","UtcTime":"2020-05-18 10:03:44.594","DestinationPortName":"ms-wbt-server","SourceIp":"185.209.0.116","RuleName":"RDP","SourceIsIpv6":"false","SourceHostname":"-","DestinationHostname":"EC2AMAZ-NP5R74L.eu-central-1.compute.internal","DestinationIsIpv6":"false","DestinationIp":"172.31.34.47","Image":"C:\\Windows\\System32\\svchost.exe","DestinationPort":"3389","ProcessId":"824","Protocol":"tcp","SourcePort":"49762","User":"NT AUTHORITY\\NETWORK SERVICE","Initiated":"false","ProcessGuid":"{8bcf3217-54f6-5ebe-1300-00000000b000}"}
{"SourcePortName":"-","DestinationPortName":"ms-wbt-server","UtcTime":"2020-05-18 10:03:46.887","SourceIp":"185.209.0.106","RuleName":"RDP","SourceIsIpv6":"false","SourceHostname":"-","DestinationHostname":"EC2AMAZ-V0GPI6G.eu-central-1.compute.internal","DestinationIsIpv6":"false","DestinationIp":"172.31.47.23","Image":"C:\\Windows\\System32\\svchost.exe","DestinationPort":"3389","ProcessId":"824","Protocol":"tcp","SourcePort":"59547","User":"NT AUTHORITY\\NETWORK SERVICE","Initiated":"false","ProcessGuid":"{87a71a6b-54ec-5ebe-1300-00000000b000}"}
{"UtcTime":"2020-05-18 10:03:53.363","TerminalSessionId":"0","Company":"-","ParentImage":"C:\\Windows\\System32\\OpenSSH\\sshd.exe","Image":"C:\\Windows\\System32\\OpenSSH\\sshd.exe","FileVersion":"7.7.2.2","ParentProcessId":"1820","LogonGuid":"{87a71a6b-54eb-5ebe-e703-000000000000}","ProcessId":"4388","CommandLine":"\"C:\\Windows\\System32\\OpenSSH\\sshd.exe\" \"-R\"","ParentCommandLine":"C:\\Windows\\System32\\OpenSSH\\sshd.exe","LogonId":"0x3e7","ProcessGuid":"{87a71a6b-5d89-5ec2-8953-01000000b000}","OriginalFileName":"-","RuleName":"-","Description":"-","IntegrityLevel":"System","ParentProcessGuid":"{87a71a6b-54ee-5ebe-2700-00000000b000}","Product":"OpenSSH for Windows","User":"NT AUTHORITY\\SYSTEM","Hashes":"MD5=72789836EEA643C23CD87732B8535E7E,SHA256=731E8034CB953ABCD0FC86400AD55113EFA302F77D276213198A76065601576B,IMPHASH=27DE371E1DAE125BC04CC09552C72D87","CurrentDirectory":"C:\\"}
{"SourceIp":"151.253.118.177","SourcePortName":"-","UtcTime":"2020-05-18 10:03:47.753","DestinationPortName":"ms-wbt-server","RuleName":"RDP","SourceIsIpv6":"false","SourceHostname":"-","DestinationHostname":"EC2AMAZ-V0GPI6G.eu-central-1.compute.internal","DestinationIsIpv6":"false","DestinationIp":"172.31.47.23","Image":"C:\\Windows\\System32\\svchost.exe","DestinationPort":"3389","ProcessId":"824","Protocol":"tcp","SourcePort":"28838","User":"NT AUTHORITY\\NETWORK SERVICE","Initiated":"false","ProcessGuid":"{87a71a6b-54ec-5ebe-1300-00000000b000}"}
{"SourceIp":"185.209.0.117","DestinationPortName":"ms-wbt-server","UtcTime":"2020-05-18 10:03:48.494","SourcePortName":"-","RuleName":"RDP","SourceIsIpv6":"false","SourceHostname":"-","DestinationHostname":"EC2AMAZ-V0GPI6G.eu-central-1.compute.internal","DestinationIsIpv6":"false","DestinationIp":"172.31.47.23","Image":"C:\\Windows\\System32\\svchost.exe","DestinationPort":"3389","ProcessId":"824","Protocol":"tcp","SourcePort":"55060","User":"NT AUTHORITY\\NETWORK SERVICE","Initiated":"false","ProcessGuid":"{87a71a6b-54ec-5ebe-1300-00000000b000}"}
{"SourcePortName":"-","DestinationPortName":"ssh","SourceIp":"120.92.80.120","UtcTime":"2020-05-18 10:03:48.800","RuleName":"SSH","SourceHostname":"-","SourceIsIpv6":"false","DestinationHostname":"EC2AMAZ-V0GPI6G.eu-central-1.compute.internal","DestinationIsIpv6":"false","DestinationIp":"172.31.47.23","Image":"C:\\Windows\\System32\\OpenSSH\\sshd.exe","DestinationPort":"22","ProcessId":"1820","Protocol":"tcp","SourcePort":"13040","User":"NT AUTHORITY\\SYSTEM","Initiated":"false","ProcessGuid":"{87a71a6b-54ee-5ebe-2700-00000000b000}"}
{"UtcTime":"2020-05-18 10:03:48.947","DestinationPortName":"ms-wbt-server","SourceIp":"194.61.55.201","SourcePortName":"-","RuleName":"RDP","SourceIsIpv6":"false","SourceHostname":"-","DestinationHostname":"EC2AMAZ-V0GPI6G.eu-central-1.compute.internal","DestinationIsIpv6":"false","Image":"C:\\Windows\\System32\\svchost.exe","DestinationIp":"172.31.47.23","DestinationPort":"3389","ProcessId":"824","Protocol":"tcp","SourcePort":"36197","User":"NT AUTHORITY\\NETWORK SERVICE","Initiated":"false","ProcessGuid":"{87a71a6b-54ec-5ebe-1300-00000000b000}"}
{"SourceIp":"87.251.75.106","SourcePortName":"-","DestinationPortName":"ms-wbt-server","UtcTime":"2020-05-18 10:03:48.165","RuleName":"RDP","SourceIsIpv6":"false","SourceHostname":"-","DestinationHostname":"EC2AMAZ-V0GPI6G.eu-central-1.compute.internal","DestinationIsIpv6":"false","Image":"C:\\Windows\\System32\\svchost.exe","DestinationIp":"172.31.47.23","DestinationPort":"3389","ProcessId":"824","Protocol":"tcp","SourcePort":"16455","User":"NT AUTHORITY\\NETWORK SERVICE","Initiated":"false","ProcessGuid":"{87a71a6b-54ec-5ebe-1300-00000000b000}"}
{"UtcTime":"2020-05-18 10:03:53.762","TerminalSessionId":"0","Company":"-","ParentImage":"C:\\Windows\\System32\\OpenSSH\\sshd.exe","Image":"C:\\Windows\\System32\\OpenSSH\\sshd.exe","FileVersion":"7.7.2.2","ParentProcessId":"4388","LogonGuid":"{87a71a6b-5d89-5ec2-489f-920700000000}","CommandLine":"\"C:\\Windows\\System32\\OpenSSH\\sshd.exe\" \"-y\"","ProcessId":"3944","ParentCommandLine":"\"C:\\Windows\\System32\\OpenSSH\\sshd.exe\" \"-R\"","LogonId":"0x7929f48","ProcessGuid":"{87a71a6b-5d89-5ec2-8b53-01000000b000}","OriginalFileName":"-","RuleName":"-","Description":"-","IntegrityLevel":"High","ParentProcessGuid":"{87a71a6b-5d89-5ec2-8953-01000000b000}","Product":"OpenSSH for Windows","User":"S-1-5-111-3847866527-469524349-687026318-516638107-1125189541-4388","Hashes":"MD5=72789836EEA643C23CD87732B8535E7E,SHA256=731E8034CB953ABCD0FC86400AD55113EFA302F77D276213198A76065601576B,IMPHASH=27DE371E1DAE125BC04CC09552C72D87","CurrentDirectory":"C:\\"}
{"UtcTime":"2020-05-18 10:03:56.320","TerminalSessionId":"0","Company":"-","ParentImage":"C:\\Windows\\System32\\OpenSSH\\sshd.exe","Image":"C:\\Windows\\System32\\OpenSSH\\sshd.exe","FileVersion":"7.7.2.2","ParentProcessId":"1820","LogonGuid":"{87a71a6b-54eb-5ebe-e703-000000000000}","CommandLine":"\"C:\\Windows\\System32\\OpenSSH\\sshd.exe\" \"-R\"","ProcessId":"4376","ParentCommandLine":"C:\\Windows\\System32\\OpenSSH\\sshd.exe","LogonId":"0x3e7","ProcessGuid":"{87a71a6b-5d8c-5ec2-8c53-01000000b000}","OriginalFileName":"-","RuleName":"-","Description":"-","IntegrityLevel":"System","ParentProcessGuid":"{87a71a6b-54ee-5ebe-2700-00000000b000}","Product":"OpenSSH for Windows","CurrentDirectory":"C:\\","Hashes":"MD5=72789836EEA643C23CD87732B8535E7E,SHA256=731E8034CB953ABCD0FC86400AD55113EFA302F77D276213198A76065601576B,IMPHASH=27DE371E1DAE125BC04CC09552C72D87","User":"NT AUTHORITY\\SYSTEM"}
{"UtcTime":"2020-05-18 10:03:56.586","TerminalSessionId":"0","Company":"-","ParentImage":"C:\\Windows\\System32\\OpenSSH\\sshd.exe","Image":"C:\\Windows\\System32\\OpenSSH\\sshd.exe","ParentProcessId":"4376","FileVersion":"7.7.2.2","LogonGuid":"{87a71a6b-5d8c-5ec2-5aa8-920700000000}","CommandLine":"\"C:\\Windows\\System32\\OpenSSH\\sshd.exe\" \"-y\"","ProcessId":"4772","ParentCommandLine":"\"C:\\Windows\\System32\\OpenSSH\\sshd.exe\" \"-R\"","LogonId":"0x792a85a","ProcessGuid":"{87a71a6b-5d8c-5ec2-8e53-01000000b000}","OriginalFileName":"-","RuleName":"-","Description":"-","IntegrityLevel":"High","ParentProcessGuid":"{87a71a6b-5d8c-5ec2-8c53-01000000b000}","Product":"OpenSSH for Windows","CurrentDirectory":"C:\\","Hashes":"MD5=72789836EEA643C23CD87732B8535E7E,SHA256=731E8034CB953ABCD0FC86400AD55113EFA302F77D276213198A76065601576B,IMPHASH=27DE371E1DAE125BC04CC09552C72D87","User":"S-1-5-111-3847866527-469524349-687026318-516638107-1125189541-4376"}
{"SourceIp":"185.202.2.89","DestinationPortName":"ms-wbt-server","SourcePortName":"-","UtcTime":"2020-05-18 10:03:51.430","RuleName":"RDP","SourceIsIpv6":"false","SourceHostname":"-","DestinationHostname":"EC2AMAZ-V0GPI6G.eu-central-1.compute.internal","DestinationIsIpv6":"false","Image":"C:\\Windows\\System32\\svchost.exe","DestinationIp":"172.31.47.23","DestinationPort":"3389","ProcessId":"824","Protocol":"tcp","SourcePort":"52918","User":"NT AUTHORITY\\NETWORK SERVICE","Initiated":"false","ProcessGuid":"{87a71a6b-54ec-5ebe-1300-00000000b000}"}
{"UtcTime":"2020-05-18 10:03:57.021","TerminalSessionId":"0","Company":"-","ParentImage":"C:\\Windows\\System32\\OpenSSH\\sshd.exe","Image":"C:\\Windows\\System32\\OpenSSH\\sshd.exe","FileVersion":"7.7.2.2","ParentProcessId":"1820","LogonGuid":"{87a71a6b-54eb-5ebe-e703-000000000000}","CommandLine":"\"C:\\Windows\\System32\\OpenSSH\\sshd.exe\" \"-R\"","ProcessId":"4040","ParentCommandLine":"C:\\Windows\\System32\\OpenSSH\\sshd.exe","LogonId":"0x3e7","ProcessGuid":"{87a71a6b-5d8d-5ec2-8f53-01000000b000}","OriginalFileName":"-","RuleName":"-","Description":"-","IntegrityLevel":"System","ParentProcessGuid":"{87a71a6b-54ee-5ebe-2700-00000000b000}","Product":"OpenSSH for Windows","User":"NT AUTHORITY\\SYSTEM","Hashes":"MD5=72789836EEA643C23CD87732B8535E7E,SHA256=731E8034CB953ABCD0FC86400AD55113EFA302F77D276213198A76065601576B,IMPHASH=27DE371E1DAE125BC04CC09552C72D87","CurrentDirectory":"C:\\"}
