{"SourceIp":"140.246.32.143","SourcePortName":"-","DestinationPortName":"ssh","UtcTime":"2020-05-18 09:57:56.478","RuleName":"SSH","SourceHostname":"-","SourceIsIpv6":"false","DestinationHostname":"EC2AMAZ-V0GPI6G.eu-central-1.compute.internal","DestinationIsIpv6":"false","Image":"C:\\Windows\\System32\\OpenSSH\\sshd.exe","DestinationIp":"172.31.47.23","DestinationPort":"22","ProcessId":"1820","Protocol":"tcp","SourcePort":"58892","User":"NT AUTHORITY\\SYSTEM","Initiated":"false","ProcessGuid":"{87a71a6b-54ee-5ebe-2700-00000000b000}"}
{"UtcTime":"2020-05-18 09:58:02.311","TerminalSessionId":"0","Company":"-","ParentImage":"C:\\Windows\\System32\\OpenSSH\\sshd.exe","Image":"C:\\Windows\\System32\\OpenSSH\\sshd.exe","FileVersion":"7.7.2.2","ParentProcessId":"1820","LogonGuid":"{87a71a6b-54eb-5ebe-e703-000000000000}","ProcessId":"3164","CommandLine":"\"C:\\Windows\\System32\\OpenSSH\\sshd.exe\" \"-R\"","ParentCommandLine":"C:\\Windows\\System32\\OpenSSH\\sshd.exe","LogonId":"0x3e7","ProcessGuid":"{87a71a6b-5c2a-5ec2-d952-01000000b000}","OriginalFileName":"-","RuleName":"-","Description":"-","IntegrityLevel":"System","ParentProcessGuid":"{87a71a6b-54ee-5ebe-2700-00000000b000}","Product":"OpenSSH for Windows","User":"NT AUTHORITY\\SYSTEM","Hashes":"MD5=72789836EEA643C23CD87732B8535E7E,SHA256=731E8034CB953ABCD0FC86400AD55113EFA302F77D276213198A76065601576B,IMPHASH=27DE371E1DAE125BC04CC09552C72D87","CurrentDirectory":"C:\\"}
{"UtcTime":"2020-05-18 09:58:02.597","TerminalSessionId":"0","Company":"-","ParentImage":"C:\\Windows\\System32\\OpenSSH\\sshd.exe","Image":"C:\\Windows\\System32\\OpenSSH\\sshd.exe","FileVersion":"7.7.2.2","ParentProcessId":"3164","LogonGuid":"{87a71a6b-5c2a-5ec2-2589-8f0700000000}","CommandLine":"\"C:\\Windows\\System32\\OpenSSH\\sshd.exe\" \"-y\"","ProcessId":"352","ParentCommandLine":"\"C:\\Windows\\System32\\OpenSSH\\sshd.exe\" \"-R\"","LogonId":"0x78f8925","ProcessGuid":"{87a71a6b-5c2a-5ec2-db52-01000000b000}","OriginalFileName":"-","RuleName":"-","Description":"-","IntegrityLevel":"High","ParentProcessGuid":"{87a71a6b-5c2a-5ec2-d952-01000000b000}","Product":"OpenSSH for Windows","User":"S-1-5-111-3847866527-469524349-687026318-516638107-1125189541-3164","Hashes":"MD5=72789836EEA643C23CD87732B8535E7E,SHA256=731E8034CB953ABCD0FC86400AD55113EFA302F77D276213198A76065601576B,IMPHASH=27DE371E1DAE125BC04CC09552C72D87","CurrentDirectory":"C:\\"}
{"UtcTime":"2020-05-18 09:58:02.706","TerminalSessionId":"0","Company":"-","ParentImage":"C:\\Windows\\System32\\OpenSSH\\sshd.exe","Image":"C:\\Windows\\System32\\OpenSSH\\sshd.exe","ParentProcessId":"2276","FileVersion":"7.7.2.2","LogonGuid":"{87a71a6b-5c2a-5ec2-108c-8f0700000000}","CommandLine":"\"C:\\Windows\\System32\\OpenSSH\\sshd.exe\" \"-y\"","ProcessId":"3376","ParentCommandLine":"\"C:\\Windows\\System32\\OpenSSH\\sshd.exe\" \"-R\"","LogonId":"0x78f8c10","ProcessGuid":"{87a71a6b-5c2a-5ec2-dc52-01000000b000}","OriginalFileName":"-","RuleName":"-","Description":"-","IntegrityLevel":"High","ParentProcessGuid":"{87a71a6b-5c29-5ec2-d752-01000000b000}","Product":"OpenSSH for Windows","User":"S-1-5-111-3847866527-469524349-687026318-516638107-1125189541-2276","Hashes":"MD5=72789836EEA643C23CD87732B8535E7E,SHA256=731E8034CB953ABCD0FC86400AD55113EFA302F77D276213198A76065601576B,IMPHASH=27DE371E1DAE125BC04CC09552C72D87","CurrentDirectory":"C:\\"}
{"UtcTime":"2020-05-18 09:57:57.756","SourceIp":"175.6.32.134","SourcePortName":"-","DestinationPortName":"ssh","RuleName":"SSH","SourceHostname":"-","SourceIsIpv6":"false","DestinationHostname":"EC2AMAZ-V0GPI6G.eu-central-1.compute.internal","DestinationIsIpv6":"false","DestinationIp":"172.31.47.23","Image":"C:\\Windows\\System32\\OpenSSH\\sshd.exe","DestinationPort":"22","ProcessId":"1820","Protocol":"tcp","SourcePort":"58356","User":"NT AUTHORITY\\SYSTEM","Initiated":"false","ProcessGuid":"{87a71a6b-54ee-5ebe-2700-00000000b000}"}
{"SourcePortName":"-","SourceIp":"185.209.0.106","UtcTime":"2020-05-18 09:58:02.914","DestinationPortName":"ms-wbt-server","RuleName":"RDP","SourceIsIpv6":"false","SourceHostname":"-","DestinationHostname":"EC2AMAZ-V0GPI6G.eu-central-1.compute.internal","DestinationIsIpv6":"false","DestinationIp":"172.31.47.23","Image":"C:\\Windows\\System32\\svchost.exe","DestinationPort":"3389","ProcessId":"824","Protocol":"tcp","SourcePort":"57926","User":"NT AUTHORITY\\NETWORK SERVICE","Initiated":"false","ProcessGuid":"{87a71a6b-54ec-5ebe-1300-00000000b000}"}
{"UtcTime":"2020-05-18 09:58:04.326","SourceIp":"200.21.15.141","SourcePortName":"-","DestinationPortName":"ms-wbt-server","RuleName":"RDP","SourceHostname":"-","SourceIsIpv6":"false","DestinationHostname":"EC2AMAZ-V0GPI6G.eu-central-1.compute.internal","DestinationIsIpv6":"false","Image":"C:\\Windows\\System32\\svchost.exe","DestinationIp":"172.31.47.23","DestinationPort":"3389","ProcessId":"824","Protocol":"tcp","SourcePort":"65246","User":"NT AUTHORITY\\NETWORK SERVICE","Initiated":"false","ProcessGuid":"{87a71a6b-54ec-5ebe-1300-00000000b000}"}
{"UtcTime":"2020-05-18 09:58:12.618","TerminalSessionId":"0","Company":"-","ParentImage":"C:\\Windows\\System32\\OpenSSH\\sshd.exe","Image":"C:\\Windows\\System32\\OpenSSH\\sshd.exe","FileVersion":"7.7.2.2","ParentProcessId":"1820","LogonGuid":"{87a71a6b-54eb-5ebe-e703-000000000000}","ProcessId":"4236","CommandLine":"\"C:\\Windows\\System32\\OpenSSH\\sshd.exe\" \"-R\"","ParentCommandLine":"C:\\Windows\\System32\\OpenSSH\\sshd.exe","LogonId":"0x3e7","ProcessGuid":"{87a71a6b-5c34-5ec2-dd52-01000000b000}","OriginalFileName":"-","RuleName":"-","Description":"-","IntegrityLevel":"System","ParentProcessGuid":"{87a71a6b-54ee-5ebe-2700-00000000b000}","Product":"OpenSSH for Windows","User":"NT AUTHORITY\\SYSTEM","CurrentDirectory":"C:\\","Hashes":"MD5=72789836EEA643C23CD87732B8535E7E,SHA256=731E8034CB953ABCD0FC86400AD55113EFA302F77D276213198A76065601576B,IMPHASH=27DE371E1DAE125BC04CC09552C72D87"}
{"UtcTime":"2020-05-18 09:58:12.916","TerminalSessionId":"0","Company":"-","ParentImage":"C:\\Windows\\System32\\OpenSSH\\sshd.exe","Image":"C:\\Windows\\System32\\OpenSSH\\sshd.exe","FileVersion":"7.7.2.2","ParentProcessId":"4236","LogonGuid":"{87a71a6b-5c34-5ec2-b197-8f0700000000}","CommandLine":"\"C:\\Windows\\System32\\OpenSSH\\sshd.exe\" \"-y\"","ProcessId":"2512","ParentCommandLine":"\"C:\\Windows\\System32\\OpenSSH\\sshd.exe\" \"-R\"","LogonId":"0x78f97b1","ProcessGuid":"{87a71a6b-5c34-5ec2-df52-01000000b000}","OriginalFileName":"-","RuleName":"-","Description":"-","IntegrityLevel":"High","ParentProcessGuid":"{87a71a6b-5c34-5ec2-dd52-01000000b000}","Product":"OpenSSH for Windows","CurrentDirectory":"C:\\","Hashes":"MD5=72789836EEA643C23CD87732B8535E7E,SHA256=731E8034CB953ABCD0FC86400AD55113EFA302F77D276213198A76065601576B,IMPHASH=27DE371E1DAE125BC04CC09552C72D87","User":"S-1-5-111-3847866527-469524349-687026318-516638107-1125189541-4236"}
{"SourcePortName":"-","DestinationPortName":"ssh","UtcTime":"2020-05-18 09:58:08.062","SourceIp":"129.211.70.33","RuleName":"SSH","SourceIsIpv6":"false","SourceHostname":"-","DestinationHostname":"EC2AMAZ-V0GPI6G.eu-central-1.compute.internal","DestinationIsIpv6":"false","DestinationIp":"172.31.47.23","Image":"C:\\Windows\\System32\\OpenSSH\\sshd.exe","DestinationPort":"22","ProcessId":"1820","Protocol":"tcp","SourcePort":"42671","User":"NT AUTHORITY\\SYSTEM","Initiated":"false","ProcessGuid":"{87a71a6b-54ee-5ebe-2700-00000000b000}"}
{"UtcTime":"2020-05-18 09:58:19.682","TerminalSessionId":"0","Company":"-","ParentImage":"C:\\Windows\\System32\\OpenSSH\\sshd.exe","Image":"C:\\Windows\\System32\\OpenSSH\\sshd.exe","FileVersion":"7.7.2.2","ParentProcessId":"1820","LogonGuid":"{87a71a6b-54eb-5ebe-e703-000000000000}","ProcessId":"5072","CommandLine":"\"C:\\Windows\\System32\\OpenSSH\\sshd.exe\" \"-R\"","ParentCommandLine":"C:\\Windows\\System32\\OpenSSH\\sshd.exe","LogonId":"0x3e7","ProcessGuid":"{87a71a6b-5c3b-5ec2-e052-01000000b000}","OriginalFileName":"-","RuleName":"-","Description":"-","IntegrityLevel":"System","ParentProcessGuid":"{87a71a6b-54ee-5ebe-2700-00000000b000}","Product":"OpenSSH for Windows","User":"NT AUTHORITY\\SYSTEM","Hashes":"MD5=72789836EEA643C23CD87732B8535E7E,SHA256=731E8034CB953ABCD0FC86400AD55113EFA302F77D276213198A76065601576B,IMPHASH=27DE371E1DAE125BC04CC09552C72D87","CurrentDirectory":"C:\\"}
{"UtcTime":"2020-05-18 09:58:19.950","TerminalSessionId":"0","Company":"-","ParentImage":"C:\\Windows\\System32\\OpenSSH\\sshd.exe","Image":"C:\\Windows\\System32\\OpenSSH\\sshd.exe","FileVersion":"7.7.2.2","ParentProcessId":"5072","LogonGuid":"{87a71a6b-5c3b-5ec2-63a0-8f0700000000}","CommandLine":"\"C:\\Windows\\System32\\OpenSSH\\sshd.exe\" \"-y\"","ProcessId":"1596","ParentCommandLine":"\"C:\\Windows\\System32\\OpenSSH\\sshd.exe\" \"-R\"","LogonId":"0x78fa063","ProcessGuid":"{87a71a6b-5c3b-5ec2-e252-01000000b000}","OriginalFileName":"-","RuleName":"-","Description":"-","IntegrityLevel":"High","ParentProcessGuid":"{87a71a6b-5c3b-5ec2-e052-01000000b000}","Product":"OpenSSH for Windows","User":"S-1-5-111-3847866527-469524349-687026318-516638107-1125189541-5072","Hashes":"MD5=72789836EEA643C23CD87732B8535E7E,SHA256=731E8034CB953ABCD0FC86400AD55113EFA302F77D276213198A76065601576B,IMPHASH=27DE371E1DAE125BC04CC09552C72D87","CurrentDirectory":"C:\\"}
{"SourcePortName":"-","DestinationPortName":"ssh","UtcTime":"2020-05-18 09:58:15.126","SourceIp":"201.124.74.148","RuleName":"SSH","SourceIsIpv6":"false","SourceHostname":"dsl-201-124-74-148-dyn.prod-infinitum.com.mx","DestinationHostname":"EC2AMAZ-V0GPI6G.eu-central-1.compute.internal","DestinationIsIpv6":"false","DestinationIp":"172.31.47.23","Image":"C:\\Windows\\System32\\OpenSSH\\sshd.exe","DestinationPort":"22","ProcessId":"1820","Protocol":"tcp","SourcePort":"57326","User":"NT AUTHORITY\\SYSTEM","Initiated":"false","ProcessGuid":"{87a71a6b-54ee-5ebe-2700-00000000b000}"}
{"SourcePortName":"-","DestinationPortName":"ms-wbt-server","UtcTime":"2020-05-18 09:58:15.964","SourceIp":"51.91.69.20","RuleName":"RDP","SourceHostname":"ns61208963.ip-51-91-69.eu","SourceIsIpv6":"false","DestinationHostname":"EC2AMAZ-V0GPI6G.eu-central-1.compute.internal","DestinationIsIpv6":"false","DestinationIp":"172.31.47.23","Image":"C:\\Windows\\System32\\svchost.exe","DestinationPort":"3389","ProcessId":"824","Protocol":"tcp","SourcePort":"51351","User":"NT AUTHORITY\\NETWORK SERVICE","Initiated":"false","ProcessGuid":"{87a71a6b-54ec-5ebe-1300-00000000b000}"}
{"UtcTime":"2020-05-18 09:58:51.525","TerminalSessionId":"0","Company":"-","ParentImage":"C:\\Windows\\System32\\OpenSSH\\sshd.exe","Image":"C:\\Windows\\System32\\OpenSSH\\sshd.exe","ParentProcessId":"1820","FileVersion":"7.7.2.2","LogonGuid":"{87a71a6b-54eb-5ebe-e703-000000000000}","ProcessId":"3932","CommandLine":"\"C:\\Windows\\System32\\OpenSSH\\sshd.exe\" \"-R\"","ParentCommandLine":"C:\\Windows\\System32\\OpenSSH\\sshd.exe","LogonId":"0x3e7","ProcessGuid":"{87a71a6b-5c5b-5ec2-f252-01000000b000}","OriginalFileName":"-","RuleName":"-","Description":"-","IntegrityLevel":"System","ParentProcessGuid":"{87a71a6b-54ee-5ebe-2700-00000000b000}","Product":"OpenSSH for Windows","CurrentDirectory":"C:\\","User":"NT AUTHORITY\\SYSTEM","Hashes":"MD5=72789836EEA643C23CD87732B8535E7E,SHA256=731E8034CB953ABCD0FC86400AD55113EFA302F77D276213198A76065601576B,IMPHASH=27DE371E1DAE125BC04CC09552C72D87"}
{"UtcTime":"2020-05-18 09:58:51.788","TerminalSessionId":"0","Company":"-","ParentImage":"C:\\Windows\\System32\\OpenSSH\\sshd.exe","Image":"C:\\Windows\\System32\\OpenSSH\\sshd.exe","FileVersion":"7.7.2.2","ParentProcessId":"3932","LogonGuid":"{87a71a6b-5c5b-5ec2-54dd-8f0700000000}","CommandLine":"\"C:\\Windows\\System32\\OpenSSH\\sshd.exe\" \"-y\"","ProcessId":"5008","ParentCommandLine":"\"C:\\Windows\\System32\\OpenSSH\\sshd.exe\" \"-R\"","LogonId":"0x78fdd54","ProcessGuid":"{87a71a6b-5c5b-5ec2-f452-01000000b000}","OriginalFileName":"-","RuleName":"-","Description":"-","IntegrityLevel":"High","ParentProcessGuid":"{87a71a6b-5c5b-5ec2-f252-01000000b000}","Product":"OpenSSH for Windows","User":"S-1-5-111-3847866527-469524349-687026318-516638107-1125189541-3932","Hashes":"MD5=72789836EEA643C23CD87732B8535E7E,SHA256=731E8034CB953ABCD0FC86400AD55113EFA302F77D276213198A76065601576B,IMPHASH=27DE371E1DAE125BC04CC09552C72D87","CurrentDirectory":"C:\\"}
{"SourcePortName":"-","SourceIp":"185.209.0.117","UtcTime":"2020-05-18 09:58:46.625","DestinationPortName":"ms-wbt-server","RuleName":"RDP","SourceHostname":"-","SourceIsIpv6":"false","DestinationHostname":"EC2AMAZ-V0GPI6G.eu-central-1.compute.internal","DestinationIsIpv6":"false","DestinationIp":"172.31.47.23","Image":"C:\\Windows\\System32\\svchost.exe","DestinationPort":"3389","ProcessId":"824","Protocol":"tcp","SourcePort":"59592","User":"NT AUTHORITY\\NETWORK SERVICE","Initiated":"false","ProcessGuid":"{87a71a6b-54ec-5ebe-1300-00000000b000}"}
{"UtcTime":"2020-05-18 09:58:46.968","SourceIp":"49.235.75.19","SourcePortName":"-","DestinationPortName":"ssh","RuleName":"SSH","SourceIsIpv6":"false","SourceHostname":"-","DestinationHostname":"EC2AMAZ-V0GPI6G.eu-central-1.compute.internal","DestinationIsIpv6":"false","DestinationIp":"172.31.47.23","Image":"C:\\Windows\\System32\\OpenSSH\\sshd.exe","DestinationPort":"22","ProcessId":"1820","Protocol":"tcp","SourcePort":"38136","User":"NT AUTHORITY\\SYSTEM","Initiated":"false","ProcessGuid":"{87a71a6b-54ee-5ebe-2700-00000000b000}"}
{"SourcePortName":"-","UtcTime":"2020-05-18 09:59:05.059","SourceIp":"172.245.179.213","DestinationPortName":"ms-wbt-server","RuleName":"RDP","SourceIsIpv6":"false","SourceHostname":"172-245-179-213-host.colocrossing.com","DestinationHostname":"EC2AMAZ-V0GPI6G.eu-central-1.compute.internal","DestinationIsIpv6":"false","Image":"C:\\Windows\\System32\\svchost.exe","DestinationIp":"172.31.47.23","DestinationPort":"3389","ProcessId":"824","Protocol":"tcp","SourcePort":"57549","User":"NT AUTHORITY\\NETWORK SERVICE","Initiated":"false","ProcessGuid":"{87a71a6b-54ec-5ebe-1300-00000000b000}"}
{"SourceIp":"77.247.110.124","DestinationPortName":"ms-wbt-server","UtcTime":"2020-05-18 09:59:05.310","SourcePortName":"-","RuleName":"RDP","SourceIsIpv6":"false","SourceHostname":"-","DestinationHostname":"EC2AMAZ-V0GPI6G.eu-central-1.compute.internal","DestinationIsIpv6":"false","DestinationIp":"172.31.47.23","Image":"C:\\Windows\\System32\\svchost.exe","DestinationPort":"3389","ProcessId":"824","Protocol":"tcp","SourcePort":"54964","User":"NT AUTHORITY\\NETWORK SERVICE","Initiated":"false","ProcessGuid":"{87a71a6b-54ec-5ebe-1300-00000000b000}"}
{"UtcTime":"2020-05-18 09:59:11.324","TerminalSessionId":"0","Company":"-","ParentImage":"C:\\Windows\\System32\\OpenSSH\\sshd.exe","Image":"C:\\Windows\\System32\\OpenSSH\\sshd.exe","FileVersion":"7.7.2.2","ParentProcessId":"1820","LogonGuid":"{87a71a6b-54eb-5ebe-e703-000000000000}","CommandLine":"\"C:\\Windows\\System32\\OpenSSH\\sshd.exe\" \"-R\"","ProcessId":"4480","ParentCommandLine":"C:\\Windows\\System32\\OpenSSH\\sshd.exe","LogonId":"0x3e7","ProcessGuid":"{87a71a6b-5c6f-5ec2-f852-01000000b000}","OriginalFileName":"-","RuleName":"-","Description":"-","IntegrityLevel":"System","ParentProcessGuid":"{87a71a6b-54ee-5ebe-2700-00000000b000}","Product":"OpenSSH for Windows","CurrentDirectory":"C:\\","Hashes":"MD5=72789836EEA643C23CD87732B8535E7E,SHA256=731E8034CB953ABCD0FC86400AD55113EFA302F77D276213198A76065601576B,IMPHASH=27DE371E1DAE125BC04CC09552C72D87","User":"NT AUTHORITY\\SYSTEM"}
{"SourceIp":"188.166.164.10","DestinationPortName":"ssh","SourcePortName":"-","UtcTime":"2020-05-18 09:59:05.641","RuleName":"SSH","SourceIsIpv6":"false","SourceHostname":"web.wicon.ru","DestinationHostname":"EC2AMAZ-V0GPI6G.eu-central-1.compute.internal","DestinationIsIpv6":"false","Image":"C:\\Windows\\System32\\OpenSSH\\sshd.exe","DestinationIp":"172.31.47.23","DestinationPort":"22","ProcessId":"1820","Protocol":"tcp","SourcePort":"57586","User":"NT AUTHORITY\\SYSTEM","Initiated":"false","ProcessGuid":"{87a71a6b-54ee-5ebe-2700-00000000b000}"}
{"UtcTime":"2020-05-18 09:59:11.409","TerminalSessionId":"0","Company":"-","ParentImage":"C:\\Windows\\System32\\OpenSSH\\sshd.exe","Image":"C:\\Windows\\System32\\OpenSSH\\sshd.exe","FileVersion":"7.7.2.2","ParentProcessId":"4480","LogonGuid":"{87a71a6b-5c6f-5ec2-040a-900700000000}","ProcessId":"3920","CommandLine":"\"C:\\Windows\\System32\\OpenSSH\\sshd.exe\" \"-y\"","ParentCommandLine":"\"C:\\Windows\\System32\\OpenSSH\\sshd.exe\" \"-R\"","LogonId":"0x7900a04","ProcessGuid":"{87a71a6b-5c6f-5ec2-fa52-01000000b000}","OriginalFileName":"-","RuleName":"-","Description":"-","IntegrityLevel":"High","ParentProcessGuid":"{87a71a6b-5c6f-5ec2-f852-01000000b000}","Product":"OpenSSH for Windows","CurrentDirectory":"C:\\","User":"S-1-5-111-3847866527-469524349-687026318-516638107-1125189541-4480","Hashes":"MD5=72789836EEA643C23CD87732B8535E7E,SHA256=731E8034CB953ABCD0FC86400AD55113EFA302F77D276213198A76065601576B,IMPHASH=27DE371E1DAE125BC04CC09552C72D87"}
{"UtcTime":"2020-05-18 09:59:06.767","SourceIp":"176.31.250.160","SourcePortName":"-","DestinationPortName":"ssh","RuleName":"SSH","SourceHostname":"ns341006.ip-176-31-250.eu","SourceIsIpv6":"false","DestinationHostname":"EC2AMAZ-V0GPI6G.eu-central-1.compute.internal","DestinationIsIpv6":"false","Image":"C:\\Windows\\System32\\OpenSSH\\sshd.exe","DestinationIp":"172.31.47.23","DestinationPort":"22","ProcessId":"1820","Protocol":"tcp","SourcePort":"56792","User":"NT AUTHORITY\\SYSTEM","Initiated":"false","ProcessGuid":"{87a71a6b-54ee-5ebe-2700-00000000b000}"}
{"SourcePortName":"-","DestinationPortName":"ms-wbt-server","SourceIp":"185.209.0.105","UtcTime":"2020-05-18 09:59:08.202","RuleName":"RDP","SourceHostname":"-","SourceIsIpv6":"false","DestinationHostname":"EC2AMAZ-V0GPI6G.eu-central-1.compute.internal","DestinationIsIpv6":"false","DestinationIp":"172.31.47.23","Image":"C:\\Windows\\System32\\svchost.exe","DestinationPort":"3389","ProcessId":"824","Protocol":"tcp","SourcePort":"57049","User":"NT AUTHORITY\\NETWORK SERVICE","Initiated":"false","ProcessGuid":"{87a71a6b-54ec-5ebe-1300-00000000b000}"}
{"UtcTime":"2020-05-18 09:59:18.173","TerminalSessionId":"0","Company":"-","ParentImage":"C:\\Windows\\System32\\OpenSSH\\sshd.exe","Image":"C:\\Windows\\System32\\OpenSSH\\sshd.exe","ParentProcessId":"1820","FileVersion":"7.7.2.2","LogonGuid":"{87a71a6b-54eb-5ebe-e703-000000000000}","ProcessId":"4404","CommandLine":"\"C:\\Windows\\System32\\OpenSSH\\sshd.exe\" \"-R\"","ParentCommandLine":"C:\\Windows\\System32\\OpenSSH\\sshd.exe","LogonId":"0x3e7","ProcessGuid":"{87a71a6b-5c76-5ec2-fb52-01000000b000}","OriginalFileName":"-","RuleName":"-","Description":"-","IntegrityLevel":"System","ParentProcessGuid":"{87a71a6b-54ee-5ebe-2700-00000000b000}","Product":"OpenSSH for Windows","User":"NT AUTHORITY\\SYSTEM","Hashes":"MD5=72789836EEA643C23CD87732B8535E7E,SHA256=731E8034CB953ABCD0FC86400AD55113EFA302F77D276213198A76065601576B,IMPHASH=27DE371E1DAE125BC04CC09552C72D87","CurrentDirectory":"C:\\"}
{"UtcTime":"2020-05-18 09:59:18.422","TerminalSessionId":"0","Company":"-","ParentImage":"C:\\Windows\\System32\\OpenSSH\\sshd.exe","Image":"C:\\Windows\\System32\\OpenSSH\\sshd.exe","FileVersion":"7.7.2.2","ParentProcessId":"4404","LogonGuid":"{87a71a6b-5c76-5ec2-e019-900700000000}","ProcessId":"2676","CommandLine":"\"C:\\Windows\\System32\\OpenSSH\\sshd.exe\" \"-y\"","ParentCommandLine":"\"C:\\Windows\\System32\\OpenSSH\\sshd.exe\" \"-R\"","LogonId":"0x79019e0","ProcessGuid":"{87a71a6b-5c76-5ec2-fd52-01000000b000}","OriginalFileName":"-","RuleName":"-","Description":"-","IntegrityLevel":"High","ParentProcessGuid":"{87a71a6b-5c76-5ec2-fb52-01000000b000}","Product":"OpenSSH for Windows","User":"S-1-5-111-3847866527-469524349-687026318-516638107-1125189541-4404","CurrentDirectory":"C:\\","Hashes":"MD5=72789836EEA643C23CD87732B8535E7E,SHA256=731E8034CB953ABCD0FC86400AD55113EFA302F77D276213198A76065601576B,IMPHASH=27DE371E1DAE125BC04CC09552C72D87"}
{"SourceIp":"201.163.180.183","DestinationPortName":"ssh","SourcePortName":"-","UtcTime":"2020-05-18 09:59:13.616","RuleName":"SSH","SourceHostname":"static-201-163-180-183.alestra.net.mx","SourceIsIpv6":"false","DestinationHostname":"EC2AMAZ-V0GPI6G.eu-central-1.compute.internal","DestinationIsIpv6":"false","DestinationIp":"172.31.47.23","Image":"C:\\Windows\\System32\\OpenSSH\\sshd.exe","DestinationPort":"22","ProcessId":"1820","Protocol":"tcp","SourcePort":"41251","User":"NT AUTHORITY\\SYSTEM","Initiated":"false","ProcessGuid":"{87a71a6b-54ee-5ebe-2700-00000000b000}"}
{"UtcTime":"2020-05-18 09:59:19.417","TerminalSessionId":"0","Company":"-","ParentImage":"C:\\Windows\\System32\\OpenSSH\\sshd.exe","Image":"C:\\Windows\\System32\\OpenSSH\\sshd.exe","FileVersion":"7.7.2.2","ParentProcessId":"1820","LogonGuid":"{87a71a6b-54eb-5ebe-e703-000000000000}","CommandLine":"\"C:\\Windows\\System32\\OpenSSH\\sshd.exe\" \"-R\"","ProcessId":"820","ParentCommandLine":"C:\\Windows\\System32\\OpenSSH\\sshd.exe","LogonId":"0x3e7","ProcessGuid":"{87a71a6b-5c77-5ec2-fe52-01000000b000}","OriginalFileName":"-","RuleName":"-","Description":"-","IntegrityLevel":"System","ParentProcessGuid":"{87a71a6b-54ee-5ebe-2700-00000000b000}","Product":"OpenSSH for Windows","User":"NT AUTHORITY\\SYSTEM","Hashes":"MD5=72789836EEA643C23CD87732B8535E7E,SHA256=731E8034CB953ABCD0FC86400AD55113EFA302F77D276213198A76065601576B,IMPHASH=27DE371E1DAE125BC04CC09552C72D87","CurrentDirectory":"C:\\"}
{"UtcTime":"2020-05-18 09:59:19.701","TerminalSessionId":"0","Company":"-","ParentImage":"C:\\Windows\\System32\\OpenSSH\\sshd.exe","Image":"C:\\Windows\\System32\\OpenSSH\\sshd.exe","ParentProcessId":"820","FileVersion":"7.7.2.2","LogonGuid":"{87a71a6b-5c77-5ec2-9f23-900700000000}","CommandLine":"\"C:\\Windows\\System32\\OpenSSH\\sshd.exe\" \"-y\"","ProcessId":"5076","ParentCommandLine":"\"C:\\Windows\\System32\\OpenSSH\\sshd.exe\" \"-R\"","LogonId":"0x790239f","ProcessGuid":"{87a71a6b-5c77-5ec2-0053-01000000b000}","OriginalFileName":"-","RuleName":"-","Description":"-","IntegrityLevel":"High","ParentProcessGuid":"{87a71a6b-5c77-5ec2-fe52-01000000b000}","Product":"OpenSSH for Windows","User":"S-1-5-111-3847866527-469524349-687026318-516638107-1125189541-820","Hashes":"MD5=72789836EEA643C23CD87732B8535E7E,SHA256=731E8034CB953ABCD0FC86400AD55113EFA302F77D276213198A76065601576B,IMPHASH=27DE371E1DAE125BC04CC09552C72D87","CurrentDirectory":"C:\\"}
{"SourcePortName":"-","SourceIp":"185.209.0.105","UtcTime":"2020-05-18 09:59:14.666","DestinationPortName":"ms-wbt-server","RuleName":"RDP","SourceIsIpv6":"false","SourceHostname":"-","DestinationHostname":"EC2AMAZ-V0GPI6G.eu-central-1.compute.internal","DestinationIsIpv6":"false","Image":"C:\\Windows\\System32\\svchost.exe","DestinationIp":"172.31.47.23","DestinationPort":"3389","ProcessId":"824","Protocol":"tcp","SourcePort":"54200","User":"NT AUTHORITY\\NETWORK SERVICE","Initiated":"false","ProcessGuid":"{87a71a6b-54ec-5ebe-1300-00000000b000}"}
{"SourceIp":"49.233.88.50","SourcePortName":"-","DestinationPortName":"ssh","UtcTime":"2020-05-18 09:59:14.860","RuleName":"SSH","SourceIsIpv6":"false","SourceHostname":"-","DestinationHostname":"EC2AMAZ-V0GPI6G.eu-central-1.compute.internal","DestinationIsIpv6":"false","DestinationIp":"172.31.47.23","Image":"C:\\Windows\\System32\\OpenSSH\\sshd.exe","DestinationPort":"22","ProcessId":"1820","Protocol":"tcp","SourcePort":"33470","User":"NT AUTHORITY\\SYSTEM","Initiated":"false","ProcessGuid":"{87a71a6b-54ee-5ebe-2700-00000000b000}"}
{"UtcTime":"2020-05-18 09:59:15.125","SourcePortName":"-","SourceIp":"185.209.0.143","DestinationPortName":"ms-wbt-server","RuleName":"RDP","SourceIsIpv6":"false","SourceHostname":"-","DestinationHostname":"EC2AMAZ-V0GPI6G.eu-central-1.compute.internal","DestinationIsIpv6":"false","DestinationIp":"172.31.47.23","Image":"C:\\Windows\\System32\\svchost.exe","DestinationPort":"3389","ProcessId":"824","Protocol":"tcp","SourcePort":"51430","User":"NT AUTHORITY\\NETWORK SERVICE","Initiated":"false","ProcessGuid":"{87a71a6b-54ec-5ebe-1300-00000000b000}"}
{"UtcTime":"2020-05-18 09:59:15.873","DestinationPortName":"ms-wbt-server","SourcePortName":"-","SourceIp":"88.99.243.167","RuleName":"RDP","SourceHostname":"167.243.99.88","SourceIsIpv6":"false","DestinationHostname":"EC2AMAZ-V0GPI6G.eu-central-1.compute.internal","DestinationIsIpv6":"false","DestinationIp":"172.31.47.23","Image":"C:\\Windows\\System32\\svchost.exe","DestinationPort":"3389","ProcessId":"824","Protocol":"tcp","SourcePort":"57756","User":"NT AUTHORITY\\NETWORK SERVICE","Initiated":"false","ProcessGuid":"{87a71a6b-54ec-5ebe-1300-00000000b000}"}
{"UtcTime":"2020-05-18 09:59:22.556","TerminalSessionId":"2","Company":"Elastic","ParentImage":"C:\\Windows\\System32\\WindowsPowerShell\\v1.0\\powershell.exe","Image":"C:\\Users\\Administrator\\winlogbeat-7.7.0-windows-x86_64\\winlogbeat.exe","FileVersion":"7.7.0","ParentProcessId":"4416","LogonGuid":"{87a71a6b-5693-5ebe-ede9-040000000000}","CommandLine":"\"C:\\Users\\Administrator\\winlogbeat-7.7.0-windows-x86_64\\winlogbeat.exe\" -c .\\winlogbeat.yml","ProcessId":"4188","ParentCommandLine":"\"C:\\Windows\\System32\\WindowsPowerShell\\v1.0\\powershell.exe\" ","LogonId":"0x4e9ed","ProcessGuid":"{87a71a6b-5c7a-5ec2-0153-01000000b000}","OriginalFileName":"winlogbeat.exe","RuleName":"-","Description":"Winlogbeat ships Windows event logs to Elasticsearch or Logstash.","IntegrityLevel":"High","ParentProcessGuid":"{87a71a6b-58e3-5ec2-7351-01000000b000}","Product":"Winlogbeat","User":"EC2AMAZ-V0GPI6G\\Administrator","Hashes":"MD5=6917659221AE9C1EBB83325C4E153E65,SHA256=0A1760DF96CB67EC10F31D4B20E07B36F4F55D3BC7B266A94866AEE884D14673,IMPHASH=D90D8C7812AEC8DA0FA173AFA1293AB2","CurrentDirectory":"C:\\Users\\Administrator\\winlogbeat-7.7.0-windows-x86_64\\"}
{"UtcTime":"2020-05-18 09:59:25.207","TerminalSessionId":"0","Company":"-","ParentImage":"C:\\Windows\\System32\\OpenSSH\\sshd.exe","Image":"C:\\Windows\\System32\\OpenSSH\\sshd.exe","FileVersion":"7.7.2.2","ParentProcessId":"1820","LogonGuid":"{87a71a6b-54eb-5ebe-e703-000000000000}","CommandLine":"\"C:\\Windows\\System32\\OpenSSH\\sshd.exe\" \"-R\"","ProcessId":"5100","ParentCommandLine":"C:\\Windows\\System32\\OpenSSH\\sshd.exe","LogonId":"0x3e7","ProcessGuid":"{87a71a6b-5c7d-5ec2-0253-01000000b000}","OriginalFileName":"-","RuleName":"-","Description":"-","IntegrityLevel":"System","ParentProcessGuid":"{87a71a6b-54ee-5ebe-2700-00000000b000}","Product":"OpenSSH for Windows","User":"NT AUTHORITY\\SYSTEM","CurrentDirectory":"C:\\","Hashes":"MD5=72789836EEA643C23CD87732B8535E7E,SHA256=731E8034CB953ABCD0FC86400AD55113EFA302F77D276213198A76065601576B,IMPHASH=27DE371E1DAE125BC04CC09552C72D87"}
{"UtcTime":"2020-05-18 09:59:25.569","TerminalSessionId":"0","Company":"-","ParentImage":"C:\\Windows\\System32\\OpenSSH\\sshd.exe","Image":"C:\\Windows\\System32\\OpenSSH\\sshd.exe","FileVersion":"7.7.2.2","ParentProcessId":"5100","LogonGuid":"{87a71a6b-5c7d-5ec2-dd3f-900700000000}","CommandLine":"\"C:\\Windows\\System32\\OpenSSH\\sshd.exe\" \"-y\"","ProcessId":"3732","ParentCommandLine":"\"C:\\Windows\\System32\\OpenSSH\\sshd.exe\" \"-R\"","LogonId":"0x7903fdd","ProcessGuid":"{87a71a6b-5c7d-5ec2-0453-01000000b000}","OriginalFileName":"-","RuleName":"-","Description":"-","IntegrityLevel":"High","ParentProcessGuid":"{87a71a6b-5c7d-5ec2-0253-01000000b000}","Product":"OpenSSH for Windows","User":"S-1-5-111-3847866527-469524349-687026318-516638107-1125189541-5100","Hashes":"MD5=72789836EEA643C23CD87732B8535E7E,SHA256=731E8034CB953ABCD0FC86400AD55113EFA302F77D276213198A76065601576B,IMPHASH=27DE371E1DAE125BC04CC09552C72D87","CurrentDirectory":"C:\\"}
{"SourcePortName":"-","UtcTime":"2020-05-18 09:59:20.303","DestinationPortName":"ms-wbt-server","SourceIp":"200.21.15.141","RuleName":"RDP","SourceHostname":"-","SourceIsIpv6":"false","DestinationHostname":"EC2AMAZ-V0GPI6G.eu-central-1.compute.internal","DestinationIsIpv6":"false","Image":"C:\\Windows\\System32\\svchost.exe","DestinationIp":"172.31.47.23","DestinationPort":"3389","ProcessId":"824","Protocol":"tcp","SourcePort":"54580","User":"NT AUTHORITY\\NETWORK SERVICE","Initiated":"false","ProcessGuid":"{87a71a6b-54ec-5ebe-1300-00000000b000}"}
{"SourceIp":"172.31.47.23","SourcePortName":"-","DestinationPortName":"-","UtcTime":"2020-05-18 09:59:20.311","RuleName":"Usermode","SourceIsIpv6":"false","SourceHostname":"EC2AMAZ-V0GPI6G.eu-central-1.compute.internal","DestinationHostname":"ip-172-31-12-105.eu-central-1.compute.internal","DestinationIsIpv6":"false","Image":"C:\\Users\\Administrator\\winlogbeat-7.7.0-windows-x86_64\\winlogbeat.exe","DestinationIp":"172.31.12.105","DestinationPort":"35000","ProcessId":"4188","Protocol":"tcp","SourcePort":"50148","User":"EC2AMAZ-V0GPI6G\\Administrator","Initiated":"true","ProcessGuid":"{87a71a6b-5c7a-5ec2-0153-01000000b000}"}
{"SourceIp":"163.44.159.154","SourcePortName":"-","DestinationPortName":"ssh","UtcTime":"2020-05-18 09:59:20.649","RuleName":"SSH","SourceHostname":"v163-44-159-154.a01a.g.sin1.static.cnode.io","SourceIsIpv6":"false","DestinationHostname":"EC2AMAZ-V0GPI6G.eu-central-1.compute.internal","DestinationIsIpv6":"false","DestinationIp":"172.31.47.23","Image":"C:\\Windows\\System32\\OpenSSH\\sshd.exe","DestinationPort":"22","ProcessId":"1820","Protocol":"tcp","SourcePort":"54904","User":"NT AUTHORITY\\SYSTEM","Initiated":"false","ProcessGuid":"{87a71a6b-54ee-5ebe-2700-00000000b000}"}
{"UtcTime":"2020-05-18 09:59:24.007","DestinationPortName":"ms-wbt-server","SourceIp":"185.209.0.117","SourcePortName":"-","RuleName":"RDP","SourceIsIpv6":"false","SourceHostname":"-","DestinationHostname":"EC2AMAZ-V0GPI6G.eu-central-1.compute.internal","DestinationIsIpv6":"false","DestinationIp":"172.31.47.23","Image":"C:\\Windows\\System32\\svchost.exe","DestinationPort":"3389","ProcessId":"824","Protocol":"tcp","SourcePort":"63607","User":"NT AUTHORITY\\NETWORK SERVICE","Initiated":"false","ProcessGuid":"{87a71a6b-54ec-5ebe-1300-00000000b000}"}
{"SourceIp":"185.209.0.117","DestinationPortName":"ms-wbt-server","UtcTime":"2020-05-18 09:59:24.980","SourcePortName":"-","RuleName":"RDP","SourceIsIpv6":"false","SourceHostname":"-","DestinationHostname":"EC2AMAZ-V0GPI6G.eu-central-1.compute.internal","DestinationIsIpv6":"false","Image":"C:\\Windows\\System32\\svchost.exe","DestinationIp":"172.31.47.23","DestinationPort":"3389","ProcessId":"824","Protocol":"tcp","SourcePort":"50073","User":"NT AUTHORITY\\NETWORK SERVICE","Initiated":"false","ProcessGuid":"{87a71a6b-54ec-5ebe-1300-00000000b000}"}
{"UtcTime":"2020-05-18 09:59:09.341","DestinationPortName":"ms-wbt-server","SourceIp":"51.91.69.20","SourcePortName":"-","RuleName":"RDP","SourceIsIpv6":"false","SourceHostname":"ns61208963.ip-51-91-69.eu","DestinationHostname":"EC2AMAZ-ESHNN19.eu-central-1.compute.internal","DestinationIsIpv6":"false","DestinationIp":"172.31.5.93","Image":"C:\\Windows\\System32\\svchost.exe","DestinationPort":"3389","ProcessId":"68","Protocol":"tcp","SourcePort":"58114","User":"NT AUTHORITY\\NETWORK SERVICE","Initiated":"false","ProcessGuid":"{7899F400-C773-5EB3-0E00-000000004A01}"}
{"UtcTime":"2020-05-18 09:41:06.244","RuleName":"-","Image":"C:\\Users\\Administrator\\winlogbeat-7.7.0-windows-x86_64\\winlogbeat.exe","ProcessId":"5088","ProcessGuid":"{8bcf3217-5a0d-5ebe-8400-00000000b000}"}
{"UtcTime":"2020-05-18 09:41:15.850","TerminalSessionId":"2","Company":"Microsoft Corporation","ParentImage":"C:\\Windows\\System32\\svchost.exe","Image":"C:\\Windows\\System32\\dllhost.exe","ParentProcessId":"840","FileVersion":"10.0.17763.1 (WinBuild.160101.0800)","LogonGuid":"{8bcf3217-5507-5ebe-3712-020000000000}","CommandLine":"C:\\Windows\\system32\\DllHost.exe /Processid:{AB8902B4-09CA-4BB6-B78D-A8F59079A8D5}","ProcessId":"88","ParentCommandLine":"C:\\Windows\\system32\\svchost.exe -k DcomLaunch -p","LogonId":"0x21237","ProcessGuid":"{8bcf3217-583b-5ec2-6115-00000000b000}","OriginalFileName":"dllhost.exe","RuleName":"-","Description":"COM Surrogate","IntegrityLevel":"High","ParentProcessGuid":"{8bcf3217-54f6-5ebe-0d00-00000000b000}","Product":"Microsoft® Windows® Operating System","User":"EC2AMAZ-NP5R74L\\Administrator","Hashes":"SHA1=DCE2AF90E45FB9FC05ECBC9BEDDEE53FB66F3C6D","CurrentDirectory":"C:\\Windows\\system32\\"}
{"UtcTime":"2020-05-18 09:41:20.917","RuleName":"-","Image":"C:\\Windows\\System32\\dllhost.exe","ProcessId":"88","ProcessGuid":"{8bcf3217-583b-5ec2-6115-00000000b000}"}
{"UtcTime":"2020-05-18 09:41:26.361","TerminalSessionId":"2","Company":"Microsoft Corporation","ParentImage":"C:\\Windows\\System32\\winlogon.exe","Image":"C:\\Windows\\System32\\LogonUI.exe","ParentProcessId":"2732","FileVersion":"10.0.17763.1 (WinBuild.160101.0800)","LogonGuid":"{8bcf3217-54f5-5ebe-e703-000000000000}","ProcessId":"2268","CommandLine":"\"LogonUI.exe\" /flags:0x0 /state0:0xa2a6f855 /state1:0x41c64e6d","ParentCommandLine":"winlogon.exe","LogonId":"0x3e7","ProcessGuid":"{8bcf3217-5846-5ec2-6215-00000000b000}","OriginalFileName":"logonui.exe","RuleName":"-","Description":"Windows Logon User Interface Host","IntegrityLevel":"System","ParentProcessGuid":"{8bcf3217-5505-5ebe-3200-00000000b000}","Product":"Microsoft® Windows® Operating System","CurrentDirectory":"C:\\Windows\\system32\\","Hashes":"SHA1=E1AB36E5C3C1453C592E2901330EB13C5D29B351","User":"NT AUTHORITY\\SYSTEM"}
{"UtcTime":"2020-05-18 09:41:26.432","TerminalSessionId":"2","Company":"Microsoft Corporation","ParentImage":"C:\\Windows\\System32\\svchost.exe","Image":"C:\\Windows\\System32\\TSTheme.exe","ParentProcessId":"840","FileVersion":"10.0.17763.771 (WinBuild.160101.0800)","LogonGuid":"{8bcf3217-5507-5ebe-3712-020000000000}","CommandLine":"C:\\Windows\\system32\\TSTheme.exe -Embedding","ProcessId":"4112","ParentCommandLine":"C:\\Windows\\system32\\svchost.exe -k DcomLaunch -p","LogonId":"0x21237","ProcessGuid":"{8bcf3217-5846-5ec2-6315-00000000b000}","OriginalFileName":"TSThemeS.exe","RuleName":"-","Description":"TSTheme Server Module","IntegrityLevel":"High","ParentProcessGuid":"{8bcf3217-54f6-5ebe-0d00-00000000b000}","Product":"Microsoft® Windows® Operating System","User":"EC2AMAZ-NP5R74L\\Administrator","CurrentDirectory":"C:\\Windows\\system32\\","Hashes":"SHA1=9BF3F1EF045E15BF6B2B941A67BB4918222DB362"}
{"UtcTime":"2020-05-18 09:41:26.539","TerminalSessionId":"2","Company":"Microsoft Corporation","ParentImage":"C:\\Windows\\System32\\svchost.exe","Image":"C:\\Windows\\System32\\taskhostw.exe","ParentProcessId":"1276","FileVersion":"10.0.17763.831 (WinBuild.160101.0800)","LogonGuid":"{8bcf3217-5507-5ebe-3712-020000000000}","ProcessId":"3812","CommandLine":"taskhostw.exe KEYROAMING","ParentCommandLine":"C:\\Windows\\system32\\svchost.exe -k netsvcs -p","LogonId":"0x21237","ProcessGuid":"{8bcf3217-5846-5ec2-6415-00000000b000}","OriginalFileName":"taskhostw.exe","RuleName":"-","Description":"Host Process for Windows Tasks","IntegrityLevel":"High","ParentProcessGuid":"{8bcf3217-54f7-5ebe-1a00-00000000b000}","Product":"Microsoft® Windows® Operating System","User":"EC2AMAZ-NP5R74L\\Administrator","Hashes":"SHA1=77A6E223BF95348B3FA413B244CBB82598DAC9A2","CurrentDirectory":"C:\\Windows\\system32\\"}
{"UtcTime":"2020-05-18 09:41:26.669","RuleName":"-","Image":"C:\\Windows\\System32\\taskhostw.exe","ProcessId":"3812","ProcessGuid":"{8bcf3217-5846-5ec2-6415-00000000b000}"}
{"UtcTime":"2020-05-18 09:41:31.607","RuleName":"-","Image":"C:\\Windows\\System32\\LogonUI.exe","ProcessId":"2268","ProcessGuid":"{8bcf3217-5846-5ec2-6215-00000000b000}"}
{"UtcTime":"2020-05-18 09:41:32.128","TerminalSessionId":"2","Company":"Microsoft Corporation","ParentImage":"C:\\Windows\\System32\\svchost.exe","Image":"C:\\Windows\\System32\\rdpclip.exe","ParentProcessId":"824","FileVersion":"10.0.17763.1131 (WinBuild.160101.0800)","LogonGuid":"{8bcf3217-5507-5ebe-3712-020000000000}","CommandLine":"rdpclip","ProcessId":"4256","ParentCommandLine":"C:\\Windows\\System32\\svchost.exe -k termsvcs","LogonId":"0x21237","ProcessGuid":"{8bcf3217-584c-5ec2-6515-00000000b000}","OriginalFileName":"rdpclip.exe","RuleName":"-","Description":"RDP Clipboard Monitor","IntegrityLevel":"High","ParentProcessGuid":"{8bcf3217-54f6-5ebe-1300-00000000b000}","Product":"Microsoft® Windows® Operating System","CurrentDirectory":"C:\\Windows\\system32\\","User":"EC2AMAZ-NP5R74L\\Administrator","Hashes":"SHA1=0265C1718EC95B025D9719F3B4872826F8F4661F"}
{"UtcTime":"2020-05-18 09:41:32.367","TerminalSessionId":"2","Company":"Microsoft Corporation","ParentImage":"C:\\Windows\\System32\\winlogon.exe","Image":"C:\\Windows\\System32\\AtBroker.exe","ParentProcessId":"2732","FileVersion":"10.0.17763.1 (WinBuild.160101.0800)","LogonGuid":"{8bcf3217-54f5-5ebe-e703-000000000000}","ProcessId":"4080","CommandLine":"atbroker.exe","ParentCommandLine":"winlogon.exe","LogonId":"0x3e7","ProcessGuid":"{8bcf3217-584c-5ec2-6615-00000000b000}","OriginalFileName":"ATBroker.exe","RuleName":"-","Description":"Windows Assistive Technology Manager","IntegrityLevel":"System","ParentProcessGuid":"{8bcf3217-5505-5ebe-3200-00000000b000}","Product":"Microsoft® Windows® Operating System","User":"NT AUTHORITY\\SYSTEM","Hashes":"SHA1=5B9938BC8FB5158043063C55EB795884BE6F621C","CurrentDirectory":"C:\\Windows\\system32\\"}
{"UtcTime":"2020-05-18 09:41:32.377","TerminalSessionId":"2","Company":"Microsoft Corporation","ParentImage":"C:\\Windows\\System32\\winlogon.exe","Image":"C:\\Windows\\System32\\LogonUI.exe","FileVersion":"10.0.17763.1 (WinBuild.160101.0800)","ParentProcessId":"2732","LogonGuid":"{8bcf3217-54f5-5ebe-e703-000000000000}","CommandLine":"\"LogonUI.exe\" /flags:0x0 /state0:0xa2a72855 /state1:0x41c64e6d","ProcessId":"1336","ParentCommandLine":"winlogon.exe","LogonId":"0x3e7","ProcessGuid":"{8bcf3217-584c-5ec2-6715-00000000b000}","OriginalFileName":"logonui.exe","RuleName":"-","Description":"Windows Logon User Interface Host","IntegrityLevel":"System","ParentProcessGuid":"{8bcf3217-5505-5ebe-3200-00000000b000}","Product":"Microsoft® Windows® Operating System","CurrentDirectory":"C:\\Windows\\system32\\","Hashes":"SHA1=E1AB36E5C3C1453C592E2901330EB13C5D29B351","User":"NT AUTHORITY\\SYSTEM"}
{"UtcTime":"2020-05-18 09:41:32.653","RuleName":"-","Image":"C:\\Windows\\System32\\rdpclip.exe","ProcessId":"4256","ProcessGuid":"{8bcf3217-584c-5ec2-6515-00000000b000}"}
{"UtcTime":"2020-05-18 09:41:32.977","TerminalSessionId":"2","Company":"Microsoft Corporation","ParentImage":"C:\\Windows\\System32\\AtBroker.exe","Image":"C:\\Windows\\System32\\sethc.exe","ParentProcessId":"4080","FileVersion":"10.0.17763.1 (WinBuild.160101.0800)","LogonGuid":"{8bcf3217-54f5-5ebe-e703-000000000000}","CommandLine":"\"C:\\Windows\\System32\\Sethc.exe\" /AccessibilitySoundAgent","ProcessId":"5072","ParentCommandLine":"atbroker.exe","LogonId":"0x3e7","ProcessGuid":"{8bcf3217-584c-5ec2-6815-00000000b000}","OriginalFileName":"sethc.exe","RuleName":"-","Description":"Accessibility shortcut keys","IntegrityLevel":"System","ParentProcessGuid":"{8bcf3217-584c-5ec2-6615-00000000b000}","Product":"Microsoft® Windows® Operating System","User":"NT AUTHORITY\\SYSTEM","Hashes":"SHA1=F8DF7CD7482FCF621924C97BBB44DF380CC612BB","CurrentDirectory":"C:\\Windows\\system32\\"}
{"UtcTime":"2020-05-18 09:41:33.263","RuleName":"-","Image":"C:\\Windows\\System32\\AtBroker.exe","ProcessId":"4080","ProcessGuid":"{8bcf3217-584c-5ec2-6615-00000000b000}"}
{"UtcTime":"2020-05-18 09:41:33.637","TerminalSessionId":"2","Company":"Microsoft Corporation","ParentImage":"C:\\Windows\\System32\\winlogon.exe","Image":"C:\\Windows\\System32\\AtBroker.exe","FileVersion":"10.0.17763.1 (WinBuild.160101.0800)","ParentProcessId":"2732","LogonGuid":"{8bcf3217-5507-5ebe-3712-020000000000}","ProcessId":"848","CommandLine":"atbroker.exe","ParentCommandLine":"winlogon.exe","LogonId":"0x21237","ProcessGuid":"{8bcf3217-584d-5ec2-6915-00000000b000}","OriginalFileName":"ATBroker.exe","RuleName":"-","Description":"Windows Assistive Technology Manager","IntegrityLevel":"High","ParentProcessGuid":"{8bcf3217-5505-5ebe-3200-00000000b000}","Product":"Microsoft® Windows® Operating System","CurrentDirectory":"C:\\Windows\\system32\\","Hashes":"SHA1=5B9938BC8FB5158043063C55EB795884BE6F621C","User":"EC2AMAZ-NP5R74L\\Administrator"}
{"UtcTime":"2020-05-18 09:41:33.794","RuleName":"-","Image":"C:\\Windows\\System32\\LogonUI.exe","ProcessId":"1336","ProcessGuid":"{8bcf3217-584c-5ec2-6715-00000000b000}"}
{"UtcTime":"2020-05-18 09:41:33.841","RuleName":"-","Image":"C:\\Windows\\System32\\sethc.exe","ProcessId":"5072","ProcessGuid":"{8bcf3217-584c-5ec2-6815-00000000b000}"}
{"UtcTime":"2020-05-18 09:41:33.966","RuleName":"-","Image":"C:\\Windows\\System32\\AtBroker.exe","ProcessId":"848","ProcessGuid":"{8bcf3217-584d-5ec2-6915-00000000b000}"}
{"UtcTime":"2020-05-18 09:41:33.992","TerminalSessionId":"2","Company":"Microsoft Corporation","ParentImage":"C:\\Windows\\System32\\svchost.exe","Image":"C:\\Windows\\System32\\taskhostw.exe","FileVersion":"10.0.17763.831 (WinBuild.160101.0800)","ParentProcessId":"1276","LogonGuid":"{8bcf3217-5507-5ebe-3712-020000000000}","ProcessId":"4820","CommandLine":"taskhostw.exe KEYROAMING","ParentCommandLine":"C:\\Windows\\system32\\svchost.exe -k netsvcs -p","LogonId":"0x21237","ProcessGuid":"{8bcf3217-584d-5ec2-6a15-00000000b000}","OriginalFileName":"taskhostw.exe","RuleName":"-","Description":"Host Process for Windows Tasks","IntegrityLevel":"High","ParentProcessGuid":"{8bcf3217-54f7-5ebe-1a00-00000000b000}","Product":"Microsoft® Windows® Operating System","User":"EC2AMAZ-NP5R74L\\Administrator","Hashes":"SHA1=77A6E223BF95348B3FA413B244CBB82598DAC9A2","CurrentDirectory":"C:\\Windows\\system32\\"}
{"UtcTime":"2020-05-18 09:41:34.154","RuleName":"-","Image":"C:\\Windows\\System32\\taskhostw.exe","ProcessId":"4820","ProcessGuid":"{8bcf3217-584d-5ec2-6a15-00000000b000}"}
{"UtcTime":"2020-05-18 09:41:37.576","RuleName":"-","Image":"C:\\Windows\\System32\\TSTheme.exe","ProcessId":"4112","ProcessGuid":"{8bcf3217-5846-5ec2-6315-00000000b000}"}
{"UtcTime":"2020-05-18 09:41:41.418","TerminalSessionId":"2","Company":"Microsoft Corporation","ParentImage":"C:\\Windows\\System32\\svchost.exe","Image":"C:\\Windows\\System32\\dllhost.exe","ParentProcessId":"840","FileVersion":"10.0.17763.1 (WinBuild.160101.0800)","LogonGuid":"{8bcf3217-5507-5ebe-3712-020000000000}","ProcessId":"4656","CommandLine":"C:\\Windows\\system32\\DllHost.exe /Processid:{AB8902B4-09CA-4BB6-B78D-A8F59079A8D5}","ParentCommandLine":"C:\\Windows\\system32\\svchost.exe -k DcomLaunch -p","LogonId":"0x21237","ProcessGuid":"{8bcf3217-5855-5ec2-6b15-00000000b000}","OriginalFileName":"dllhost.exe","RuleName":"-","Description":"COM Surrogate","IntegrityLevel":"High","ParentProcessGuid":"{8bcf3217-54f6-5ebe-0d00-00000000b000}","Product":"Microsoft® Windows® Operating System","CurrentDirectory":"C:\\Windows\\system32\\","Hashes":"SHA1=DCE2AF90E45FB9FC05ECBC9BEDDEE53FB66F3C6D","User":"EC2AMAZ-NP5R74L\\Administrator"}
{"UtcTime":"2020-05-18 09:41:46.498","RuleName":"-","Image":"C:\\Windows\\System32\\dllhost.exe","ProcessId":"4656","ProcessGuid":"{8bcf3217-5855-5ec2-6b15-00000000b000}"}
{"UtcTime":"2020-05-18 09:41:47.166","TerminalSessionId":"2","Company":"Microsoft Corporation","ParentImage":"C:\\Windows\\System32\\svchost.exe","Image":"C:\\Windows\\System32\\dllhost.exe","FileVersion":"10.0.17763.1 (WinBuild.160101.0800)","ParentProcessId":"840","LogonGuid":"{8bcf3217-5507-5ebe-3712-020000000000}","CommandLine":"C:\\Windows\\system32\\DllHost.exe /Processid:{AB8902B4-09CA-4BB6-B78D-A8F59079A8D5}","ProcessId":"1852","ParentCommandLine":"C:\\Windows\\system32\\svchost.exe -k DcomLaunch -p","LogonId":"0x21237","ProcessGuid":"{8bcf3217-585b-5ec2-6c15-00000000b000}","OriginalFileName":"dllhost.exe","RuleName":"-","Description":"COM Surrogate","IntegrityLevel":"High","ParentProcessGuid":"{8bcf3217-54f6-5ebe-0d00-00000000b000}","Product":"Microsoft® Windows® Operating System","User":"EC2AMAZ-NP5R74L\\Administrator","CurrentDirectory":"C:\\Windows\\system32\\","Hashes":"SHA1=DCE2AF90E45FB9FC05ECBC9BEDDEE53FB66F3C6D"}
{"UtcTime":"2020-05-18 09:41:54.170","RuleName":"-","Image":"C:\\Windows\\System32\\dllhost.exe","ProcessId":"1852","ProcessGuid":"{8bcf3217-585b-5ec2-6c15-00000000b000}"}
{"UtcTime":"2020-05-18 09:42:38.976","TerminalSessionId":"0","Company":"-","ParentImage":"C:\\Windows\\System32\\OpenSSH\\sshd.exe","Image":"C:\\Windows\\System32\\OpenSSH\\sshd.exe","ParentProcessId":"1640","FileVersion":"7.7.2.2","LogonGuid":"{8bcf3217-54f5-5ebe-e703-000000000000}","ProcessId":"3336","CommandLine":"\"C:\\Windows\\System32\\OpenSSH\\sshd.exe\" \"-R\"","ParentCommandLine":"C:\\Windows\\System32\\OpenSSH\\sshd.exe","LogonId":"0x3e7","ProcessGuid":"{8bcf3217-588e-5ec2-6d15-00000000b000}","OriginalFileName":"-","RuleName":"-","Description":"-","IntegrityLevel":"System","ParentProcessGuid":"{8bcf3217-54f8-5ebe-2700-00000000b000}","Product":"OpenSSH for Windows","User":"NT AUTHORITY\\SYSTEM","CurrentDirectory":"C:\\","Hashes":"SHA1=332C3AE15BF630ED2806BB869F7C0E91F3C884F5"}
{"UtcTime":"2020-05-18 09:42:38.984","TerminalSessionId":"0","Company":"Microsoft Corporation","ParentImage":"C:\\Windows\\System32\\OpenSSH\\sshd.exe","Image":"C:\\Windows\\System32\\conhost.exe","ParentProcessId":"3336","FileVersion":"10.0.17763.1075 (WinBuild.160101.0800)","LogonGuid":"{8bcf3217-54f5-5ebe-e703-000000000000}","CommandLine":"\\??\\C:\\Windows\\system32\\conhost.exe 0xffffffff -ForceV1","ProcessId":"4680","ParentCommandLine":"\"C:\\Windows\\System32\\OpenSSH\\sshd.exe\" \"-R\"","LogonId":"0x3e7","ProcessGuid":"{8bcf3217-588e-5ec2-6e15-00000000b000}","OriginalFileName":"CONHOST.EXE","RuleName":"-","Description":"Console Window Host","IntegrityLevel":"System","ParentProcessGuid":"{8bcf3217-588e-5ec2-6d15-00000000b000}","Product":"Microsoft® Windows® Operating System","User":"NT AUTHORITY\\SYSTEM","Hashes":"SHA1=74F28DD9B0DA310D85F1931DB2749A26A9A8AB02","CurrentDirectory":"C:\\Windows"}
{"UtcTime":"2020-05-18 09:42:40.408","RuleName":"-","Image":"C:\\Windows\\System32\\OpenSSH\\sshd.exe","ProcessId":"3336","ProcessGuid":"{8bcf3217-588e-5ec2-6d15-00000000b000}"}
{"UtcTime":"2020-05-18 09:42:40.408","RuleName":"-","Image":"C:\\Windows\\System32\\conhost.exe","ProcessId":"4680","ProcessGuid":"{8bcf3217-588e-5ec2-6e15-00000000b000}"}
{"UtcTime":"2020-05-18 09:42:40.437","TerminalSessionId":"0","Company":"-","ParentImage":"C:\\Windows\\System32\\OpenSSH\\sshd.exe","Image":"C:\\Windows\\System32\\OpenSSH\\sshd.exe","FileVersion":"7.7.2.2","ParentProcessId":"1640","LogonGuid":"{8bcf3217-54f5-5ebe-e703-000000000000}","ProcessId":"3440","CommandLine":"\"C:\\Windows\\System32\\OpenSSH\\sshd.exe\" \"-R\"","ParentCommandLine":"C:\\Windows\\System32\\OpenSSH\\sshd.exe","LogonId":"0x3e7","ProcessGuid":"{8bcf3217-5890-5ec2-6f15-00000000b000}","OriginalFileName":"-","RuleName":"-","Description":"-","IntegrityLevel":"System","ParentProcessGuid":"{8bcf3217-54f8-5ebe-2700-00000000b000}","Product":"OpenSSH for Windows","CurrentDirectory":"C:\\","Hashes":"SHA1=332C3AE15BF630ED2806BB869F7C0E91F3C884F5","User":"NT AUTHORITY\\SYSTEM"}
{"UtcTime":"2020-05-18 09:42:40.443","TerminalSessionId":"0","Company":"Microsoft Corporation","ParentImage":"C:\\Windows\\System32\\OpenSSH\\sshd.exe","Image":"C:\\Windows\\System32\\conhost.exe","ParentProcessId":"3440","FileVersion":"10.0.17763.1075 (WinBuild.160101.0800)","LogonGuid":"{8bcf3217-54f5-5ebe-e703-000000000000}","ProcessId":"172","CommandLine":"\\??\\C:\\Windows\\system32\\conhost.exe 0xffffffff -ForceV1","ParentCommandLine":"\"C:\\Windows\\System32\\OpenSSH\\sshd.exe\" \"-R\"","LogonId":"0x3e7","ProcessGuid":"{8bcf3217-5890-5ec2-7015-00000000b000}","OriginalFileName":"CONHOST.EXE","RuleName":"-","Description":"Console Window Host","IntegrityLevel":"System","ParentProcessGuid":"{8bcf3217-5890-5ec2-6f15-00000000b000}","Product":"Microsoft® Windows® Operating System","User":"NT AUTHORITY\\SYSTEM","CurrentDirectory":"C:\\Windows","Hashes":"SHA1=74F28DD9B0DA310D85F1931DB2749A26A9A8AB02"}
{"UtcTime":"2020-05-18 09:42:40.475","TerminalSessionId":"0","Company":"-","ParentImage":"C:\\Windows\\System32\\OpenSSH\\sshd.exe","Image":"C:\\Windows\\System32\\OpenSSH\\sshd.exe","ParentProcessId":"1640","FileVersion":"7.7.2.2","LogonGuid":"{8bcf3217-54f5-5ebe-e703-000000000000}","CommandLine":"\"C:\\Windows\\System32\\OpenSSH\\sshd.exe\" \"-R\"","ProcessId":"668","ParentCommandLine":"C:\\Windows\\System32\\OpenSSH\\sshd.exe","LogonId":"0x3e7","ProcessGuid":"{8bcf3217-5890-5ec2-7115-00000000b000}","OriginalFileName":"-","RuleName":"-","Description":"-","IntegrityLevel":"System","ParentProcessGuid":"{8bcf3217-54f8-5ebe-2700-00000000b000}","Product":"OpenSSH for Windows","User":"NT AUTHORITY\\SYSTEM","Hashes":"SHA1=332C3AE15BF630ED2806BB869F7C0E91F3C884F5","CurrentDirectory":"C:\\"}
{"UtcTime":"2020-05-18 09:42:40.489","TerminalSessionId":"0","Company":"Microsoft Corporation","ParentImage":"C:\\Windows\\System32\\OpenSSH\\sshd.exe","Image":"C:\\Windows\\System32\\conhost.exe","ParentProcessId":"668","FileVersion":"10.0.17763.1075 (WinBuild.160101.0800)","LogonGuid":"{8bcf3217-54f5-5ebe-e703-000000000000}","ProcessId":"1256","CommandLine":"\\??\\C:\\Windows\\system32\\conhost.exe 0xffffffff -ForceV1","ParentCommandLine":"\"C:\\Windows\\System32\\OpenSSH\\sshd.exe\" \"-R\"","LogonId":"0x3e7","ProcessGuid":"{8bcf3217-5890-5ec2-7215-00000000b000}","OriginalFileName":"CONHOST.EXE","RuleName":"-","Description":"Console Window Host","IntegrityLevel":"System","ParentProcessGuid":"{8bcf3217-5890-5ec2-7115-00000000b000}","Product":"Microsoft® Windows® Operating System","User":"NT AUTHORITY\\SYSTEM","Hashes":"SHA1=74F28DD9B0DA310D85F1931DB2749A26A9A8AB02","CurrentDirectory":"C:\\Windows"}
