{"SourceIp":"185.202.2.27","UtcTime":"2020-05-18 09:53:34.953","SourcePortName":"-","DestinationPortName":"ms-wbt-server","RuleName":"RDP","SourceHostname":"-","SourceIsIpv6":"false","DestinationHostname":"EC2AMAZ-NP5R74L.eu-central-1.compute.internal","DestinationIsIpv6":"false","Image":"C:\\Windows\\System32\\svchost.exe","DestinationIp":"172.31.34.47","DestinationPort":"3389","ProcessId":"824","Protocol":"tcp","SourcePort":"64631","User":"NT AUTHORITY\\NETWORK SERVICE","Initiated":"false","ProcessGuid":"{8bcf3217-54f6-5ebe-1300-00000000b000}"}
{"SourcePortName":"-","UtcTime":"2020-05-18 09:53:34.957","DestinationPortName":"ms-wbt-server","SourceIp":"185.202.2.26","RuleName":"RDP","SourceIsIpv6":"false","SourceHostname":"-","DestinationHostname":"EC2AMAZ-NP5R74L.eu-central-1.compute.internal","DestinationIsIpv6":"false","DestinationIp":"172.31.34.47","Image":"C:\\Windows\\System32\\svchost.exe","DestinationPort":"3389","ProcessId":"824","Protocol":"tcp","SourcePort":"65243","User":"NT AUTHORITY\\NETWORK SERVICE","Initiated":"false","ProcessGuid":"{8bcf3217-54f6-5ebe-1300-00000000b000}"}
{"UtcTime":"2020-05-18 09:59:35.642","TerminalSessionId":"0","Company":"-","ParentImage":"C:\\Windows\\System32\\OpenSSH\\sshd.exe","Image":"C:\\Windows\\System32\\OpenSSH\\sshd.exe","ParentProcessId":"1820","FileVersion":"7.7.2.2","LogonGuid":"{87a71a6b-54eb-5ebe-e703-000000000000}","CommandLine":"\"C:\\Windows\\System32\\OpenSSH\\sshd.exe\" \"-R\"","ProcessId":"5016","ParentCommandLine":"C:\\Windows\\System32\\OpenSSH\\sshd.exe","LogonId":"0x3e7","ProcessGuid":"{87a71a6b-5c87-5ec2-0553-01000000b000}","OriginalFileName":"-","RuleName":"-","Description":"-","IntegrityLevel":"System","ParentProcessGuid":"{87a71a6b-54ee-5ebe-2700-00000000b000}","Product":"OpenSSH for Windows","User":"NT AUTHORITY\\SYSTEM","Hashes":"MD5=72789836EEA643C23CD87732B8535E7E,SHA256=731E8034CB953ABCD0FC86400AD55113EFA302F77D276213198A76065601576B,IMPHASH=27DE371E1DAE125BC04CC09552C72D87","CurrentDirectory":"C:\\"}
{"UtcTime":"2020-05-18 09:43:06.862","RuleName":"-","Image":"C:\\Windows\\System32\\OpenSSH\\sshd.exe","ProcessId":"3396","ProcessGuid":"{8bcf3217-58a1-5ec2-7715-00000000b000}"}
{"UtcTime":"2020-05-18 09:47:56.102","Configuration":"C:\\Users\\Administrator\\sysmon\\sysmon-config.xml","ConfigurationFileHash":"SHA1=F8982ED51014693DAEA9EAD9DEE1D34A3664C181"}
{"UtcTime":"2020-05-18 09:47:50.121","DestinationPortName":"ms-wbt-server","SourceIp":"185.209.0.143","SourcePortName":"-","RuleName":"RDP","SourceHostname":"-","SourceIsIpv6":"false","DestinationHostname":"EC2AMAZ-NP5R74L.eu-central-1.compute.internal","DestinationIsIpv6":"false","DestinationIp":"172.31.34.47","Image":"C:\\Windows\\System32\\svchost.exe","DestinationPort":"3389","ProcessId":"824","Protocol":"tcp","SourcePort":"59637","User":"NT AUTHORITY\\NETWORK SERVICE","Initiated":"false","ProcessGuid":"{8bcf3217-54f6-5ebe-1300-00000000b000}"}
{"UtcTime":"2020-05-18 09:49:29.628","SourceIp":"185.209.0.113","DestinationPortName":"ms-wbt-server","SourcePortName":"-","RuleName":"RDP","SourceHostname":"-","SourceIsIpv6":"false","DestinationHostname":"EC2AMAZ-NP5R74L.eu-central-1.compute.internal","DestinationIsIpv6":"false","Image":"C:\\Windows\\System32\\svchost.exe","DestinationIp":"172.31.34.47","DestinationPort":"3389","ProcessId":"824","Protocol":"tcp","SourcePort":"52921","User":"NT AUTHORITY\\NETWORK SERVICE","Initiated":"false","ProcessGuid":"{8bcf3217-54f6-5ebe-1300-00000000b000}"}
{"SourcePortName":"-","DestinationPortName":"ms-wbt-server","SourceIp":"85.19.205.194","UtcTime":"2020-05-18 09:49:32.062","RuleName":"RDP","SourceIsIpv6":"false","SourceHostname":"mail.itavdelingen.no","DestinationHostname":"EC2AMAZ-NP5R74L.eu-central-1.compute.internal","DestinationIsIpv6":"false","Image":"C:\\Windows\\System32\\svchost.exe","DestinationIp":"172.31.34.47","DestinationPort":"3389","ProcessId":"824","Protocol":"tcp","SourcePort":"5277","User":"NT AUTHORITY\\NETWORK SERVICE","Initiated":"false","ProcessGuid":"{8bcf3217-54f6-5ebe-1300-00000000b000}"}
{"SourcePortName":"-","UtcTime":"2020-05-18 09:49:32.434","DestinationPortName":"ms-wbt-server","SourceIp":"185.209.0.106","RuleName":"RDP","SourceIsIpv6":"false","SourceHostname":"-","DestinationHostname":"EC2AMAZ-NP5R74L.eu-central-1.compute.internal","DestinationIsIpv6":"false","Image":"C:\\Windows\\System32\\svchost.exe","DestinationIp":"172.31.34.47","DestinationPort":"3389","ProcessId":"824","Protocol":"tcp","SourcePort":"51613","User":"NT AUTHORITY\\NETWORK SERVICE","Initiated":"false","ProcessGuid":"{8bcf3217-54f6-5ebe-1300-00000000b000}"}
{"QueryName":"EC2AMAZ-NP5R74L","UtcTime":"2020-05-18 09:49:43.931","RuleName":"-","QueryResults":"fe80::5851:1e8e:ed59:d2e9;172.31.34.47;","Image":"C:\\Windows\\System32\\svchost.exe","QueryStatus":"0","ProcessId":"1464","ProcessGuid":"{8bcf3217-54f7-5ebe-1b00-00000000b000}"}
{"SourceIp":"185.202.1.230","DestinationPortName":"ms-wbt-server","UtcTime":"2020-05-18 09:49:40.379","SourcePortName":"-","RuleName":"RDP","SourceHostname":"-","SourceIsIpv6":"false","DestinationHostname":"EC2AMAZ-NP5R74L.eu-central-1.compute.internal","DestinationIsIpv6":"false","DestinationIp":"172.31.34.47","Image":"C:\\Windows\\System32\\svchost.exe","DestinationPort":"3389","ProcessId":"824","Protocol":"tcp","SourcePort":"54234","User":"NT AUTHORITY\\NETWORK SERVICE","Initiated":"false","ProcessGuid":"{8bcf3217-54f6-5ebe-1300-00000000b000}"}
{"SourcePortName":"-","SourceIp":"185.153.199.132","DestinationPortName":"ms-wbt-server","UtcTime":"2020-05-18 09:49:41.865","RuleName":"RDP","SourceIsIpv6":"false","SourceHostname":"server-185-153-199-132.cloudedic.net","DestinationHostname":"EC2AMAZ-NP5R74L.eu-central-1.compute.internal","DestinationIsIpv6":"false","Image":"C:\\Windows\\System32\\svchost.exe","DestinationIp":"172.31.34.47","DestinationPort":"3389","ProcessId":"824","Protocol":"tcp","SourcePort":"8126","User":"NT AUTHORITY\\NETWORK SERVICE","Initiated":"false","ProcessGuid":"{8bcf3217-54f6-5ebe-1300-00000000b000}"}
{"SourceIp":"185.209.0.105","UtcTime":"2020-05-18 09:49:42.119","DestinationPortName":"ms-wbt-server","SourcePortName":"-","RuleName":"RDP","SourceIsIpv6":"false","SourceHostname":"-","DestinationHostname":"EC2AMAZ-NP5R74L.eu-central-1.compute.internal","DestinationIsIpv6":"false","Image":"C:\\Windows\\System32\\svchost.exe","DestinationIp":"172.31.34.47","DestinationPort":"3389","ProcessId":"824","Protocol":"tcp","SourcePort":"62560","User":"NT AUTHORITY\\NETWORK SERVICE","Initiated":"false","ProcessGuid":"{8bcf3217-54f6-5ebe-1300-00000000b000}"}
{"SourcePortName":"-","DestinationPortName":"ms-wbt-server","UtcTime":"2020-05-18 09:49:46.925","SourceIp":"92.63.194.3","RuleName":"RDP","SourceHostname":"-","SourceIsIpv6":"false","DestinationHostname":"EC2AMAZ-NP5R74L.eu-central-1.compute.internal","DestinationIsIpv6":"false","DestinationIp":"172.31.34.47","Image":"C:\\Windows\\System32\\svchost.exe","DestinationPort":"3389","ProcessId":"824","Protocol":"tcp","SourcePort":"18028","User":"NT AUTHORITY\\NETWORK SERVICE","Initiated":"false","ProcessGuid":"{8bcf3217-54f6-5ebe-1300-00000000b000}"}
{"SourcePortName":"-","SourceIp":"185.153.199.133","DestinationPortName":"ms-wbt-server","UtcTime":"2020-05-18 09:49:47.408","RuleName":"RDP","SourceIsIpv6":"false","SourceHostname":"server-185-153-199-133.cloudedic.net","DestinationHostname":"EC2AMAZ-NP5R74L.eu-central-1.compute.internal","DestinationIsIpv6":"false","DestinationIp":"172.31.34.47","Image":"C:\\Windows\\System32\\svchost.exe","DestinationPort":"3389","ProcessId":"824","Protocol":"tcp","SourcePort":"58970","User":"NT AUTHORITY\\NETWORK SERVICE","Initiated":"false","ProcessGuid":"{8bcf3217-54f6-5ebe-1300-00000000b000}"}
{"UtcTime":"2020-05-18 09:49:48.305","SourceIp":"185.209.0.116","SourcePortName":"-","DestinationPortName":"ms-wbt-server","RuleName":"RDP","SourceIsIpv6":"false","SourceHostname":"-","DestinationHostname":"EC2AMAZ-NP5R74L.eu-central-1.compute.internal","DestinationIsIpv6":"false","DestinationIp":"172.31.34.47","Image":"C:\\Windows\\System32\\svchost.exe","DestinationPort":"3389","ProcessId":"824","Protocol":"tcp","SourcePort":"54576","User":"NT AUTHORITY\\NETWORK SERVICE","Initiated":"false","ProcessGuid":"{8bcf3217-54f6-5ebe-1300-00000000b000}"}
{"SourcePortName":"-","DestinationPortName":"ms-wbt-server","UtcTime":"2020-05-18 09:49:52.218","SourceIp":"85.19.205.194","RuleName":"RDP","SourceHostname":"mail.itavdelingen.no","SourceIsIpv6":"false","DestinationHostname":"EC2AMAZ-NP5R74L.eu-central-1.compute.internal","DestinationIsIpv6":"false","Image":"C:\\Windows\\System32\\svchost.exe","DestinationIp":"172.31.34.47","DestinationPort":"3389","ProcessId":"824","Protocol":"tcp","SourcePort":"27650","User":"NT AUTHORITY\\NETWORK SERVICE","Initiated":"false","ProcessGuid":"{8bcf3217-54f6-5ebe-1300-00000000b000}"}
{"SourceIp":"185.209.0.116","UtcTime":"2020-05-18 09:49:54.871","DestinationPortName":"ms-wbt-server","SourcePortName":"-","RuleName":"RDP","SourceIsIpv6":"false","SourceHostname":"-","DestinationHostname":"EC2AMAZ-NP5R74L.eu-central-1.compute.internal","DestinationIsIpv6":"false","Image":"C:\\Windows\\System32\\svchost.exe","DestinationIp":"172.31.34.47","DestinationPort":"3389","ProcessId":"824","Protocol":"tcp","SourcePort":"57308","User":"NT AUTHORITY\\NETWORK SERVICE","Initiated":"false","ProcessGuid":"{8bcf3217-54f6-5ebe-1300-00000000b000}"}
{"SourceIp":"45.143.200.3","DestinationPortName":"ms-wbt-server","UtcTime":"2020-05-18 09:49:55.776","SourcePortName":"-","RuleName":"RDP","SourceIsIpv6":"false","SourceHostname":"-","DestinationHostname":"EC2AMAZ-NP5R74L.eu-central-1.compute.internal","DestinationIsIpv6":"false","DestinationIp":"172.31.34.47","Image":"C:\\Windows\\System32\\svchost.exe","DestinationPort":"3389","ProcessId":"824","Protocol":"tcp","SourcePort":"57075","User":"NT AUTHORITY\\NETWORK SERVICE","Initiated":"false","ProcessGuid":"{8bcf3217-54f6-5ebe-1300-00000000b000}"}
{"UtcTime":"2020-05-18 09:49:59.173","SourceIp":"51.91.69.20","DestinationPortName":"ms-wbt-server","SourcePortName":"-","RuleName":"RDP","SourceIsIpv6":"false","SourceHostname":"ns61208963.ip-51-91-69.eu","DestinationHostname":"EC2AMAZ-NP5R74L.eu-central-1.compute.internal","DestinationIsIpv6":"false","Image":"C:\\Windows\\System32\\svchost.exe","DestinationIp":"172.31.34.47","DestinationPort":"3389","ProcessId":"824","Protocol":"tcp","SourcePort":"62374","User":"NT AUTHORITY\\NETWORK SERVICE","Initiated":"false","ProcessGuid":"{8bcf3217-54f6-5ebe-1300-00000000b000}"}
{"UtcTime":"2020-05-18 09:50:00.823","SourcePortName":"-","DestinationPortName":"ms-wbt-server","SourceIp":"185.153.199.132","RuleName":"RDP","SourceHostname":"server-185-153-199-132.cloudedic.net","SourceIsIpv6":"false","DestinationHostname":"EC2AMAZ-NP5R74L.eu-central-1.compute.internal","DestinationIsIpv6":"false","DestinationIp":"172.31.34.47","Image":"C:\\Windows\\System32\\svchost.exe","DestinationPort":"3389","ProcessId":"824","Protocol":"tcp","SourcePort":"6890","User":"NT AUTHORITY\\NETWORK SERVICE","Initiated":"false","ProcessGuid":"{8bcf3217-54f6-5ebe-1300-00000000b000}"}
{"SourceIp":"171.244.37.145","DestinationPortName":"ms-wbt-server","SourcePortName":"-","UtcTime":"2020-05-18 09:52:09.082","RuleName":"RDP","SourceHostname":"-","SourceIsIpv6":"false","DestinationHostname":"EC2AMAZ-NP5R74L.eu-central-1.compute.internal","DestinationIsIpv6":"false","Image":"C:\\Windows\\System32\\svchost.exe","DestinationIp":"172.31.34.47","DestinationPort":"3389","ProcessId":"824","Protocol":"tcp","SourcePort":"59119","User":"NT AUTHORITY\\NETWORK SERVICE","Initiated":"false","ProcessGuid":"{8bcf3217-54f6-5ebe-1300-00000000b000}"}
{"UtcTime":"2020-05-18 09:52:14.370","SourceIp":"185.153.199.131","DestinationPortName":"ms-wbt-server","SourcePortName":"-","RuleName":"RDP","SourceHostname":"server-185-153-199-131.cloudedic.net","SourceIsIpv6":"false","DestinationHostname":"EC2AMAZ-NP5R74L.eu-central-1.compute.internal","DestinationIsIpv6":"false","DestinationIp":"172.31.34.47","Image":"C:\\Windows\\System32\\svchost.exe","DestinationPort":"3389","ProcessId":"824","Protocol":"tcp","SourcePort":"1565","User":"NT AUTHORITY\\NETWORK SERVICE","Initiated":"false","ProcessGuid":"{8bcf3217-54f6-5ebe-1300-00000000b000}"}
{"UtcTime":"2020-05-18 09:52:17.857","DestinationPortName":"ms-wbt-server","SourceIp":"194.61.55.192","SourcePortName":"-","RuleName":"RDP","SourceHostname":"-","SourceIsIpv6":"false","DestinationHostname":"EC2AMAZ-NP5R74L.eu-central-1.compute.internal","DestinationIsIpv6":"false","Image":"C:\\Windows\\System32\\svchost.exe","DestinationIp":"172.31.34.47","DestinationPort":"3389","ProcessId":"824","Protocol":"tcp","SourcePort":"13787","User":"NT AUTHORITY\\NETWORK SERVICE","Initiated":"false","ProcessGuid":"{8bcf3217-54f6-5ebe-1300-00000000b000}"}
{"UtcTime":"2020-05-18 09:52:47.774","DestinationPortName":"ms-wbt-server","SourceIp":"87.251.75.216","SourcePortName":"-","RuleName":"RDP","SourceIsIpv6":"false","SourceHostname":"-","DestinationHostname":"EC2AMAZ-NP5R74L.eu-central-1.compute.internal","DestinationIsIpv6":"false","DestinationIp":"172.31.34.47","Image":"C:\\Windows\\System32\\svchost.exe","DestinationPort":"3389","ProcessId":"824","Protocol":"tcp","SourcePort":"54330","User":"NT AUTHORITY\\NETWORK SERVICE","Initiated":"false","ProcessGuid":"{8bcf3217-54f6-5ebe-1300-00000000b000}"}
{"SourceIp":"194.61.55.133","DestinationPortName":"ms-wbt-server","UtcTime":"2020-05-18 09:52:49.694","SourcePortName":"-","RuleName":"RDP","SourceIsIpv6":"false","SourceHostname":"-","DestinationHostname":"EC2AMAZ-NP5R74L.eu-central-1.compute.internal","DestinationIsIpv6":"false","Image":"C:\\Windows\\System32\\svchost.exe","DestinationIp":"172.31.34.47","DestinationPort":"3389","ProcessId":"824","Protocol":"tcp","SourcePort":"61390","User":"NT AUTHORITY\\NETWORK SERVICE","Initiated":"false","ProcessGuid":"{8bcf3217-54f6-5ebe-1300-00000000b000}"}
{"UtcTime":"2020-05-18 09:52:50.752","SourceIp":"185.202.2.31","SourcePortName":"-","DestinationPortName":"ms-wbt-server","RuleName":"RDP","SourceHostname":"-","SourceIsIpv6":"false","DestinationHostname":"EC2AMAZ-NP5R74L.eu-central-1.compute.internal","DestinationIsIpv6":"false","Image":"C:\\Windows\\System32\\svchost.exe","DestinationIp":"172.31.34.47","DestinationPort":"3389","ProcessId":"824","Protocol":"tcp","SourcePort":"63824","User":"NT AUTHORITY\\NETWORK SERVICE","Initiated":"false","ProcessGuid":"{8bcf3217-54f6-5ebe-1300-00000000b000}"}
{"SourceIp":"85.19.205.194","SourcePortName":"-","DestinationPortName":"ms-wbt-server","UtcTime":"2020-05-18 09:52:51.330","RuleName":"RDP","SourceIsIpv6":"false","SourceHostname":"mail.itavdelingen.no","DestinationHostname":"EC2AMAZ-NP5R74L.eu-central-1.compute.internal","DestinationIsIpv6":"false","Image":"C:\\Windows\\System32\\svchost.exe","DestinationIp":"172.31.34.47","DestinationPort":"3389","ProcessId":"824","Protocol":"tcp","SourcePort":"2016","User":"NT AUTHORITY\\NETWORK SERVICE","Initiated":"false","ProcessGuid":"{8bcf3217-54f6-5ebe-1300-00000000b000}"}
{"SourceIp":"185.209.0.117","DestinationPortName":"ms-wbt-server","SourcePortName":"-","UtcTime":"2020-05-18 09:52:52.121","RuleName":"RDP","SourceIsIpv6":"false","SourceHostname":"-","DestinationHostname":"EC2AMAZ-NP5R74L.eu-central-1.compute.internal","DestinationIsIpv6":"false","DestinationIp":"172.31.34.47","Image":"C:\\Windows\\System32\\svchost.exe","DestinationPort":"3389","ProcessId":"824","Protocol":"tcp","SourcePort":"53972","User":"NT AUTHORITY\\NETWORK SERVICE","Initiated":"false","ProcessGuid":"{8bcf3217-54f6-5ebe-1300-00000000b000}"}
{"SourcePortName":"-","DestinationPortName":"ms-wbt-server","SourceIp":"185.209.0.106","UtcTime":"2020-05-18 09:52:53.818","RuleName":"RDP","SourceIsIpv6":"false","SourceHostname":"-","DestinationHostname":"EC2AMAZ-NP5R74L.eu-central-1.compute.internal","DestinationIsIpv6":"false","DestinationIp":"172.31.34.47","Image":"C:\\Windows\\System32\\svchost.exe","DestinationPort":"3389","ProcessId":"824","Protocol":"tcp","SourcePort":"64624","User":"NT AUTHORITY\\NETWORK SERVICE","Initiated":"false","ProcessGuid":"{8bcf3217-54f6-5ebe-1300-00000000b000}"}
{"UtcTime":"2020-05-18 09:52:54.406","SourcePortName":"-","DestinationPortName":"ms-wbt-server","SourceIp":"151.253.118.177","RuleName":"RDP","SourceHostname":"-","SourceIsIpv6":"false","DestinationHostname":"EC2AMAZ-NP5R74L.eu-central-1.compute.internal","DestinationIsIpv6":"false","Image":"C:\\Windows\\System32\\svchost.exe","DestinationIp":"172.31.34.47","DestinationPort":"3389","ProcessId":"824","Protocol":"tcp","SourcePort":"45426","User":"NT AUTHORITY\\NETWORK SERVICE","Initiated":"false","ProcessGuid":"{8bcf3217-54f6-5ebe-1300-00000000b000}"}
{"UtcTime":"2020-05-18 09:52:54.880","DestinationPortName":"ms-wbt-server","SourcePortName":"-","SourceIp":"185.202.2.26","RuleName":"RDP","SourceIsIpv6":"false","SourceHostname":"-","DestinationHostname":"EC2AMAZ-NP5R74L.eu-central-1.compute.internal","DestinationIsIpv6":"false","DestinationIp":"172.31.34.47","Image":"C:\\Windows\\System32\\svchost.exe","DestinationPort":"3389","ProcessId":"824","Protocol":"tcp","SourcePort":"60606","User":"NT AUTHORITY\\NETWORK SERVICE","Initiated":"false","ProcessGuid":"{8bcf3217-54f6-5ebe-1300-00000000b000}"}
{"SourcePortName":"-","DestinationPortName":"ms-wbt-server","UtcTime":"2020-05-18 09:52:55.875","SourceIp":"185.202.2.27","RuleName":"RDP","SourceHostname":"-","SourceIsIpv6":"false","DestinationHostname":"EC2AMAZ-NP5R74L.eu-central-1.compute.internal","DestinationIsIpv6":"false","Image":"C:\\Windows\\System32\\svchost.exe","DestinationIp":"172.31.34.47","DestinationPort":"3389","ProcessId":"824","Protocol":"tcp","SourcePort":"55375","User":"NT AUTHORITY\\NETWORK SERVICE","Initiated":"false","ProcessGuid":"{8bcf3217-54f6-5ebe-1300-00000000b000}"}
{"SourcePortName":"-","DestinationPortName":"ms-wbt-server","UtcTime":"2020-05-18 09:52:55.916","SourceIp":"185.209.0.105","RuleName":"RDP","SourceHostname":"-","SourceIsIpv6":"false","DestinationHostname":"EC2AMAZ-NP5R74L.eu-central-1.compute.internal","DestinationIsIpv6":"false","Image":"C:\\Windows\\System32\\svchost.exe","DestinationIp":"172.31.34.47","DestinationPort":"3389","ProcessId":"824","Protocol":"tcp","SourcePort":"63714","User":"NT AUTHORITY\\NETWORK SERVICE","Initiated":"false","ProcessGuid":"{8bcf3217-54f6-5ebe-1300-00000000b000}"}
{"SourcePortName":"-","DestinationPortName":"ms-wbt-server","UtcTime":"2020-05-18 09:52:58.280","SourceIp":"185.209.0.113","RuleName":"RDP","SourceIsIpv6":"false","SourceHostname":"-","DestinationHostname":"EC2AMAZ-NP5R74L.eu-central-1.compute.internal","DestinationIsIpv6":"false","Image":"C:\\Windows\\System32\\svchost.exe","DestinationIp":"172.31.34.47","DestinationPort":"3389","ProcessId":"824","Protocol":"tcp","SourcePort":"62154","User":"NT AUTHORITY\\NETWORK SERVICE","Initiated":"false","ProcessGuid":"{8bcf3217-54f6-5ebe-1300-00000000b000}"}
{"UtcTime":"2020-05-18 09:52:58.952","SourcePortName":"-","DestinationPortName":"ms-wbt-server","SourceIp":"194.61.55.192","RuleName":"RDP","SourceHostname":"-","SourceIsIpv6":"false","DestinationHostname":"EC2AMAZ-NP5R74L.eu-central-1.compute.internal","DestinationIsIpv6":"false","DestinationIp":"172.31.34.47","Image":"C:\\Windows\\System32\\svchost.exe","DestinationPort":"3389","ProcessId":"824","Protocol":"tcp","SourcePort":"34609","User":"NT AUTHORITY\\NETWORK SERVICE","Initiated":"false","ProcessGuid":"{8bcf3217-54f6-5ebe-1300-00000000b000}"}
{"SourcePortName":"-","UtcTime":"2020-05-18 09:52:59.179","SourceIp":"185.153.199.131","DestinationPortName":"ms-wbt-server","RuleName":"RDP","SourceIsIpv6":"false","SourceHostname":"server-185-153-199-131.cloudedic.net","DestinationHostname":"EC2AMAZ-NP5R74L.eu-central-1.compute.internal","DestinationIsIpv6":"false","Image":"C:\\Windows\\System32\\svchost.exe","DestinationIp":"172.31.34.47","DestinationPort":"3389","ProcessId":"824","Protocol":"tcp","SourcePort":"23019","User":"NT AUTHORITY\\NETWORK SERVICE","Initiated":"false","ProcessGuid":"{8bcf3217-54f6-5ebe-1300-00000000b000}"}
{"SourceIp":"185.209.0.106","DestinationPortName":"ms-wbt-server","UtcTime":"2020-05-18 09:53:00.386","SourcePortName":"-","RuleName":"RDP","SourceIsIpv6":"false","SourceHostname":"-","DestinationHostname":"EC2AMAZ-NP5R74L.eu-central-1.compute.internal","DestinationIsIpv6":"false","DestinationIp":"172.31.34.47","Image":"C:\\Windows\\System32\\svchost.exe","DestinationPort":"3389","ProcessId":"824","Protocol":"tcp","SourcePort":"54101","User":"NT AUTHORITY\\NETWORK SERVICE","Initiated":"false","ProcessGuid":"{8bcf3217-54f6-5ebe-1300-00000000b000}"}
{"UtcTime":"2020-05-18 09:53:02.130","SourcePortName":"-","SourceIp":"185.202.2.25","DestinationPortName":"ms-wbt-server","RuleName":"RDP","SourceHostname":"-","SourceIsIpv6":"false","DestinationHostname":"EC2AMAZ-NP5R74L.eu-central-1.compute.internal","DestinationIsIpv6":"false","DestinationIp":"172.31.34.47","Image":"C:\\Windows\\System32\\svchost.exe","DestinationPort":"3389","ProcessId":"824","Protocol":"tcp","SourcePort":"55459","User":"NT AUTHORITY\\NETWORK SERVICE","Initiated":"false","ProcessGuid":"{8bcf3217-54f6-5ebe-1300-00000000b000}"}
{"SourceIp":"194.61.55.116","UtcTime":"2020-05-18 09:53:04.020","SourcePortName":"-","DestinationPortName":"ms-wbt-server","RuleName":"RDP","SourceHostname":"-","SourceIsIpv6":"false","DestinationHostname":"EC2AMAZ-NP5R74L.eu-central-1.compute.internal","DestinationIsIpv6":"false","Image":"C:\\Windows\\System32\\svchost.exe","DestinationIp":"172.31.34.47","DestinationPort":"3389","ProcessId":"824","Protocol":"tcp","SourcePort":"50156","User":"NT AUTHORITY\\NETWORK SERVICE","Initiated":"false","ProcessGuid":"{8bcf3217-54f6-5ebe-1300-00000000b000}"}
{"SourcePortName":"-","UtcTime":"2020-05-18 09:56:58.306","DestinationPortName":"ms-wbt-server","SourceIp":"185.202.2.20","RuleName":"RDP","SourceIsIpv6":"false","SourceHostname":"-","DestinationHostname":"EC2AMAZ-NP5R74L.eu-central-1.compute.internal","DestinationIsIpv6":"false","Image":"C:\\Windows\\System32\\svchost.exe","DestinationIp":"172.31.34.47","DestinationPort":"3389","ProcessId":"824","Protocol":"tcp","SourcePort":"40278","User":"NT AUTHORITY\\NETWORK SERVICE","Initiated":"false","ProcessGuid":"{8bcf3217-54f6-5ebe-1300-00000000b000}"}
{"UtcTime":"2020-05-18 09:56:58.332","SourceIp":"51.91.69.20","SourcePortName":"-","DestinationPortName":"ms-wbt-server","RuleName":"RDP","SourceHostname":"ns61208963.ip-51-91-69.eu","SourceIsIpv6":"false","DestinationHostname":"EC2AMAZ-NP5R74L.eu-central-1.compute.internal","DestinationIsIpv6":"false","DestinationIp":"172.31.34.47","Image":"C:\\Windows\\System32\\svchost.exe","DestinationPort":"3389","ProcessId":"824","Protocol":"tcp","SourcePort":"55667","User":"NT AUTHORITY\\NETWORK SERVICE","Initiated":"false","ProcessGuid":"{8bcf3217-54f6-5ebe-1300-00000000b000}"}
{"SourceIp":"185.202.2.19","DestinationPortName":"ms-wbt-server","UtcTime":"2020-05-18 09:56:58.466","SourcePortName":"-","RuleName":"RDP","SourceIsIpv6":"false","SourceHostname":"-","DestinationHostname":"EC2AMAZ-NP5R74L.eu-central-1.compute.internal","DestinationIsIpv6":"false","Image":"C:\\Windows\\System32\\svchost.exe","DestinationIp":"172.31.34.47","DestinationPort":"3389","ProcessId":"824","Protocol":"tcp","SourcePort":"16452","User":"NT AUTHORITY\\NETWORK SERVICE","Initiated":"false","ProcessGuid":"{8bcf3217-54f6-5ebe-1300-00000000b000}"}
{"SourcePortName":"-","DestinationPortName":"ms-wbt-server","SourceIp":"185.202.2.22","UtcTime":"2020-05-18 09:56:58.725","RuleName":"RDP","SourceIsIpv6":"false","SourceHostname":"-","DestinationHostname":"EC2AMAZ-NP5R74L.eu-central-1.compute.internal","DestinationIsIpv6":"false","DestinationIp":"172.31.34.47","Image":"C:\\Windows\\System32\\svchost.exe","DestinationPort":"3389","ProcessId":"824","Protocol":"tcp","SourcePort":"58566","User":"NT AUTHORITY\\NETWORK SERVICE","Initiated":"false","ProcessGuid":"{8bcf3217-54f6-5ebe-1300-00000000b000}"}
{"UtcTime":"2020-05-18 09:57:03.044","SourceIp":"185.202.2.16","SourcePortName":"-","DestinationPortName":"ms-wbt-server","RuleName":"RDP","SourceHostname":"-","SourceIsIpv6":"false","DestinationHostname":"EC2AMAZ-NP5R74L.eu-central-1.compute.internal","DestinationIsIpv6":"false","Image":"C:\\Windows\\System32\\svchost.exe","DestinationIp":"172.31.34.47","DestinationPort":"3389","ProcessId":"824","Protocol":"tcp","SourcePort":"50337","User":"NT AUTHORITY\\NETWORK SERVICE","Initiated":"false","ProcessGuid":"{8bcf3217-54f6-5ebe-1300-00000000b000}"}
{"SourceIp":"185.202.2.224","UtcTime":"2020-05-18 09:57:03.063","DestinationPortName":"ms-wbt-server","SourcePortName":"-","RuleName":"RDP","SourceIsIpv6":"false","SourceHostname":"-","DestinationHostname":"EC2AMAZ-NP5R74L.eu-central-1.compute.internal","DestinationIsIpv6":"false","Image":"C:\\Windows\\System32\\svchost.exe","DestinationIp":"172.31.34.47","DestinationPort":"3389","ProcessId":"824","Protocol":"tcp","SourcePort":"36558","User":"NT AUTHORITY\\NETWORK SERVICE","Initiated":"false","ProcessGuid":"{8bcf3217-54f6-5ebe-1300-00000000b000}"}
{"SourcePortName":"-","UtcTime":"2020-05-18 09:57:03.402","DestinationPortName":"ms-wbt-server","SourceIp":"151.253.118.177","RuleName":"RDP","SourceHostname":"-","SourceIsIpv6":"false","DestinationHostname":"EC2AMAZ-NP5R74L.eu-central-1.compute.internal","DestinationIsIpv6":"false","Image":"C:\\Windows\\System32\\svchost.exe","DestinationIp":"172.31.34.47","DestinationPort":"3389","ProcessId":"824","Protocol":"tcp","SourcePort":"20561","User":"NT AUTHORITY\\NETWORK SERVICE","Initiated":"false","ProcessGuid":"{8bcf3217-54f6-5ebe-1300-00000000b000}"}
{"SourceIp":"87.251.75.15","DestinationPortName":"ms-wbt-server","SourcePortName":"-","UtcTime":"2020-05-18 09:57:05.941","RuleName":"RDP","SourceIsIpv6":"false","SourceHostname":"-","DestinationHostname":"EC2AMAZ-NP5R74L.eu-central-1.compute.internal","DestinationIsIpv6":"false","DestinationIp":"172.31.34.47","Image":"C:\\Windows\\System32\\svchost.exe","DestinationPort":"3389","ProcessId":"824","Protocol":"tcp","SourcePort":"29815","User":"NT AUTHORITY\\NETWORK SERVICE","Initiated":"false","ProcessGuid":"{8bcf3217-54f6-5ebe-1300-00000000b000}"}
{"SourcePortName":"-","DestinationPortName":"ms-wbt-server","UtcTime":"2020-05-18 09:57:08.493","SourceIp":"194.61.55.252","RuleName":"RDP","SourceIsIpv6":"false","SourceHostname":"-","DestinationHostname":"EC2AMAZ-NP5R74L.eu-central-1.compute.internal","DestinationIsIpv6":"false","DestinationIp":"172.31.34.47","Image":"C:\\Windows\\System32\\svchost.exe","DestinationPort":"3389","ProcessId":"824","Protocol":"tcp","SourcePort":"42973","User":"NT AUTHORITY\\NETWORK SERVICE","Initiated":"false","ProcessGuid":"{8bcf3217-54f6-5ebe-1300-00000000b000}"}
{"SourcePortName":"-","SourceIp":"185.202.1.245","UtcTime":"2020-05-18 09:57:08.655","DestinationPortName":"ms-wbt-server","RuleName":"RDP","SourceIsIpv6":"false","SourceHostname":"-","DestinationHostname":"EC2AMAZ-NP5R74L.eu-central-1.compute.internal","DestinationIsIpv6":"false","Image":"C:\\Windows\\System32\\svchost.exe","DestinationIp":"172.31.34.47","DestinationPort":"3389","ProcessId":"824","Protocol":"tcp","SourcePort":"14409","User":"NT AUTHORITY\\NETWORK SERVICE","Initiated":"false","ProcessGuid":"{8bcf3217-54f6-5ebe-1300-00000000b000}"}
{"SourcePortName":"-","SourceIp":"45.82.153.49","DestinationPortName":"ms-wbt-server","UtcTime":"2020-05-18 09:57:14.088","RuleName":"RDP","SourceIsIpv6":"false","SourceHostname":"-","DestinationHostname":"EC2AMAZ-NP5R74L.eu-central-1.compute.internal","DestinationIsIpv6":"false","Image":"C:\\Windows\\System32\\svchost.exe","DestinationIp":"172.31.34.47","DestinationPort":"3389","ProcessId":"824","Protocol":"tcp","SourcePort":"17098","User":"NT AUTHORITY\\NETWORK SERVICE","Initiated":"false","ProcessGuid":"{8bcf3217-54f6-5ebe-1300-00000000b000}"}
{"SourceIp":"185.209.0.113","SourcePortName":"-","UtcTime":"2020-05-18 09:57:15.724","DestinationPortName":"ms-wbt-server","RuleName":"RDP","SourceIsIpv6":"false","SourceHostname":"-","DestinationHostname":"EC2AMAZ-NP5R74L.eu-central-1.compute.internal","DestinationIsIpv6":"false","Image":"C:\\Windows\\System32\\svchost.exe","DestinationIp":"172.31.34.47","DestinationPort":"3389","ProcessId":"824","Protocol":"tcp","SourcePort":"58131","User":"NT AUTHORITY\\NETWORK SERVICE","Initiated":"false","ProcessGuid":"{8bcf3217-54f6-5ebe-1300-00000000b000}"}
{"UtcTime":"2020-05-18 09:57:18.467","DestinationPortName":"ms-wbt-server","SourceIp":"185.202.2.30","SourcePortName":"-","RuleName":"RDP","SourceIsIpv6":"false","SourceHostname":"-","DestinationHostname":"EC2AMAZ-NP5R74L.eu-central-1.compute.internal","DestinationIsIpv6":"false","Image":"C:\\Windows\\System32\\svchost.exe","DestinationIp":"172.31.34.47","DestinationPort":"3389","ProcessId":"824","Protocol":"tcp","SourcePort":"52947","User":"NT AUTHORITY\\NETWORK SERVICE","Initiated":"false","ProcessGuid":"{8bcf3217-54f6-5ebe-1300-00000000b000}"}
{"SourceIp":"185.202.1.51","SourcePortName":"-","UtcTime":"2020-05-18 09:57:18.512","DestinationPortName":"ms-wbt-server","RuleName":"RDP","SourceHostname":"-","SourceIsIpv6":"false","DestinationHostname":"EC2AMAZ-NP5R74L.eu-central-1.compute.internal","DestinationIsIpv6":"false","Image":"C:\\Windows\\System32\\svchost.exe","DestinationIp":"172.31.34.47","DestinationPort":"3389","ProcessId":"824","Protocol":"tcp","SourcePort":"57425","User":"NT AUTHORITY\\NETWORK SERVICE","Initiated":"false","ProcessGuid":"{8bcf3217-54f6-5ebe-1300-00000000b000}"}
{"SourceIp":"185.209.0.113","SourcePortName":"-","UtcTime":"2020-05-18 09:57:19.687","DestinationPortName":"ms-wbt-server","RuleName":"RDP","SourceIsIpv6":"false","SourceHostname":"-","DestinationHostname":"EC2AMAZ-NP5R74L.eu-central-1.compute.internal","DestinationIsIpv6":"false","Image":"C:\\Windows\\System32\\svchost.exe","DestinationIp":"172.31.34.47","DestinationPort":"3389","ProcessId":"824","Protocol":"tcp","SourcePort":"51514","User":"NT AUTHORITY\\NETWORK SERVICE","Initiated":"false","ProcessGuid":"{8bcf3217-54f6-5ebe-1300-00000000b000}"}
{"SourcePortName":"-","SourceIp":"185.202.1.41","UtcTime":"2020-05-18 09:57:21.195","DestinationPortName":"ms-wbt-server","RuleName":"RDP","SourceHostname":"-","SourceIsIpv6":"false","DestinationHostname":"EC2AMAZ-NP5R74L.eu-central-1.compute.internal","DestinationIsIpv6":"false","Image":"C:\\Windows\\System32\\svchost.exe","DestinationIp":"172.31.34.47","DestinationPort":"3389","ProcessId":"824","Protocol":"tcp","SourcePort":"39415","User":"NT AUTHORITY\\NETWORK SERVICE","Initiated":"false","ProcessGuid":"{8bcf3217-54f6-5ebe-1300-00000000b000}"}
{"SourcePortName":"-","DestinationPortName":"ms-wbt-server","SourceIp":"185.202.1.50","UtcTime":"2020-05-18 09:57:21.217","RuleName":"RDP","SourceIsIpv6":"false","SourceHostname":"-","DestinationHostname":"EC2AMAZ-NP5R74L.eu-central-1.compute.internal","DestinationIsIpv6":"false","DestinationIp":"172.31.34.47","Image":"C:\\Windows\\System32\\svchost.exe","DestinationPort":"3389","ProcessId":"824","Protocol":"tcp","SourcePort":"60505","User":"NT AUTHORITY\\NETWORK SERVICE","Initiated":"false","ProcessGuid":"{8bcf3217-54f6-5ebe-1300-00000000b000}"}
{"SourceIp":"185.209.0.106","DestinationPortName":"ms-wbt-server","SourcePortName":"-","UtcTime":"2020-05-18 09:57:23.781","RuleName":"RDP","SourceHostname":"-","SourceIsIpv6":"false","DestinationHostname":"EC2AMAZ-NP5R74L.eu-central-1.compute.internal","DestinationIsIpv6":"false","Image":"C:\\Windows\\System32\\svchost.exe","DestinationIp":"172.31.34.47","DestinationPort":"3389","ProcessId":"824","Protocol":"tcp","SourcePort":"57900","User":"NT AUTHORITY\\NETWORK SERVICE","Initiated":"false","ProcessGuid":"{8bcf3217-54f6-5ebe-1300-00000000b000}"}
{"SourcePortName":"-","DestinationPortName":"ms-wbt-server","SourceIp":"185.202.1.56","UtcTime":"2020-05-18 09:57:24.308","RuleName":"RDP","SourceHostname":"-","SourceIsIpv6":"false","DestinationHostname":"EC2AMAZ-NP5R74L.eu-central-1.compute.internal","DestinationIsIpv6":"false","DestinationIp":"172.31.34.47","Image":"C:\\Windows\\System32\\svchost.exe","DestinationPort":"3389","ProcessId":"824","Protocol":"tcp","SourcePort":"64203","User":"NT AUTHORITY\\NETWORK SERVICE","Initiated":"false","ProcessGuid":"{8bcf3217-54f6-5ebe-1300-00000000b000}"}
{"UtcTime":"2020-05-18 09:57:24.841","SourcePortName":"-","DestinationPortName":"ms-wbt-server","SourceIp":"185.202.1.55","RuleName":"RDP","SourceIsIpv6":"false","SourceHostname":"-","DestinationHostname":"EC2AMAZ-NP5R74L.eu-central-1.compute.internal","DestinationIsIpv6":"false","DestinationIp":"172.31.34.47","Image":"C:\\Windows\\System32\\svchost.exe","DestinationPort":"3389","ProcessId":"824","Protocol":"tcp","SourcePort":"63734","User":"NT AUTHORITY\\NETWORK SERVICE","Initiated":"false","ProcessGuid":"{8bcf3217-54f6-5ebe-1300-00000000b000}"}
{"UtcTime":"2020-05-18 09:57:28.086","DestinationPortName":"ms-wbt-server","SourceIp":"185.209.0.116","SourcePortName":"-","RuleName":"RDP","SourceHostname":"-","SourceIsIpv6":"false","DestinationHostname":"EC2AMAZ-NP5R74L.eu-central-1.compute.internal","DestinationIsIpv6":"false","Image":"C:\\Windows\\System32\\svchost.exe","DestinationIp":"172.31.34.47","DestinationPort":"3389","ProcessId":"824","Protocol":"tcp","SourcePort":"59551","User":"NT AUTHORITY\\NETWORK SERVICE","Initiated":"false","ProcessGuid":"{8bcf3217-54f6-5ebe-1300-00000000b000}"}
{"SourcePortName":"-","SourceIp":"185.202.2.28","DestinationPortName":"ms-wbt-server","UtcTime":"2020-05-18 09:57:28.357","RuleName":"RDP","SourceHostname":"-","SourceIsIpv6":"false","DestinationHostname":"EC2AMAZ-NP5R74L.eu-central-1.compute.internal","DestinationIsIpv6":"false","DestinationIp":"172.31.34.47","Image":"C:\\Windows\\System32\\svchost.exe","DestinationPort":"3389","ProcessId":"824","Protocol":"tcp","SourcePort":"20285","User":"NT AUTHORITY\\NETWORK SERVICE","Initiated":"false","ProcessGuid":"{8bcf3217-54f6-5ebe-1300-00000000b000}"}
{"UtcTime":"2020-05-18 09:57:33.185","DestinationPortName":"ms-wbt-server","SourceIp":"185.209.0.106","SourcePortName":"-","RuleName":"RDP","SourceHostname":"-","SourceIsIpv6":"false","DestinationHostname":"EC2AMAZ-NP5R74L.eu-central-1.compute.internal","DestinationIsIpv6":"false","DestinationIp":"172.31.34.47","Image":"C:\\Windows\\System32\\svchost.exe","DestinationPort":"3389","ProcessId":"824","Protocol":"tcp","SourcePort":"50776","User":"NT AUTHORITY\\NETWORK SERVICE","Initiated":"false","ProcessGuid":"{8bcf3217-54f6-5ebe-1300-00000000b000}"}
{"SourcePortName":"-","UtcTime":"2020-05-18 09:57:33.825","DestinationPortName":"ms-wbt-server","SourceIp":"87.251.75.111","RuleName":"RDP","SourceHostname":"-","SourceIsIpv6":"false","DestinationHostname":"EC2AMAZ-NP5R74L.eu-central-1.compute.internal","DestinationIsIpv6":"false","DestinationIp":"172.31.34.47","Image":"C:\\Windows\\System32\\svchost.exe","DestinationPort":"3389","ProcessId":"824","Protocol":"tcp","SourcePort":"53275","User":"NT AUTHORITY\\NETWORK SERVICE","Initiated":"false","ProcessGuid":"{8bcf3217-54f6-5ebe-1300-00000000b000}"}
{"SourceIp":"185.202.2.22","SourcePortName":"-","UtcTime":"2020-05-18 09:57:33.947","DestinationPortName":"ms-wbt-server","RuleName":"RDP","SourceHostname":"-","SourceIsIpv6":"false","DestinationHostname":"EC2AMAZ-NP5R74L.eu-central-1.compute.internal","DestinationIsIpv6":"false","DestinationIp":"172.31.34.47","Image":"C:\\Windows\\System32\\svchost.exe","DestinationPort":"3389","ProcessId":"824","Protocol":"tcp","SourcePort":"57801","User":"NT AUTHORITY\\NETWORK SERVICE","Initiated":"false","ProcessGuid":"{8bcf3217-54f6-5ebe-1300-00000000b000}"}
{"UtcTime":"2020-05-18 09:57:34.975","DestinationPortName":"ms-wbt-server","SourceIp":"185.202.2.16","SourcePortName":"-","RuleName":"RDP","SourceHostname":"-","SourceIsIpv6":"false","DestinationHostname":"EC2AMAZ-NP5R74L.eu-central-1.compute.internal","DestinationIsIpv6":"false","DestinationIp":"172.31.34.47","Image":"C:\\Windows\\System32\\svchost.exe","DestinationPort":"3389","ProcessId":"824","Protocol":"tcp","SourcePort":"37156","User":"NT AUTHORITY\\NETWORK SERVICE","Initiated":"false","ProcessGuid":"{8bcf3217-54f6-5ebe-1300-00000000b000}"}
{"SourceIp":"185.202.1.47","DestinationPortName":"ms-wbt-server","UtcTime":"2020-05-18 09:57:35.038","SourcePortName":"-","RuleName":"RDP","SourceIsIpv6":"false","SourceHostname":"-","DestinationHostname":"EC2AMAZ-NP5R74L.eu-central-1.compute.internal","DestinationIsIpv6":"false","Image":"C:\\Windows\\System32\\svchost.exe","DestinationIp":"172.31.34.47","DestinationPort":"3389","ProcessId":"824","Protocol":"tcp","SourcePort":"52052","User":"NT AUTHORITY\\NETWORK SERVICE","Initiated":"false","ProcessGuid":"{8bcf3217-54f6-5ebe-1300-00000000b000}"}
{"UtcTime":"2020-05-18 09:57:35.102","SourcePortName":"-","SourceIp":"185.209.0.105","DestinationPortName":"ms-wbt-server","RuleName":"RDP","SourceIsIpv6":"false","SourceHostname":"-","DestinationHostname":"EC2AMAZ-NP5R74L.eu-central-1.compute.internal","DestinationIsIpv6":"false","Image":"C:\\Windows\\System32\\svchost.exe","DestinationIp":"172.31.34.47","DestinationPort":"3389","ProcessId":"824","Protocol":"tcp","SourcePort":"62147","User":"NT AUTHORITY\\NETWORK SERVICE","Initiated":"false","ProcessGuid":"{8bcf3217-54f6-5ebe-1300-00000000b000}"}
{"UtcTime":"2020-05-18 09:57:38.678","DestinationPortName":"ms-wbt-server","SourcePortName":"-","SourceIp":"185.202.2.19","RuleName":"RDP","SourceIsIpv6":"false","SourceHostname":"-","DestinationHostname":"EC2AMAZ-NP5R74L.eu-central-1.compute.internal","DestinationIsIpv6":"false","Image":"C:\\Windows\\System32\\svchost.exe","DestinationIp":"172.31.34.47","DestinationPort":"3389","ProcessId":"824","Protocol":"tcp","SourcePort":"32680","User":"NT AUTHORITY\\NETWORK SERVICE","Initiated":"false","ProcessGuid":"{8bcf3217-54f6-5ebe-1300-00000000b000}"}
{"SourcePortName":"-","SourceIp":"18.253.83.136","UtcTime":"2020-05-18 09:57:40.867","DestinationPortName":"ms-wbt-server","RuleName":"RDP","SourceIsIpv6":"false","SourceHostname":"ec2-18-253-83-136.us-gov-east-1.compute.amazonaws.com","DestinationHostname":"EC2AMAZ-NP5R74L.eu-central-1.compute.internal","DestinationIsIpv6":"false","DestinationIp":"172.31.34.47","Image":"C:\\Windows\\System32\\svchost.exe","DestinationPort":"3389","ProcessId":"824","Protocol":"tcp","SourcePort":"64096","User":"NT AUTHORITY\\NETWORK SERVICE","Initiated":"false","ProcessGuid":"{8bcf3217-54f6-5ebe-1300-00000000b000}"}
{"UtcTime":"2020-05-18 09:57:41.238","SourcePortName":"-","DestinationPortName":"ms-wbt-server","SourceIp":"185.209.0.106","RuleName":"RDP","SourceIsIpv6":"false","SourceHostname":"-","DestinationHostname":"EC2AMAZ-NP5R74L.eu-central-1.compute.internal","DestinationIsIpv6":"false","DestinationIp":"172.31.34.47","Image":"C:\\Windows\\System32\\svchost.exe","DestinationPort":"3389","ProcessId":"824","Protocol":"tcp","SourcePort":"55246","User":"NT AUTHORITY\\NETWORK SERVICE","Initiated":"false","ProcessGuid":"{8bcf3217-54f6-5ebe-1300-00000000b000}"}
{"UtcTime":"2020-05-18 09:57:44.343","SourcePortName":"-","DestinationPortName":"ms-wbt-server","SourceIp":"185.202.2.224","RuleName":"RDP","SourceHostname":"-","SourceIsIpv6":"false","DestinationHostname":"EC2AMAZ-NP5R74L.eu-central-1.compute.internal","DestinationIsIpv6":"false","Image":"C:\\Windows\\System32\\svchost.exe","DestinationIp":"172.31.34.47","DestinationPort":"3389","ProcessId":"824","Protocol":"tcp","SourcePort":"54533","User":"NT AUTHORITY\\NETWORK SERVICE","Initiated":"false","ProcessGuid":"{8bcf3217-54f6-5ebe-1300-00000000b000}"}
{"SourceIp":"45.82.153.49","DestinationPortName":"ms-wbt-server","UtcTime":"2020-05-18 09:57:44.424","SourcePortName":"-","RuleName":"RDP","SourceIsIpv6":"false","SourceHostname":"-","DestinationHostname":"EC2AMAZ-NP5R74L.eu-central-1.compute.internal","DestinationIsIpv6":"false","DestinationIp":"172.31.34.47","Image":"C:\\Windows\\System32\\svchost.exe","DestinationPort":"3389","ProcessId":"824","Protocol":"tcp","SourcePort":"57760","User":"NT AUTHORITY\\NETWORK SERVICE","Initiated":"false","ProcessGuid":"{8bcf3217-54f6-5ebe-1300-00000000b000}"}
{"UtcTime":"2020-05-18 09:57:45.021","DestinationPortName":"ms-wbt-server","SourceIp":"51.91.69.20","SourcePortName":"-","RuleName":"RDP","SourceIsIpv6":"false","SourceHostname":"ns61208963.ip-51-91-69.eu","DestinationHostname":"EC2AMAZ-NP5R74L.eu-central-1.compute.internal","DestinationIsIpv6":"false","DestinationIp":"172.31.34.47","Image":"C:\\Windows\\System32\\svchost.exe","DestinationPort":"3389","ProcessId":"824","Protocol":"tcp","SourcePort":"60968","User":"NT AUTHORITY\\NETWORK SERVICE","Initiated":"false","ProcessGuid":"{8bcf3217-54f6-5ebe-1300-00000000b000}"}
{"SourceIp":"185.202.2.20","DestinationPortName":"ms-wbt-server","SourcePortName":"-","UtcTime":"2020-05-18 09:57:45.081","RuleName":"RDP","SourceIsIpv6":"false","SourceHostname":"-","DestinationHostname":"EC2AMAZ-NP5R74L.eu-central-1.compute.internal","DestinationIsIpv6":"false","DestinationIp":"172.31.34.47","Image":"C:\\Windows\\System32\\svchost.exe","DestinationPort":"3389","ProcessId":"824","Protocol":"tcp","SourcePort":"17375","User":"NT AUTHORITY\\NETWORK SERVICE","Initiated":"false","ProcessGuid":"{8bcf3217-54f6-5ebe-1300-00000000b000}"}
{"SourceIp":"194.61.55.252","DestinationPortName":"ms-wbt-server","UtcTime":"2020-05-18 09:57:45.409","SourcePortName":"-","RuleName":"RDP","SourceIsIpv6":"false","SourceHostname":"-","DestinationHostname":"EC2AMAZ-NP5R74L.eu-central-1.compute.internal","DestinationIsIpv6":"false","DestinationIp":"172.31.34.47","Image":"C:\\Windows\\System32\\svchost.exe","DestinationPort":"3389","ProcessId":"824","Protocol":"tcp","SourcePort":"48597","User":"NT AUTHORITY\\NETWORK SERVICE","Initiated":"false","ProcessGuid":"{8bcf3217-54f6-5ebe-1300-00000000b000}"}
{"SourceIp":"185.209.0.113","DestinationPortName":"ms-wbt-server","SourcePortName":"-","UtcTime":"2020-05-18 09:57:47.233","RuleName":"RDP","SourceHostname":"-","SourceIsIpv6":"false","DestinationHostname":"EC2AMAZ-NP5R74L.eu-central-1.compute.internal","DestinationIsIpv6":"false","DestinationIp":"172.31.34.47","Image":"C:\\Windows\\System32\\svchost.exe","DestinationPort":"3389","ProcessId":"824","Protocol":"tcp","SourcePort":"51629","User":"NT AUTHORITY\\NETWORK SERVICE","Initiated":"false","ProcessGuid":"{8bcf3217-54f6-5ebe-1300-00000000b000}"}
{"SourceIp":"82.202.247.84","DestinationPortName":"ms-wbt-server","UtcTime":"2020-05-18 09:57:47.324","SourcePortName":"-","RuleName":"RDP","SourceIsIpv6":"false","SourceHostname":"-","DestinationHostname":"EC2AMAZ-NP5R74L.eu-central-1.compute.internal","DestinationIsIpv6":"false","Image":"C:\\Windows\\System32\\svchost.exe","DestinationIp":"172.31.34.47","DestinationPort":"3389","ProcessId":"824","Protocol":"tcp","SourcePort":"59321","User":"NT AUTHORITY\\NETWORK SERVICE","Initiated":"false","ProcessGuid":"{8bcf3217-54f6-5ebe-1300-00000000b000}"}
{"SourceIp":"185.202.1.41","DestinationPortName":"ms-wbt-server","UtcTime":"2020-05-18 09:57:47.401","SourcePortName":"-","RuleName":"RDP","SourceHostname":"-","SourceIsIpv6":"false","DestinationHostname":"EC2AMAZ-NP5R74L.eu-central-1.compute.internal","DestinationIsIpv6":"false","DestinationIp":"172.31.34.47","Image":"C:\\Windows\\System32\\svchost.exe","DestinationPort":"3389","ProcessId":"824","Protocol":"tcp","SourcePort":"7049","User":"NT AUTHORITY\\NETWORK SERVICE","Initiated":"false","ProcessGuid":"{8bcf3217-54f6-5ebe-1300-00000000b000}"}
{"SourceIp":"185.202.1.50","DestinationPortName":"ms-wbt-server","UtcTime":"2020-05-18 09:57:49.090","SourcePortName":"-","RuleName":"RDP","SourceIsIpv6":"false","SourceHostname":"-","DestinationHostname":"EC2AMAZ-NP5R74L.eu-central-1.compute.internal","DestinationIsIpv6":"false","DestinationIp":"172.31.34.47","Image":"C:\\Windows\\System32\\svchost.exe","DestinationPort":"3389","ProcessId":"824","Protocol":"tcp","SourcePort":"56786","User":"NT AUTHORITY\\NETWORK SERVICE","Initiated":"false","ProcessGuid":"{8bcf3217-54f6-5ebe-1300-00000000b000}"}
{"UtcTime":"2020-05-18 09:57:49.751","DestinationPortName":"ms-wbt-server","SourceIp":"185.202.1.51","SourcePortName":"-","RuleName":"RDP","SourceHostname":"-","SourceIsIpv6":"false","DestinationHostname":"EC2AMAZ-NP5R74L.eu-central-1.compute.internal","DestinationIsIpv6":"false","Image":"C:\\Windows\\System32\\svchost.exe","DestinationIp":"172.31.34.47","DestinationPort":"3389","ProcessId":"824","Protocol":"tcp","SourcePort":"53268","User":"NT AUTHORITY\\NETWORK SERVICE","Initiated":"false","ProcessGuid":"{8bcf3217-54f6-5ebe-1300-00000000b000}"}
{"SourceIp":"185.209.0.105","UtcTime":"2020-05-18 09:57:49.821","DestinationPortName":"ms-wbt-server","SourcePortName":"-","RuleName":"RDP","SourceHostname":"-","SourceIsIpv6":"false","DestinationHostname":"EC2AMAZ-NP5R74L.eu-central-1.compute.internal","DestinationIsIpv6":"false","Image":"C:\\Windows\\System32\\svchost.exe","DestinationIp":"172.31.34.47","DestinationPort":"3389","ProcessId":"824","Protocol":"tcp","SourcePort":"52524","User":"NT AUTHORITY\\NETWORK SERVICE","Initiated":"false","ProcessGuid":"{8bcf3217-54f6-5ebe-1300-00000000b000}"}
{"SourceIp":"185.209.0.143","SourcePortName":"-","DestinationPortName":"ms-wbt-server","UtcTime":"2020-05-18 09:57:53.001","RuleName":"RDP","SourceHostname":"-","SourceIsIpv6":"false","DestinationHostname":"EC2AMAZ-NP5R74L.eu-central-1.compute.internal","DestinationIsIpv6":"false","DestinationIp":"172.31.34.47","Image":"C:\\Windows\\System32\\svchost.exe","DestinationPort":"3389","ProcessId":"824","Protocol":"tcp","SourcePort":"60596","User":"NT AUTHORITY\\NETWORK SERVICE","Initiated":"false","ProcessGuid":"{8bcf3217-54f6-5ebe-1300-00000000b000}"}
{"UtcTime":"2020-05-18 09:57:55.210","DestinationPortName":"ms-wbt-server","SourceIp":"185.202.1.55","SourcePortName":"-","RuleName":"RDP","SourceHostname":"-","SourceIsIpv6":"false","DestinationHostname":"EC2AMAZ-NP5R74L.eu-central-1.compute.internal","DestinationIsIpv6":"false","DestinationIp":"172.31.34.47","Image":"C:\\Windows\\System32\\svchost.exe","DestinationPort":"3389","ProcessId":"824","Protocol":"tcp","SourcePort":"59403","User":"NT AUTHORITY\\NETWORK SERVICE","Initiated":"false","ProcessGuid":"{8bcf3217-54f6-5ebe-1300-00000000b000}"}
{"UtcTime":"2020-05-18 09:57:55.866","DestinationPortName":"ms-wbt-server","SourceIp":"185.209.0.116","SourcePortName":"-","RuleName":"RDP","SourceIsIpv6":"false","SourceHostname":"-","DestinationHostname":"EC2AMAZ-NP5R74L.eu-central-1.compute.internal","DestinationIsIpv6":"false","DestinationIp":"172.31.34.47","Image":"C:\\Windows\\System32\\svchost.exe","DestinationPort":"3389","ProcessId":"824","Protocol":"tcp","SourcePort":"64411","User":"NT AUTHORITY\\NETWORK SERVICE","Initiated":"false","ProcessGuid":"{8bcf3217-54f6-5ebe-1300-00000000b000}"}
{"SourcePortName":"-","DestinationPortName":"ms-wbt-server","UtcTime":"2020-05-18 09:57:58.061","SourceIp":"35.182.163.128","RuleName":"RDP","SourceHostname":"ec2-35-182-163-128.ca-central-1.compute.amazonaws.com","SourceIsIpv6":"false","DestinationHostname":"EC2AMAZ-NP5R74L.eu-central-1.compute.internal","DestinationIsIpv6":"false","Image":"C:\\Windows\\System32\\svchost.exe","DestinationIp":"172.31.34.47","DestinationPort":"3389","ProcessId":"824","Protocol":"tcp","SourcePort":"49586","User":"NT AUTHORITY\\NETWORK SERVICE","Initiated":"false","ProcessGuid":"{8bcf3217-54f6-5ebe-1300-00000000b000}"}
{"SourcePortName":"-","DestinationPortName":"ms-wbt-server","UtcTime":"2020-05-18 09:58:00.059","SourceIp":"87.251.75.111","RuleName":"RDP","SourceHostname":"-","SourceIsIpv6":"false","DestinationHostname":"EC2AMAZ-NP5R74L.eu-central-1.compute.internal","DestinationIsIpv6":"false","Image":"C:\\Windows\\System32\\svchost.exe","DestinationIp":"172.31.34.47","DestinationPort":"3389","ProcessId":"824","Protocol":"tcp","SourcePort":"22126","User":"NT AUTHORITY\\NETWORK SERVICE","Initiated":"false","ProcessGuid":"{8bcf3217-54f6-5ebe-1300-00000000b000}"}
{"SourceIp":"185.202.1.56","UtcTime":"2020-05-18 09:58:00.538","SourcePortName":"-","DestinationPortName":"ms-wbt-server","RuleName":"RDP","SourceHostname":"-","SourceIsIpv6":"false","DestinationHostname":"EC2AMAZ-NP5R74L.eu-central-1.compute.internal","DestinationIsIpv6":"false","Image":"C:\\Windows\\System32\\svchost.exe","DestinationIp":"172.31.34.47","DestinationPort":"3389","ProcessId":"824","Protocol":"tcp","SourcePort":"59010","User":"NT AUTHORITY\\NETWORK SERVICE","Initiated":"false","ProcessGuid":"{8bcf3217-54f6-5ebe-1300-00000000b000}"}
{"SourceIp":"45.136.108.45","UtcTime":"2020-05-18 09:58:02.353","DestinationPortName":"ms-wbt-server","SourcePortName":"-","RuleName":"RDP","SourceHostname":"-","SourceIsIpv6":"false","DestinationHostname":"EC2AMAZ-NP5R74L.eu-central-1.compute.internal","DestinationIsIpv6":"false","DestinationIp":"172.31.34.47","Image":"C:\\Windows\\System32\\svchost.exe","DestinationPort":"3389","ProcessId":"824","Protocol":"tcp","SourcePort":"24149","User":"NT AUTHORITY\\NETWORK SERVICE","Initiated":"false","ProcessGuid":"{8bcf3217-54f6-5ebe-1300-00000000b000}"}
{"UtcTime":"2020-05-18 09:58:03.007","DestinationPortName":"ms-wbt-server","SourceIp":"185.202.2.28","SourcePortName":"-","RuleName":"RDP","SourceHostname":"-","SourceIsIpv6":"false","DestinationHostname":"EC2AMAZ-NP5R74L.eu-central-1.compute.internal","DestinationIsIpv6":"false","Image":"C:\\Windows\\System32\\svchost.exe","DestinationIp":"172.31.34.47","DestinationPort":"3389","ProcessId":"824","Protocol":"tcp","SourcePort":"14696","User":"NT AUTHORITY\\NETWORK SERVICE","Initiated":"false","ProcessGuid":"{8bcf3217-54f6-5ebe-1300-00000000b000}"}
