{"SourceIp":"185.202.1.159","DestinationPortName":"ms-wbt-server","UtcTime":"2020-05-18 09:54:27.614","SourcePortName":"-","RuleName":"RDP","SourceHostname":"-","SourceIsIpv6":"false","DestinationHostname":"EC2AMAZ-V0GPI6G.eu-central-1.compute.internal","DestinationIsIpv6":"false","Image":"C:\\Windows\\System32\\svchost.exe","DestinationIp":"172.31.47.23","DestinationPort":"3389","ProcessId":"824","Protocol":"tcp","SourcePort":"32616","User":"NT AUTHORITY\\NETWORK SERVICE","Initiated":"false","ProcessGuid":"{87a71a6b-54ec-5ebe-1300-00000000b000}"}
{"UtcTime":"2020-05-18 09:54:33.550","TerminalSessionId":"0","Company":"-","ParentImage":"C:\\Windows\\System32\\OpenSSH\\sshd.exe","Image":"C:\\Windows\\System32\\OpenSSH\\sshd.exe","FileVersion":"7.7.2.2","ParentProcessId":"1820","LogonGuid":"{87a71a6b-54eb-5ebe-e703-000000000000}","ProcessId":"3900","CommandLine":"\"C:\\Windows\\System32\\OpenSSH\\sshd.exe\" \"-R\"","ParentCommandLine":"C:\\Windows\\System32\\OpenSSH\\sshd.exe","LogonId":"0x3e7","ProcessGuid":"{87a71a6b-5b59-5ec2-7b52-01000000b000}","OriginalFileName":"-","RuleName":"-","Description":"-","IntegrityLevel":"System","ParentProcessGuid":"{87a71a6b-54ee-5ebe-2700-00000000b000}","Product":"OpenSSH for Windows","User":"NT AUTHORITY\\SYSTEM","Hashes":"MD5=72789836EEA643C23CD87732B8535E7E,SHA256=731E8034CB953ABCD0FC86400AD55113EFA302F77D276213198A76065601576B,IMPHASH=27DE371E1DAE125BC04CC09552C72D87","CurrentDirectory":"C:\\"}
{"SourcePortName":"-","DestinationPortName":"ssh","UtcTime":"2020-05-18 09:54:28.043","SourceIp":"219.134.217.153","RuleName":"SSH","SourceHostname":"-","SourceIsIpv6":"false","DestinationHostname":"EC2AMAZ-V0GPI6G.eu-central-1.compute.internal","DestinationIsIpv6":"false","Image":"C:\\Windows\\System32\\OpenSSH\\sshd.exe","DestinationIp":"172.31.47.23","DestinationPort":"22","ProcessId":"1820","Protocol":"tcp","SourcePort":"61834","User":"NT AUTHORITY\\SYSTEM","Initiated":"false","ProcessGuid":"{87a71a6b-54ee-5ebe-2700-00000000b000}"}
{"UtcTime":"2020-05-18 09:54:33.779","TerminalSessionId":"0","Company":"-","ParentImage":"C:\\Windows\\System32\\OpenSSH\\sshd.exe","Image":"C:\\Windows\\System32\\OpenSSH\\sshd.exe","ParentProcessId":"3900","FileVersion":"7.7.2.2","LogonGuid":"{87a71a6b-5b59-5ec2-f2ea-8d0700000000}","ProcessId":"2728","CommandLine":"\"C:\\Windows\\System32\\OpenSSH\\sshd.exe\" \"-y\"","ParentCommandLine":"\"C:\\Windows\\System32\\OpenSSH\\sshd.exe\" \"-R\"","LogonId":"0x78deaf2","ProcessGuid":"{87a71a6b-5b59-5ec2-7d52-01000000b000}","OriginalFileName":"-","RuleName":"-","Description":"-","IntegrityLevel":"High","ParentProcessGuid":"{87a71a6b-5b59-5ec2-7b52-01000000b000}","Product":"OpenSSH for Windows","User":"VIRTUAL USERS\\sshd_3900","Hashes":"MD5=72789836EEA643C23CD87732B8535E7E,SHA256=731E8034CB953ABCD0FC86400AD55113EFA302F77D276213198A76065601576B,IMPHASH=27DE371E1DAE125BC04CC09552C72D87","CurrentDirectory":"C:\\"}
{"SourcePortName":"-","UtcTime":"2020-05-18 09:54:28.999","DestinationPortName":"ssh","SourceIp":"134.209.104.117","RuleName":"SSH","SourceIsIpv6":"false","SourceHostname":"adtikibeta.com","DestinationHostname":"EC2AMAZ-V0GPI6G.eu-central-1.compute.internal","DestinationIsIpv6":"false","DestinationIp":"172.31.47.23","Image":"C:\\Windows\\System32\\OpenSSH\\sshd.exe","DestinationPort":"22","ProcessId":"1820","Protocol":"tcp","SourcePort":"37748","User":"NT AUTHORITY\\SYSTEM","Initiated":"false","ProcessGuid":"{87a71a6b-54ee-5ebe-2700-00000000b000}"}
{"SourceIp":"185.202.2.101","SourcePortName":"-","DestinationPortName":"ms-wbt-server","UtcTime":"2020-05-18 09:54:30.677","RuleName":"RDP","SourceHostname":"-","SourceIsIpv6":"false","DestinationHostname":"EC2AMAZ-V0GPI6G.eu-central-1.compute.internal","DestinationIsIpv6":"false","DestinationIp":"172.31.47.23","Image":"C:\\Windows\\System32\\svchost.exe","DestinationPort":"3389","ProcessId":"824","Protocol":"tcp","SourcePort":"31005","User":"NT AUTHORITY\\NETWORK SERVICE","Initiated":"false","ProcessGuid":"{87a71a6b-54ec-5ebe-1300-00000000b000}"}
{"SourcePortName":"-","DestinationPortName":"ms-wbt-server","SourceIp":"47.51.87.246","UtcTime":"2020-05-18 09:54:44.199","RuleName":"RDP","SourceIsIpv6":"false","SourceHostname":"047-051-087-246.biz.spectrum.com","DestinationHostname":"EC2AMAZ-V0GPI6G.eu-central-1.compute.internal","DestinationIsIpv6":"false","Image":"C:\\Windows\\System32\\svchost.exe","DestinationIp":"172.31.47.23","DestinationPort":"3389","ProcessId":"824","Protocol":"tcp","SourcePort":"60511","User":"NT AUTHORITY\\NETWORK SERVICE","Initiated":"false","ProcessGuid":"{87a71a6b-54ec-5ebe-1300-00000000b000}"}
{"UtcTime":"2020-05-18 09:54:46.447","DestinationPortName":"ms-wbt-server","SourcePortName":"-","SourceIp":"185.209.0.113","RuleName":"RDP","SourceIsIpv6":"false","SourceHostname":"-","DestinationHostname":"EC2AMAZ-V0GPI6G.eu-central-1.compute.internal","DestinationIsIpv6":"false","DestinationIp":"172.31.47.23","Image":"C:\\Windows\\System32\\svchost.exe","DestinationPort":"3389","ProcessId":"824","Protocol":"tcp","SourcePort":"59043","User":"NT AUTHORITY\\NETWORK SERVICE","Initiated":"false","ProcessGuid":"{87a71a6b-54ec-5ebe-1300-00000000b000}"}
{"SourceIp":"185.202.1.156","DestinationPortName":"ms-wbt-server","UtcTime":"2020-05-18 09:54:46.747","SourcePortName":"-","RuleName":"RDP","SourceHostname":"-","SourceIsIpv6":"false","DestinationHostname":"EC2AMAZ-V0GPI6G.eu-central-1.compute.internal","DestinationIsIpv6":"false","DestinationIp":"172.31.47.23","Image":"C:\\Windows\\System32\\svchost.exe","DestinationPort":"3389","ProcessId":"824","Protocol":"tcp","SourcePort":"10423","User":"NT AUTHORITY\\NETWORK SERVICE","Initiated":"false","ProcessGuid":"{87a71a6b-54ec-5ebe-1300-00000000b000}"}
{"UtcTime":"2020-05-18 09:54:53.277","TerminalSessionId":"0","Company":"-","ParentImage":"C:\\Windows\\System32\\OpenSSH\\sshd.exe","Image":"C:\\Windows\\System32\\OpenSSH\\sshd.exe","ParentProcessId":"1820","FileVersion":"7.7.2.2","LogonGuid":"{87a71a6b-54eb-5ebe-e703-000000000000}","CommandLine":"\"C:\\Windows\\System32\\OpenSSH\\sshd.exe\" \"-R\"","ProcessId":"4476","ParentCommandLine":"C:\\Windows\\System32\\OpenSSH\\sshd.exe","LogonId":"0x3e7","ProcessGuid":"{87a71a6b-5b6d-5ec2-8152-01000000b000}","OriginalFileName":"-","RuleName":"-","Description":"-","IntegrityLevel":"System","ParentProcessGuid":"{87a71a6b-54ee-5ebe-2700-00000000b000}","Product":"OpenSSH for Windows","CurrentDirectory":"C:\\","User":"NT AUTHORITY\\SYSTEM","Hashes":"MD5=72789836EEA643C23CD87732B8535E7E,SHA256=731E8034CB953ABCD0FC86400AD55113EFA302F77D276213198A76065601576B,IMPHASH=27DE371E1DAE125BC04CC09552C72D87"}
{"UtcTime":"2020-05-18 09:54:53.564","TerminalSessionId":"0","Company":"-","ParentImage":"C:\\Windows\\System32\\OpenSSH\\sshd.exe","Image":"C:\\Windows\\System32\\OpenSSH\\sshd.exe","FileVersion":"7.7.2.2","ParentProcessId":"4476","LogonGuid":"{87a71a6b-5b6d-5ec2-e611-8e0700000000}","ProcessId":"4128","CommandLine":"\"C:\\Windows\\System32\\OpenSSH\\sshd.exe\" \"-y\"","ParentCommandLine":"\"C:\\Windows\\System32\\OpenSSH\\sshd.exe\" \"-R\"","LogonId":"0x78e11e6","ProcessGuid":"{87a71a6b-5b6d-5ec2-8352-01000000b000}","OriginalFileName":"-","RuleName":"-","Description":"-","IntegrityLevel":"High","ParentProcessGuid":"{87a71a6b-5b6d-5ec2-8152-01000000b000}","Product":"OpenSSH for Windows","CurrentDirectory":"C:\\","Hashes":"MD5=72789836EEA643C23CD87732B8535E7E,SHA256=731E8034CB953ABCD0FC86400AD55113EFA302F77D276213198A76065601576B,IMPHASH=27DE371E1DAE125BC04CC09552C72D87","User":"S-1-5-111-3847866527-469524349-687026318-516638107-1125189541-4476"}
{"SourcePortName":"-","DestinationPortName":"ms-wbt-server","UtcTime":"2020-05-18 09:54:48.247","SourceIp":"185.202.1.150","RuleName":"RDP","SourceHostname":"-","SourceIsIpv6":"false","DestinationHostname":"EC2AMAZ-V0GPI6G.eu-central-1.compute.internal","DestinationIsIpv6":"false","Image":"C:\\Windows\\System32\\svchost.exe","DestinationIp":"172.31.47.23","DestinationPort":"3389","ProcessId":"824","Protocol":"tcp","SourcePort":"8178","User":"NT AUTHORITY\\NETWORK SERVICE","Initiated":"false","ProcessGuid":"{87a71a6b-54ec-5ebe-1300-00000000b000}"}
{"UtcTime":"2020-05-18 09:54:48.727","DestinationPortName":"ssh","SourceIp":"49.233.88.50","SourcePortName":"-","RuleName":"SSH","SourceIsIpv6":"false","SourceHostname":"-","DestinationHostname":"EC2AMAZ-V0GPI6G.eu-central-1.compute.internal","DestinationIsIpv6":"false","DestinationIp":"172.31.47.23","Image":"C:\\Windows\\System32\\OpenSSH\\sshd.exe","DestinationPort":"22","ProcessId":"1820","Protocol":"tcp","SourcePort":"38996","User":"NT AUTHORITY\\SYSTEM","Initiated":"false","ProcessGuid":"{87a71a6b-54ee-5ebe-2700-00000000b000}"}
{"SourceIp":"185.202.1.118","DestinationPortName":"ms-wbt-server","UtcTime":"2020-05-18 09:54:52.048","SourcePortName":"-","RuleName":"RDP","SourceHostname":"-","SourceIsIpv6":"false","DestinationHostname":"EC2AMAZ-V0GPI6G.eu-central-1.compute.internal","DestinationIsIpv6":"false","DestinationIp":"172.31.47.23","Image":"C:\\Windows\\System32\\svchost.exe","DestinationPort":"3389","ProcessId":"824","Protocol":"tcp","SourcePort":"3004","User":"NT AUTHORITY\\NETWORK SERVICE","Initiated":"false","ProcessGuid":"{87a71a6b-54ec-5ebe-1300-00000000b000}"}
{"UtcTime":"2020-05-18 09:54:56.259","SourceIp":"185.209.0.116","SourcePortName":"-","DestinationPortName":"ms-wbt-server","RuleName":"RDP","SourceIsIpv6":"false","SourceHostname":"-","DestinationHostname":"EC2AMAZ-V0GPI6G.eu-central-1.compute.internal","DestinationIsIpv6":"false","Image":"C:\\Windows\\System32\\svchost.exe","DestinationIp":"172.31.47.23","DestinationPort":"3389","ProcessId":"824","Protocol":"tcp","SourcePort":"53096","User":"NT AUTHORITY\\NETWORK SERVICE","Initiated":"false","ProcessGuid":"{87a71a6b-54ec-5ebe-1300-00000000b000}"}
{"SourcePortName":"-","SourceIp":"185.202.1.152","UtcTime":"2020-05-18 09:55:08.552","DestinationPortName":"ms-wbt-server","RuleName":"RDP","SourceIsIpv6":"false","SourceHostname":"-","DestinationHostname":"EC2AMAZ-V0GPI6G.eu-central-1.compute.internal","DestinationIsIpv6":"false","DestinationIp":"172.31.47.23","Image":"C:\\Windows\\System32\\svchost.exe","DestinationPort":"3389","ProcessId":"824","Protocol":"tcp","SourcePort":"19707","User":"NT AUTHORITY\\NETWORK SERVICE","Initiated":"false","ProcessGuid":"{87a71a6b-54ec-5ebe-1300-00000000b000}"}
{"SourceIp":"185.209.0.113","UtcTime":"2020-05-18 09:55:08.917","DestinationPortName":"ms-wbt-server","SourcePortName":"-","RuleName":"RDP","SourceIsIpv6":"false","SourceHostname":"-","DestinationHostname":"EC2AMAZ-V0GPI6G.eu-central-1.compute.internal","DestinationIsIpv6":"false","DestinationIp":"172.31.47.23","Image":"C:\\Windows\\System32\\svchost.exe","DestinationPort":"3389","ProcessId":"824","Protocol":"tcp","SourcePort":"51799","User":"NT AUTHORITY\\NETWORK SERVICE","Initiated":"false","ProcessGuid":"{87a71a6b-54ec-5ebe-1300-00000000b000}"}
{"SourceIp":"201.163.180.183","DestinationPortName":"ssh","UtcTime":"2020-05-18 09:55:30.957","SourcePortName":"-","RuleName":"SSH","SourceIsIpv6":"false","SourceHostname":"static-201-163-180-183.alestra.net.mx","DestinationHostname":"EC2AMAZ-V0GPI6G.eu-central-1.compute.internal","DestinationIsIpv6":"false","DestinationIp":"172.31.47.23","Image":"C:\\Windows\\System32\\OpenSSH\\sshd.exe","DestinationPort":"22","ProcessId":"1820","Protocol":"tcp","SourcePort":"40568","User":"NT AUTHORITY\\SYSTEM","Initiated":"false","ProcessGuid":"{87a71a6b-54ee-5ebe-2700-00000000b000}"}
{"UtcTime":"2020-05-18 09:55:32.766","DestinationPortName":"ms-wbt-server","SourcePortName":"-","SourceIp":"185.209.0.106","RuleName":"RDP","SourceHostname":"-","SourceIsIpv6":"false","DestinationHostname":"EC2AMAZ-V0GPI6G.eu-central-1.compute.internal","DestinationIsIpv6":"false","Image":"C:\\Windows\\System32\\svchost.exe","DestinationIp":"172.31.47.23","DestinationPort":"3389","ProcessId":"824","Protocol":"tcp","SourcePort":"54309","User":"NT AUTHORITY\\NETWORK SERVICE","Initiated":"false","ProcessGuid":"{87a71a6b-54ec-5ebe-1300-00000000b000}"}
{"UtcTime":"2020-05-18 09:55:34.254","SourcePortName":"-","SourceIp":"185.202.1.152","DestinationPortName":"ms-wbt-server","RuleName":"RDP","SourceHostname":"-","SourceIsIpv6":"false","DestinationHostname":"EC2AMAZ-V0GPI6G.eu-central-1.compute.internal","DestinationIsIpv6":"false","Image":"C:\\Windows\\System32\\svchost.exe","DestinationIp":"172.31.47.23","DestinationPort":"3389","ProcessId":"824","Protocol":"tcp","SourcePort":"40519","User":"NT AUTHORITY\\NETWORK SERVICE","Initiated":"false","ProcessGuid":"{87a71a6b-54ec-5ebe-1300-00000000b000}"}
{"UtcTime":"2020-05-18 09:55:41.971","TerminalSessionId":"0","Company":"-","ParentImage":"C:\\Windows\\System32\\OpenSSH\\sshd.exe","Image":"C:\\Windows\\System32\\OpenSSH\\sshd.exe","FileVersion":"7.7.2.2","ParentProcessId":"1820","LogonGuid":"{87a71a6b-54eb-5ebe-e703-000000000000}","ProcessId":"4276","CommandLine":"\"C:\\Windows\\System32\\OpenSSH\\sshd.exe\" \"-R\"","ParentCommandLine":"C:\\Windows\\System32\\OpenSSH\\sshd.exe","LogonId":"0x3e7","ProcessGuid":"{87a71a6b-5b9d-5ec2-9552-01000000b000}","OriginalFileName":"-","RuleName":"-","Description":"-","IntegrityLevel":"System","ParentProcessGuid":"{87a71a6b-54ee-5ebe-2700-00000000b000}","Product":"OpenSSH for Windows","CurrentDirectory":"C:\\","User":"NT AUTHORITY\\SYSTEM","Hashes":"MD5=72789836EEA643C23CD87732B8535E7E,SHA256=731E8034CB953ABCD0FC86400AD55113EFA302F77D276213198A76065601576B,IMPHASH=27DE371E1DAE125BC04CC09552C72D87"}
{"UtcTime":"2020-05-18 09:55:42.275","TerminalSessionId":"0","Company":"-","ParentImage":"C:\\Windows\\System32\\OpenSSH\\sshd.exe","Image":"C:\\Windows\\System32\\OpenSSH\\sshd.exe","ParentProcessId":"4276","FileVersion":"7.7.2.2","LogonGuid":"{87a71a6b-5b9e-5ec2-da63-8e0700000000}","CommandLine":"\"C:\\Windows\\System32\\OpenSSH\\sshd.exe\" \"-y\"","ProcessId":"5032","ParentCommandLine":"\"C:\\Windows\\System32\\OpenSSH\\sshd.exe\" \"-R\"","LogonId":"0x78e63da","ProcessGuid":"{87a71a6b-5b9e-5ec2-9752-01000000b000}","OriginalFileName":"-","RuleName":"-","Description":"-","IntegrityLevel":"High","ParentProcessGuid":"{87a71a6b-5b9d-5ec2-9552-01000000b000}","Product":"OpenSSH for Windows","CurrentDirectory":"C:\\","Hashes":"MD5=72789836EEA643C23CD87732B8535E7E,SHA256=731E8034CB953ABCD0FC86400AD55113EFA302F77D276213198A76065601576B,IMPHASH=27DE371E1DAE125BC04CC09552C72D87","User":"S-1-5-111-3847866527-469524349-687026318-516638107-1125189541-4276"}
{"SourcePortName":"-","UtcTime":"2020-05-18 09:55:36.743","DestinationPortName":"ms-wbt-server","SourceIp":"185.209.0.106","RuleName":"RDP","SourceIsIpv6":"false","SourceHostname":"-","DestinationHostname":"EC2AMAZ-V0GPI6G.eu-central-1.compute.internal","DestinationIsIpv6":"false","DestinationIp":"172.31.47.23","Image":"C:\\Windows\\System32\\svchost.exe","DestinationPort":"3389","ProcessId":"824","Protocol":"tcp","SourcePort":"60651","User":"NT AUTHORITY\\NETWORK SERVICE","Initiated":"false","ProcessGuid":"{87a71a6b-54ec-5ebe-1300-00000000b000}"}
{"SourcePortName":"-","DestinationPortName":"ms-wbt-server","UtcTime":"2020-05-18 09:55:36.857","SourceIp":"88.99.243.167","RuleName":"RDP","SourceIsIpv6":"false","SourceHostname":"167.243.99.88","DestinationHostname":"EC2AMAZ-V0GPI6G.eu-central-1.compute.internal","DestinationIsIpv6":"false","Image":"C:\\Windows\\System32\\svchost.exe","DestinationIp":"172.31.47.23","DestinationPort":"3389","ProcessId":"824","Protocol":"tcp","SourcePort":"64410","User":"NT AUTHORITY\\NETWORK SERVICE","Initiated":"false","ProcessGuid":"{87a71a6b-54ec-5ebe-1300-00000000b000}"}
{"SourceIp":"175.6.32.134","DestinationPortName":"ssh","SourcePortName":"-","UtcTime":"2020-05-18 09:55:37.419","RuleName":"SSH","SourceIsIpv6":"false","SourceHostname":"-","DestinationHostname":"EC2AMAZ-V0GPI6G.eu-central-1.compute.internal","DestinationIsIpv6":"false","DestinationIp":"172.31.47.23","Image":"C:\\Windows\\System32\\OpenSSH\\sshd.exe","DestinationPort":"22","ProcessId":"1820","Protocol":"tcp","SourcePort":"54988","User":"NT AUTHORITY\\SYSTEM","Initiated":"false","ProcessGuid":"{87a71a6b-54ee-5ebe-2700-00000000b000}"}
{"SourceIp":"185.202.1.153","UtcTime":"2020-05-18 09:55:38.058","DestinationPortName":"ms-wbt-server","SourcePortName":"-","RuleName":"RDP","SourceHostname":"-","SourceIsIpv6":"false","DestinationHostname":"EC2AMAZ-V0GPI6G.eu-central-1.compute.internal","DestinationIsIpv6":"false","DestinationIp":"172.31.47.23","Image":"C:\\Windows\\System32\\svchost.exe","DestinationPort":"3389","ProcessId":"824","Protocol":"tcp","SourcePort":"20195","User":"NT AUTHORITY\\NETWORK SERVICE","Initiated":"false","ProcessGuid":"{87a71a6b-54ec-5ebe-1300-00000000b000}"}
{"UtcTime":"2020-05-18 09:55:39.181","DestinationPortName":"ms-wbt-server","SourceIp":"185.209.0.105","SourcePortName":"-","RuleName":"RDP","SourceHostname":"-","SourceIsIpv6":"false","DestinationHostname":"EC2AMAZ-V0GPI6G.eu-central-1.compute.internal","DestinationIsIpv6":"false","DestinationIp":"172.31.47.23","Image":"C:\\Windows\\System32\\svchost.exe","DestinationPort":"3389","ProcessId":"824","Protocol":"tcp","SourcePort":"64641","User":"NT AUTHORITY\\NETWORK SERVICE","Initiated":"false","ProcessGuid":"{87a71a6b-54ec-5ebe-1300-00000000b000}"}
{"SourcePortName":"-","DestinationPortName":"ssh","UtcTime":"2020-05-18 09:55:44.098","SourceIp":"134.175.20.81","RuleName":"SSH","SourceIsIpv6":"false","SourceHostname":"-","DestinationHostname":"EC2AMAZ-V0GPI6G.eu-central-1.compute.internal","DestinationIsIpv6":"false","Image":"C:\\Windows\\System32\\OpenSSH\\sshd.exe","DestinationIp":"172.31.47.23","DestinationPort":"22","ProcessId":"1820","Protocol":"tcp","SourcePort":"35122","User":"NT AUTHORITY\\SYSTEM","Initiated":"false","ProcessGuid":"{87a71a6b-54ee-5ebe-2700-00000000b000}"}
{"SourceIp":"185.136.169.143","SourcePortName":"-","UtcTime":"2020-05-18 09:55:44.486","DestinationPortName":"ms-wbt-server","RuleName":"RDP","SourceIsIpv6":"false","SourceHostname":"-","DestinationHostname":"EC2AMAZ-V0GPI6G.eu-central-1.compute.internal","DestinationIsIpv6":"false","Image":"C:\\Windows\\System32\\svchost.exe","DestinationIp":"172.31.47.23","DestinationPort":"3389","ProcessId":"824","Protocol":"tcp","SourcePort":"50083","User":"NT AUTHORITY\\NETWORK SERVICE","Initiated":"false","ProcessGuid":"{87a71a6b-54ec-5ebe-1300-00000000b000}"}
{"SourcePortName":"-","SourceIp":"129.211.70.33","UtcTime":"2020-05-18 09:55:44.818","DestinationPortName":"ssh","RuleName":"SSH","SourceHostname":"-","SourceIsIpv6":"false","DestinationHostname":"EC2AMAZ-V0GPI6G.eu-central-1.compute.internal","DestinationIsIpv6":"false","Image":"C:\\Windows\\System32\\OpenSSH\\sshd.exe","DestinationIp":"172.31.47.23","DestinationPort":"22","ProcessId":"1820","Protocol":"tcp","SourcePort":"57220","User":"NT AUTHORITY\\SYSTEM","Initiated":"false","ProcessGuid":"{87a71a6b-54ee-5ebe-2700-00000000b000}"}
{"UtcTime":"2020-05-18 09:55:50.812","TerminalSessionId":"0","Company":"-","ParentImage":"C:\\Windows\\System32\\OpenSSH\\sshd.exe","Image":"C:\\Windows\\System32\\OpenSSH\\sshd.exe","ParentProcessId":"3452","FileVersion":"7.7.2.2","LogonGuid":"{87a71a6b-5ba6-5ec2-0b80-8e0700000000}","CommandLine":"\"C:\\Windows\\System32\\OpenSSH\\sshd.exe\" \"-y\"","ProcessId":"3588","ParentCommandLine":"\"C:\\Windows\\System32\\OpenSSH\\sshd.exe\" \"-R\"","LogonId":"0x78e800b","ProcessGuid":"{87a71a6b-5ba6-5ec2-a052-01000000b000}","OriginalFileName":"-","RuleName":"-","Description":"-","IntegrityLevel":"High","ParentProcessGuid":"{87a71a6b-5ba5-5ec2-9e52-01000000b000}","Product":"OpenSSH for Windows","CurrentDirectory":"C:\\","Hashes":"MD5=72789836EEA643C23CD87732B8535E7E,SHA256=731E8034CB953ABCD0FC86400AD55113EFA302F77D276213198A76065601576B,IMPHASH=27DE371E1DAE125BC04CC09552C72D87","User":"S-1-5-111-3847866527-469524349-687026318-516638107-1125189541-3452"}
{"SourcePortName":"-","UtcTime":"2020-05-18 09:55:45.636","DestinationPortName":"ms-wbt-server","SourceIp":"185.209.0.117","RuleName":"RDP","SourceIsIpv6":"false","SourceHostname":"-","DestinationHostname":"EC2AMAZ-V0GPI6G.eu-central-1.compute.internal","DestinationIsIpv6":"false","Image":"C:\\Windows\\System32\\svchost.exe","DestinationIp":"172.31.47.23","DestinationPort":"3389","ProcessId":"824","Protocol":"tcp","SourcePort":"61982","User":"NT AUTHORITY\\NETWORK SERVICE","Initiated":"false","ProcessGuid":"{87a71a6b-54ec-5ebe-1300-00000000b000}"}
{"SourceIp":"185.209.0.105","DestinationPortName":"ms-wbt-server","UtcTime":"2020-05-18 09:55:46.433","SourcePortName":"-","RuleName":"RDP","SourceIsIpv6":"false","SourceHostname":"-","DestinationHostname":"EC2AMAZ-V0GPI6G.eu-central-1.compute.internal","DestinationIsIpv6":"false","DestinationIp":"172.31.47.23","Image":"C:\\Windows\\System32\\svchost.exe","DestinationPort":"3389","ProcessId":"824","Protocol":"tcp","SourcePort":"51923","User":"NT AUTHORITY\\NETWORK SERVICE","Initiated":"false","ProcessGuid":"{87a71a6b-54ec-5ebe-1300-00000000b000}"}
{"UtcTime":"2020-05-18 09:55:52.207","TerminalSessionId":"0","Company":"-","ParentImage":"C:\\Windows\\System32\\OpenSSH\\sshd.exe","Image":"C:\\Windows\\System32\\OpenSSH\\sshd.exe","FileVersion":"7.7.2.2","ParentProcessId":"1820","LogonGuid":"{87a71a6b-54eb-5ebe-e703-000000000000}","ProcessId":"4608","CommandLine":"\"C:\\Windows\\System32\\OpenSSH\\sshd.exe\" \"-R\"","ParentCommandLine":"C:\\Windows\\System32\\OpenSSH\\sshd.exe","LogonId":"0x3e7","ProcessGuid":"{87a71a6b-5ba8-5ec2-a152-01000000b000}","OriginalFileName":"-","RuleName":"-","Description":"-","IntegrityLevel":"System","ParentProcessGuid":"{87a71a6b-54ee-5ebe-2700-00000000b000}","Product":"OpenSSH for Windows","CurrentDirectory":"C:\\","Hashes":"MD5=72789836EEA643C23CD87732B8535E7E,SHA256=731E8034CB953ABCD0FC86400AD55113EFA302F77D276213198A76065601576B,IMPHASH=27DE371E1DAE125BC04CC09552C72D87","User":"NT AUTHORITY\\SYSTEM"}
{"UtcTime":"2020-05-18 09:55:52.365","TerminalSessionId":"0","Company":"-","ParentImage":"C:\\Windows\\System32\\OpenSSH\\sshd.exe","Image":"C:\\Windows\\System32\\OpenSSH\\sshd.exe","FileVersion":"7.7.2.2","ParentProcessId":"4608","LogonGuid":"{87a71a6b-5ba8-5ec2-8889-8e0700000000}","ProcessId":"4520","CommandLine":"\"C:\\Windows\\System32\\OpenSSH\\sshd.exe\" \"-y\"","ParentCommandLine":"\"C:\\Windows\\System32\\OpenSSH\\sshd.exe\" \"-R\"","LogonId":"0x78e8988","ProcessGuid":"{87a71a6b-5ba8-5ec2-a352-01000000b000}","OriginalFileName":"-","RuleName":"-","Description":"-","IntegrityLevel":"High","ParentProcessGuid":"{87a71a6b-5ba8-5ec2-a152-01000000b000}","Product":"OpenSSH for Windows","CurrentDirectory":"C:\\","Hashes":"MD5=72789836EEA643C23CD87732B8535E7E,SHA256=731E8034CB953ABCD0FC86400AD55113EFA302F77D276213198A76065601576B,IMPHASH=27DE371E1DAE125BC04CC09552C72D87","User":"S-1-5-111-3847866527-469524349-687026318-516638107-1125189541-4608"}
{"SourcePortName":"-","UtcTime":"2020-05-18 09:55:47.655","DestinationPortName":"ssh","SourceIp":"64.225.61.147","RuleName":"SSH","SourceHostname":"-","SourceIsIpv6":"false","DestinationHostname":"EC2AMAZ-V0GPI6G.eu-central-1.compute.internal","DestinationIsIpv6":"false","DestinationIp":"172.31.47.23","Image":"C:\\Windows\\System32\\OpenSSH\\sshd.exe","DestinationPort":"22","ProcessId":"1820","Protocol":"tcp","SourcePort":"54386","User":"NT AUTHORITY\\SYSTEM","Initiated":"false","ProcessGuid":"{87a71a6b-54ee-5ebe-2700-00000000b000}"}
{"SourceIp":"185.209.0.106","UtcTime":"2020-05-18 09:56:13.815","SourcePortName":"-","DestinationPortName":"ms-wbt-server","RuleName":"RDP","SourceIsIpv6":"false","SourceHostname":"-","DestinationHostname":"EC2AMAZ-V0GPI6G.eu-central-1.compute.internal","DestinationIsIpv6":"false","DestinationIp":"172.31.47.23","Image":"C:\\Windows\\System32\\svchost.exe","DestinationPort":"3389","ProcessId":"824","Protocol":"tcp","SourcePort":"63327","User":"NT AUTHORITY\\NETWORK SERVICE","Initiated":"false","ProcessGuid":"{87a71a6b-54ec-5ebe-1300-00000000b000}"}
{"UtcTime":"2020-05-18 09:56:14.876","SourcePortName":"-","DestinationPortName":"ms-wbt-server","SourceIp":"185.202.1.152","RuleName":"RDP","SourceIsIpv6":"false","SourceHostname":"-","DestinationHostname":"EC2AMAZ-V0GPI6G.eu-central-1.compute.internal","DestinationIsIpv6":"false","Image":"C:\\Windows\\System32\\svchost.exe","DestinationIp":"172.31.47.23","DestinationPort":"3389","ProcessId":"824","Protocol":"tcp","SourcePort":"55295","User":"NT AUTHORITY\\NETWORK SERVICE","Initiated":"false","ProcessGuid":"{87a71a6b-54ec-5ebe-1300-00000000b000}"}
{"UtcTime":"2020-05-18 09:56:21.081","TerminalSessionId":"0","Company":"-","ParentImage":"C:\\Windows\\System32\\OpenSSH\\sshd.exe","Image":"C:\\Windows\\System32\\OpenSSH\\sshd.exe","FileVersion":"7.7.2.2","ParentProcessId":"1820","LogonGuid":"{87a71a6b-54eb-5ebe-e703-000000000000}","ProcessId":"4328","CommandLine":"\"C:\\Windows\\System32\\OpenSSH\\sshd.exe\" \"-R\"","ParentCommandLine":"C:\\Windows\\System32\\OpenSSH\\sshd.exe","LogonId":"0x3e7","ProcessGuid":"{87a71a6b-5bc5-5ec2-a752-01000000b000}","OriginalFileName":"-","RuleName":"-","Description":"-","IntegrityLevel":"System","ParentProcessGuid":"{87a71a6b-54ee-5ebe-2700-00000000b000}","Product":"OpenSSH for Windows","User":"NT AUTHORITY\\SYSTEM","Hashes":"MD5=72789836EEA643C23CD87732B8535E7E,SHA256=731E8034CB953ABCD0FC86400AD55113EFA302F77D276213198A76065601576B,IMPHASH=27DE371E1DAE125BC04CC09552C72D87","CurrentDirectory":"C:\\"}
{"UtcTime":"2020-05-18 09:56:45.310","TerminalSessionId":"0","Company":"-","ParentImage":"C:\\Windows\\System32\\OpenSSH\\sshd.exe","Image":"C:\\Windows\\System32\\OpenSSH\\sshd.exe","FileVersion":"7.7.2.2","ParentProcessId":"3860","LogonGuid":"{87a71a6b-5bdd-5ec2-d7e9-8e0700000000}","ProcessId":"3668","CommandLine":"\"C:\\Windows\\System32\\OpenSSH\\sshd.exe\" \"-y\"","ParentCommandLine":"\"C:\\Windows\\System32\\OpenSSH\\sshd.exe\" \"-R\"","LogonId":"0x78ee9d7","ProcessGuid":"{87a71a6b-5bdd-5ec2-b852-01000000b000}","OriginalFileName":"-","RuleName":"-","Description":"-","IntegrityLevel":"High","ParentProcessGuid":"{87a71a6b-5bdc-5ec2-b652-01000000b000}","Product":"OpenSSH for Windows","CurrentDirectory":"C:\\","Hashes":"MD5=72789836EEA643C23CD87732B8535E7E,SHA256=731E8034CB953ABCD0FC86400AD55113EFA302F77D276213198A76065601576B,IMPHASH=27DE371E1DAE125BC04CC09552C72D87","User":"VIRTUAL USERS\\sshd_3860"}
{"SourceIp":"120.71.147.115","DestinationPortName":"ssh","UtcTime":"2020-05-18 09:56:39.887","SourcePortName":"-","RuleName":"SSH","SourceIsIpv6":"false","SourceHostname":"-","DestinationHostname":"EC2AMAZ-V0GPI6G.eu-central-1.compute.internal","DestinationIsIpv6":"false","Image":"C:\\Windows\\System32\\OpenSSH\\sshd.exe","DestinationIp":"172.31.47.23","DestinationPort":"22","ProcessId":"1820","Protocol":"tcp","SourcePort":"54936","User":"NT AUTHORITY\\SYSTEM","Initiated":"false","ProcessGuid":"{87a71a6b-54ee-5ebe-2700-00000000b000}"}
{"UtcTime":"2020-05-18 09:57:28.416","TerminalSessionId":"0","Company":"-","ParentImage":"C:\\Windows\\System32\\OpenSSH\\sshd.exe","Image":"C:\\Windows\\System32\\OpenSSH\\sshd.exe","FileVersion":"7.7.2.2","ParentProcessId":"1820","LogonGuid":"{87a71a6b-54eb-5ebe-e703-000000000000}","CommandLine":"\"C:\\Windows\\System32\\OpenSSH\\sshd.exe\" \"-R\"","ProcessId":"2660","ParentCommandLine":"C:\\Windows\\System32\\OpenSSH\\sshd.exe","LogonId":"0x3e7","ProcessGuid":"{87a71a6b-5c08-5ec2-bc52-01000000b000}","OriginalFileName":"-","RuleName":"-","Description":"-","IntegrityLevel":"System","ParentProcessGuid":"{87a71a6b-54ee-5ebe-2700-00000000b000}","Product":"OpenSSH for Windows","User":"NT AUTHORITY\\SYSTEM","Hashes":"MD5=72789836EEA643C23CD87732B8535E7E,SHA256=731E8034CB953ABCD0FC86400AD55113EFA302F77D276213198A76065601576B,IMPHASH=27DE371E1DAE125BC04CC09552C72D87","CurrentDirectory":"C:\\"}
{"UtcTime":"2020-05-18 09:57:28.659","TerminalSessionId":"0","Company":"-","ParentImage":"C:\\Windows\\System32\\OpenSSH\\sshd.exe","Image":"C:\\Windows\\System32\\OpenSSH\\sshd.exe","ParentProcessId":"2660","FileVersion":"7.7.2.2","LogonGuid":"{87a71a6b-5c08-5ec2-211c-8f0700000000}","ProcessId":"4184","CommandLine":"\"C:\\Windows\\System32\\OpenSSH\\sshd.exe\" \"-y\"","ParentCommandLine":"\"C:\\Windows\\System32\\OpenSSH\\sshd.exe\" \"-R\"","LogonId":"0x78f1c21","ProcessGuid":"{87a71a6b-5c08-5ec2-be52-01000000b000}","OriginalFileName":"-","RuleName":"-","Description":"-","IntegrityLevel":"High","ParentProcessGuid":"{87a71a6b-5c08-5ec2-bc52-01000000b000}","Product":"OpenSSH for Windows","CurrentDirectory":"C:\\","User":"VIRTUAL USERS\\sshd_2660","Hashes":"MD5=72789836EEA643C23CD87732B8535E7E,SHA256=731E8034CB953ABCD0FC86400AD55113EFA302F77D276213198A76065601576B,IMPHASH=27DE371E1DAE125BC04CC09552C72D87"}
{"SourceIp":"201.163.180.183","DestinationPortName":"ssh","UtcTime":"2020-05-18 09:57:23.861","SourcePortName":"-","RuleName":"SSH","SourceIsIpv6":"false","SourceHostname":"static-201-163-180-183.alestra.net.mx","DestinationHostname":"EC2AMAZ-V0GPI6G.eu-central-1.compute.internal","DestinationIsIpv6":"false","DestinationIp":"172.31.47.23","Image":"C:\\Windows\\System32\\OpenSSH\\sshd.exe","DestinationPort":"22","ProcessId":"1820","Protocol":"tcp","SourcePort":"55027","User":"NT AUTHORITY\\SYSTEM","Initiated":"false","ProcessGuid":"{87a71a6b-54ee-5ebe-2700-00000000b000}"}
{"SourcePortName":"-","DestinationPortName":"ms-wbt-server","UtcTime":"2020-05-18 09:57:24.440","SourceIp":"185.209.0.116","RuleName":"RDP","SourceHostname":"-","SourceIsIpv6":"false","DestinationHostname":"EC2AMAZ-V0GPI6G.eu-central-1.compute.internal","DestinationIsIpv6":"false","DestinationIp":"172.31.47.23","Image":"C:\\Windows\\System32\\svchost.exe","DestinationPort":"3389","ProcessId":"824","Protocol":"tcp","SourcePort":"50356","User":"NT AUTHORITY\\NETWORK SERVICE","Initiated":"false","ProcessGuid":"{87a71a6b-54ec-5ebe-1300-00000000b000}"}
{"UtcTime":"2020-05-18 09:57:30.793","TerminalSessionId":"0","Company":"-","ParentImage":"C:\\Windows\\System32\\OpenSSH\\sshd.exe","Image":"C:\\Windows\\System32\\OpenSSH\\sshd.exe","FileVersion":"7.7.2.2","ParentProcessId":"1820","LogonGuid":"{87a71a6b-54eb-5ebe-e703-000000000000}","ProcessId":"1252","CommandLine":"\"C:\\Windows\\System32\\OpenSSH\\sshd.exe\" \"-R\"","ParentCommandLine":"C:\\Windows\\System32\\OpenSSH\\sshd.exe","LogonId":"0x3e7","ProcessGuid":"{87a71a6b-5c0a-5ec2-bf52-01000000b000}","OriginalFileName":"-","RuleName":"-","Description":"-","IntegrityLevel":"System","ParentProcessGuid":"{87a71a6b-54ee-5ebe-2700-00000000b000}","Product":"OpenSSH for Windows","CurrentDirectory":"C:\\","Hashes":"MD5=72789836EEA643C23CD87732B8535E7E,SHA256=731E8034CB953ABCD0FC86400AD55113EFA302F77D276213198A76065601576B,IMPHASH=27DE371E1DAE125BC04CC09552C72D87","User":"NT AUTHORITY\\SYSTEM"}
{"UtcTime":"2020-05-18 09:57:31.819","TerminalSessionId":"0","Company":"-","ParentImage":"C:\\Windows\\System32\\OpenSSH\\sshd.exe","Image":"C:\\Windows\\System32\\OpenSSH\\sshd.exe","FileVersion":"7.7.2.2","ParentProcessId":"1252","LogonGuid":"{87a71a6b-5c0b-5ec2-1825-8f0700000000}","CommandLine":"\"C:\\Windows\\System32\\OpenSSH\\sshd.exe\" \"-y\"","ProcessId":"3864","ParentCommandLine":"\"C:\\Windows\\System32\\OpenSSH\\sshd.exe\" \"-R\"","LogonId":"0x78f2518","ProcessGuid":"{87a71a6b-5c0b-5ec2-c152-01000000b000}","OriginalFileName":"-","RuleName":"-","Description":"-","IntegrityLevel":"High","ParentProcessGuid":"{87a71a6b-5c0a-5ec2-bf52-01000000b000}","Product":"OpenSSH for Windows","User":"S-1-5-111-3847866527-469524349-687026318-516638107-1125189541-1252","Hashes":"MD5=72789836EEA643C23CD87732B8535E7E,SHA256=731E8034CB953ABCD0FC86400AD55113EFA302F77D276213198A76065601576B,IMPHASH=27DE371E1DAE125BC04CC09552C72D87","CurrentDirectory":"C:\\"}
{"SourceIp":"121.48.163.225","UtcTime":"2020-05-18 09:57:26.239","DestinationPortName":"ssh","SourcePortName":"-","RuleName":"SSH","SourceHostname":"-","SourceIsIpv6":"false","DestinationHostname":"EC2AMAZ-V0GPI6G.eu-central-1.compute.internal","DestinationIsIpv6":"false","Image":"C:\\Windows\\System32\\OpenSSH\\sshd.exe","DestinationIp":"172.31.47.23","DestinationPort":"22","ProcessId":"1820","Protocol":"tcp","SourcePort":"59182","User":"NT AUTHORITY\\SYSTEM","Initiated":"false","ProcessGuid":"{87a71a6b-54ee-5ebe-2700-00000000b000}"}
{"UtcTime":"2020-05-18 09:57:27.712","SourceIp":"185.209.0.116","DestinationPortName":"ms-wbt-server","SourcePortName":"-","RuleName":"RDP","SourceHostname":"-","SourceIsIpv6":"false","DestinationHostname":"EC2AMAZ-V0GPI6G.eu-central-1.compute.internal","DestinationIsIpv6":"false","DestinationIp":"172.31.47.23","Image":"C:\\Windows\\System32\\svchost.exe","DestinationPort":"3389","ProcessId":"824","Protocol":"tcp","SourcePort":"59640","User":"NT AUTHORITY\\NETWORK SERVICE","Initiated":"false","ProcessGuid":"{87a71a6b-54ec-5ebe-1300-00000000b000}"}
{"UtcTime":"2020-05-18 09:57:33.504","TerminalSessionId":"0","Company":"-","ParentImage":"C:\\Windows\\System32\\OpenSSH\\sshd.exe","Image":"C:\\Windows\\System32\\OpenSSH\\sshd.exe","ParentProcessId":"1820","FileVersion":"7.7.2.2","LogonGuid":"{87a71a6b-54eb-5ebe-e703-000000000000}","CommandLine":"\"C:\\Windows\\System32\\OpenSSH\\sshd.exe\" \"-R\"","ProcessId":"4716","ParentCommandLine":"C:\\Windows\\System32\\OpenSSH\\sshd.exe","LogonId":"0x3e7","ProcessGuid":"{87a71a6b-5c0d-5ec2-c252-01000000b000}","OriginalFileName":"-","RuleName":"-","Description":"-","IntegrityLevel":"System","ParentProcessGuid":"{87a71a6b-54ee-5ebe-2700-00000000b000}","Product":"OpenSSH for Windows","User":"NT AUTHORITY\\SYSTEM","Hashes":"MD5=72789836EEA643C23CD87732B8535E7E,SHA256=731E8034CB953ABCD0FC86400AD55113EFA302F77D276213198A76065601576B,IMPHASH=27DE371E1DAE125BC04CC09552C72D87","CurrentDirectory":"C:\\"}
{"UtcTime":"2020-05-18 09:57:33.871","TerminalSessionId":"0","Company":"-","ParentImage":"C:\\Windows\\System32\\OpenSSH\\sshd.exe","Image":"C:\\Windows\\System32\\OpenSSH\\sshd.exe","FileVersion":"7.7.2.2","ParentProcessId":"1820","LogonGuid":"{87a71a6b-54eb-5ebe-e703-000000000000}","CommandLine":"\"C:\\Windows\\System32\\OpenSSH\\sshd.exe\" \"-R\"","ProcessId":"1808","ParentCommandLine":"C:\\Windows\\System32\\OpenSSH\\sshd.exe","LogonId":"0x3e7","ProcessGuid":"{87a71a6b-5c0d-5ec2-c452-01000000b000}","OriginalFileName":"-","RuleName":"-","Description":"-","IntegrityLevel":"System","ParentProcessGuid":"{87a71a6b-54ee-5ebe-2700-00000000b000}","Product":"OpenSSH for Windows","CurrentDirectory":"C:\\","Hashes":"MD5=72789836EEA643C23CD87732B8535E7E,SHA256=731E8034CB953ABCD0FC86400AD55113EFA302F77D276213198A76065601576B,IMPHASH=27DE371E1DAE125BC04CC09552C72D87","User":"NT AUTHORITY\\SYSTEM"}
{"UtcTime":"2020-05-18 09:57:33.907","TerminalSessionId":"0","Company":"-","ParentImage":"C:\\Windows\\System32\\OpenSSH\\sshd.exe","Image":"C:\\Windows\\System32\\OpenSSH\\sshd.exe","FileVersion":"7.7.2.2","ParentProcessId":"4716","LogonGuid":"{87a71a6b-5c0d-5ec2-6130-8f0700000000}","ProcessId":"4596","CommandLine":"\"C:\\Windows\\System32\\OpenSSH\\sshd.exe\" \"-y\"","ParentCommandLine":"\"C:\\Windows\\System32\\OpenSSH\\sshd.exe\" \"-R\"","LogonId":"0x78f3061","ProcessGuid":"{87a71a6b-5c0d-5ec2-c652-01000000b000}","OriginalFileName":"-","RuleName":"-","Description":"-","IntegrityLevel":"High","ParentProcessGuid":"{87a71a6b-5c0d-5ec2-c252-01000000b000}","Product":"OpenSSH for Windows","User":"S-1-5-111-3847866527-469524349-687026318-516638107-1125189541-4716","CurrentDirectory":"C:\\","Hashes":"MD5=72789836EEA643C23CD87732B8535E7E,SHA256=731E8034CB953ABCD0FC86400AD55113EFA302F77D276213198A76065601576B,IMPHASH=27DE371E1DAE125BC04CC09552C72D87"}
{"UtcTime":"2020-05-18 09:57:46.463","TerminalSessionId":"0","Company":"-","ParentImage":"C:\\Windows\\System32\\OpenSSH\\sshd.exe","Image":"C:\\Windows\\System32\\OpenSSH\\sshd.exe","ParentProcessId":"1052","FileVersion":"7.7.2.2","LogonGuid":"{87a71a6b-5c1a-5ec2-bd41-8f0700000000}","CommandLine":"\"C:\\Windows\\System32\\OpenSSH\\sshd.exe\" \"-y\"","ProcessId":"4736","ParentCommandLine":"\"C:\\Windows\\System32\\OpenSSH\\sshd.exe\" \"-R\"","LogonId":"0x78f41bd","ProcessGuid":"{87a71a6b-5c1a-5ec2-ca52-01000000b000}","OriginalFileName":"-","RuleName":"-","Description":"-","IntegrityLevel":"High","ParentProcessGuid":"{87a71a6b-5c1a-5ec2-c852-01000000b000}","Product":"OpenSSH for Windows","CurrentDirectory":"C:\\","User":"S-1-5-111-3847866527-469524349-687026318-516638107-1125189541-1052","Hashes":"MD5=72789836EEA643C23CD87732B8535E7E,SHA256=731E8034CB953ABCD0FC86400AD55113EFA302F77D276213198A76065601576B,IMPHASH=27DE371E1DAE125BC04CC09552C72D87"}
{"SourcePortName":"-","DestinationPortName":"ssh","SourceIp":"49.235.75.19","UtcTime":"2020-05-18 09:57:41.626","RuleName":"SSH","SourceHostname":"-","SourceIsIpv6":"false","DestinationHostname":"EC2AMAZ-V0GPI6G.eu-central-1.compute.internal","DestinationIsIpv6":"false","Image":"C:\\Windows\\System32\\OpenSSH\\sshd.exe","DestinationIp":"172.31.47.23","DestinationPort":"22","ProcessId":"1820","Protocol":"tcp","SourcePort":"22754","User":"NT AUTHORITY\\SYSTEM","Initiated":"false","ProcessGuid":"{87a71a6b-54ee-5ebe-2700-00000000b000}"}
{"UtcTime":"2020-05-18 09:57:47.712","TerminalSessionId":"0","Company":"-","ParentImage":"C:\\Windows\\System32\\OpenSSH\\sshd.exe","Image":"C:\\Windows\\System32\\OpenSSH\\sshd.exe","FileVersion":"7.7.2.2","ParentProcessId":"1820","LogonGuid":"{87a71a6b-54eb-5ebe-e703-000000000000}","ProcessId":"2864","CommandLine":"\"C:\\Windows\\System32\\OpenSSH\\sshd.exe\" \"-R\"","ParentCommandLine":"C:\\Windows\\System32\\OpenSSH\\sshd.exe","LogonId":"0x3e7","ProcessGuid":"{87a71a6b-5c1b-5ec2-cb52-01000000b000}","OriginalFileName":"-","RuleName":"-","Description":"-","IntegrityLevel":"System","ParentProcessGuid":"{87a71a6b-54ee-5ebe-2700-00000000b000}","Product":"OpenSSH for Windows","CurrentDirectory":"C:\\","Hashes":"MD5=72789836EEA643C23CD87732B8535E7E,SHA256=731E8034CB953ABCD0FC86400AD55113EFA302F77D276213198A76065601576B,IMPHASH=27DE371E1DAE125BC04CC09552C72D87","User":"NT AUTHORITY\\SYSTEM"}
{"UtcTime":"2020-05-18 09:57:47.783","TerminalSessionId":"0","Company":"-","ParentImage":"C:\\Windows\\System32\\OpenSSH\\sshd.exe","Image":"C:\\Windows\\System32\\OpenSSH\\sshd.exe","FileVersion":"7.7.2.2","ParentProcessId":"2864","LogonGuid":"{87a71a6b-5c1b-5ec2-6549-8f0700000000}","CommandLine":"\"C:\\Windows\\System32\\OpenSSH\\sshd.exe\" \"-y\"","ProcessId":"1944","ParentCommandLine":"\"C:\\Windows\\System32\\OpenSSH\\sshd.exe\" \"-R\"","LogonId":"0x78f4965","ProcessGuid":"{87a71a6b-5c1b-5ec2-cd52-01000000b000}","OriginalFileName":"-","RuleName":"-","Description":"-","IntegrityLevel":"High","ParentProcessGuid":"{87a71a6b-5c1b-5ec2-cb52-01000000b000}","Product":"OpenSSH for Windows","CurrentDirectory":"C:\\","Hashes":"MD5=72789836EEA643C23CD87732B8535E7E,SHA256=731E8034CB953ABCD0FC86400AD55113EFA302F77D276213198A76065601576B,IMPHASH=27DE371E1DAE125BC04CC09552C72D87","User":"S-1-5-111-3847866527-469524349-687026318-516638107-1125189541-2864"}
{"UtcTime":"2020-05-18 09:57:43.052","SourceIp":"185.209.0.117","SourcePortName":"-","DestinationPortName":"ms-wbt-server","RuleName":"RDP","SourceHostname":"-","SourceIsIpv6":"false","DestinationHostname":"EC2AMAZ-V0GPI6G.eu-central-1.compute.internal","DestinationIsIpv6":"false","DestinationIp":"172.31.47.23","Image":"C:\\Windows\\System32\\svchost.exe","DestinationPort":"3389","ProcessId":"824","Protocol":"tcp","SourcePort":"58428","User":"NT AUTHORITY\\NETWORK SERVICE","Initiated":"false","ProcessGuid":"{87a71a6b-54ec-5ebe-1300-00000000b000}"}
{"SourcePortName":"-","DestinationPortName":"ssh","UtcTime":"2020-05-18 09:57:43.157","SourceIp":"51.254.32.102","RuleName":"SSH","SourceHostname":"102.ip-51-254-32.eu","SourceIsIpv6":"false","DestinationHostname":"EC2AMAZ-V0GPI6G.eu-central-1.compute.internal","DestinationIsIpv6":"false","DestinationIp":"172.31.47.23","Image":"C:\\Windows\\System32\\OpenSSH\\sshd.exe","DestinationPort":"22","ProcessId":"1820","Protocol":"tcp","SourcePort":"39454","User":"NT AUTHORITY\\SYSTEM","Initiated":"false","ProcessGuid":"{87a71a6b-54ee-5ebe-2700-00000000b000}"}
{"UtcTime":"2020-05-18 09:57:43.912","DestinationPortName":"ms-wbt-server","SourcePortName":"-","SourceIp":"185.209.0.116","RuleName":"RDP","SourceHostname":"-","SourceIsIpv6":"false","DestinationHostname":"EC2AMAZ-V0GPI6G.eu-central-1.compute.internal","DestinationIsIpv6":"false","DestinationIp":"172.31.47.23","Image":"C:\\Windows\\System32\\svchost.exe","DestinationPort":"3389","ProcessId":"824","Protocol":"tcp","SourcePort":"51476","User":"NT AUTHORITY\\NETWORK SERVICE","Initiated":"false","ProcessGuid":"{87a71a6b-54ec-5ebe-1300-00000000b000}"}
{"SourceIp":"185.209.0.113","DestinationPortName":"ms-wbt-server","SourcePortName":"-","UtcTime":"2020-05-18 09:58:17.097","RuleName":"RDP","SourceIsIpv6":"false","SourceHostname":"-","DestinationHostname":"EC2AMAZ-V0GPI6G.eu-central-1.compute.internal","DestinationIsIpv6":"false","Image":"C:\\Windows\\System32\\svchost.exe","DestinationIp":"172.31.47.23","DestinationPort":"3389","ProcessId":"824","Protocol":"tcp","SourcePort":"61071","User":"NT AUTHORITY\\NETWORK SERVICE","Initiated":"false","ProcessGuid":"{87a71a6b-54ec-5ebe-1300-00000000b000}"}
{"UtcTime":"2020-05-18 09:58:24.322","TerminalSessionId":"0","Company":"-","ParentImage":"C:\\Windows\\System32\\OpenSSH\\sshd.exe","Image":"C:\\Windows\\System32\\OpenSSH\\sshd.exe","FileVersion":"7.7.2.2","ParentProcessId":"1820","LogonGuid":"{87a71a6b-54eb-5ebe-e703-000000000000}","CommandLine":"\"C:\\Windows\\System32\\OpenSSH\\sshd.exe\" \"-R\"","ProcessId":"4328","ParentCommandLine":"C:\\Windows\\System32\\OpenSSH\\sshd.exe","LogonId":"0x3e7","ProcessGuid":"{87a71a6b-5c40-5ec2-e352-01000000b000}","OriginalFileName":"-","RuleName":"-","Description":"-","IntegrityLevel":"System","ParentProcessGuid":"{87a71a6b-54ee-5ebe-2700-00000000b000}","Product":"OpenSSH for Windows","CurrentDirectory":"C:\\","Hashes":"MD5=72789836EEA643C23CD87732B8535E7E,SHA256=731E8034CB953ABCD0FC86400AD55113EFA302F77D276213198A76065601576B,IMPHASH=27DE371E1DAE125BC04CC09552C72D87","User":"NT AUTHORITY\\SYSTEM"}
{"UtcTime":"2020-05-18 09:58:24.451","TerminalSessionId":"0","Company":"-","ParentImage":"C:\\Windows\\System32\\OpenSSH\\sshd.exe","Image":"C:\\Windows\\System32\\OpenSSH\\sshd.exe","ParentProcessId":"4328","FileVersion":"7.7.2.2","LogonGuid":"{87a71a6b-5c40-5ec2-73a9-8f0700000000}","ProcessId":"4312","CommandLine":"\"C:\\Windows\\System32\\OpenSSH\\sshd.exe\" \"-y\"","ParentCommandLine":"\"C:\\Windows\\System32\\OpenSSH\\sshd.exe\" \"-R\"","LogonId":"0x78fa973","ProcessGuid":"{87a71a6b-5c40-5ec2-e552-01000000b000}","OriginalFileName":"-","RuleName":"-","Description":"-","IntegrityLevel":"High","ParentProcessGuid":"{87a71a6b-5c40-5ec2-e352-01000000b000}","Product":"OpenSSH for Windows","CurrentDirectory":"C:\\","Hashes":"MD5=72789836EEA643C23CD87732B8535E7E,SHA256=731E8034CB953ABCD0FC86400AD55113EFA302F77D276213198A76065601576B,IMPHASH=27DE371E1DAE125BC04CC09552C72D87","User":"S-1-5-111-3847866527-469524349-687026318-516638107-1125189541-4328"}
{"SourcePortName":"-","SourceIp":"46.0.203.166","UtcTime":"2020-05-18 09:58:19.766","DestinationPortName":"ssh","RuleName":"SSH","SourceIsIpv6":"false","SourceHostname":"46x0x203x166.static-customer.samara.ertelecom.ru","DestinationHostname":"EC2AMAZ-V0GPI6G.eu-central-1.compute.internal","DestinationIsIpv6":"false","Image":"C:\\Windows\\System32\\OpenSSH\\sshd.exe","DestinationIp":"172.31.47.23","DestinationPort":"22","ProcessId":"1820","Protocol":"tcp","SourcePort":"34314","User":"NT AUTHORITY\\SYSTEM","Initiated":"false","ProcessGuid":"{87a71a6b-54ee-5ebe-2700-00000000b000}"}
{"UtcTime":"2020-05-18 09:58:23.939","DestinationPortName":"ms-wbt-server","SourceIp":"52.157.200.36","SourcePortName":"-","RuleName":"RDP","SourceHostname":"-","SourceIsIpv6":"false","DestinationHostname":"EC2AMAZ-V0GPI6G.eu-central-1.compute.internal","DestinationIsIpv6":"false","Image":"C:\\Windows\\System32\\svchost.exe","DestinationIp":"172.31.47.23","DestinationPort":"3389","ProcessId":"824","Protocol":"tcp","SourcePort":"28428","User":"NT AUTHORITY\\NETWORK SERVICE","Initiated":"false","ProcessGuid":"{87a71a6b-54ec-5ebe-1300-00000000b000}"}
{"UtcTime":"2020-05-18 09:58:29.775","TerminalSessionId":"0","Company":"-","ParentImage":"C:\\Windows\\System32\\OpenSSH\\sshd.exe","Image":"C:\\Windows\\System32\\OpenSSH\\sshd.exe","FileVersion":"7.7.2.2","ParentProcessId":"1820","LogonGuid":"{87a71a6b-54eb-5ebe-e703-000000000000}","CommandLine":"\"C:\\Windows\\System32\\OpenSSH\\sshd.exe\" \"-R\"","ProcessId":"4628","ParentCommandLine":"C:\\Windows\\System32\\OpenSSH\\sshd.exe","LogonId":"0x3e7","ProcessGuid":"{87a71a6b-5c45-5ec2-e652-01000000b000}","OriginalFileName":"-","RuleName":"-","Description":"-","IntegrityLevel":"System","ParentProcessGuid":"{87a71a6b-54ee-5ebe-2700-00000000b000}","Product":"OpenSSH for Windows","CurrentDirectory":"C:\\","User":"NT AUTHORITY\\SYSTEM","Hashes":"MD5=72789836EEA643C23CD87732B8535E7E,SHA256=731E8034CB953ABCD0FC86400AD55113EFA302F77D276213198A76065601576B,IMPHASH=27DE371E1DAE125BC04CC09552C72D87"}
{"UtcTime":"2020-05-18 09:58:30.011","TerminalSessionId":"0","Company":"-","ParentImage":"C:\\Windows\\System32\\OpenSSH\\sshd.exe","Image":"C:\\Windows\\System32\\OpenSSH\\sshd.exe","FileVersion":"7.7.2.2","ParentProcessId":"4628","LogonGuid":"{87a71a6b-5c45-5ec2-8db2-8f0700000000}","ProcessId":"1292","CommandLine":"\"C:\\Windows\\System32\\OpenSSH\\sshd.exe\" \"-y\"","ParentCommandLine":"\"C:\\Windows\\System32\\OpenSSH\\sshd.exe\" \"-R\"","LogonId":"0x78fb28d","ProcessGuid":"{87a71a6b-5c46-5ec2-e852-01000000b000}","OriginalFileName":"-","RuleName":"-","Description":"-","IntegrityLevel":"High","ParentProcessGuid":"{87a71a6b-5c45-5ec2-e652-01000000b000}","Product":"OpenSSH for Windows","User":"S-1-5-111-3847866527-469524349-687026318-516638107-1125189541-4628","Hashes":"MD5=72789836EEA643C23CD87732B8535E7E,SHA256=731E8034CB953ABCD0FC86400AD55113EFA302F77D276213198A76065601576B,IMPHASH=27DE371E1DAE125BC04CC09552C72D87","CurrentDirectory":"C:\\"}
{"SourcePortName":"-","SourceIp":"134.209.104.117","DestinationPortName":"ssh","UtcTime":"2020-05-18 09:58:25.219","RuleName":"SSH","SourceIsIpv6":"false","SourceHostname":"adtikibeta.com","DestinationHostname":"EC2AMAZ-V0GPI6G.eu-central-1.compute.internal","DestinationIsIpv6":"false","Image":"C:\\Windows\\System32\\OpenSSH\\sshd.exe","DestinationIp":"172.31.47.23","DestinationPort":"22","ProcessId":"1820","Protocol":"tcp","SourcePort":"45094","User":"NT AUTHORITY\\SYSTEM","Initiated":"false","ProcessGuid":"{87a71a6b-54ee-5ebe-2700-00000000b000}"}
{"SourcePortName":"-","SourceIp":"167.172.125.234","DestinationPortName":"ms-wbt-server","UtcTime":"2020-05-18 09:58:25.536","RuleName":"RDP","SourceIsIpv6":"false","SourceHostname":"-","DestinationHostname":"EC2AMAZ-V0GPI6G.eu-central-1.compute.internal","DestinationIsIpv6":"false","DestinationIp":"172.31.47.23","Image":"C:\\Windows\\System32\\svchost.exe","DestinationPort":"3389","ProcessId":"824","Protocol":"tcp","SourcePort":"63877","User":"NT AUTHORITY\\NETWORK SERVICE","Initiated":"false","ProcessGuid":"{87a71a6b-54ec-5ebe-1300-00000000b000}"}
{"SourceIp":"185.209.0.116","SourcePortName":"-","UtcTime":"2020-05-18 09:58:25.712","DestinationPortName":"ms-wbt-server","RuleName":"RDP","SourceHostname":"-","SourceIsIpv6":"false","DestinationHostname":"EC2AMAZ-V0GPI6G.eu-central-1.compute.internal","DestinationIsIpv6":"false","DestinationIp":"172.31.47.23","Image":"C:\\Windows\\System32\\svchost.exe","DestinationPort":"3389","ProcessId":"824","Protocol":"tcp","SourcePort":"51470","User":"NT AUTHORITY\\NETWORK SERVICE","Initiated":"false","ProcessGuid":"{87a71a6b-54ec-5ebe-1300-00000000b000}"}
{"UtcTime":"2020-05-18 09:58:32.791","TerminalSessionId":"0","Company":"-","ParentImage":"C:\\Windows\\System32\\OpenSSH\\sshd.exe","Image":"C:\\Windows\\System32\\OpenSSH\\sshd.exe","FileVersion":"7.7.2.2","ParentProcessId":"1820","LogonGuid":"{87a71a6b-54eb-5ebe-e703-000000000000}","ProcessId":"3148","CommandLine":"\"C:\\Windows\\System32\\OpenSSH\\sshd.exe\" \"-R\"","ParentCommandLine":"C:\\Windows\\System32\\OpenSSH\\sshd.exe","LogonId":"0x3e7","ProcessGuid":"{87a71a6b-5c48-5ec2-e952-01000000b000}","OriginalFileName":"-","RuleName":"-","Description":"-","IntegrityLevel":"System","ParentProcessGuid":"{87a71a6b-54ee-5ebe-2700-00000000b000}","Product":"OpenSSH for Windows","User":"NT AUTHORITY\\SYSTEM","CurrentDirectory":"C:\\","Hashes":"MD5=72789836EEA643C23CD87732B8535E7E,SHA256=731E8034CB953ABCD0FC86400AD55113EFA302F77D276213198A76065601576B,IMPHASH=27DE371E1DAE125BC04CC09552C72D87"}
{"UtcTime":"2020-05-18 09:58:33.089","TerminalSessionId":"0","Company":"-","ParentImage":"C:\\Windows\\System32\\OpenSSH\\sshd.exe","Image":"C:\\Windows\\System32\\OpenSSH\\sshd.exe","FileVersion":"7.7.2.2","ParentProcessId":"3148","LogonGuid":"{87a71a6b-5c49-5ec2-cfbd-8f0700000000}","CommandLine":"\"C:\\Windows\\System32\\OpenSSH\\sshd.exe\" \"-y\"","ProcessId":"2256","ParentCommandLine":"\"C:\\Windows\\System32\\OpenSSH\\sshd.exe\" \"-R\"","LogonId":"0x78fbdcf","ProcessGuid":"{87a71a6b-5c49-5ec2-eb52-01000000b000}","OriginalFileName":"-","RuleName":"-","Description":"-","IntegrityLevel":"High","ParentProcessGuid":"{87a71a6b-5c48-5ec2-e952-01000000b000}","Product":"OpenSSH for Windows","User":"S-1-5-111-3847866527-469524349-687026318-516638107-1125189541-3148","Hashes":"MD5=72789836EEA643C23CD87732B8535E7E,SHA256=731E8034CB953ABCD0FC86400AD55113EFA302F77D276213198A76065601576B,IMPHASH=27DE371E1DAE125BC04CC09552C72D87","CurrentDirectory":"C:\\"}
{"SourcePortName":"-","SourceIp":"185.209.0.105","UtcTime":"2020-05-18 09:58:27.486","DestinationPortName":"ms-wbt-server","RuleName":"RDP","SourceHostname":"-","SourceIsIpv6":"false","DestinationHostname":"EC2AMAZ-V0GPI6G.eu-central-1.compute.internal","DestinationIsIpv6":"false","Image":"C:\\Windows\\System32\\svchost.exe","DestinationIp":"172.31.47.23","DestinationPort":"3389","ProcessId":"824","Protocol":"tcp","SourcePort":"59358","User":"NT AUTHORITY\\NETWORK SERVICE","Initiated":"false","ProcessGuid":"{87a71a6b-54ec-5ebe-1300-00000000b000}"}
