{"RuleName": "-", "UtcTime": 1589794733.391, "ProcessGuid": "{87a71a6b-57ad-5ec2-e650-01000000b000}", "ProcessId": 4164, "Image": "C:\\\\Windows\\\\System32\\\\conhost.exe", "FileVersion": "10.0.17763.1075 (WinBuild.160101.0800)", "Description": "Console Window Host", "Product": "Microsoft® Windows® Operating System", "Company": "Microsoft Corporation", "OriginalFileName": "CONHOST.EXE", "CommandLine": "\\\\??\\\\C:\\\\Windows\\\\system32\\\\conhost.exe 0xffffffff -ForceV1", "CurrentDirectory": "C:\\\\Windows", "User": "NT AUTHORITY\\\\SYSTEM", "LogonGuid": "{87a71a6b-54eb-5ebe-e703-000000000000}", "LogonId": 999, "TerminalSessionId": 0, "IntegrityLevel": "System", "Hashes": "SHA1=74F28DD9B0DA310D85F1931DB2749A26A9A8AB02", "ParentProcessGuid": "{87a71a6b-57ad-5ec2-e550-01000000b000}", "ParentProcessId": 3308, "ParentImage": "C:\\\\Windows\\\\System32\\\\OpenSSH\\\\sshd.exe", "ParentCommandLine": "\"C:\\\\Windows\\\\System32\\\\OpenSSH\\\\sshd.exe\" \"-R\""}
{"RuleName": "-", "UtcTime": 1589794733.927, "ProcessGuid": "{87a71a6b-57ad-5ec2-e850-01000000b000}", "ProcessId": 4844, "Image": "C:\\\\Windows\\\\System32\\\\conhost.exe", "FileVersion": "10.0.17763.1075 (WinBuild.160101.0800)", "Description": "Console Window Host", "Product": "Microsoft® Windows® Operating System", "Company": "Microsoft Corporation", "OriginalFileName": "CONHOST.EXE", "CommandLine": "\\\\??\\\\C:\\\\Windows\\\\system32\\\\conhost.exe 0xffffffff -ForceV1", "CurrentDirectory": "C:\\\\Windows", "User": "NT AUTHORITY\\\\SYSTEM", "LogonGuid": "{87a71a6b-54eb-5ebe-e703-000000000000}", "LogonId": 999, "TerminalSessionId": 0, "IntegrityLevel": "System", "Hashes": "SHA1=74F28DD9B0DA310D85F1931DB2749A26A9A8AB02", "ParentProcessGuid": "{87a71a6b-57ad-5ec2-e750-01000000b000}", "ParentProcessId": 504, "ParentImage": "C:\\\\Windows\\\\System32\\\\OpenSSH\\\\sshd.exe", "ParentCommandLine": "\"C:\\\\Windows\\\\System32\\\\OpenSSH\\\\sshd.exe\" \"-R\""}
{"RuleName": "-", "UtcTime": 1589794735.639, "ProcessGuid": "{87a71a6b-57af-5ec2-ec50-01000000b000}", "ProcessId": 5096, "Image": "C:\\\\Windows\\\\System32\\\\conhost.exe", "FileVersion": "10.0.17763.1075 (WinBuild.160101.0800)", "Description": "Console Window Host", "Product": "Microsoft® Windows® Operating System", "Company": "Microsoft Corporation", "OriginalFileName": "CONHOST.EXE", "CommandLine": "\\\\??\\\\C:\\\\Windows\\\\system32\\\\conhost.exe 0xffffffff -ForceV1", "CurrentDirectory": "C:\\\\Windows", "User": "NT AUTHORITY\\\\SYSTEM", "LogonGuid": "{87a71a6b-54eb-5ebe-e703-000000000000}", "LogonId": 999, "TerminalSessionId": 0, "IntegrityLevel": "System", "Hashes": "SHA1=74F28DD9B0DA310D85F1931DB2749A26A9A8AB02", "ParentProcessGuid": "{87a71a6b-57af-5ec2-eb50-01000000b000}", "ParentProcessId": 688, "ParentImage": "C:\\\\Windows\\\\System32\\\\OpenSSH\\\\sshd.exe", "ParentCommandLine": "\"C:\\\\Windows\\\\System32\\\\OpenSSH\\\\sshd.exe\" \"-R\""}
{"RuleName": "-", "UtcTime": 1589794736.626, "ProcessGuid": "{87a71a6b-57b0-5ec2-ef50-01000000b000}", "ProcessId": 4888, "Image": "C:\\\\Windows\\\\System32\\\\conhost.exe", "FileVersion": "10.0.17763.1075 (WinBuild.160101.0800)", "Description": "Console Window Host", "Product": "Microsoft® Windows® Operating System", "Company": "Microsoft Corporation", "OriginalFileName": "CONHOST.EXE", "CommandLine": "\\\\??\\\\C:\\\\Windows\\\\system32\\\\conhost.exe 0xffffffff -ForceV1", "CurrentDirectory": "C:\\\\Windows", "User": "NT AUTHORITY\\\\SYSTEM", "LogonGuid": "{87a71a6b-54eb-5ebe-e703-000000000000}", "LogonId": 999, "TerminalSessionId": 0, "IntegrityLevel": "System", "Hashes": "SHA1=74F28DD9B0DA310D85F1931DB2749A26A9A8AB02", "ParentProcessGuid": "{87a71a6b-57b0-5ec2-ee50-01000000b000}", "ParentProcessId": 520, "ParentImage": "C:\\\\Windows\\\\System32\\\\OpenSSH\\\\sshd.exe", "ParentCommandLine": "\"C:\\\\Windows\\\\System32\\\\OpenSSH\\\\sshd.exe\" \"-R\""}
{"RuleName": "-", "UtcTime": 1589794737.702, "ProcessGuid": "{87a71a6b-57b1-5ec2-f250-01000000b000}", "ProcessId": 4584, "Image": "C:\\\\Windows\\\\System32\\\\conhost.exe", "FileVersion": "10.0.17763.1075 (WinBuild.160101.0800)", "Description": "Console Window Host", "Product": "Microsoft® Windows® Operating System", "Company": "Microsoft Corporation", "OriginalFileName": "CONHOST.EXE", "CommandLine": "\\\\??\\\\C:\\\\Windows\\\\system32\\\\conhost.exe 0xffffffff -ForceV1", "CurrentDirectory": "C:\\\\Windows", "User": "NT AUTHORITY\\\\SYSTEM", "LogonGuid": "{87a71a6b-54eb-5ebe-e703-000000000000}", "LogonId": 999, "TerminalSessionId": 0, "IntegrityLevel": "System", "Hashes": "SHA1=74F28DD9B0DA310D85F1931DB2749A26A9A8AB02", "ParentProcessGuid": "{87a71a6b-57b1-5ec2-f150-01000000b000}", "ParentProcessId": 5072, "ParentImage": "C:\\\\Windows\\\\System32\\\\OpenSSH\\\\sshd.exe", "ParentCommandLine": "\"C:\\\\Windows\\\\System32\\\\OpenSSH\\\\sshd.exe\" \"-R\""}
{"RuleName": "-", "UtcTime": 1589794738.079, "ProcessGuid": "{87a71a6b-57b2-5ec2-f550-01000000b000}", "ProcessId": 3964, "Image": "C:\\\\Windows\\\\System32\\\\conhost.exe", "FileVersion": "10.0.17763.1075 (WinBuild.160101.0800)", "Description": "Console Window Host", "Product": "Microsoft® Windows® Operating System", "Company": "Microsoft Corporation", "OriginalFileName": "CONHOST.EXE", "CommandLine": "\\\\??\\\\C:\\\\Windows\\\\system32\\\\conhost.exe 0xffffffff -ForceV1", "CurrentDirectory": "C:\\\\Windows", "User": "NT AUTHORITY\\\\SYSTEM", "LogonGuid": "{87a71a6b-54eb-5ebe-e703-000000000000}", "LogonId": 999, "TerminalSessionId": 0, "IntegrityLevel": "System", "Hashes": "SHA1=74F28DD9B0DA310D85F1931DB2749A26A9A8AB02", "ParentProcessGuid": "{87a71a6b-57b2-5ec2-f450-01000000b000}", "ParentProcessId": 4692, "ParentImage": "C:\\\\Windows\\\\System32\\\\OpenSSH\\\\sshd.exe", "ParentCommandLine": "\"C:\\\\Windows\\\\System32\\\\OpenSSH\\\\sshd.exe\" \"-R\""}
{"RuleName": "-", "UtcTime": 1589794738.123, "ProcessGuid": "{87a71a6b-57b2-5ec2-f750-01000000b000}", "ProcessId": 1584, "Image": "C:\\\\Windows\\\\System32\\\\conhost.exe", "FileVersion": "10.0.17763.1075 (WinBuild.160101.0800)", "Description": "Console Window Host", "Product": "Microsoft® Windows® Operating System", "Company": "Microsoft Corporation", "OriginalFileName": "CONHOST.EXE", "CommandLine": "\\\\??\\\\C:\\\\Windows\\\\system32\\\\conhost.exe 0xffffffff -ForceV1", "CurrentDirectory": "C:\\\\Windows", "User": "NT AUTHORITY\\\\SYSTEM", "LogonGuid": "{87a71a6b-54eb-5ebe-e703-000000000000}", "LogonId": 999, "TerminalSessionId": 0, "IntegrityLevel": "System", "Hashes": "SHA1=74F28DD9B0DA310D85F1931DB2749A26A9A8AB02", "ParentProcessGuid": "{87a71a6b-57b2-5ec2-f650-01000000b000}", "ParentProcessId": 1808, "ParentImage": "C:\\\\Windows\\\\System32\\\\OpenSSH\\\\sshd.exe", "ParentCommandLine": "\"C:\\\\Windows\\\\System32\\\\OpenSSH\\\\sshd.exe\" \"-R\""}
{"RuleName": "-", "UtcTime": 1589794738.989, "ProcessGuid": "{87a71a6b-57b2-5ec2-fb50-01000000b000}", "ProcessId": 880, "Image": "C:\\\\Windows\\\\System32\\\\conhost.exe", "FileVersion": "10.0.17763.1075 (WinBuild.160101.0800)", "Description": "Console Window Host", "Product": "Microsoft® Windows® Operating System", "Company": "Microsoft Corporation", "OriginalFileName": "CONHOST.EXE", "CommandLine": "\\\\??\\\\C:\\\\Windows\\\\system32\\\\conhost.exe 0xffffffff -ForceV1", "CurrentDirectory": "C:\\\\Windows", "User": "NT AUTHORITY\\\\SYSTEM", "LogonGuid": "{87a71a6b-54eb-5ebe-e703-000000000000}", "LogonId": 999, "TerminalSessionId": 0, "IntegrityLevel": "System", "Hashes": "SHA1=74F28DD9B0DA310D85F1931DB2749A26A9A8AB02", "ParentProcessGuid": "{87a71a6b-57b2-5ec2-fa50-01000000b000}", "ParentProcessId": 2204, "ParentImage": "C:\\\\Windows\\\\System32\\\\OpenSSH\\\\sshd.exe", "ParentCommandLine": "\"C:\\\\Windows\\\\System32\\\\OpenSSH\\\\sshd.exe\" \"-R\""}
{"RuleName": "-", "UtcTime": 1589794740.308, "ProcessGuid": "{87a71a6b-57b4-5ec2-fe50-01000000b000}", "ProcessId": 2940, "Image": "C:\\\\Windows\\\\System32\\\\conhost.exe", "FileVersion": "10.0.17763.1075 (WinBuild.160101.0800)", "Description": "Console Window Host", "Product": "Microsoft® Windows® Operating System", "Company": "Microsoft Corporation", "OriginalFileName": "CONHOST.EXE", "CommandLine": "\\\\??\\\\C:\\\\Windows\\\\system32\\\\conhost.exe 0xffffffff -ForceV1", "CurrentDirectory": "C:\\\\Windows", "User": "NT AUTHORITY\\\\SYSTEM", "LogonGuid": "{87a71a6b-54eb-5ebe-e703-000000000000}", "LogonId": 999, "TerminalSessionId": 0, "IntegrityLevel": "System", "Hashes": "SHA1=74F28DD9B0DA310D85F1931DB2749A26A9A8AB02", "ParentProcessGuid": "{87a71a6b-57b4-5ec2-fd50-01000000b000}", "ParentProcessId": 4740, "ParentImage": "C:\\\\Windows\\\\System32\\\\OpenSSH\\\\sshd.exe", "ParentCommandLine": "\"C:\\\\Windows\\\\System32\\\\OpenSSH\\\\sshd.exe\" \"-R\""}
{"RuleName": "-", "UtcTime": 1589794742.634, "ProcessGuid": "{87a71a6b-57b6-5ec2-0151-01000000b000}", "ProcessId": 2196, "Image": "C:\\\\Windows\\\\System32\\\\conhost.exe", "FileVersion": "10.0.17763.1075 (WinBuild.160101.0800)", "Description": "Console Window Host", "Product": "Microsoft® Windows® Operating System", "Company": "Microsoft Corporation", "OriginalFileName": "CONHOST.EXE", "CommandLine": "\\\\??\\\\C:\\\\Windows\\\\system32\\\\conhost.exe 0xffffffff -ForceV1", "CurrentDirectory": "C:\\\\Windows", "User": "NT AUTHORITY\\\\SYSTEM", "LogonGuid": "{87a71a6b-54eb-5ebe-e703-000000000000}", "LogonId": 999, "TerminalSessionId": 0, "IntegrityLevel": "System", "Hashes": "SHA1=74F28DD9B0DA310D85F1931DB2749A26A9A8AB02", "ParentProcessGuid": "{87a71a6b-57b6-5ec2-0051-01000000b000}", "ParentProcessId": 4268, "ParentImage": "C:\\\\Windows\\\\System32\\\\OpenSSH\\\\sshd.exe", "ParentCommandLine": "\"C:\\\\Windows\\\\System32\\\\OpenSSH\\\\sshd.exe\" \"-R\""}
{"RuleName": "-", "UtcTime": 1589794745.029, "ProcessGuid": "{87a71a6b-57b9-5ec2-0451-01000000b000}", "ProcessId": 1208, "Image": "C:\\\\Windows\\\\System32\\\\conhost.exe", "FileVersion": "10.0.17763.1075 (WinBuild.160101.0800)", "Description": "Console Window Host", "Product": "Microsoft® Windows® Operating System", "Company": "Microsoft Corporation", "OriginalFileName": "CONHOST.EXE", "CommandLine": "\\\\??\\\\C:\\\\Windows\\\\system32\\\\conhost.exe 0xffffffff -ForceV1", "CurrentDirectory": "C:\\\\Windows", "User": "NT AUTHORITY\\\\SYSTEM", "LogonGuid": "{87a71a6b-54eb-5ebe-e703-000000000000}", "LogonId": 999, "TerminalSessionId": 0, "IntegrityLevel": "System", "Hashes": "SHA1=74F28DD9B0DA310D85F1931DB2749A26A9A8AB02", "ParentProcessGuid": "{87a71a6b-57b9-5ec2-0351-01000000b000}", "ParentProcessId": 1096, "ParentImage": "C:\\\\Windows\\\\System32\\\\OpenSSH\\\\sshd.exe", "ParentCommandLine": "\"C:\\\\Windows\\\\System32\\\\OpenSSH\\\\sshd.exe\" \"-R\""}
{"RuleName": "-", "UtcTime": 1589794747.966, "ProcessGuid": "{87a71a6b-57bb-5ec2-0751-01000000b000}", "ProcessId": 5104, "Image": "C:\\\\Windows\\\\System32\\\\conhost.exe", "FileVersion": "10.0.17763.1075 (WinBuild.160101.0800)", "Description": "Console Window Host", "Product": "Microsoft® Windows® Operating System", "Company": "Microsoft Corporation", "OriginalFileName": "CONHOST.EXE", "CommandLine": "\\\\??\\\\C:\\\\Windows\\\\system32\\\\conhost.exe 0xffffffff -ForceV1", "CurrentDirectory": "C:\\\\Windows", "User": "NT AUTHORITY\\\\SYSTEM", "LogonGuid": "{87a71a6b-54eb-5ebe-e703-000000000000}", "LogonId": 999, "TerminalSessionId": 0, "IntegrityLevel": "System", "Hashes": "SHA1=74F28DD9B0DA310D85F1931DB2749A26A9A8AB02", "ParentProcessGuid": "{87a71a6b-57bb-5ec2-0651-01000000b000}", "ParentProcessId": 4068, "ParentImage": "C:\\\\Windows\\\\System32\\\\OpenSSH\\\\sshd.exe", "ParentCommandLine": "\"C:\\\\Windows\\\\System32\\\\OpenSSH\\\\sshd.exe\" \"-R\""}
{"RuleName": "-", "UtcTime": 1589794750.152, "ProcessGuid": "{87a71a6b-57be-5ec2-0a51-01000000b000}", "ProcessId": 3096, "Image": "C:\\\\Windows\\\\System32\\\\conhost.exe", "FileVersion": "10.0.17763.1075 (WinBuild.160101.0800)", "Description": "Console Window Host", "Product": "Microsoft® Windows® Operating System", "Company": "Microsoft Corporation", "OriginalFileName": "CONHOST.EXE", "CommandLine": "\\\\??\\\\C:\\\\Windows\\\\system32\\\\conhost.exe 0xffffffff -ForceV1", "CurrentDirectory": "C:\\\\Windows", "User": "NT AUTHORITY\\\\SYSTEM", "LogonGuid": "{87a71a6b-54eb-5ebe-e703-000000000000}", "LogonId": 999, "TerminalSessionId": 0, "IntegrityLevel": "System", "Hashes": "SHA1=74F28DD9B0DA310D85F1931DB2749A26A9A8AB02", "ParentProcessGuid": "{87a71a6b-57be-5ec2-0951-01000000b000}", "ParentProcessId": 3028, "ParentImage": "C:\\\\Windows\\\\System32\\\\OpenSSH\\\\sshd.exe", "ParentCommandLine": "\"C:\\\\Windows\\\\System32\\\\OpenSSH\\\\sshd.exe\" \"-R\""}
{"RuleName": "-", "UtcTime": 1589794762.992, "ProcessGuid": "{87a71a6b-57ca-5ec2-0d51-01000000b000}", "ProcessId": 4168, "Image": "C:\\\\Windows\\\\System32\\\\conhost.exe", "FileVersion": "10.0.17763.1075 (WinBuild.160101.0800)", "Description": "Console Window Host", "Product": "Microsoft® Windows® Operating System", "Company": "Microsoft Corporation", "OriginalFileName": "CONHOST.EXE", "CommandLine": "\\\\??\\\\C:\\\\Windows\\\\system32\\\\conhost.exe 0xffffffff -ForceV1", "CurrentDirectory": "C:\\\\Windows", "User": "NT AUTHORITY\\\\SYSTEM", "LogonGuid": "{87a71a6b-54eb-5ebe-e703-000000000000}", "LogonId": 999, "TerminalSessionId": 0, "IntegrityLevel": "System", "Hashes": "SHA1=74F28DD9B0DA310D85F1931DB2749A26A9A8AB02", "ParentProcessGuid": "{87a71a6b-57ca-5ec2-0c51-01000000b000}", "ParentProcessId": 2276, "ParentImage": "C:\\\\Windows\\\\System32\\\\OpenSSH\\\\sshd.exe", "ParentCommandLine": "\"C:\\\\Windows\\\\System32\\\\OpenSSH\\\\sshd.exe\" \"-R\""}
{"RuleName": "-", "UtcTime": 1589794767.496, "ProcessGuid": "{87a71a6b-57cf-5ec2-1051-01000000b000}", "ProcessId": 4176, "Image": "C:\\\\Windows\\\\System32\\\\conhost.exe", "FileVersion": "10.0.17763.1075 (WinBuild.160101.0800)", "Description": "Console Window Host", "Product": "Microsoft® Windows® Operating System", "Company": "Microsoft Corporation", "OriginalFileName": "CONHOST.EXE", "CommandLine": "\\\\??\\\\C:\\\\Windows\\\\system32\\\\conhost.exe 0xffffffff -ForceV1", "CurrentDirectory": "C:\\\\Windows", "User": "NT AUTHORITY\\\\SYSTEM", "LogonGuid": "{87a71a6b-54eb-5ebe-e703-000000000000}", "LogonId": 999, "TerminalSessionId": 0, "IntegrityLevel": "System", "Hashes": "SHA1=74F28DD9B0DA310D85F1931DB2749A26A9A8AB02", "ParentProcessGuid": "{87a71a6b-57cf-5ec2-0f51-01000000b000}", "ParentProcessId": 2800, "ParentImage": "C:\\\\Windows\\\\System32\\\\OpenSSH\\\\sshd.exe", "ParentCommandLine": "\"C:\\\\Windows\\\\System32\\\\OpenSSH\\\\sshd.exe\" \"-R\""}
{"RuleName": "-", "UtcTime": 1589794768.51, "ProcessGuid": "{87a71a6b-57d0-5ec2-1351-01000000b000}", "ProcessId": 3520, "Image": "C:\\\\Windows\\\\System32\\\\conhost.exe", "FileVersion": "10.0.17763.1075 (WinBuild.160101.0800)", "Description": "Console Window Host", "Product": "Microsoft® Windows® Operating System", "Company": "Microsoft Corporation", "OriginalFileName": "CONHOST.EXE", "CommandLine": "\\\\??\\\\C:\\\\Windows\\\\system32\\\\conhost.exe 0xffffffff -ForceV1", "CurrentDirectory": "C:\\\\Windows", "User": "NT AUTHORITY\\\\SYSTEM", "LogonGuid": "{87a71a6b-54eb-5ebe-e703-000000000000}", "LogonId": 999, "TerminalSessionId": 0, "IntegrityLevel": "System", "Hashes": "SHA1=74F28DD9B0DA310D85F1931DB2749A26A9A8AB02", "ParentProcessGuid": "{87a71a6b-57d0-5ec2-1251-01000000b000}", "ParentProcessId": 2528, "ParentImage": "C:\\\\Windows\\\\System32\\\\OpenSSH\\\\sshd.exe", "ParentCommandLine": "\"C:\\\\Windows\\\\System32\\\\OpenSSH\\\\sshd.exe\" \"-R\""}
{"RuleName": "-", "UtcTime": 1589794771.134, "ProcessGuid": "{87a71a6b-57d3-5ec2-1651-01000000b000}", "ProcessId": 2720, "Image": "C:\\\\Windows\\\\System32\\\\conhost.exe", "FileVersion": "10.0.17763.1075 (WinBuild.160101.0800)", "Description": "Console Window Host", "Product": "Microsoft® Windows® Operating System", "Company": "Microsoft Corporation", "OriginalFileName": "CONHOST.EXE", "CommandLine": "\\\\??\\\\C:\\\\Windows\\\\system32\\\\conhost.exe 0xffffffff -ForceV1", "CurrentDirectory": "C:\\\\Windows", "User": "NT AUTHORITY\\\\SYSTEM", "LogonGuid": "{87a71a6b-54eb-5ebe-e703-000000000000}", "LogonId": 999, "TerminalSessionId": 0, "IntegrityLevel": "System", "Hashes": "SHA1=74F28DD9B0DA310D85F1931DB2749A26A9A8AB02", "ParentProcessGuid": "{87a71a6b-57d3-5ec2-1551-01000000b000}", "ParentProcessId": 2124, "ParentImage": "C:\\\\Windows\\\\System32\\\\OpenSSH\\\\sshd.exe", "ParentCommandLine": "\"C:\\\\Windows\\\\System32\\\\OpenSSH\\\\sshd.exe\" \"-R\""}
{"RuleName": "-", "UtcTime": 1589794775.999, "ProcessGuid": "{87a71a6b-57d7-5ec2-1951-01000000b000}", "ProcessId": 3148, "Image": "C:\\\\Windows\\\\System32\\\\conhost.exe", "FileVersion": "10.0.17763.1075 (WinBuild.160101.0800)", "Description": "Console Window Host", "Product": "Microsoft® Windows® Operating System", "Company": "Microsoft Corporation", "OriginalFileName": "CONHOST.EXE", "CommandLine": "\\\\??\\\\C:\\\\Windows\\\\system32\\\\conhost.exe 0xffffffff -ForceV1", "CurrentDirectory": "C:\\\\Windows", "User": "NT AUTHORITY\\\\SYSTEM", "LogonGuid": "{87a71a6b-54eb-5ebe-e703-000000000000}", "LogonId": 999, "TerminalSessionId": 0, "IntegrityLevel": "System", "Hashes": "SHA1=74F28DD9B0DA310D85F1931DB2749A26A9A8AB02", "ParentProcessGuid": "{87a71a6b-57d7-5ec2-1851-01000000b000}", "ParentProcessId": 4316, "ParentImage": "C:\\\\Windows\\\\System32\\\\OpenSSH\\\\sshd.exe", "ParentCommandLine": "\"C:\\\\Windows\\\\System32\\\\OpenSSH\\\\sshd.exe\" \"-R\""}
{"RuleName": "-", "UtcTime": 1589794779.369, "ProcessGuid": "{87a71a6b-57db-5ec2-1b51-01000000b000}", "ProcessId": 4904, "Image": "C:\\\\Program Files\\\\windows nt\\\\accessories\\\\wordpad.exe", "FileVersion": "10.0.17763.1075 (WinBuild.160101.0800)", "Description": "Windows Wordpad Application", "Product": "Microsoft® Windows® Operating System", "Company": "Microsoft Corporation", "OriginalFileName": "WORDPAD.EXE", "CommandLine": "\"C:\\\\Program Files\\\\Windows NT\\\\Accessories\\\\WORDPAD.EXE\" \"C:\\\\Users\\\\Administrator\\\\winlogbeat-7.7.0-windows-x86_64\\\\winlogbeat.yml\"", "CurrentDirectory": "C:\\\\Users\\\\Administrator\\\\winlogbeat-7.7.0-windows-x86_64\\\\", "User": "EC2AMAZ-V0GPI6G\\\\Administrator", "LogonGuid": "{87a71a6b-5693-5ebe-ede9-040000000000}", "LogonId": 322029, "TerminalSessionId": 2, "IntegrityLevel": "High", "Hashes": "SHA1=00CC94610D30D7F022F63BF9E7D823B20AFA5F21", "ParentProcessGuid": "{87a71a6b-5695-5ebe-9700-00000000b000}", "ParentProcessId": 1844, "ParentImage": "C:\\\\Windows\\\\explorer.exe", "ParentCommandLine": "C:\\\\Windows\\\\Explorer.EXE"}
{"RuleName": "-", "UtcTime": 1589794779.551, "ProcessGuid": "{87a71a6b-57db-5ec2-1c51-01000000b000}", "ProcessId": 4356, "Image": "C:\\\\Program Files\\\\windows nt\\\\accessories\\\\wordpad.exe", "FileVersion": "10.0.17763.1075 (WinBuild.160101.0800)", "Description": "Windows Wordpad Application", "Product": "Microsoft® Windows® Operating System", "Company": "Microsoft Corporation", "OriginalFileName": "WORDPAD.EXE", "CommandLine": "\"C:\\\\Program Files\\\\Windows NT\\\\Accessories\\\\WORDPAD.EXE\" \"C:\\\\Users\\\\Administrator\\\\winlogbeat-7.7.0-windows-x86_64\\\\winlogbeat.yml\"", "CurrentDirectory": "C:\\\\Users\\\\Administrator\\\\winlogbeat-7.7.0-windows-x86_64\\\\", "User": "EC2AMAZ-V0GPI6G\\\\Administrator", "LogonGuid": "{87a71a6b-5693-5ebe-ede9-040000000000}", "LogonId": 322029, "TerminalSessionId": 2, "IntegrityLevel": "High", "Hashes": "SHA1=00CC94610D30D7F022F63BF9E7D823B20AFA5F21", "ParentProcessGuid": "{87a71a6b-5695-5ebe-9700-00000000b000}", "ParentProcessId": 1844, "ParentImage": "C:\\\\Windows\\\\explorer.exe", "ParentCommandLine": "C:\\\\Windows\\\\Explorer.EXE"}
{"RuleName": "-", "UtcTime": 1589794796.358, "ProcessGuid": "{87a71a6b-57ec-5ec2-1d51-01000000b000}", "ProcessId": 688, "Image": "C:\\\\Windows\\\\System32\\\\notepad.exe", "FileVersion": "10.0.17763.475 (WinBuild.160101.0800)", "Description": "Notepad", "Product": "Microsoft® Windows® Operating System", "Company": "Microsoft Corporation", "OriginalFileName": "NOTEPAD.EXE", "CommandLine": "\"C:\\\\Windows\\\\system32\\\\NOTEPAD.EXE\" C:\\\\Users\\\\Administrator\\\\sysmon\\\\sysmon-config.xml.txt", "CurrentDirectory": "C:\\\\Users\\\\Administrator\\\\sysmon\\\\", "User": "EC2AMAZ-V0GPI6G\\\\Administrator", "LogonGuid": "{87a71a6b-5693-5ebe-ede9-040000000000}", "LogonId": 322029, "TerminalSessionId": 2, "IntegrityLevel": "High", "Hashes": "SHA1=B6D237154F2E528F0B503B58B025862D66B02B73", "ParentProcessGuid": "{87a71a6b-5695-5ebe-9700-00000000b000}", "ParentProcessId": 1844, "ParentImage": "C:\\\\Windows\\\\explorer.exe", "ParentCommandLine": "C:\\\\Windows\\\\Explorer.EXE"}
{"RuleName": "-", "UtcTime": 1589794803.238, "ProcessGuid": "{87a71a6b-57f3-5ec2-1e51-01000000b000}", "ProcessId": 3888, "Image": "C:\\\\Windows\\\\System32\\\\notepad.exe", "FileVersion": "10.0.17763.475 (WinBuild.160101.0800)", "Description": "Notepad", "Product": "Microsoft® Windows® Operating System", "Company": "Microsoft Corporation", "OriginalFileName": "NOTEPAD.EXE", "CommandLine": "\"C:\\\\Windows\\\\system32\\\\NOTEPAD.EXE\" C:\\\\Users\\\\Administrator\\\\sysmon\\\\sysmon-config.xml.txt", "CurrentDirectory": "C:\\\\Users\\\\Administrator\\\\sysmon\\\\", "User": "EC2AMAZ-V0GPI6G\\\\Administrator", "LogonGuid": "{87a71a6b-5693-5ebe-ede9-040000000000}", "LogonId": 322029, "TerminalSessionId": 2, "IntegrityLevel": "High", "Hashes": "SHA1=B6D237154F2E528F0B503B58B025862D66B02B73", "ParentProcessGuid": "{87a71a6b-5695-5ebe-9700-00000000b000}", "ParentProcessId": 1844, "ParentImage": "C:\\\\Windows\\\\explorer.exe", "ParentCommandLine": "C:\\\\Windows\\\\Explorer.EXE"}
{"RuleName": "-", "UtcTime": 1589794837.676, "ProcessGuid": "{87a71a6b-5815-5ec2-2051-01000000b000}", "ProcessId": 2692, "Image": "C:\\\\Windows\\\\System32\\\\conhost.exe", "FileVersion": "10.0.17763.1075 (WinBuild.160101.0800)", "Description": "Console Window Host", "Product": "Microsoft® Windows® Operating System", "Company": "Microsoft Corporation", "OriginalFileName": "CONHOST.EXE", "CommandLine": "\\\\??\\\\C:\\\\Windows\\\\system32\\\\conhost.exe 0xffffffff -ForceV1", "CurrentDirectory": "C:\\\\Windows", "User": "NT AUTHORITY\\\\SYSTEM", "LogonGuid": "{87a71a6b-54eb-5ebe-e703-000000000000}", "LogonId": 999, "TerminalSessionId": 0, "IntegrityLevel": "System", "Hashes": "SHA1=74F28DD9B0DA310D85F1931DB2749A26A9A8AB02", "ParentProcessGuid": "{87a71a6b-5815-5ec2-1f51-01000000b000}", "ParentProcessId": 4120, "ParentImage": "C:\\\\Windows\\\\System32\\\\OpenSSH\\\\sshd.exe", "ParentCommandLine": "\"C:\\\\Windows\\\\System32\\\\OpenSSH\\\\sshd.exe\" \"-R\""}
{"RuleName": "-", "UtcTime": 1589794842.3, "ProcessGuid": "{87a71a6b-581a-5ec2-2351-01000000b000}", "ProcessId": 4484, "Image": "C:\\\\Windows\\\\System32\\\\conhost.exe", "FileVersion": "10.0.17763.1075 (WinBuild.160101.0800)", "Description": "Console Window Host", "Product": "Microsoft® Windows® Operating System", "Company": "Microsoft Corporation", "OriginalFileName": "CONHOST.EXE", "CommandLine": "\\\\??\\\\C:\\\\Windows\\\\system32\\\\conhost.exe 0xffffffff -ForceV1", "CurrentDirectory": "C:\\\\Windows", "User": "NT AUTHORITY\\\\SYSTEM", "LogonGuid": "{87a71a6b-54eb-5ebe-e703-000000000000}", "LogonId": 999, "TerminalSessionId": 0, "IntegrityLevel": "System", "Hashes": "SHA1=74F28DD9B0DA310D85F1931DB2749A26A9A8AB02", "ParentProcessGuid": "{87a71a6b-581a-5ec2-2251-01000000b000}", "ParentProcessId": 4216, "ParentImage": "C:\\\\Windows\\\\System32\\\\OpenSSH\\\\sshd.exe", "ParentCommandLine": "\"C:\\\\Windows\\\\System32\\\\OpenSSH\\\\sshd.exe\" \"-R\""}
{"RuleName": "-", "UtcTime": 1589794844.853, "ProcessGuid": "{87a71a6b-581c-5ec2-2651-01000000b000}", "ProcessId": 3712, "Image": "C:\\\\Windows\\\\System32\\\\conhost.exe", "FileVersion": "10.0.17763.1075 (WinBuild.160101.0800)", "Description": "Console Window Host", "Product": "Microsoft® Windows® Operating System", "Company": "Microsoft Corporation", "OriginalFileName": "CONHOST.EXE", "CommandLine": "\\\\??\\\\C:\\\\Windows\\\\system32\\\\conhost.exe 0xffffffff -ForceV1", "CurrentDirectory": "C:\\\\Windows", "User": "NT AUTHORITY\\\\SYSTEM", "LogonGuid": "{87a71a6b-54eb-5ebe-e703-000000000000}", "LogonId": 999, "TerminalSessionId": 0, "IntegrityLevel": "System", "Hashes": "SHA1=74F28DD9B0DA310D85F1931DB2749A26A9A8AB02", "ParentProcessGuid": "{87a71a6b-581c-5ec2-2551-01000000b000}", "ParentProcessId": 2616, "ParentImage": "C:\\\\Windows\\\\System32\\\\OpenSSH\\\\sshd.exe", "ParentCommandLine": "\"C:\\\\Windows\\\\System32\\\\OpenSSH\\\\sshd.exe\" \"-R\""}
{"RuleName": "-", "UtcTime": 1589794845.459, "ProcessGuid": "{87a71a6b-581d-5ec2-2951-01000000b000}", "ProcessId": 1148, "Image": "C:\\\\Windows\\\\System32\\\\conhost.exe", "FileVersion": "10.0.17763.1075 (WinBuild.160101.0800)", "Description": "Console Window Host", "Product": "Microsoft® Windows® Operating System", "Company": "Microsoft Corporation", "OriginalFileName": "CONHOST.EXE", "CommandLine": "\\\\??\\\\C:\\\\Windows\\\\system32\\\\conhost.exe 0xffffffff -ForceV1", "CurrentDirectory": "C:\\\\Windows", "User": "NT AUTHORITY\\\\SYSTEM", "LogonGuid": "{87a71a6b-54eb-5ebe-e703-000000000000}", "LogonId": 999, "TerminalSessionId": 0, "IntegrityLevel": "System", "Hashes": "SHA1=74F28DD9B0DA310D85F1931DB2749A26A9A8AB02", "ParentProcessGuid": "{87a71a6b-581d-5ec2-2851-01000000b000}", "ParentProcessId": 4200, "ParentImage": "C:\\\\Windows\\\\System32\\\\OpenSSH\\\\sshd.exe", "ParentCommandLine": "\"C:\\\\Windows\\\\System32\\\\OpenSSH\\\\sshd.exe\" \"-R\""}
{"RuleName": "-", "UtcTime": 1589794846.59, "ProcessGuid": "{87a71a6b-581e-5ec2-2c51-01000000b000}", "ProcessId": 4708, "Image": "C:\\\\Windows\\\\System32\\\\conhost.exe", "FileVersion": "10.0.17763.1075 (WinBuild.160101.0800)", "Description": "Console Window Host", "Product": "Microsoft® Windows® Operating System", "Company": "Microsoft Corporation", "OriginalFileName": "CONHOST.EXE", "CommandLine": "\\\\??\\\\C:\\\\Windows\\\\system32\\\\conhost.exe 0xffffffff -ForceV1", "CurrentDirectory": "C:\\\\Windows", "User": "NT AUTHORITY\\\\SYSTEM", "LogonGuid": "{87a71a6b-54eb-5ebe-e703-000000000000}", "LogonId": 999, "TerminalSessionId": 0, "IntegrityLevel": "System", "Hashes": "SHA1=74F28DD9B0DA310D85F1931DB2749A26A9A8AB02", "ParentProcessGuid": "{87a71a6b-581e-5ec2-2b51-01000000b000}", "ParentProcessId": 4380, "ParentImage": "C:\\\\Windows\\\\System32\\\\OpenSSH\\\\sshd.exe", "ParentCommandLine": "\"C:\\\\Windows\\\\System32\\\\OpenSSH\\\\sshd.exe\" \"-R\""}
{"RuleName": "-", "UtcTime": 1589794864.737, "ProcessGuid": "{87a71a6b-5830-5ec2-2f51-01000000b000}", "ProcessId": 4604, "Image": "C:\\\\Windows\\\\System32\\\\conhost.exe", "FileVersion": "10.0.17763.1075 (WinBuild.160101.0800)", "Description": "Console Window Host", "Product": "Microsoft® Windows® Operating System", "Company": "Microsoft Corporation", "OriginalFileName": "CONHOST.EXE", "CommandLine": "\\\\??\\\\C:\\\\Windows\\\\system32\\\\conhost.exe 0xffffffff -ForceV1", "CurrentDirectory": "C:\\\\Windows", "User": "NT AUTHORITY\\\\SYSTEM", "LogonGuid": "{87a71a6b-54eb-5ebe-e703-000000000000}", "LogonId": 999, "TerminalSessionId": 0, "IntegrityLevel": "System", "Hashes": "SHA1=74F28DD9B0DA310D85F1931DB2749A26A9A8AB02", "ParentProcessGuid": "{87a71a6b-5830-5ec2-2e51-01000000b000}", "ParentProcessId": 1972, "ParentImage": "C:\\\\Windows\\\\System32\\\\OpenSSH\\\\sshd.exe", "ParentCommandLine": "\"C:\\\\Windows\\\\System32\\\\OpenSSH\\\\sshd.exe\" \"-R\""}
{"RuleName": "-", "UtcTime": 1589794866.657, "ProcessGuid": "{87a71a6b-5832-5ec2-3251-01000000b000}", "ProcessId": 2476, "Image": "C:\\\\Windows\\\\System32\\\\conhost.exe", "FileVersion": "10.0.17763.1075 (WinBuild.160101.0800)", "Description": "Console Window Host", "Product": "Microsoft® Windows® Operating System", "Company": "Microsoft Corporation", "OriginalFileName": "CONHOST.EXE", "CommandLine": "\\\\??\\\\C:\\\\Windows\\\\system32\\\\conhost.exe 0xffffffff -ForceV1", "CurrentDirectory": "C:\\\\Windows", "User": "NT AUTHORITY\\\\SYSTEM", "LogonGuid": "{87a71a6b-54eb-5ebe-e703-000000000000}", "LogonId": 999, "TerminalSessionId": 0, "IntegrityLevel": "System", "Hashes": "SHA1=74F28DD9B0DA310D85F1931DB2749A26A9A8AB02", "ParentProcessGuid": "{87a71a6b-5832-5ec2-3151-01000000b000}", "ParentProcessId": 3216, "ParentImage": "C:\\\\Windows\\\\System32\\\\OpenSSH\\\\sshd.exe", "ParentCommandLine": "\"C:\\\\Windows\\\\System32\\\\OpenSSH\\\\sshd.exe\" \"-R\""}
{"RuleName": "-", "UtcTime": 1589794872.916, "ProcessGuid": "{87a71a6b-5838-5ec2-3451-01000000b000}", "ProcessId": 2800, "Image": "C:\\\\Windows\\\\System32\\\\conhost.exe", "FileVersion": "10.0.17763.1075 (WinBuild.160101.0800)", "Description": "Console Window Host", "Product": "Microsoft® Windows® Operating System", "Company": "Microsoft Corporation", "OriginalFileName": "CONHOST.EXE", "CommandLine": "\\\\??\\\\C:\\\\Windows\\\\system32\\\\conhost.exe 0xffffffff -ForceV1", "CurrentDirectory": "C:\\\\Windows", "User": "NT AUTHORITY\\\\SYSTEM", "LogonGuid": "{87a71a6b-54eb-5ebe-e703-000000000000}", "LogonId": 999, "TerminalSessionId": 0, "IntegrityLevel": "System", "Hashes": "SHA1=74F28DD9B0DA310D85F1931DB2749A26A9A8AB02", "ParentProcessGuid": "{87a71a6b-5838-5ec2-3351-01000000b000}", "ParentProcessId": 4300, "ParentImage": "C:\\\\Windows\\\\System32\\\\OpenSSH\\\\sshd.exe", "ParentCommandLine": "\"C:\\\\Windows\\\\System32\\\\OpenSSH\\\\sshd.exe\" \"-R\""}
{"RuleName": "-", "UtcTime": 1589794875.85, "ProcessGuid": "{8bcf3217-583b-5ec2-6115-00000000b000}", "ProcessId": 88, "Image": "C:\\\\Windows\\\\System32\\\\dllhost.exe", "FileVersion": "10.0.17763.1 (WinBuild.160101.0800)", "Description": "COM Surrogate", "Product": "Microsoft® Windows® Operating System", "Company": "Microsoft Corporation", "OriginalFileName": "dllhost.exe", "CommandLine": "C:\\\\Windows\\\\system32\\\\DllHost.exe /Processid:{AB8902B4-09CA-4BB6-B78D-A8F59079A8D5}", "CurrentDirectory": "C:\\\\Windows\\\\system32\\\\", "User": "EC2AMAZ-NP5R74L\\\\Administrator", "LogonGuid": "{8bcf3217-5507-5ebe-3712-020000000000}", "LogonId": 135735, "TerminalSessionId": 2, "IntegrityLevel": "High", "Hashes": "SHA1=DCE2AF90E45FB9FC05ECBC9BEDDEE53FB66F3C6D", "ParentProcessGuid": "{8bcf3217-54f6-5ebe-0d00-00000000b000}", "ParentProcessId": 840, "ParentImage": "C:\\\\Windows\\\\System32\\\\svchost.exe", "ParentCommandLine": "C:\\\\Windows\\\\system32\\\\svchost.exe -k DcomLaunch -p"}
{"RuleName": "-", "UtcTime": 1589794879.794, "ProcessGuid": "{87a71a6b-583f-5ec2-3751-01000000b000}", "ProcessId": 5088, "Image": "C:\\\\Windows\\\\System32\\\\conhost.exe", "FileVersion": "10.0.17763.1075 (WinBuild.160101.0800)", "Description": "Console Window Host", "Product": "Microsoft® Windows® Operating System", "Company": "Microsoft Corporation", "OriginalFileName": "CONHOST.EXE", "CommandLine": "\\\\??\\\\C:\\\\Windows\\\\system32\\\\conhost.exe 0xffffffff -ForceV1", "CurrentDirectory": "C:\\\\Windows", "User": "NT AUTHORITY\\\\SYSTEM", "LogonGuid": "{87a71a6b-54eb-5ebe-e703-000000000000}", "LogonId": 999, "TerminalSessionId": 0, "IntegrityLevel": "System", "Hashes": "SHA1=74F28DD9B0DA310D85F1931DB2749A26A9A8AB02", "ParentProcessGuid": "{87a71a6b-583f-5ec2-3651-01000000b000}", "ParentProcessId": 5044, "ParentImage": "C:\\\\Windows\\\\System32\\\\OpenSSH\\\\sshd.exe", "ParentCommandLine": "\"C:\\\\Windows\\\\System32\\\\OpenSSH\\\\sshd.exe\" \"-R\""}
{"RuleName": "-", "UtcTime": 1589794886.361, "ProcessGuid": "{8bcf3217-5846-5ec2-6215-00000000b000}", "ProcessId": 2268, "Image": "C:\\\\Windows\\\\System32\\\\LogonUI.exe", "FileVersion": "10.0.17763.1 (WinBuild.160101.0800)", "Description": "Windows Logon User Interface Host", "Product": "Microsoft® Windows® Operating System", "Company": "Microsoft Corporation", "OriginalFileName": "logonui.exe", "CommandLine": "\"LogonUI.exe\" /flags:0x0 /state0:0xa2a6f855 /state1:0x41c64e6d", "CurrentDirectory": "C:\\\\Windows\\\\system32\\\\", "User": "NT AUTHORITY\\\\SYSTEM", "LogonGuid": "{8bcf3217-54f5-5ebe-e703-000000000000}", "LogonId": 999, "TerminalSessionId": 2, "IntegrityLevel": "System", "Hashes": "SHA1=E1AB36E5C3C1453C592E2901330EB13C5D29B351", "ParentProcessGuid": "{8bcf3217-5505-5ebe-3200-00000000b000}", "ParentProcessId": 2732, "ParentImage": "C:\\\\Windows\\\\System32\\\\winlogon.exe", "ParentCommandLine": "winlogon.exe"}
{"RuleName": "-", "UtcTime": 1589794886.432, "ProcessGuid": "{8bcf3217-5846-5ec2-6315-00000000b000}", "ProcessId": 4112, "Image": "C:\\\\Windows\\\\System32\\\\TSTheme.exe", "FileVersion": "10.0.17763.771 (WinBuild.160101.0800)", "Description": "TSTheme Server Module", "Product": "Microsoft® Windows® Operating System", "Company": "Microsoft Corporation", "OriginalFileName": "TSThemeS.exe", "CommandLine": "C:\\\\Windows\\\\system32\\\\TSTheme.exe -Embedding", "CurrentDirectory": "C:\\\\Windows\\\\system32\\\\", "User": "EC2AMAZ-NP5R74L\\\\Administrator", "LogonGuid": "{8bcf3217-5507-5ebe-3712-020000000000}", "LogonId": 135735, "TerminalSessionId": 2, "IntegrityLevel": "High", "Hashes": "SHA1=9BF3F1EF045E15BF6B2B941A67BB4918222DB362", "ParentProcessGuid": "{8bcf3217-54f6-5ebe-0d00-00000000b000}", "ParentProcessId": 840, "ParentImage": "C:\\\\Windows\\\\System32\\\\svchost.exe", "ParentCommandLine": "C:\\\\Windows\\\\system32\\\\svchost.exe -k DcomLaunch -p"}
{"RuleName": "-", "UtcTime": 1589794886.539, "ProcessGuid": "{8bcf3217-5846-5ec2-6415-00000000b000}", "ProcessId": 3812, "Image": "C:\\\\Windows\\\\System32\\\\taskhostw.exe", "FileVersion": "10.0.17763.831 (WinBuild.160101.0800)", "Description": "Host Process for Windows Tasks", "Product": "Microsoft® Windows® Operating System", "Company": "Microsoft Corporation", "OriginalFileName": "taskhostw.exe", "CommandLine": "taskhostw.exe KEYROAMING", "CurrentDirectory": "C:\\\\Windows\\\\system32\\\\", "User": "EC2AMAZ-NP5R74L\\\\Administrator", "LogonGuid": "{8bcf3217-5507-5ebe-3712-020000000000}", "LogonId": 135735, "TerminalSessionId": 2, "IntegrityLevel": "High", "Hashes": "SHA1=77A6E223BF95348B3FA413B244CBB82598DAC9A2", "ParentProcessGuid": "{8bcf3217-54f7-5ebe-1a00-00000000b000}", "ParentProcessId": 1276, "ParentImage": "C:\\\\Windows\\\\System32\\\\svchost.exe", "ParentCommandLine": "C:\\\\Windows\\\\system32\\\\svchost.exe -k netsvcs -p"}
{"RuleName": "-", "UtcTime": 1589794889.652, "ProcessGuid": "{87a71a6b-5849-5ec2-3a51-01000000b000}", "ProcessId": 3564, "Image": "C:\\\\Windows\\\\System32\\\\conhost.exe", "FileVersion": "10.0.17763.1075 (WinBuild.160101.0800)", "Description": "Console Window Host", "Product": "Microsoft® Windows® Operating System", "Company": "Microsoft Corporation", "OriginalFileName": "CONHOST.EXE", "CommandLine": "\\\\??\\\\C:\\\\Windows\\\\system32\\\\conhost.exe 0xffffffff -ForceV1", "CurrentDirectory": "C:\\\\Windows", "User": "NT AUTHORITY\\\\SYSTEM", "LogonGuid": "{87a71a6b-54eb-5ebe-e703-000000000000}", "LogonId": 999, "TerminalSessionId": 0, "IntegrityLevel": "System", "Hashes": "SHA1=74F28DD9B0DA310D85F1931DB2749A26A9A8AB02", "ParentProcessGuid": "{87a71a6b-5849-5ec2-3951-01000000b000}", "ParentProcessId": 4600, "ParentImage": "C:\\\\Windows\\\\System32\\\\OpenSSH\\\\sshd.exe", "ParentCommandLine": "\"C:\\\\Windows\\\\System32\\\\OpenSSH\\\\sshd.exe\" \"-R\""}
{"RuleName": "-", "UtcTime": 1589794892.128, "ProcessGuid": "{8bcf3217-584c-5ec2-6515-00000000b000}", "ProcessId": 4256, "Image": "C:\\\\Windows\\\\System32\\\\rdpclip.exe", "FileVersion": "10.0.17763.1131 (WinBuild.160101.0800)", "Description": "RDP Clipboard Monitor", "Product": "Microsoft® Windows® Operating System", "Company": "Microsoft Corporation", "OriginalFileName": "rdpclip.exe", "CommandLine": "rdpclip", "CurrentDirectory": "C:\\\\Windows\\\\system32\\\\", "User": "EC2AMAZ-NP5R74L\\\\Administrator", "LogonGuid": "{8bcf3217-5507-5ebe-3712-020000000000}", "LogonId": 135735, "TerminalSessionId": 2, "IntegrityLevel": "High", "Hashes": "SHA1=0265C1718EC95B025D9719F3B4872826F8F4661F", "ParentProcessGuid": "{8bcf3217-54f6-5ebe-1300-00000000b000}", "ParentProcessId": 824, "ParentImage": "C:\\\\Windows\\\\System32\\\\svchost.exe", "ParentCommandLine": "C:\\\\Windows\\\\System32\\\\svchost.exe -k termsvcs"}
{"RuleName": "-", "UtcTime": 1589794892.367, "ProcessGuid": "{8bcf3217-584c-5ec2-6615-00000000b000}", "ProcessId": 4080, "Image": "C:\\\\Windows\\\\System32\\\\AtBroker.exe", "FileVersion": "10.0.17763.1 (WinBuild.160101.0800)", "Description": "Windows Assistive Technology Manager", "Product": "Microsoft® Windows® Operating System", "Company": "Microsoft Corporation", "OriginalFileName": "ATBroker.exe", "CommandLine": "atbroker.exe", "CurrentDirectory": "C:\\\\Windows\\\\system32\\\\", "User": "NT AUTHORITY\\\\SYSTEM", "LogonGuid": "{8bcf3217-54f5-5ebe-e703-000000000000}", "LogonId": 999, "TerminalSessionId": 2, "IntegrityLevel": "System", "Hashes": "SHA1=5B9938BC8FB5158043063C55EB795884BE6F621C", "ParentProcessGuid": "{8bcf3217-5505-5ebe-3200-00000000b000}", "ParentProcessId": 2732, "ParentImage": "C:\\\\Windows\\\\System32\\\\winlogon.exe", "ParentCommandLine": "winlogon.exe"}
{"RuleName": "-", "UtcTime": 1589794892.377, "ProcessGuid": "{8bcf3217-584c-5ec2-6715-00000000b000}", "ProcessId": 1336, "Image": "C:\\\\Windows\\\\System32\\\\LogonUI.exe", "FileVersion": "10.0.17763.1 (WinBuild.160101.0800)", "Description": "Windows Logon User Interface Host", "Product": "Microsoft® Windows® Operating System", "Company": "Microsoft Corporation", "OriginalFileName": "logonui.exe", "CommandLine": "\"LogonUI.exe\" /flags:0x0 /state0:0xa2a72855 /state1:0x41c64e6d", "CurrentDirectory": "C:\\\\Windows\\\\system32\\\\", "User": "NT AUTHORITY\\\\SYSTEM", "LogonGuid": "{8bcf3217-54f5-5ebe-e703-000000000000}", "LogonId": 999, "TerminalSessionId": 2, "IntegrityLevel": "System", "Hashes": "SHA1=E1AB36E5C3C1453C592E2901330EB13C5D29B351", "ParentProcessGuid": "{8bcf3217-5505-5ebe-3200-00000000b000}", "ParentProcessId": 2732, "ParentImage": "C:\\\\Windows\\\\System32\\\\winlogon.exe", "ParentCommandLine": "winlogon.exe"}
{"RuleName": "-", "UtcTime": 1589794892.977, "ProcessGuid": "{8bcf3217-584c-5ec2-6815-00000000b000}", "ProcessId": 5072, "Image": "C:\\\\Windows\\\\System32\\\\sethc.exe", "FileVersion": "10.0.17763.1 (WinBuild.160101.0800)", "Description": "Accessibility shortcut keys", "Product": "Microsoft® Windows® Operating System", "Company": "Microsoft Corporation", "OriginalFileName": "sethc.exe", "CommandLine": "\"C:\\\\Windows\\\\System32\\\\Sethc.exe\" /AccessibilitySoundAgent", "CurrentDirectory": "C:\\\\Windows\\\\system32\\\\", "User": "NT AUTHORITY\\\\SYSTEM", "LogonGuid": "{8bcf3217-54f5-5ebe-e703-000000000000}", "LogonId": 999, "TerminalSessionId": 2, "IntegrityLevel": "System", "Hashes": "SHA1=F8DF7CD7482FCF621924C97BBB44DF380CC612BB", "ParentProcessGuid": "{8bcf3217-584c-5ec2-6615-00000000b000}", "ParentProcessId": 4080, "ParentImage": "C:\\\\Windows\\\\System32\\\\AtBroker.exe", "ParentCommandLine": "atbroker.exe"}
{"RuleName": "-", "UtcTime": 1589794893.637, "ProcessGuid": "{8bcf3217-584d-5ec2-6915-00000000b000}", "ProcessId": 848, "Image": "C:\\\\Windows\\\\System32\\\\AtBroker.exe", "FileVersion": "10.0.17763.1 (WinBuild.160101.0800)", "Description": "Windows Assistive Technology Manager", "Product": "Microsoft® Windows® Operating System", "Company": "Microsoft Corporation", "OriginalFileName": "ATBroker.exe", "CommandLine": "atbroker.exe", "CurrentDirectory": "C:\\\\Windows\\\\system32\\\\", "User": "EC2AMAZ-NP5R74L\\\\Administrator", "LogonGuid": "{8bcf3217-5507-5ebe-3712-020000000000}", "LogonId": 135735, "TerminalSessionId": 2, "IntegrityLevel": "High", "Hashes": "SHA1=5B9938BC8FB5158043063C55EB795884BE6F621C", "ParentProcessGuid": "{8bcf3217-5505-5ebe-3200-00000000b000}", "ParentProcessId": 2732, "ParentImage": "C:\\\\Windows\\\\System32\\\\winlogon.exe", "ParentCommandLine": "winlogon.exe"}
{"RuleName": "-", "UtcTime": 1589794893.992, "ProcessGuid": "{8bcf3217-584d-5ec2-6a15-00000000b000}", "ProcessId": 4820, "Image": "C:\\\\Windows\\\\System32\\\\taskhostw.exe", "FileVersion": "10.0.17763.831 (WinBuild.160101.0800)", "Description": "Host Process for Windows Tasks", "Product": "Microsoft® Windows® Operating System", "Company": "Microsoft Corporation", "OriginalFileName": "taskhostw.exe", "CommandLine": "taskhostw.exe KEYROAMING", "CurrentDirectory": "C:\\\\Windows\\\\system32\\\\", "User": "EC2AMAZ-NP5R74L\\\\Administrator", "LogonGuid": "{8bcf3217-5507-5ebe-3712-020000000000}", "LogonId": 135735, "TerminalSessionId": 2, "IntegrityLevel": "High", "Hashes": "SHA1=77A6E223BF95348B3FA413B244CBB82598DAC9A2", "ParentProcessGuid": "{8bcf3217-54f7-5ebe-1a00-00000000b000}", "ParentProcessId": 1276, "ParentImage": "C:\\\\Windows\\\\System32\\\\svchost.exe", "ParentCommandLine": "C:\\\\Windows\\\\system32\\\\svchost.exe -k netsvcs -p"}
{"RuleName": "-", "UtcTime": 1589794897.517, "ProcessGuid": "{87a71a6b-5851-5ec2-3c51-01000000b000}", "ProcessId": 712, "Image": "C:\\\\Windows\\\\System32\\\\conhost.exe", "FileVersion": "10.0.17763.1075 (WinBuild.160101.0800)", "Description": "Console Window Host", "Product": "Microsoft® Windows® Operating System", "Company": "Microsoft Corporation", "OriginalFileName": "CONHOST.EXE", "CommandLine": "\\\\??\\\\C:\\\\Windows\\\\system32\\\\conhost.exe 0xffffffff -ForceV1", "CurrentDirectory": "C:\\\\Windows", "User": "NT AUTHORITY\\\\SYSTEM", "LogonGuid": "{87a71a6b-54eb-5ebe-e703-000000000000}", "LogonId": 999, "TerminalSessionId": 0, "IntegrityLevel": "System", "Hashes": "SHA1=74F28DD9B0DA310D85F1931DB2749A26A9A8AB02", "ParentProcessGuid": "{87a71a6b-5851-5ec2-3b51-01000000b000}", "ParentProcessId": 5004, "ParentImage": "C:\\\\Windows\\\\System32\\\\OpenSSH\\\\sshd.exe", "ParentCommandLine": "\"C:\\\\Windows\\\\System32\\\\OpenSSH\\\\sshd.exe\" \"-R\""}
{"RuleName": "-", "UtcTime": 1589794901.418, "ProcessGuid": "{8bcf3217-5855-5ec2-6b15-00000000b000}", "ProcessId": 4656, "Image": "C:\\\\Windows\\\\System32\\\\dllhost.exe", "FileVersion": "10.0.17763.1 (WinBuild.160101.0800)", "Description": "COM Surrogate", "Product": "Microsoft® Windows® Operating System", "Company": "Microsoft Corporation", "OriginalFileName": "dllhost.exe", "CommandLine": "C:\\\\Windows\\\\system32\\\\DllHost.exe /Processid:{AB8902B4-09CA-4BB6-B78D-A8F59079A8D5}", "CurrentDirectory": "C:\\\\Windows\\\\system32\\\\", "User": "EC2AMAZ-NP5R74L\\\\Administrator", "LogonGuid": "{8bcf3217-5507-5ebe-3712-020000000000}", "LogonId": 135735, "TerminalSessionId": 2, "IntegrityLevel": "High", "Hashes": "SHA1=DCE2AF90E45FB9FC05ECBC9BEDDEE53FB66F3C6D", "ParentProcessGuid": "{8bcf3217-54f6-5ebe-0d00-00000000b000}", "ParentProcessId": 840, "ParentImage": "C:\\\\Windows\\\\System32\\\\svchost.exe", "ParentCommandLine": "C:\\\\Windows\\\\system32\\\\svchost.exe -k DcomLaunch -p"}
{"RuleName": "-", "UtcTime": 1589794901.612, "ProcessGuid": "{87a71a6b-5855-5ec2-4051-01000000b000}", "ProcessId": 3916, "Image": "C:\\\\Windows\\\\System32\\\\conhost.exe", "FileVersion": "10.0.17763.1075 (WinBuild.160101.0800)", "Description": "Console Window Host", "Product": "Microsoft® Windows® Operating System", "Company": "Microsoft Corporation", "OriginalFileName": "CONHOST.EXE", "CommandLine": "\\\\??\\\\C:\\\\Windows\\\\system32\\\\conhost.exe 0xffffffff -ForceV1", "CurrentDirectory": "C:\\\\Windows", "User": "NT AUTHORITY\\\\SYSTEM", "LogonGuid": "{87a71a6b-54eb-5ebe-e703-000000000000}", "LogonId": 999, "TerminalSessionId": 0, "IntegrityLevel": "System", "Hashes": "SHA1=74F28DD9B0DA310D85F1931DB2749A26A9A8AB02", "ParentProcessGuid": "{87a71a6b-5855-5ec2-3f51-01000000b000}", "ParentProcessId": 4588, "ParentImage": "C:\\\\Windows\\\\System32\\\\OpenSSH\\\\sshd.exe", "ParentCommandLine": "\"C:\\\\Windows\\\\System32\\\\OpenSSH\\\\sshd.exe\" \"-R\""}
{"RuleName": "-", "UtcTime": 1589794907.166, "ProcessGuid": "{8bcf3217-585b-5ec2-6c15-00000000b000}", "ProcessId": 1852, "Image": "C:\\\\Windows\\\\System32\\\\dllhost.exe", "FileVersion": "10.0.17763.1 (WinBuild.160101.0800)", "Description": "COM Surrogate", "Product": "Microsoft® Windows® Operating System", "Company": "Microsoft Corporation", "OriginalFileName": "dllhost.exe", "CommandLine": "C:\\\\Windows\\\\system32\\\\DllHost.exe /Processid:{AB8902B4-09CA-4BB6-B78D-A8F59079A8D5}", "CurrentDirectory": "C:\\\\Windows\\\\system32\\\\", "User": "EC2AMAZ-NP5R74L\\\\Administrator", "LogonGuid": "{8bcf3217-5507-5ebe-3712-020000000000}", "LogonId": 135735, "TerminalSessionId": 2, "IntegrityLevel": "High", "Hashes": "SHA1=DCE2AF90E45FB9FC05ECBC9BEDDEE53FB66F3C6D", "ParentProcessGuid": "{8bcf3217-54f6-5ebe-0d00-00000000b000}", "ParentProcessId": 840, "ParentImage": "C:\\\\Windows\\\\System32\\\\svchost.exe", "ParentCommandLine": "C:\\\\Windows\\\\system32\\\\svchost.exe -k DcomLaunch -p"}
{"RuleName": "-", "UtcTime": 1589794958.984, "ProcessGuid": "{8bcf3217-588e-5ec2-6e15-00000000b000}", "ProcessId": 4680, "Image": "C:\\\\Windows\\\\System32\\\\conhost.exe", "FileVersion": "10.0.17763.1075 (WinBuild.160101.0800)", "Description": "Console Window Host", "Product": "Microsoft® Windows® Operating System", "Company": "Microsoft Corporation", "OriginalFileName": "CONHOST.EXE", "CommandLine": "\\\\??\\\\C:\\\\Windows\\\\system32\\\\conhost.exe 0xffffffff -ForceV1", "CurrentDirectory": "C:\\\\Windows", "User": "NT AUTHORITY\\\\SYSTEM", "LogonGuid": "{8bcf3217-54f5-5ebe-e703-000000000000}", "LogonId": 999, "TerminalSessionId": 0, "IntegrityLevel": "System", "Hashes": "SHA1=74F28DD9B0DA310D85F1931DB2749A26A9A8AB02", "ParentProcessGuid": "{8bcf3217-588e-5ec2-6d15-00000000b000}", "ParentProcessId": 3336, "ParentImage": "C:\\\\Windows\\\\System32\\\\OpenSSH\\\\sshd.exe", "ParentCommandLine": "\"C:\\\\Windows\\\\System32\\\\OpenSSH\\\\sshd.exe\" \"-R\""}
{"RuleName": "-", "UtcTime": 1589794960.443, "ProcessGuid": "{8bcf3217-5890-5ec2-7015-00000000b000}", "ProcessId": 172, "Image": "C:\\\\Windows\\\\System32\\\\conhost.exe", "FileVersion": "10.0.17763.1075 (WinBuild.160101.0800)", "Description": "Console Window Host", "Product": "Microsoft® Windows® Operating System", "Company": "Microsoft Corporation", "OriginalFileName": "CONHOST.EXE", "CommandLine": "\\\\??\\\\C:\\\\Windows\\\\system32\\\\conhost.exe 0xffffffff -ForceV1", "CurrentDirectory": "C:\\\\Windows", "User": "NT AUTHORITY\\\\SYSTEM", "LogonGuid": "{8bcf3217-54f5-5ebe-e703-000000000000}", "LogonId": 999, "TerminalSessionId": 0, "IntegrityLevel": "System", "Hashes": "SHA1=74F28DD9B0DA310D85F1931DB2749A26A9A8AB02", "ParentProcessGuid": "{8bcf3217-5890-5ec2-6f15-00000000b000}", "ParentProcessId": 3440, "ParentImage": "C:\\\\Windows\\\\System32\\\\OpenSSH\\\\sshd.exe", "ParentCommandLine": "\"C:\\\\Windows\\\\System32\\\\OpenSSH\\\\sshd.exe\" \"-R\""}
{"RuleName": "-", "UtcTime": 1589794960.489, "ProcessGuid": "{8bcf3217-5890-5ec2-7215-00000000b000}", "ProcessId": 1256, "Image": "C:\\\\Windows\\\\System32\\\\conhost.exe", "FileVersion": "10.0.17763.1075 (WinBuild.160101.0800)", "Description": "Console Window Host", "Product": "Microsoft® Windows® Operating System", "Company": "Microsoft Corporation", "OriginalFileName": "CONHOST.EXE", "CommandLine": "\\\\??\\\\C:\\\\Windows\\\\system32\\\\conhost.exe 0xffffffff -ForceV1", "CurrentDirectory": "C:\\\\Windows", "User": "NT AUTHORITY\\\\SYSTEM", "LogonGuid": "{8bcf3217-54f5-5ebe-e703-000000000000}", "LogonId": 999, "TerminalSessionId": 0, "IntegrityLevel": "System", "Hashes": "SHA1=74F28DD9B0DA310D85F1931DB2749A26A9A8AB02", "ParentProcessGuid": "{8bcf3217-5890-5ec2-7115-00000000b000}", "ParentProcessId": 668, "ParentImage": "C:\\\\Windows\\\\System32\\\\OpenSSH\\\\sshd.exe", "ParentCommandLine": "\"C:\\\\Windows\\\\System32\\\\OpenSSH\\\\sshd.exe\" \"-R\""}
{"RuleName": "-", "UtcTime": 1589794965.778, "ProcessGuid": "{87a71a6b-5895-5ec2-4451-01000000b000}", "ProcessId": 520, "Image": "C:\\\\Windows\\\\System32\\\\conhost.exe", "FileVersion": "10.0.17763.1075 (WinBuild.160101.0800)", "Description": "Console Window Host", "Product": "Microsoft® Windows® Operating System", "Company": "Microsoft Corporation", "OriginalFileName": "CONHOST.EXE", "CommandLine": "\\\\??\\\\C:\\\\Windows\\\\system32\\\\conhost.exe 0xffffffff -ForceV1", "CurrentDirectory": "C:\\\\Windows", "User": "NT AUTHORITY\\\\SYSTEM", "LogonGuid": "{87a71a6b-54eb-5ebe-e703-000000000000}", "LogonId": 999, "TerminalSessionId": 0, "IntegrityLevel": "System", "Hashes": "SHA1=74F28DD9B0DA310D85F1931DB2749A26A9A8AB02", "ParentProcessGuid": "{87a71a6b-5895-5ec2-4351-01000000b000}", "ParentProcessId": 3784, "ParentImage": "C:\\\\Windows\\\\System32\\\\OpenSSH\\\\sshd.exe", "ParentCommandLine": "\"C:\\\\Windows\\\\System32\\\\OpenSSH\\\\sshd.exe\" \"-R\""}
{"RuleName": "-", "UtcTime": 1589794967.279, "ProcessGuid": "{87a71a6b-5897-5ec2-4751-01000000b000}", "ProcessId": 4440, "Image": "C:\\\\Windows\\\\System32\\\\conhost.exe", "FileVersion": "10.0.17763.1075 (WinBuild.160101.0800)", "Description": "Console Window Host", "Product": "Microsoft® Windows® Operating System", "Company": "Microsoft Corporation", "OriginalFileName": "CONHOST.EXE", "CommandLine": "\\\\??\\\\C:\\\\Windows\\\\system32\\\\conhost.exe 0xffffffff -ForceV1", "CurrentDirectory": "C:\\\\Windows", "User": "NT AUTHORITY\\\\SYSTEM", "LogonGuid": "{87a71a6b-54eb-5ebe-e703-000000000000}", "LogonId": 999, "TerminalSessionId": 0, "IntegrityLevel": "System", "Hashes": "SHA1=74F28DD9B0DA310D85F1931DB2749A26A9A8AB02", "ParentProcessGuid": "{87a71a6b-5897-5ec2-4651-01000000b000}", "ParentProcessId": 3808, "ParentImage": "C:\\\\Windows\\\\System32\\\\OpenSSH\\\\sshd.exe", "ParentCommandLine": "\"C:\\\\Windows\\\\System32\\\\OpenSSH\\\\sshd.exe\" \"-R\""}
