{"RuleName": "-", "UtcTime": 1589795301.733, "ProcessGuid": "{87a71a6b-59e5-5ec2-d351-01000000b000}", "ProcessId": 4572, "Image": "C:\\\\Windows\\\\System32\\\\conhost.exe", "FileVersion": "10.0.17763.1075 (WinBuild.160101.0800)", "Description": "Console Window Host", "Product": "Microsoft® Windows® Operating System", "Company": "Microsoft Corporation", "OriginalFileName": "CONHOST.EXE", "CommandLine": "\\\\??\\\\C:\\\\Windows\\\\system32\\\\conhost.exe 0xffffffff -ForceV1", "CurrentDirectory": "C:\\\\Windows", "User": "NT AUTHORITY\\\\SYSTEM", "LogonGuid": "{87a71a6b-54eb-5ebe-e703-000000000000}", "LogonId": 999, "TerminalSessionId": 0, "IntegrityLevel": "System", "Hashes": "SHA1=74F28DD9B0DA310D85F1931DB2749A26A9A8AB02", "ParentProcessGuid": "{87a71a6b-59e5-5ec2-d251-01000000b000}", "ParentProcessId": 4120, "ParentImage": "C:\\\\Windows\\\\System32\\\\OpenSSH\\\\sshd.exe", "ParentCommandLine": "\"C:\\\\Windows\\\\System32\\\\OpenSSH\\\\sshd.exe\" \"-R\""}
{"RuleName": "-", "UtcTime": 1589795301.832, "ProcessGuid": "{87a71a6b-59e5-5ec2-d651-01000000b000}", "ProcessId": 2572, "Image": "C:\\\\Windows\\\\System32\\\\conhost.exe", "FileVersion": "10.0.17763.1075 (WinBuild.160101.0800)", "Description": "Console Window Host", "Product": "Microsoft® Windows® Operating System", "Company": "Microsoft Corporation", "OriginalFileName": "CONHOST.EXE", "CommandLine": "\\\\??\\\\C:\\\\Windows\\\\system32\\\\conhost.exe 0xffffffff -ForceV1", "CurrentDirectory": "C:\\\\Windows", "User": "NT AUTHORITY\\\\SYSTEM", "LogonGuid": "{87a71a6b-54eb-5ebe-e703-000000000000}", "LogonId": 999, "TerminalSessionId": 0, "IntegrityLevel": "System", "Hashes": "SHA1=74F28DD9B0DA310D85F1931DB2749A26A9A8AB02", "ParentProcessGuid": "{87a71a6b-59e5-5ec2-d551-01000000b000}", "ParentProcessId": 3920, "ParentImage": "C:\\\\Windows\\\\System32\\\\OpenSSH\\\\sshd.exe", "ParentCommandLine": "\"C:\\\\Windows\\\\System32\\\\OpenSSH\\\\sshd.exe\" \"-R\""}
{"RuleName": "-", "UtcTime": 1589795494.21, "ProcessGuid": "{8bcf3217-5aa6-5ec2-7d15-00000000b000}", "ProcessId": 2580, "Image": "C:\\\\Windows\\\\System32\\\\taskhostw.exe", "FileVersion": "10.0.17763.831 (WinBuild.160101.0800)", "Description": "Host Process for Windows Tasks", "Product": "Microsoft® Windows® Operating System", "Company": "Microsoft Corporation", "OriginalFileName": "taskhostw.exe", "CommandLine": "taskhostw.exe NGCKeyPregen", "CurrentDirectory": "C:\\\\Windows\\\\system32\\\\", "User": "NT AUTHORITY\\\\SYSTEM", "LogonGuid": "{8bcf3217-54f5-5ebe-e703-000000000000}", "LogonId": 999, "TerminalSessionId": 0, "IntegrityLevel": "System", "Hashes": "MD5=106B2AEC107DFD22DB51C7A1B29623F8,SHA256=CA620F4DE4A426F129445E4D8A545B7B08B021080E7375A3EA3ED8C8A7212A8F,IMPHASH=9839C7FD9649496B162F72128209528A", "ParentProcessGuid": "{8bcf3217-54f7-5ebe-1a00-00000000b000}", "ParentProcessId": 1276, "ParentImage": "C:\\\\Windows\\\\System32\\\\svchost.exe", "ParentCommandLine": "C:\\\\Windows\\\\system32\\\\svchost.exe -k netsvcs -p"}
