{"RuleName": "-", "UtcTime": 1589794968.051, "ProcessGuid": "{87a71a6b-5898-5ec2-4951-01000000b000}", "ProcessId": 4240, "Image": "C:\\\\Windows\\\\System32\\\\conhost.exe", "FileVersion": "10.0.17763.1075 (WinBuild.160101.0800)", "Description": "Console Window Host", "Product": "Microsoft® Windows® Operating System", "Company": "Microsoft Corporation", "OriginalFileName": "CONHOST.EXE", "CommandLine": "\\\\??\\\\C:\\\\Windows\\\\system32\\\\conhost.exe 0xffffffff -ForceV1", "CurrentDirectory": "C:\\\\Windows", "User": "NT AUTHORITY\\\\SYSTEM", "LogonGuid": "{87a71a6b-54eb-5ebe-e703-000000000000}", "LogonId": 999, "TerminalSessionId": 0, "IntegrityLevel": "System", "Hashes": "SHA1=74F28DD9B0DA310D85F1931DB2749A26A9A8AB02", "ParentProcessGuid": "{87a71a6b-5898-5ec2-4851-01000000b000}", "ParentProcessId": 4036, "ParentImage": "C:\\\\Windows\\\\System32\\\\OpenSSH\\\\sshd.exe", "ParentCommandLine": "\"C:\\\\Windows\\\\System32\\\\OpenSSH\\\\sshd.exe\" \"-R\""}
{"RuleName": "-", "UtcTime": 1589794969.402, "ProcessGuid": "{87a71a6b-5899-5ec2-4d51-01000000b000}", "ProcessId": 4916, "Image": "C:\\\\Windows\\\\System32\\\\conhost.exe", "FileVersion": "10.0.17763.1075 (WinBuild.160101.0800)", "Description": "Console Window Host", "Product": "Microsoft® Windows® Operating System", "Company": "Microsoft Corporation", "OriginalFileName": "CONHOST.EXE", "CommandLine": "\\\\??\\\\C:\\\\Windows\\\\system32\\\\conhost.exe 0xffffffff -ForceV1", "CurrentDirectory": "C:\\\\Windows", "User": "NT AUTHORITY\\\\SYSTEM", "LogonGuid": "{87a71a6b-54eb-5ebe-e703-000000000000}", "LogonId": 999, "TerminalSessionId": 0, "IntegrityLevel": "System", "Hashes": "SHA1=74F28DD9B0DA310D85F1931DB2749A26A9A8AB02", "ParentProcessGuid": "{87a71a6b-5899-5ec2-4c51-01000000b000}", "ParentProcessId": 1832, "ParentImage": "C:\\\\Windows\\\\System32\\\\OpenSSH\\\\sshd.exe", "ParentCommandLine": "\"C:\\\\Windows\\\\System32\\\\OpenSSH\\\\sshd.exe\" \"-R\""}
{"RuleName": "-", "UtcTime": 1589794972.008, "ProcessGuid": "{87a71a6b-589c-5ec2-5051-01000000b000}", "ProcessId": 3028, "Image": "C:\\\\Windows\\\\System32\\\\conhost.exe", "FileVersion": "10.0.17763.1075 (WinBuild.160101.0800)", "Description": "Console Window Host", "Product": "Microsoft® Windows® Operating System", "Company": "Microsoft Corporation", "OriginalFileName": "CONHOST.EXE", "CommandLine": "\\\\??\\\\C:\\\\Windows\\\\system32\\\\conhost.exe 0xffffffff -ForceV1", "CurrentDirectory": "C:\\\\Windows", "User": "NT AUTHORITY\\\\SYSTEM", "LogonGuid": "{87a71a6b-54eb-5ebe-e703-000000000000}", "LogonId": 999, "TerminalSessionId": 0, "IntegrityLevel": "System", "Hashes": "SHA1=74F28DD9B0DA310D85F1931DB2749A26A9A8AB02", "ParentProcessGuid": "{87a71a6b-589c-5ec2-4f51-01000000b000}", "ParentProcessId": 2620, "ParentImage": "C:\\\\Windows\\\\System32\\\\OpenSSH\\\\sshd.exe", "ParentCommandLine": "\"C:\\\\Windows\\\\System32\\\\OpenSSH\\\\sshd.exe\" \"-R\""}
{"RuleName": "-", "UtcTime": 1589794972.014, "ProcessGuid": "{8bcf3217-589c-5ec2-7615-00000000b000}", "ProcessId": 500, "Image": "C:\\\\Windows\\\\System32\\\\conhost.exe", "FileVersion": "10.0.17763.1075 (WinBuild.160101.0800)", "Description": "Console Window Host", "Product": "Microsoft® Windows® Operating System", "Company": "Microsoft Corporation", "OriginalFileName": "CONHOST.EXE", "CommandLine": "\\\\??\\\\C:\\\\Windows\\\\system32\\\\conhost.exe 0xffffffff -ForceV1", "CurrentDirectory": "C:\\\\Windows", "User": "NT AUTHORITY\\\\SYSTEM", "LogonGuid": "{8bcf3217-54f5-5ebe-e703-000000000000}", "LogonId": 999, "TerminalSessionId": 0, "IntegrityLevel": "System", "Hashes": "SHA1=74F28DD9B0DA310D85F1931DB2749A26A9A8AB02", "ParentProcessGuid": "{8bcf3217-589c-5ec2-7515-00000000b000}", "ParentProcessId": 4456, "ParentImage": "C:\\\\Windows\\\\System32\\\\OpenSSH\\\\sshd.exe", "ParentCommandLine": "\"C:\\\\Windows\\\\System32\\\\OpenSSH\\\\sshd.exe\" \"-R\""}
{"RuleName": "-", "UtcTime": 1589794984.154, "ProcessGuid": "{87a71a6b-58a8-5ec2-5351-01000000b000}", "ProcessId": 2616, "Image": "C:\\\\Windows\\\\System32\\\\conhost.exe", "FileVersion": "10.0.17763.1075 (WinBuild.160101.0800)", "Description": "Console Window Host", "Product": "Microsoft® Windows® Operating System", "Company": "Microsoft Corporation", "OriginalFileName": "CONHOST.EXE", "CommandLine": "\\\\??\\\\C:\\\\Windows\\\\system32\\\\conhost.exe 0xffffffff -ForceV1", "CurrentDirectory": "C:\\\\Windows", "User": "NT AUTHORITY\\\\SYSTEM", "LogonGuid": "{87a71a6b-54eb-5ebe-e703-000000000000}", "LogonId": 999, "TerminalSessionId": 0, "IntegrityLevel": "System", "Hashes": "SHA1=74F28DD9B0DA310D85F1931DB2749A26A9A8AB02", "ParentProcessGuid": "{87a71a6b-58a8-5ec2-5251-01000000b000}", "ParentProcessId": 4736, "ParentImage": "C:\\\\Windows\\\\System32\\\\OpenSSH\\\\sshd.exe", "ParentCommandLine": "\"C:\\\\Windows\\\\System32\\\\OpenSSH\\\\sshd.exe\" \"-R\""}
{"RuleName": "-", "UtcTime": 1589794989.274, "ProcessGuid": "{87a71a6b-58ad-5ec2-5651-01000000b000}", "ProcessId": 3664, "Image": "C:\\\\Windows\\\\System32\\\\conhost.exe", "FileVersion": "10.0.17763.1075 (WinBuild.160101.0800)", "Description": "Console Window Host", "Product": "Microsoft® Windows® Operating System", "Company": "Microsoft Corporation", "OriginalFileName": "CONHOST.EXE", "CommandLine": "\\\\??\\\\C:\\\\Windows\\\\system32\\\\conhost.exe 0xffffffff -ForceV1", "CurrentDirectory": "C:\\\\Windows", "User": "NT AUTHORITY\\\\SYSTEM", "LogonGuid": "{87a71a6b-54eb-5ebe-e703-000000000000}", "LogonId": 999, "TerminalSessionId": 0, "IntegrityLevel": "System", "Hashes": "SHA1=74F28DD9B0DA310D85F1931DB2749A26A9A8AB02", "ParentProcessGuid": "{87a71a6b-58ad-5ec2-5551-01000000b000}", "ParentProcessId": 3812, "ParentImage": "C:\\\\Windows\\\\System32\\\\OpenSSH\\\\sshd.exe", "ParentCommandLine": "\"C:\\\\Windows\\\\System32\\\\OpenSSH\\\\sshd.exe\" \"-R\""}
{"RuleName": "-", "UtcTime": 1589794996.284, "ProcessGuid": "{87a71a6b-58b4-5ec2-5951-01000000b000}", "ProcessId": 4468, "Image": "C:\\\\Windows\\\\System32\\\\conhost.exe", "FileVersion": "10.0.17763.1075 (WinBuild.160101.0800)", "Description": "Console Window Host", "Product": "Microsoft® Windows® Operating System", "Company": "Microsoft Corporation", "OriginalFileName": "CONHOST.EXE", "CommandLine": "\\\\??\\\\C:\\\\Windows\\\\system32\\\\conhost.exe 0xffffffff -ForceV1", "CurrentDirectory": "C:\\\\Windows", "User": "NT AUTHORITY\\\\SYSTEM", "LogonGuid": "{87a71a6b-54eb-5ebe-e703-000000000000}", "LogonId": 999, "TerminalSessionId": 0, "IntegrityLevel": "System", "Hashes": "SHA1=74F28DD9B0DA310D85F1931DB2749A26A9A8AB02", "ParentProcessGuid": "{87a71a6b-58b4-5ec2-5851-01000000b000}", "ParentProcessId": 2588, "ParentImage": "C:\\\\Windows\\\\System32\\\\OpenSSH\\\\sshd.exe", "ParentCommandLine": "\"C:\\\\Windows\\\\System32\\\\OpenSSH\\\\sshd.exe\" \"-R\""}
{"RuleName": "-", "UtcTime": 1589794999.477, "ProcessGuid": "{87a71a6b-58b7-5ec2-5c51-01000000b000}", "ProcessId": 4796, "Image": "C:\\\\Windows\\\\System32\\\\conhost.exe", "FileVersion": "10.0.17763.1075 (WinBuild.160101.0800)", "Description": "Console Window Host", "Product": "Microsoft® Windows® Operating System", "Company": "Microsoft Corporation", "OriginalFileName": "CONHOST.EXE", "CommandLine": "\\\\??\\\\C:\\\\Windows\\\\system32\\\\conhost.exe 0xffffffff -ForceV1", "CurrentDirectory": "C:\\\\Windows", "User": "NT AUTHORITY\\\\SYSTEM", "LogonGuid": "{87a71a6b-54eb-5ebe-e703-000000000000}", "LogonId": 999, "TerminalSessionId": 0, "IntegrityLevel": "System", "Hashes": "SHA1=74F28DD9B0DA310D85F1931DB2749A26A9A8AB02", "ParentProcessGuid": "{87a71a6b-58b7-5ec2-5b51-01000000b000}", "ParentProcessId": 2276, "ParentImage": "C:\\\\Windows\\\\System32\\\\OpenSSH\\\\sshd.exe", "ParentCommandLine": "\"C:\\\\Windows\\\\System32\\\\OpenSSH\\\\sshd.exe\" \"-R\""}
{"RuleName": "-", "UtcTime": 1589795006.228, "ProcessGuid": "{87a71a6b-58be-5ec2-5f51-01000000b000}", "ProcessId": 4472, "Image": "C:\\\\Windows\\\\System32\\\\conhost.exe", "FileVersion": "10.0.17763.1075 (WinBuild.160101.0800)", "Description": "Console Window Host", "Product": "Microsoft® Windows® Operating System", "Company": "Microsoft Corporation", "OriginalFileName": "CONHOST.EXE", "CommandLine": "\\\\??\\\\C:\\\\Windows\\\\system32\\\\conhost.exe 0xffffffff -ForceV1", "CurrentDirectory": "C:\\\\Windows", "User": "NT AUTHORITY\\\\SYSTEM", "LogonGuid": "{87a71a6b-54eb-5ebe-e703-000000000000}", "LogonId": 999, "TerminalSessionId": 0, "IntegrityLevel": "System", "Hashes": "SHA1=74F28DD9B0DA310D85F1931DB2749A26A9A8AB02", "ParentProcessGuid": "{87a71a6b-58be-5ec2-5e51-01000000b000}", "ParentProcessId": 2012, "ParentImage": "C:\\\\Windows\\\\System32\\\\OpenSSH\\\\sshd.exe", "ParentCommandLine": "\"C:\\\\Windows\\\\System32\\\\OpenSSH\\\\sshd.exe\" \"-R\""}
{"RuleName": "-", "UtcTime": 1589795012.148, "ProcessGuid": "{87a71a6b-58c4-5ec2-6251-01000000b000}", "ProcessId": 3588, "Image": "C:\\\\Windows\\\\System32\\\\conhost.exe", "FileVersion": "10.0.17763.1075 (WinBuild.160101.0800)", "Description": "Console Window Host", "Product": "Microsoft® Windows® Operating System", "Company": "Microsoft Corporation", "OriginalFileName": "CONHOST.EXE", "CommandLine": "\\\\??\\\\C:\\\\Windows\\\\system32\\\\conhost.exe 0xffffffff -ForceV1", "CurrentDirectory": "C:\\\\Windows", "User": "NT AUTHORITY\\\\SYSTEM", "LogonGuid": "{87a71a6b-54eb-5ebe-e703-000000000000}", "LogonId": 999, "TerminalSessionId": 0, "IntegrityLevel": "System", "Hashes": "SHA1=74F28DD9B0DA310D85F1931DB2749A26A9A8AB02", "ParentProcessGuid": "{87a71a6b-58c4-5ec2-6151-01000000b000}", "ParentProcessId": 3796, "ParentImage": "C:\\\\Windows\\\\System32\\\\OpenSSH\\\\sshd.exe", "ParentCommandLine": "\"C:\\\\Windows\\\\System32\\\\OpenSSH\\\\sshd.exe\" \"-R\""}
{"RuleName": "-", "UtcTime": 1589795012.682, "ProcessGuid": "{87a71a6b-58c4-5ec2-6551-01000000b000}", "ProcessId": 5044, "Image": "C:\\\\Windows\\\\System32\\\\conhost.exe", "FileVersion": "10.0.17763.1075 (WinBuild.160101.0800)", "Description": "Console Window Host", "Product": "Microsoft® Windows® Operating System", "Company": "Microsoft Corporation", "OriginalFileName": "CONHOST.EXE", "CommandLine": "\\\\??\\\\C:\\\\Windows\\\\system32\\\\conhost.exe 0xffffffff -ForceV1", "CurrentDirectory": "C:\\\\Windows", "User": "NT AUTHORITY\\\\SYSTEM", "LogonGuid": "{87a71a6b-54eb-5ebe-e703-000000000000}", "LogonId": 999, "TerminalSessionId": 0, "IntegrityLevel": "System", "Hashes": "SHA1=74F28DD9B0DA310D85F1931DB2749A26A9A8AB02", "ParentProcessGuid": "{87a71a6b-58c4-5ec2-6451-01000000b000}", "ParentProcessId": 668, "ParentImage": "C:\\\\Windows\\\\System32\\\\OpenSSH\\\\sshd.exe", "ParentCommandLine": "\"C:\\\\Windows\\\\System32\\\\OpenSSH\\\\sshd.exe\" \"-R\""}
{"RuleName": "-", "UtcTime": 1589795020.266, "ProcessGuid": "{87a71a6b-58cc-5ec2-6851-01000000b000}", "ProcessId": 1188, "Image": "C:\\\\Windows\\\\System32\\\\conhost.exe", "FileVersion": "10.0.17763.1075 (WinBuild.160101.0800)", "Description": "Console Window Host", "Product": "Microsoft® Windows® Operating System", "Company": "Microsoft Corporation", "OriginalFileName": "CONHOST.EXE", "CommandLine": "\\\\??\\\\C:\\\\Windows\\\\system32\\\\conhost.exe 0xffffffff -ForceV1", "CurrentDirectory": "C:\\\\Windows", "User": "NT AUTHORITY\\\\SYSTEM", "LogonGuid": "{87a71a6b-54eb-5ebe-e703-000000000000}", "LogonId": 999, "TerminalSessionId": 0, "IntegrityLevel": "System", "Hashes": "SHA1=74F28DD9B0DA310D85F1931DB2749A26A9A8AB02", "ParentProcessGuid": "{87a71a6b-58cc-5ec2-6751-01000000b000}", "ParentProcessId": 4312, "ParentImage": "C:\\\\Windows\\\\System32\\\\OpenSSH\\\\sshd.exe", "ParentCommandLine": "\"C:\\\\Windows\\\\System32\\\\OpenSSH\\\\sshd.exe\" \"-R\""}
{"RuleName": "-", "UtcTime": 1589795024.687, "ProcessGuid": "{87a71a6b-58d0-5ec2-6b51-01000000b000}", "ProcessId": 3608, "Image": "C:\\\\Windows\\\\System32\\\\conhost.exe", "FileVersion": "10.0.17763.1075 (WinBuild.160101.0800)", "Description": "Console Window Host", "Product": "Microsoft® Windows® Operating System", "Company": "Microsoft Corporation", "OriginalFileName": "CONHOST.EXE", "CommandLine": "\\\\??\\\\C:\\\\Windows\\\\system32\\\\conhost.exe 0xffffffff -ForceV1", "CurrentDirectory": "C:\\\\Windows", "User": "NT AUTHORITY\\\\SYSTEM", "LogonGuid": "{87a71a6b-54eb-5ebe-e703-000000000000}", "LogonId": 999, "TerminalSessionId": 0, "IntegrityLevel": "System", "Hashes": "SHA1=74F28DD9B0DA310D85F1931DB2749A26A9A8AB02", "ParentProcessGuid": "{87a71a6b-58d0-5ec2-6a51-01000000b000}", "ParentProcessId": 4600, "ParentImage": "C:\\\\Windows\\\\System32\\\\OpenSSH\\\\sshd.exe", "ParentCommandLine": "\"C:\\\\Windows\\\\System32\\\\OpenSSH\\\\sshd.exe\" \"-R\""}
{"RuleName": "-", "UtcTime": 1589795029.936, "ProcessGuid": "{87a71a6b-58d5-5ec2-6e51-01000000b000}", "ProcessId": 1180, "Image": "C:\\\\Windows\\\\System32\\\\conhost.exe", "FileVersion": "10.0.17763.1075 (WinBuild.160101.0800)", "Description": "Console Window Host", "Product": "Microsoft® Windows® Operating System", "Company": "Microsoft Corporation", "OriginalFileName": "CONHOST.EXE", "CommandLine": "\\\\??\\\\C:\\\\Windows\\\\system32\\\\conhost.exe 0xffffffff -ForceV1", "CurrentDirectory": "C:\\\\Windows", "User": "NT AUTHORITY\\\\SYSTEM", "LogonGuid": "{87a71a6b-54eb-5ebe-e703-000000000000}", "LogonId": 999, "TerminalSessionId": 0, "IntegrityLevel": "System", "Hashes": "SHA1=74F28DD9B0DA310D85F1931DB2749A26A9A8AB02", "ParentProcessGuid": "{87a71a6b-58d5-5ec2-6d51-01000000b000}", "ParentProcessId": 4824, "ParentImage": "C:\\\\Windows\\\\System32\\\\OpenSSH\\\\sshd.exe", "ParentCommandLine": "\"C:\\\\Windows\\\\System32\\\\OpenSSH\\\\sshd.exe\" \"-R\""}
{"RuleName": "-", "UtcTime": 1589795034.824, "ProcessGuid": "{87a71a6b-58da-5ec2-7151-01000000b000}", "ProcessId": 3292, "Image": "C:\\\\Windows\\\\System32\\\\conhost.exe", "FileVersion": "10.0.17763.1075 (WinBuild.160101.0800)", "Description": "Console Window Host", "Product": "Microsoft® Windows® Operating System", "Company": "Microsoft Corporation", "OriginalFileName": "CONHOST.EXE", "CommandLine": "\\\\??\\\\C:\\\\Windows\\\\system32\\\\conhost.exe 0xffffffff -ForceV1", "CurrentDirectory": "C:\\\\Windows", "User": "NT AUTHORITY\\\\SYSTEM", "LogonGuid": "{87a71a6b-54eb-5ebe-e703-000000000000}", "LogonId": 999, "TerminalSessionId": 0, "IntegrityLevel": "System", "Hashes": "SHA1=74F28DD9B0DA310D85F1931DB2749A26A9A8AB02", "ParentProcessGuid": "{87a71a6b-58da-5ec2-7051-01000000b000}", "ParentProcessId": 4464, "ParentImage": "C:\\\\Windows\\\\System32\\\\OpenSSH\\\\sshd.exe", "ParentCommandLine": "\"C:\\\\Windows\\\\System32\\\\OpenSSH\\\\sshd.exe\" \"-R\""}
{"RuleName": "-", "UtcTime": 1589795043.269, "ProcessGuid": "{87a71a6b-58e3-5ec2-7351-01000000b000}", "ProcessId": 4416, "Image": "C:\\\\Windows\\\\System32\\\\WindowsPowerShell\\\\v1.0\\\\powershell.exe", "FileVersion": "10.0.17763.1 (WinBuild.160101.0800)", "Description": "Windows PowerShell", "Product": "Microsoft® Windows® Operating System", "Company": "Microsoft Corporation", "OriginalFileName": "PowerShell.EXE", "CommandLine": "\"C:\\\\Windows\\\\System32\\\\WindowsPowerShell\\\\v1.0\\\\powershell.exe\" ", "CurrentDirectory": "C:\\\\Users\\\\Administrator\\\\", "User": "EC2AMAZ-V0GPI6G\\\\Administrator", "LogonGuid": "{87a71a6b-5693-5ebe-ede9-040000000000}", "LogonId": 322029, "TerminalSessionId": 2, "IntegrityLevel": "High", "Hashes": "SHA1=6CBCE4A295C163791B60FC23D285E6D84F28EE4C", "ParentProcessGuid": "{87a71a6b-5695-5ebe-9700-00000000b000}", "ParentProcessId": 1844, "ParentImage": "C:\\\\Windows\\\\explorer.exe", "ParentCommandLine": "C:\\\\Windows\\\\Explorer.EXE"}
{"RuleName": "-", "UtcTime": 1589795043.359, "ProcessGuid": "{87a71a6b-58e3-5ec2-7451-01000000b000}", "ProcessId": 4080, "Image": "C:\\\\Windows\\\\System32\\\\conhost.exe", "FileVersion": "10.0.17763.1075 (WinBuild.160101.0800)", "Description": "Console Window Host", "Product": "Microsoft® Windows® Operating System", "Company": "Microsoft Corporation", "OriginalFileName": "CONHOST.EXE", "CommandLine": "\\\\??\\\\C:\\\\Windows\\\\system32\\\\conhost.exe 0xffffffff -ForceV1", "CurrentDirectory": "C:\\\\Windows", "User": "EC2AMAZ-V0GPI6G\\\\Administrator", "LogonGuid": "{87a71a6b-5693-5ebe-ede9-040000000000}", "LogonId": 322029, "TerminalSessionId": 2, "IntegrityLevel": "High", "Hashes": "SHA1=74F28DD9B0DA310D85F1931DB2749A26A9A8AB02", "ParentProcessGuid": "{87a71a6b-58e3-5ec2-7351-01000000b000}", "ParentProcessId": 4416, "ParentImage": "C:\\\\Windows\\\\System32\\\\WindowsPowerShell\\\\v1.0\\\\powershell.exe", "ParentCommandLine": "\"C:\\\\Windows\\\\System32\\\\WindowsPowerShell\\\\v1.0\\\\powershell.exe\" "}
{"RuleName": "-", "UtcTime": 1589795050.401, "ProcessGuid": "{87a71a6b-58ea-5ec2-7651-01000000b000}", "ProcessId": 4368, "Image": "C:\\\\Windows\\\\System32\\\\conhost.exe", "FileVersion": "10.0.17763.1075 (WinBuild.160101.0800)", "Description": "Console Window Host", "Product": "Microsoft® Windows® Operating System", "Company": "Microsoft Corporation", "OriginalFileName": "CONHOST.EXE", "CommandLine": "\\\\??\\\\C:\\\\Windows\\\\system32\\\\conhost.exe 0xffffffff -ForceV1", "CurrentDirectory": "C:\\\\Windows", "User": "NT AUTHORITY\\\\SYSTEM", "LogonGuid": "{87a71a6b-54eb-5ebe-e703-000000000000}", "LogonId": 999, "TerminalSessionId": 0, "IntegrityLevel": "System", "Hashes": "SHA1=74F28DD9B0DA310D85F1931DB2749A26A9A8AB02", "ParentProcessGuid": "{87a71a6b-58ea-5ec2-7551-01000000b000}", "ParentProcessId": 4280, "ParentImage": "C:\\\\Windows\\\\System32\\\\OpenSSH\\\\sshd.exe", "ParentCommandLine": "\"C:\\\\Windows\\\\System32\\\\OpenSSH\\\\sshd.exe\" \"-R\""}
{"RuleName": "-", "UtcTime": 1589795054.785, "ProcessGuid": "{87a71a6b-58ee-5ec2-7951-01000000b000}", "ProcessId": 1808, "Image": "C:\\\\Windows\\\\System32\\\\conhost.exe", "FileVersion": "10.0.17763.1075 (WinBuild.160101.0800)", "Description": "Console Window Host", "Product": "Microsoft® Windows® Operating System", "Company": "Microsoft Corporation", "OriginalFileName": "CONHOST.EXE", "CommandLine": "\\\\??\\\\C:\\\\Windows\\\\system32\\\\conhost.exe 0xffffffff -ForceV1", "CurrentDirectory": "C:\\\\Windows", "User": "NT AUTHORITY\\\\SYSTEM", "LogonGuid": "{87a71a6b-54eb-5ebe-e703-000000000000}", "LogonId": 999, "TerminalSessionId": 0, "IntegrityLevel": "System", "Hashes": "SHA1=74F28DD9B0DA310D85F1931DB2749A26A9A8AB02", "ParentProcessGuid": "{87a71a6b-58ee-5ec2-7851-01000000b000}", "ParentProcessId": 4848, "ParentImage": "C:\\\\Windows\\\\System32\\\\OpenSSH\\\\sshd.exe", "ParentCommandLine": "\"C:\\\\Windows\\\\System32\\\\OpenSSH\\\\sshd.exe\" \"-R\""}
{"RuleName": "-", "UtcTime": 1589795056.6, "ProcessGuid": "{87a71a6b-58f0-5ec2-7c51-01000000b000}", "ProcessId": 4408, "Image": "C:\\\\Windows\\\\System32\\\\conhost.exe", "FileVersion": "10.0.17763.1075 (WinBuild.160101.0800)", "Description": "Console Window Host", "Product": "Microsoft® Windows® Operating System", "Company": "Microsoft Corporation", "OriginalFileName": "CONHOST.EXE", "CommandLine": "\\\\??\\\\C:\\\\Windows\\\\system32\\\\conhost.exe 0xffffffff -ForceV1", "CurrentDirectory": "C:\\\\Windows", "User": "NT AUTHORITY\\\\SYSTEM", "LogonGuid": "{87a71a6b-54eb-5ebe-e703-000000000000}", "LogonId": 999, "TerminalSessionId": 0, "IntegrityLevel": "System", "Hashes": "SHA1=74F28DD9B0DA310D85F1931DB2749A26A9A8AB02", "ParentProcessGuid": "{87a71a6b-58f0-5ec2-7b51-01000000b000}", "ParentProcessId": 4476, "ParentImage": "C:\\\\Windows\\\\System32\\\\OpenSSH\\\\sshd.exe", "ParentCommandLine": "\"C:\\\\Windows\\\\System32\\\\OpenSSH\\\\sshd.exe\" \"-R\""}
{"RuleName": "-", "UtcTime": 1589795100.093, "ProcessGuid": "{87a71a6b-591c-5ec2-8051-01000000b000}", "ProcessId": 2696, "Image": "C:\\\\Windows\\\\System32\\\\conhost.exe", "FileVersion": "10.0.17763.1075 (WinBuild.160101.0800)", "Description": "Console Window Host", "Product": "Microsoft® Windows® Operating System", "Company": "Microsoft Corporation", "OriginalFileName": "CONHOST.EXE", "CommandLine": "\\\\??\\\\C:\\\\Windows\\\\system32\\\\conhost.exe 0xffffffff -ForceV1", "CurrentDirectory": "C:\\\\Windows", "User": "NT AUTHORITY\\\\SYSTEM", "LogonGuid": "{87a71a6b-54eb-5ebe-e703-000000000000}", "LogonId": 999, "TerminalSessionId": 0, "IntegrityLevel": "System", "Hashes": "SHA1=74F28DD9B0DA310D85F1931DB2749A26A9A8AB02", "ParentProcessGuid": "{87a71a6b-591c-5ec2-7f51-01000000b000}", "ParentProcessId": 3872, "ParentImage": "C:\\\\Windows\\\\System32\\\\OpenSSH\\\\sshd.exe", "ParentCommandLine": "\"C:\\\\Windows\\\\System32\\\\OpenSSH\\\\sshd.exe\" \"-R\""}
{"RuleName": "-", "UtcTime": 1589795105.58, "ProcessGuid": "{87a71a6b-5921-5ec2-8251-01000000b000}", "ProcessId": 4276, "Image": "C:\\\\Windows\\\\System32\\\\notepad.exe", "FileVersion": "10.0.17763.475 (WinBuild.160101.0800)", "Description": "Notepad", "Product": "Microsoft® Windows® Operating System", "Company": "Microsoft Corporation", "OriginalFileName": "NOTEPAD.EXE", "CommandLine": "\"C:\\\\Windows\\\\system32\\\\NOTEPAD.EXE\" C:\\\\Users\\\\Administrator\\\\sysmon\\\\sysmon-config.xml.txt", "CurrentDirectory": "C:\\\\Users\\\\Administrator\\\\sysmon\\\\", "User": "EC2AMAZ-V0GPI6G\\\\Administrator", "LogonGuid": "{87a71a6b-5693-5ebe-ede9-040000000000}", "LogonId": 322029, "TerminalSessionId": 2, "IntegrityLevel": "High", "Hashes": "SHA1=B6D237154F2E528F0B503B58B025862D66B02B73", "ParentProcessGuid": "{87a71a6b-5695-5ebe-9700-00000000b000}", "ParentProcessId": 1844, "ParentImage": "C:\\\\Windows\\\\explorer.exe", "ParentCommandLine": "C:\\\\Windows\\\\Explorer.EXE"}
{"RuleName": "-", "UtcTime": 1589795115.373, "ProcessGuid": "{87a71a6b-592b-5ec2-8451-01000000b000}", "ProcessId": 4516, "Image": "C:\\\\Windows\\\\System32\\\\conhost.exe", "FileVersion": "10.0.17763.1075 (WinBuild.160101.0800)", "Description": "Console Window Host", "Product": "Microsoft® Windows® Operating System", "Company": "Microsoft Corporation", "OriginalFileName": "CONHOST.EXE", "CommandLine": "\\\\??\\\\C:\\\\Windows\\\\system32\\\\conhost.exe 0xffffffff -ForceV1", "CurrentDirectory": "C:\\\\Windows", "User": "NT AUTHORITY\\\\SYSTEM", "LogonGuid": "{87a71a6b-54eb-5ebe-e703-000000000000}", "LogonId": 999, "TerminalSessionId": 0, "IntegrityLevel": "System", "Hashes": "SHA1=74F28DD9B0DA310D85F1931DB2749A26A9A8AB02", "ParentProcessGuid": "{87a71a6b-592b-5ec2-8351-01000000b000}", "ParentProcessId": 1252, "ParentImage": "C:\\\\Windows\\\\System32\\\\OpenSSH\\\\sshd.exe", "ParentCommandLine": "\"C:\\\\Windows\\\\System32\\\\OpenSSH\\\\sshd.exe\" \"-R\""}
{"RuleName": "-", "UtcTime": 1589795128.445, "ProcessGuid": "{87a71a6b-5938-5ec2-8651-01000000b000}", "ProcessId": 4328, "Image": "C:\\\\Windows\\\\System32\\\\dllhost.exe", "FileVersion": "10.0.17763.1 (WinBuild.160101.0800)", "Description": "COM Surrogate", "Product": "Microsoft® Windows® Operating System", "Company": "Microsoft Corporation", "OriginalFileName": "dllhost.exe", "CommandLine": "C:\\\\Windows\\\\system32\\\\DllHost.exe /Processid:{AB8902B4-09CA-4BB6-B78D-A8F59079A8D5}", "CurrentDirectory": "C:\\\\Windows\\\\system32\\\\", "User": "EC2AMAZ-V0GPI6G\\\\Administrator", "LogonGuid": "{87a71a6b-5693-5ebe-ede9-040000000000}", "LogonId": 322029, "TerminalSessionId": 2, "IntegrityLevel": "High", "Hashes": "SHA1=DCE2AF90E45FB9FC05ECBC9BEDDEE53FB66F3C6D", "ParentProcessGuid": "{87a71a6b-54ec-5ebe-0d00-00000000b000}", "ParentProcessId": 840, "ParentImage": "C:\\\\Windows\\\\System32\\\\svchost.exe", "ParentCommandLine": "C:\\\\Windows\\\\system32\\\\svchost.exe -k DcomLaunch -p"}
{"RuleName": "-", "UtcTime": 1589795129.549, "ProcessGuid": "{87a71a6b-5939-5ec2-8851-01000000b000}", "ProcessId": 2328, "Image": "C:\\\\Windows\\\\System32\\\\conhost.exe", "FileVersion": "10.0.17763.1075 (WinBuild.160101.0800)", "Description": "Console Window Host", "Product": "Microsoft® Windows® Operating System", "Company": "Microsoft Corporation", "OriginalFileName": "CONHOST.EXE", "CommandLine": "\\\\??\\\\C:\\\\Windows\\\\system32\\\\conhost.exe 0xffffffff -ForceV1", "CurrentDirectory": "C:\\\\Windows", "User": "NT AUTHORITY\\\\SYSTEM", "LogonGuid": "{87a71a6b-54eb-5ebe-e703-000000000000}", "LogonId": 999, "TerminalSessionId": 0, "IntegrityLevel": "System", "Hashes": "SHA1=74F28DD9B0DA310D85F1931DB2749A26A9A8AB02", "ParentProcessGuid": "{87a71a6b-5939-5ec2-8751-01000000b000}", "ParentProcessId": 4116, "ParentImage": "C:\\\\Windows\\\\System32\\\\OpenSSH\\\\sshd.exe", "ParentCommandLine": "\"C:\\\\Windows\\\\System32\\\\OpenSSH\\\\sshd.exe\" \"-R\""}
{"RuleName": "-", "UtcTime": 1589795137.17, "ProcessGuid": "{87a71a6b-5941-5ec2-8b51-01000000b000}", "ProcessId": 2012, "Image": "C:\\\\Windows\\\\System32\\\\conhost.exe", "FileVersion": "10.0.17763.1075 (WinBuild.160101.0800)", "Description": "Console Window Host", "Product": "Microsoft® Windows® Operating System", "Company": "Microsoft Corporation", "OriginalFileName": "CONHOST.EXE", "CommandLine": "\\\\??\\\\C:\\\\Windows\\\\system32\\\\conhost.exe 0xffffffff -ForceV1", "CurrentDirectory": "C:\\\\Windows", "User": "NT AUTHORITY\\\\SYSTEM", "LogonGuid": "{87a71a6b-54eb-5ebe-e703-000000000000}", "LogonId": 999, "TerminalSessionId": 0, "IntegrityLevel": "System", "Hashes": "SHA1=74F28DD9B0DA310D85F1931DB2749A26A9A8AB02", "ParentProcessGuid": "{87a71a6b-5941-5ec2-8a51-01000000b000}", "ParentProcessId": 3100, "ParentImage": "C:\\\\Windows\\\\System32\\\\OpenSSH\\\\sshd.exe", "ParentCommandLine": "\"C:\\\\Windows\\\\System32\\\\OpenSSH\\\\sshd.exe\" \"-R\""}
{"RuleName": "-", "UtcTime": 1589795142.881, "ProcessGuid": "{87a71a6b-5946-5ec2-8e51-01000000b000}", "ProcessId": 3124, "Image": "C:\\\\Windows\\\\System32\\\\conhost.exe", "FileVersion": "10.0.17763.1075 (WinBuild.160101.0800)", "Description": "Console Window Host", "Product": "Microsoft® Windows® Operating System", "Company": "Microsoft Corporation", "OriginalFileName": "CONHOST.EXE", "CommandLine": "\\\\??\\\\C:\\\\Windows\\\\system32\\\\conhost.exe 0xffffffff -ForceV1", "CurrentDirectory": "C:\\\\Windows", "User": "NT AUTHORITY\\\\SYSTEM", "LogonGuid": "{87a71a6b-54eb-5ebe-e703-000000000000}", "LogonId": 999, "TerminalSessionId": 0, "IntegrityLevel": "System", "Hashes": "SHA1=74F28DD9B0DA310D85F1931DB2749A26A9A8AB02", "ParentProcessGuid": "{87a71a6b-5946-5ec2-8d51-01000000b000}", "ParentProcessId": 3588, "ParentImage": "C:\\\\Windows\\\\System32\\\\OpenSSH\\\\sshd.exe", "ParentCommandLine": "\"C:\\\\Windows\\\\System32\\\\OpenSSH\\\\sshd.exe\" \"-R\""}
{"RuleName": "-", "UtcTime": 1589795150.491, "ProcessGuid": "{87a71a6b-594e-5ec2-9051-01000000b000}", "ProcessId": 5088, "Image": "C:\\\\Windows\\\\System32\\\\OpenWith.exe", "FileVersion": "10.0.17763.1075 (WinBuild.160101.0800)", "Description": "Pick an app", "Product": "Microsoft® Windows® Operating System", "Company": "Microsoft Corporation", "OriginalFileName": "OpenWith.exe", "CommandLine": "C:\\\\Windows\\\\system32\\\\OpenWith.exe -Embedding", "CurrentDirectory": "C:\\\\Windows\\\\system32\\\\", "User": "EC2AMAZ-V0GPI6G\\\\Administrator", "LogonGuid": "{87a71a6b-5693-5ebe-ede9-040000000000}", "LogonId": 322029, "TerminalSessionId": 2, "IntegrityLevel": "High", "Hashes": "SHA1=96328A6316797B1AD90DF0FE7855F36D01D77A44", "ParentProcessGuid": "{87a71a6b-54ec-5ebe-0d00-00000000b000}", "ParentProcessId": 840, "ParentImage": "C:\\\\Windows\\\\System32\\\\svchost.exe", "ParentCommandLine": "C:\\\\Windows\\\\system32\\\\svchost.exe -k DcomLaunch -p"}
{"RuleName": "-", "UtcTime": 1589795155.308, "ProcessGuid": "{87a71a6b-5953-5ec2-9251-01000000b000}", "ProcessId": 2544, "Image": "C:\\\\Windows\\\\System32\\\\conhost.exe", "FileVersion": "10.0.17763.1075 (WinBuild.160101.0800)", "Description": "Console Window Host", "Product": "Microsoft® Windows® Operating System", "Company": "Microsoft Corporation", "OriginalFileName": "CONHOST.EXE", "CommandLine": "\\\\??\\\\C:\\\\Windows\\\\system32\\\\conhost.exe 0xffffffff -ForceV1", "CurrentDirectory": "C:\\\\Windows", "User": "NT AUTHORITY\\\\SYSTEM", "LogonGuid": "{87a71a6b-54eb-5ebe-e703-000000000000}", "LogonId": 999, "TerminalSessionId": 0, "IntegrityLevel": "System", "Hashes": "SHA1=74F28DD9B0DA310D85F1931DB2749A26A9A8AB02", "ParentProcessGuid": "{87a71a6b-5953-5ec2-9151-01000000b000}", "ParentProcessId": 4776, "ParentImage": "C:\\\\Windows\\\\System32\\\\OpenSSH\\\\sshd.exe", "ParentCommandLine": "\"C:\\\\Windows\\\\System32\\\\OpenSSH\\\\sshd.exe\" \"-R\""}
{"RuleName": "-", "UtcTime": 1589795155.76, "ProcessGuid": "{87a71a6b-5953-5ec2-9551-01000000b000}", "ProcessId": 3564, "Image": "C:\\\\Windows\\\\System32\\\\conhost.exe", "FileVersion": "10.0.17763.1075 (WinBuild.160101.0800)", "Description": "Console Window Host", "Product": "Microsoft® Windows® Operating System", "Company": "Microsoft Corporation", "OriginalFileName": "CONHOST.EXE", "CommandLine": "\\\\??\\\\C:\\\\Windows\\\\system32\\\\conhost.exe 0xffffffff -ForceV1", "CurrentDirectory": "C:\\\\Windows", "User": "NT AUTHORITY\\\\SYSTEM", "LogonGuid": "{87a71a6b-54eb-5ebe-e703-000000000000}", "LogonId": 999, "TerminalSessionId": 0, "IntegrityLevel": "System", "Hashes": "SHA1=74F28DD9B0DA310D85F1931DB2749A26A9A8AB02", "ParentProcessGuid": "{87a71a6b-5953-5ec2-9451-01000000b000}", "ParentProcessId": 4844, "ParentImage": "C:\\\\Windows\\\\System32\\\\OpenSSH\\\\sshd.exe", "ParentCommandLine": "\"C:\\\\Windows\\\\System32\\\\OpenSSH\\\\sshd.exe\" \"-R\""}
{"RuleName": "-", "UtcTime": 1589795158.569, "ProcessGuid": "{87a71a6b-5956-5ec2-9851-01000000b000}", "ProcessId": 2180, "Image": "C:\\\\Windows\\\\System32\\\\conhost.exe", "FileVersion": "10.0.17763.1075 (WinBuild.160101.0800)", "Description": "Console Window Host", "Product": "Microsoft® Windows® Operating System", "Company": "Microsoft Corporation", "OriginalFileName": "CONHOST.EXE", "CommandLine": "\\\\??\\\\C:\\\\Windows\\\\system32\\\\conhost.exe 0xffffffff -ForceV1", "CurrentDirectory": "C:\\\\Windows", "User": "NT AUTHORITY\\\\SYSTEM", "LogonGuid": "{87a71a6b-54eb-5ebe-e703-000000000000}", "LogonId": 999, "TerminalSessionId": 0, "IntegrityLevel": "System", "Hashes": "SHA1=74F28DD9B0DA310D85F1931DB2749A26A9A8AB02", "ParentProcessGuid": "{87a71a6b-5956-5ec2-9751-01000000b000}", "ParentProcessId": 4612, "ParentImage": "C:\\\\Windows\\\\System32\\\\OpenSSH\\\\sshd.exe", "ParentCommandLine": "\"C:\\\\Windows\\\\System32\\\\OpenSSH\\\\sshd.exe\" \"-R\""}
{"RuleName": "-", "UtcTime": 1589795162.534, "ProcessGuid": "{87a71a6b-595a-5ec2-9b51-01000000b000}", "ProcessId": 3724, "Image": "C:\\\\Windows\\\\System32\\\\conhost.exe", "FileVersion": "10.0.17763.1075 (WinBuild.160101.0800)", "Description": "Console Window Host", "Product": "Microsoft® Windows® Operating System", "Company": "Microsoft Corporation", "OriginalFileName": "CONHOST.EXE", "CommandLine": "\\\\??\\\\C:\\\\Windows\\\\system32\\\\conhost.exe 0xffffffff -ForceV1", "CurrentDirectory": "C:\\\\Windows", "User": "NT AUTHORITY\\\\SYSTEM", "LogonGuid": "{87a71a6b-54eb-5ebe-e703-000000000000}", "LogonId": 999, "TerminalSessionId": 0, "IntegrityLevel": "System", "Hashes": "SHA1=74F28DD9B0DA310D85F1931DB2749A26A9A8AB02", "ParentProcessGuid": "{87a71a6b-595a-5ec2-9a51-01000000b000}", "ParentProcessId": 480, "ParentImage": "C:\\\\Windows\\\\System32\\\\OpenSSH\\\\sshd.exe", "ParentCommandLine": "\"C:\\\\Windows\\\\System32\\\\OpenSSH\\\\sshd.exe\" \"-R\""}
{"RuleName": "-", "UtcTime": 1589795162.742, "ProcessGuid": "{87a71a6b-595a-5ec2-9d51-01000000b000}", "ProcessId": 3400, "Image": "C:\\\\Windows\\\\System32\\\\conhost.exe", "FileVersion": "10.0.17763.1075 (WinBuild.160101.0800)", "Description": "Console Window Host", "Product": "Microsoft® Windows® Operating System", "Company": "Microsoft Corporation", "OriginalFileName": "CONHOST.EXE", "CommandLine": "\\\\??\\\\C:\\\\Windows\\\\system32\\\\conhost.exe 0xffffffff -ForceV1", "CurrentDirectory": "C:\\\\Windows", "User": "NT AUTHORITY\\\\SYSTEM", "LogonGuid": "{87a71a6b-54eb-5ebe-e703-000000000000}", "LogonId": 999, "TerminalSessionId": 0, "IntegrityLevel": "System", "Hashes": "SHA1=74F28DD9B0DA310D85F1931DB2749A26A9A8AB02", "ParentProcessGuid": "{87a71a6b-595a-5ec2-9c51-01000000b000}", "ParentProcessId": 3992, "ParentImage": "C:\\\\Windows\\\\System32\\\\OpenSSH\\\\sshd.exe", "ParentCommandLine": "\"C:\\\\Windows\\\\System32\\\\OpenSSH\\\\sshd.exe\" \"-R\""}
{"RuleName": "-", "UtcTime": 1589795171.262, "ProcessGuid": "{87a71a6b-5963-5ec2-a151-01000000b000}", "ProcessId": 4632, "Image": "C:\\\\Windows\\\\System32\\\\conhost.exe", "FileVersion": "10.0.17763.1075 (WinBuild.160101.0800)", "Description": "Console Window Host", "Product": "Microsoft® Windows® Operating System", "Company": "Microsoft Corporation", "OriginalFileName": "CONHOST.EXE", "CommandLine": "\\\\??\\\\C:\\\\Windows\\\\system32\\\\conhost.exe 0xffffffff -ForceV1", "CurrentDirectory": "C:\\\\Windows", "User": "NT AUTHORITY\\\\SYSTEM", "LogonGuid": "{87a71a6b-54eb-5ebe-e703-000000000000}", "LogonId": 999, "TerminalSessionId": 0, "IntegrityLevel": "System", "Hashes": "SHA1=74F28DD9B0DA310D85F1931DB2749A26A9A8AB02", "ParentProcessGuid": "{87a71a6b-5963-5ec2-a051-01000000b000}", "ParentProcessId": 3968, "ParentImage": "C:\\\\Windows\\\\System32\\\\OpenSSH\\\\sshd.exe", "ParentCommandLine": "\"C:\\\\Windows\\\\System32\\\\OpenSSH\\\\sshd.exe\" \"-R\""}
{"RuleName": "-", "UtcTime": 1589795176.519, "ProcessGuid": "{87a71a6b-5968-5ec2-a451-01000000b000}", "ProcessId": 4532, "Image": "C:\\\\Windows\\\\System32\\\\conhost.exe", "FileVersion": "10.0.17763.1075 (WinBuild.160101.0800)", "Description": "Console Window Host", "Product": "Microsoft® Windows® Operating System", "Company": "Microsoft Corporation", "OriginalFileName": "CONHOST.EXE", "CommandLine": "\\\\??\\\\C:\\\\Windows\\\\system32\\\\conhost.exe 0xffffffff -ForceV1", "CurrentDirectory": "C:\\\\Windows", "User": "NT AUTHORITY\\\\SYSTEM", "LogonGuid": "{87a71a6b-54eb-5ebe-e703-000000000000}", "LogonId": 999, "TerminalSessionId": 0, "IntegrityLevel": "System", "Hashes": "SHA1=74F28DD9B0DA310D85F1931DB2749A26A9A8AB02", "ParentProcessGuid": "{87a71a6b-5968-5ec2-a351-01000000b000}", "ParentProcessId": 4924, "ParentImage": "C:\\\\Windows\\\\System32\\\\OpenSSH\\\\sshd.exe", "ParentCommandLine": "\"C:\\\\Windows\\\\System32\\\\OpenSSH\\\\sshd.exe\" \"-R\""}
{"RuleName": "-", "UtcTime": 1589795187.494, "ProcessGuid": "{87a71a6b-5973-5ec2-a651-01000000b000}", "ProcessId": 3876, "Image": "C:\\\\Windows\\\\System32\\\\conhost.exe", "FileVersion": "10.0.17763.1075 (WinBuild.160101.0800)", "Description": "Console Window Host", "Product": "Microsoft® Windows® Operating System", "Company": "Microsoft Corporation", "OriginalFileName": "CONHOST.EXE", "CommandLine": "\\\\??\\\\C:\\\\Windows\\\\system32\\\\conhost.exe 0xffffffff -ForceV1", "CurrentDirectory": "C:\\\\Windows", "User": "NT AUTHORITY\\\\SYSTEM", "LogonGuid": "{87a71a6b-54eb-5ebe-e703-000000000000}", "LogonId": 999, "TerminalSessionId": 0, "IntegrityLevel": "System", "Hashes": "SHA1=74F28DD9B0DA310D85F1931DB2749A26A9A8AB02", "ParentProcessGuid": "{87a71a6b-5973-5ec2-a551-01000000b000}", "ParentProcessId": 4360, "ParentImage": "C:\\\\Windows\\\\System32\\\\OpenSSH\\\\sshd.exe", "ParentCommandLine": "\"C:\\\\Windows\\\\System32\\\\OpenSSH\\\\sshd.exe\" \"-R\""}
{"RuleName": "-", "UtcTime": 1589795188.5, "ProcessGuid": "{87a71a6b-5974-5ec2-a851-01000000b000}", "ProcessId": 4640, "Image": "C:\\\\Windows\\\\System32\\\\conhost.exe", "FileVersion": "10.0.17763.1075 (WinBuild.160101.0800)", "Description": "Console Window Host", "Product": "Microsoft® Windows® Operating System", "Company": "Microsoft Corporation", "OriginalFileName": "CONHOST.EXE", "CommandLine": "\\\\??\\\\C:\\\\Windows\\\\system32\\\\conhost.exe 0xffffffff -ForceV1", "CurrentDirectory": "C:\\\\Windows", "User": "NT AUTHORITY\\\\SYSTEM", "LogonGuid": "{87a71a6b-54eb-5ebe-e703-000000000000}", "LogonId": 999, "TerminalSessionId": 0, "IntegrityLevel": "System", "Hashes": "SHA1=74F28DD9B0DA310D85F1931DB2749A26A9A8AB02", "ParentProcessGuid": "{87a71a6b-5974-5ec2-a751-01000000b000}", "ParentProcessId": 2572, "ParentImage": "C:\\\\Windows\\\\System32\\\\OpenSSH\\\\sshd.exe", "ParentCommandLine": "\"C:\\\\Windows\\\\System32\\\\OpenSSH\\\\sshd.exe\" \"-R\""}
{"RuleName": "-", "UtcTime": 1589795194.639, "ProcessGuid": "{87a71a6b-597a-5ec2-ac51-01000000b000}", "ProcessId": 3768, "Image": "C:\\\\Windows\\\\System32\\\\conhost.exe", "FileVersion": "10.0.17763.1075 (WinBuild.160101.0800)", "Description": "Console Window Host", "Product": "Microsoft® Windows® Operating System", "Company": "Microsoft Corporation", "OriginalFileName": "CONHOST.EXE", "CommandLine": "\\\\??\\\\C:\\\\Windows\\\\system32\\\\conhost.exe 0xffffffff -ForceV1", "CurrentDirectory": "C:\\\\Windows", "User": "NT AUTHORITY\\\\SYSTEM", "LogonGuid": "{87a71a6b-54eb-5ebe-e703-000000000000}", "LogonId": 999, "TerminalSessionId": 0, "IntegrityLevel": "System", "Hashes": "SHA1=74F28DD9B0DA310D85F1931DB2749A26A9A8AB02", "ParentProcessGuid": "{87a71a6b-597a-5ec2-ab51-01000000b000}", "ParentProcessId": 3120, "ParentImage": "C:\\\\Windows\\\\System32\\\\OpenSSH\\\\sshd.exe", "ParentCommandLine": "\"C:\\\\Windows\\\\System32\\\\OpenSSH\\\\sshd.exe\" \"-R\""}
{"RuleName": "-", "UtcTime": 1589795201.526, "ProcessGuid": "{87a71a6b-5981-5ec2-af51-01000000b000}", "ProcessId": 4676, "Image": "C:\\\\Windows\\\\System32\\\\conhost.exe", "FileVersion": "10.0.17763.1075 (WinBuild.160101.0800)", "Description": "Console Window Host", "Product": "Microsoft® Windows® Operating System", "Company": "Microsoft Corporation", "OriginalFileName": "CONHOST.EXE", "CommandLine": "\\\\??\\\\C:\\\\Windows\\\\system32\\\\conhost.exe 0xffffffff -ForceV1", "CurrentDirectory": "C:\\\\Windows", "User": "NT AUTHORITY\\\\SYSTEM", "LogonGuid": "{87a71a6b-54eb-5ebe-e703-000000000000}", "LogonId": 999, "TerminalSessionId": 0, "IntegrityLevel": "System", "Hashes": "SHA1=74F28DD9B0DA310D85F1931DB2749A26A9A8AB02", "ParentProcessGuid": "{87a71a6b-5981-5ec2-ae51-01000000b000}", "ParentProcessId": 4976, "ParentImage": "C:\\\\Windows\\\\System32\\\\OpenSSH\\\\sshd.exe", "ParentCommandLine": "\"C:\\\\Windows\\\\System32\\\\OpenSSH\\\\sshd.exe\" \"-R\""}
{"RuleName": "-", "UtcTime": 1589795214.124, "ProcessGuid": "{87a71a6b-598e-5ec2-b251-01000000b000}", "ProcessId": 3444, "Image": "C:\\\\Windows\\\\System32\\\\conhost.exe", "FileVersion": "10.0.17763.1075 (WinBuild.160101.0800)", "Description": "Console Window Host", "Product": "Microsoft® Windows® Operating System", "Company": "Microsoft Corporation", "OriginalFileName": "CONHOST.EXE", "CommandLine": "\\\\??\\\\C:\\\\Windows\\\\system32\\\\conhost.exe 0xffffffff -ForceV1", "CurrentDirectory": "C:\\\\Windows", "User": "NT AUTHORITY\\\\SYSTEM", "LogonGuid": "{87a71a6b-54eb-5ebe-e703-000000000000}", "LogonId": 999, "TerminalSessionId": 0, "IntegrityLevel": "System", "Hashes": "SHA1=74F28DD9B0DA310D85F1931DB2749A26A9A8AB02", "ParentProcessGuid": "{87a71a6b-598e-5ec2-b151-01000000b000}", "ParentProcessId": 4100, "ParentImage": "C:\\\\Windows\\\\System32\\\\OpenSSH\\\\sshd.exe", "ParentCommandLine": "\"C:\\\\Windows\\\\System32\\\\OpenSSH\\\\sshd.exe\" \"-R\""}
{"RuleName": "-", "UtcTime": 1589795216.425, "ProcessGuid": "{87a71a6b-5990-5ec2-b551-01000000b000}", "ProcessId": 4708, "Image": "C:\\\\Windows\\\\System32\\\\conhost.exe", "FileVersion": "10.0.17763.1075 (WinBuild.160101.0800)", "Description": "Console Window Host", "Product": "Microsoft® Windows® Operating System", "Company": "Microsoft Corporation", "OriginalFileName": "CONHOST.EXE", "CommandLine": "\\\\??\\\\C:\\\\Windows\\\\system32\\\\conhost.exe 0xffffffff -ForceV1", "CurrentDirectory": "C:\\\\Windows", "User": "NT AUTHORITY\\\\SYSTEM", "LogonGuid": "{87a71a6b-54eb-5ebe-e703-000000000000}", "LogonId": 999, "TerminalSessionId": 0, "IntegrityLevel": "System", "Hashes": "SHA1=74F28DD9B0DA310D85F1931DB2749A26A9A8AB02", "ParentProcessGuid": "{87a71a6b-5990-5ec2-b451-01000000b000}", "ParentProcessId": 4420, "ParentImage": "C:\\\\Windows\\\\System32\\\\OpenSSH\\\\sshd.exe", "ParentCommandLine": "\"C:\\\\Windows\\\\System32\\\\OpenSSH\\\\sshd.exe\" \"-R\""}
{"RuleName": "-", "UtcTime": 1589795217.334, "ProcessGuid": "{87a71a6b-5991-5ec2-b851-01000000b000}", "ProcessId": 4716, "Image": "C:\\\\Windows\\\\System32\\\\conhost.exe", "FileVersion": "10.0.17763.1075 (WinBuild.160101.0800)", "Description": "Console Window Host", "Product": "Microsoft® Windows® Operating System", "Company": "Microsoft Corporation", "OriginalFileName": "CONHOST.EXE", "CommandLine": "\\\\??\\\\C:\\\\Windows\\\\system32\\\\conhost.exe 0xffffffff -ForceV1", "CurrentDirectory": "C:\\\\Windows", "User": "NT AUTHORITY\\\\SYSTEM", "LogonGuid": "{87a71a6b-54eb-5ebe-e703-000000000000}", "LogonId": 999, "TerminalSessionId": 0, "IntegrityLevel": "System", "Hashes": "SHA1=74F28DD9B0DA310D85F1931DB2749A26A9A8AB02", "ParentProcessGuid": "{87a71a6b-5991-5ec2-b751-01000000b000}", "ParentProcessId": 4692, "ParentImage": "C:\\\\Windows\\\\System32\\\\OpenSSH\\\\sshd.exe", "ParentCommandLine": "\"C:\\\\Windows\\\\System32\\\\OpenSSH\\\\sshd.exe\" \"-R\""}
{"RuleName": "-", "UtcTime": 1589795222.384, "ProcessGuid": "{87a71a6b-5996-5ec2-bb51-01000000b000}", "ProcessId": 4508, "Image": "C:\\\\Windows\\\\System32\\\\conhost.exe", "FileVersion": "10.0.17763.1075 (WinBuild.160101.0800)", "Description": "Console Window Host", "Product": "Microsoft® Windows® Operating System", "Company": "Microsoft Corporation", "OriginalFileName": "CONHOST.EXE", "CommandLine": "\\\\??\\\\C:\\\\Windows\\\\system32\\\\conhost.exe 0xffffffff -ForceV1", "CurrentDirectory": "C:\\\\Windows", "User": "NT AUTHORITY\\\\SYSTEM", "LogonGuid": "{87a71a6b-54eb-5ebe-e703-000000000000}", "LogonId": 999, "TerminalSessionId": 0, "IntegrityLevel": "System", "Hashes": "SHA1=74F28DD9B0DA310D85F1931DB2749A26A9A8AB02", "ParentProcessGuid": "{87a71a6b-5996-5ec2-ba51-01000000b000}", "ParentProcessId": 1600, "ParentImage": "C:\\\\Windows\\\\System32\\\\OpenSSH\\\\sshd.exe", "ParentCommandLine": "\"C:\\\\Windows\\\\System32\\\\OpenSSH\\\\sshd.exe\" \"-R\""}
{"RuleName": "-", "UtcTime": 1589795247.334, "ProcessGuid": "{8bcf3217-59af-5ec2-7815-00000000b000}", "ProcessId": 3988, "Image": "C:\\\\Windows\\\\System32\\\\dllhost.exe", "FileVersion": "10.0.17763.1 (WinBuild.160101.0800)", "Description": "COM Surrogate", "Product": "Microsoft® Windows® Operating System", "Company": "Microsoft Corporation", "OriginalFileName": "dllhost.exe", "CommandLine": "C:\\\\Windows\\\\system32\\\\DllHost.exe /Processid:{AB8902B4-09CA-4BB6-B78D-A8F59079A8D5}", "CurrentDirectory": "C:\\\\Windows\\\\system32\\\\", "User": "EC2AMAZ-NP5R74L\\\\Administrator", "LogonGuid": "{8bcf3217-5507-5ebe-3712-020000000000}", "LogonId": 135735, "TerminalSessionId": 2, "IntegrityLevel": "High", "Hashes": "SHA1=DCE2AF90E45FB9FC05ECBC9BEDDEE53FB66F3C6D", "ParentProcessGuid": "{8bcf3217-54f6-5ebe-0d00-00000000b000}", "ParentProcessId": 840, "ParentImage": "C:\\\\Windows\\\\System32\\\\svchost.exe", "ParentCommandLine": "C:\\\\Windows\\\\system32\\\\svchost.exe -k DcomLaunch -p"}
{"RuleName": "-", "UtcTime": 1589795251.152, "ProcessGuid": "{87a71a6b-59b3-5ec2-be51-01000000b000}", "ProcessId": 3404, "Image": "C:\\\\Windows\\\\System32\\\\conhost.exe", "FileVersion": "10.0.17763.1075 (WinBuild.160101.0800)", "Description": "Console Window Host", "Product": "Microsoft® Windows® Operating System", "Company": "Microsoft Corporation", "OriginalFileName": "CONHOST.EXE", "CommandLine": "\\\\??\\\\C:\\\\Windows\\\\system32\\\\conhost.exe 0xffffffff -ForceV1", "CurrentDirectory": "C:\\\\Windows", "User": "NT AUTHORITY\\\\SYSTEM", "LogonGuid": "{87a71a6b-54eb-5ebe-e703-000000000000}", "LogonId": 999, "TerminalSessionId": 0, "IntegrityLevel": "System", "Hashes": "SHA1=74F28DD9B0DA310D85F1931DB2749A26A9A8AB02", "ParentProcessGuid": "{87a71a6b-59b3-5ec2-bd51-01000000b000}", "ParentProcessId": 3680, "ParentImage": "C:\\\\Windows\\\\System32\\\\OpenSSH\\\\sshd.exe", "ParentCommandLine": "\"C:\\\\Windows\\\\System32\\\\OpenSSH\\\\sshd.exe\" \"-R\""}
{"RuleName": "-", "UtcTime": 1589795261.236, "ProcessGuid": "{87a71a6b-59bd-5ec2-c151-01000000b000}", "ProcessId": 2776, "Image": "C:\\\\Windows\\\\System32\\\\conhost.exe", "FileVersion": "10.0.17763.1075 (WinBuild.160101.0800)", "Description": "Console Window Host", "Product": "Microsoft® Windows® Operating System", "Company": "Microsoft Corporation", "OriginalFileName": "CONHOST.EXE", "CommandLine": "\\\\??\\\\C:\\\\Windows\\\\system32\\\\conhost.exe 0xffffffff -ForceV1", "CurrentDirectory": "C:\\\\Windows", "User": "NT AUTHORITY\\\\SYSTEM", "LogonGuid": "{87a71a6b-54eb-5ebe-e703-000000000000}", "LogonId": 999, "TerminalSessionId": 0, "IntegrityLevel": "System", "Hashes": "SHA1=74F28DD9B0DA310D85F1931DB2749A26A9A8AB02", "ParentProcessGuid": "{87a71a6b-59bd-5ec2-c051-01000000b000}", "ParentProcessId": 4372, "ParentImage": "C:\\\\Windows\\\\System32\\\\OpenSSH\\\\sshd.exe", "ParentCommandLine": "\"C:\\\\Windows\\\\System32\\\\OpenSSH\\\\sshd.exe\" \"-R\""}
{"RuleName": "-", "UtcTime": 1589795271.758, "ProcessGuid": "{87a71a6b-59c7-5ec2-c451-01000000b000}", "ProcessId": 4332, "Image": "C:\\\\Windows\\\\System32\\\\conhost.exe", "FileVersion": "10.0.17763.1075 (WinBuild.160101.0800)", "Description": "Console Window Host", "Product": "Microsoft® Windows® Operating System", "Company": "Microsoft Corporation", "OriginalFileName": "CONHOST.EXE", "CommandLine": "\\\\??\\\\C:\\\\Windows\\\\system32\\\\conhost.exe 0xffffffff -ForceV1", "CurrentDirectory": "C:\\\\Windows", "User": "NT AUTHORITY\\\\SYSTEM", "LogonGuid": "{87a71a6b-54eb-5ebe-e703-000000000000}", "LogonId": 999, "TerminalSessionId": 0, "IntegrityLevel": "System", "Hashes": "SHA1=74F28DD9B0DA310D85F1931DB2749A26A9A8AB02", "ParentProcessGuid": "{87a71a6b-59c7-5ec2-c351-01000000b000}", "ParentProcessId": 4836, "ParentImage": "C:\\\\Windows\\\\System32\\\\OpenSSH\\\\sshd.exe", "ParentCommandLine": "\"C:\\\\Windows\\\\System32\\\\OpenSSH\\\\sshd.exe\" \"-R\""}
{"RuleName": "-", "UtcTime": 1589795274.801, "ProcessGuid": "{87a71a6b-59ca-5ec2-c751-01000000b000}", "ProcessId": 1528, "Image": "C:\\\\Windows\\\\System32\\\\conhost.exe", "FileVersion": "10.0.17763.1075 (WinBuild.160101.0800)", "Description": "Console Window Host", "Product": "Microsoft® Windows® Operating System", "Company": "Microsoft Corporation", "OriginalFileName": "CONHOST.EXE", "CommandLine": "\\\\??\\\\C:\\\\Windows\\\\system32\\\\conhost.exe 0xffffffff -ForceV1", "CurrentDirectory": "C:\\\\Windows", "User": "NT AUTHORITY\\\\SYSTEM", "LogonGuid": "{87a71a6b-54eb-5ebe-e703-000000000000}", "LogonId": 999, "TerminalSessionId": 0, "IntegrityLevel": "System", "Hashes": "SHA1=74F28DD9B0DA310D85F1931DB2749A26A9A8AB02", "ParentProcessGuid": "{87a71a6b-59ca-5ec2-c651-01000000b000}", "ParentProcessId": 1292, "ParentImage": "C:\\\\Windows\\\\System32\\\\OpenSSH\\\\sshd.exe", "ParentCommandLine": "\"C:\\\\Windows\\\\System32\\\\OpenSSH\\\\sshd.exe\" \"-R\""}
{"RuleName": "-", "UtcTime": 1589795275.697, "ProcessGuid": "{87a71a6b-59cb-5ec2-ca51-01000000b000}", "ProcessId": 3992, "Image": "C:\\\\Windows\\\\System32\\\\conhost.exe", "FileVersion": "10.0.17763.1075 (WinBuild.160101.0800)", "Description": "Console Window Host", "Product": "Microsoft® Windows® Operating System", "Company": "Microsoft Corporation", "OriginalFileName": "CONHOST.EXE", "CommandLine": "\\\\??\\\\C:\\\\Windows\\\\system32\\\\conhost.exe 0xffffffff -ForceV1", "CurrentDirectory": "C:\\\\Windows", "User": "NT AUTHORITY\\\\SYSTEM", "LogonGuid": "{87a71a6b-54eb-5ebe-e703-000000000000}", "LogonId": 999, "TerminalSessionId": 0, "IntegrityLevel": "System", "Hashes": "SHA1=74F28DD9B0DA310D85F1931DB2749A26A9A8AB02", "ParentProcessGuid": "{87a71a6b-59cb-5ec2-c951-01000000b000}", "ParentProcessId": 4948, "ParentImage": "C:\\\\Windows\\\\System32\\\\OpenSSH\\\\sshd.exe", "ParentCommandLine": "\"C:\\\\Windows\\\\System32\\\\OpenSSH\\\\sshd.exe\" \"-R\""}
{"RuleName": "-", "UtcTime": 1589795283.412, "ProcessGuid": "{87a71a6b-59d3-5ec2-cd51-01000000b000}", "ProcessId": 3380, "Image": "C:\\\\Windows\\\\System32\\\\conhost.exe", "FileVersion": "10.0.17763.1075 (WinBuild.160101.0800)", "Description": "Console Window Host", "Product": "Microsoft® Windows® Operating System", "Company": "Microsoft Corporation", "OriginalFileName": "CONHOST.EXE", "CommandLine": "\\\\??\\\\C:\\\\Windows\\\\system32\\\\conhost.exe 0xffffffff -ForceV1", "CurrentDirectory": "C:\\\\Windows", "User": "NT AUTHORITY\\\\SYSTEM", "LogonGuid": "{87a71a6b-54eb-5ebe-e703-000000000000}", "LogonId": 999, "TerminalSessionId": 0, "IntegrityLevel": "System", "Hashes": "SHA1=74F28DD9B0DA310D85F1931DB2749A26A9A8AB02", "ParentProcessGuid": "{87a71a6b-59d3-5ec2-cc51-01000000b000}", "ParentProcessId": 2180, "ParentImage": "C:\\\\Windows\\\\System32\\\\OpenSSH\\\\sshd.exe", "ParentCommandLine": "\"C:\\\\Windows\\\\System32\\\\OpenSSH\\\\sshd.exe\" \"-R\""}
{"RuleName": "-", "UtcTime": 1589795299.759, "ProcessGuid": "{87a71a6b-59e3-5ec2-d051-01000000b000}", "ProcessId": 4000, "Image": "C:\\\\Windows\\\\System32\\\\conhost.exe", "FileVersion": "10.0.17763.1075 (WinBuild.160101.0800)", "Description": "Console Window Host", "Product": "Microsoft® Windows® Operating System", "Company": "Microsoft Corporation", "OriginalFileName": "CONHOST.EXE", "CommandLine": "\\\\??\\\\C:\\\\Windows\\\\system32\\\\conhost.exe 0xffffffff -ForceV1", "CurrentDirectory": "C:\\\\Windows", "User": "NT AUTHORITY\\\\SYSTEM", "LogonGuid": "{87a71a6b-54eb-5ebe-e703-000000000000}", "LogonId": 999, "TerminalSessionId": 0, "IntegrityLevel": "System", "Hashes": "SHA1=74F28DD9B0DA310D85F1931DB2749A26A9A8AB02", "ParentProcessGuid": "{87a71a6b-59e3-5ec2-cf51-01000000b000}", "ParentProcessId": 4624, "ParentImage": "C:\\\\Windows\\\\System32\\\\OpenSSH\\\\sshd.exe", "ParentCommandLine": "\"C:\\\\Windows\\\\System32\\\\OpenSSH\\\\sshd.exe\" \"-R\""}
