{"RuleName": "-", "UtcTime": 1589794279.892, "ProcessGuid": "{87a71a6b-55e7-5ec2-5750-01000000b000}", "ProcessId": 1176, "Image": "C:\\\\Windows\\\\System32\\\\conhost.exe", "FileVersion": "10.0.17763.1075 (WinBuild.160101.0800)", "Description": "Console Window Host", "Product": "Microsoft® Windows® Operating System", "Company": "Microsoft Corporation", "OriginalFileName": "CONHOST.EXE", "CommandLine": "\\\\??\\\\C:\\\\Windows\\\\system32\\\\conhost.exe 0xffffffff -ForceV1", "CurrentDirectory": "C:\\\\Windows", "User": "NT AUTHORITY\\\\SYSTEM", "LogonGuid": "{87a71a6b-54eb-5ebe-e703-000000000000}", "LogonId": 999, "TerminalSessionId": 0, "IntegrityLevel": "System", "Hashes": "SHA1=74F28DD9B0DA310D85F1931DB2749A26A9A8AB02", "ParentProcessGuid": "{87a71a6b-55e7-5ec2-5650-01000000b000}", "ParentProcessId": 4548, "ParentImage": "C:\\\\Windows\\\\System32\\\\OpenSSH\\\\sshd.exe", "ParentCommandLine": "\"C:\\\\Windows\\\\System32\\\\OpenSSH\\\\sshd.exe\" \"-R\""}
{"RuleName": "-", "UtcTime": 1589794283.649, "ProcessGuid": "{87a71a6b-55eb-5ec2-5a50-01000000b000}", "ProcessId": 4440, "Image": "C:\\\\Windows\\\\System32\\\\conhost.exe", "FileVersion": "10.0.17763.1075 (WinBuild.160101.0800)", "Description": "Console Window Host", "Product": "Microsoft® Windows® Operating System", "Company": "Microsoft Corporation", "OriginalFileName": "CONHOST.EXE", "CommandLine": "\\\\??\\\\C:\\\\Windows\\\\system32\\\\conhost.exe 0xffffffff -ForceV1", "CurrentDirectory": "C:\\\\Windows", "User": "NT AUTHORITY\\\\SYSTEM", "LogonGuid": "{87a71a6b-54eb-5ebe-e703-000000000000}", "LogonId": 999, "TerminalSessionId": 0, "IntegrityLevel": "System", "Hashes": "SHA1=74F28DD9B0DA310D85F1931DB2749A26A9A8AB02", "ParentProcessGuid": "{87a71a6b-55eb-5ec2-5950-01000000b000}", "ParentProcessId": 2948, "ParentImage": "C:\\\\Windows\\\\System32\\\\OpenSSH\\\\sshd.exe", "ParentCommandLine": "\"C:\\\\Windows\\\\System32\\\\OpenSSH\\\\sshd.exe\" \"-R\""}
{"RuleName": "-", "UtcTime": 1589794287.268, "ProcessGuid": "{87a71a6b-55ef-5ec2-5d50-01000000b000}", "ProcessId": 4132, "Image": "C:\\\\Windows\\\\System32\\\\conhost.exe", "FileVersion": "10.0.17763.1075 (WinBuild.160101.0800)", "Description": "Console Window Host", "Product": "Microsoft® Windows® Operating System", "Company": "Microsoft Corporation", "OriginalFileName": "CONHOST.EXE", "CommandLine": "\\\\??\\\\C:\\\\Windows\\\\system32\\\\conhost.exe 0xffffffff -ForceV1", "CurrentDirectory": "C:\\\\Windows", "User": "NT AUTHORITY\\\\SYSTEM", "LogonGuid": "{87a71a6b-54eb-5ebe-e703-000000000000}", "LogonId": 999, "TerminalSessionId": 0, "IntegrityLevel": "System", "Hashes": "SHA1=74F28DD9B0DA310D85F1931DB2749A26A9A8AB02", "ParentProcessGuid": "{87a71a6b-55ef-5ec2-5c50-01000000b000}", "ParentProcessId": 2972, "ParentImage": "C:\\\\Windows\\\\System32\\\\OpenSSH\\\\sshd.exe", "ParentCommandLine": "\"C:\\\\Windows\\\\System32\\\\OpenSSH\\\\sshd.exe\" \"-R\""}
{"RuleName": "-", "UtcTime": 1589794291.536, "ProcessGuid": "{87a71a6b-55f3-5ec2-6050-01000000b000}", "ProcessId": 2616, "Image": "C:\\\\Windows\\\\System32\\\\conhost.exe", "FileVersion": "10.0.17763.1075 (WinBuild.160101.0800)", "Description": "Console Window Host", "Product": "Microsoft® Windows® Operating System", "Company": "Microsoft Corporation", "OriginalFileName": "CONHOST.EXE", "CommandLine": "\\\\??\\\\C:\\\\Windows\\\\system32\\\\conhost.exe 0xffffffff -ForceV1", "CurrentDirectory": "C:\\\\Windows", "User": "NT AUTHORITY\\\\SYSTEM", "LogonGuid": "{87a71a6b-54eb-5ebe-e703-000000000000}", "LogonId": 999, "TerminalSessionId": 0, "IntegrityLevel": "System", "Hashes": "SHA1=74F28DD9B0DA310D85F1931DB2749A26A9A8AB02", "ParentProcessGuid": "{87a71a6b-55f3-5ec2-5f50-01000000b000}", "ParentProcessId": 1000, "ParentImage": "C:\\\\Windows\\\\System32\\\\OpenSSH\\\\sshd.exe", "ParentCommandLine": "\"C:\\\\Windows\\\\System32\\\\OpenSSH\\\\sshd.exe\" \"-R\""}
{"RuleName": "-", "UtcTime": 1589794305.976, "ProcessGuid": "{87a71a6b-5601-5ec2-6350-01000000b000}", "ProcessId": 2588, "Image": "C:\\\\Windows\\\\System32\\\\conhost.exe", "FileVersion": "10.0.17763.1075 (WinBuild.160101.0800)", "Description": "Console Window Host", "Product": "Microsoft® Windows® Operating System", "Company": "Microsoft Corporation", "OriginalFileName": "CONHOST.EXE", "CommandLine": "\\\\??\\\\C:\\\\Windows\\\\system32\\\\conhost.exe 0xffffffff -ForceV1", "CurrentDirectory": "C:\\\\Windows", "User": "NT AUTHORITY\\\\SYSTEM", "LogonGuid": "{87a71a6b-54eb-5ebe-e703-000000000000}", "LogonId": 999, "TerminalSessionId": 0, "IntegrityLevel": "System", "Hashes": "SHA1=74F28DD9B0DA310D85F1931DB2749A26A9A8AB02", "ParentProcessGuid": "{87a71a6b-5601-5ec2-6250-01000000b000}", "ParentProcessId": 4468, "ParentImage": "C:\\\\Windows\\\\System32\\\\OpenSSH\\\\sshd.exe", "ParentCommandLine": "\"C:\\\\Windows\\\\System32\\\\OpenSSH\\\\sshd.exe\" \"-R\""}
{"RuleName": "-", "UtcTime": 1589794330.264, "ProcessGuid": "{87a71a6b-561a-5ec2-6650-01000000b000}", "ProcessId": 4988, "Image": "C:\\\\Windows\\\\System32\\\\conhost.exe", "FileVersion": "10.0.17763.1075 (WinBuild.160101.0800)", "Description": "Console Window Host", "Product": "Microsoft® Windows® Operating System", "Company": "Microsoft Corporation", "OriginalFileName": "CONHOST.EXE", "CommandLine": "\\\\??\\\\C:\\\\Windows\\\\system32\\\\conhost.exe 0xffffffff -ForceV1", "CurrentDirectory": "C:\\\\Windows", "User": "NT AUTHORITY\\\\SYSTEM", "LogonGuid": "{87a71a6b-54eb-5ebe-e703-000000000000}", "LogonId": 999, "TerminalSessionId": 0, "IntegrityLevel": "System", "Hashes": "SHA1=74F28DD9B0DA310D85F1931DB2749A26A9A8AB02", "ParentProcessGuid": "{87a71a6b-561a-5ec2-6550-01000000b000}", "ParentProcessId": 2720, "ParentImage": "C:\\\\Windows\\\\System32\\\\OpenSSH\\\\sshd.exe", "ParentCommandLine": "\"C:\\\\Windows\\\\System32\\\\OpenSSH\\\\sshd.exe\" \"-R\""}
{"RuleName": "-", "UtcTime": 1589794346.235, "ProcessGuid": "{87a71a6b-562a-5ec2-6950-01000000b000}", "ProcessId": 3904, "Image": "C:\\\\Windows\\\\System32\\\\conhost.exe", "FileVersion": "10.0.17763.1075 (WinBuild.160101.0800)", "Description": "Console Window Host", "Product": "Microsoft® Windows® Operating System", "Company": "Microsoft Corporation", "OriginalFileName": "CONHOST.EXE", "CommandLine": "\\\\??\\\\C:\\\\Windows\\\\system32\\\\conhost.exe 0xffffffff -ForceV1", "CurrentDirectory": "C:\\\\Windows", "User": "NT AUTHORITY\\\\SYSTEM", "LogonGuid": "{87a71a6b-54eb-5ebe-e703-000000000000}", "LogonId": 999, "TerminalSessionId": 0, "IntegrityLevel": "System", "Hashes": "SHA1=74F28DD9B0DA310D85F1931DB2749A26A9A8AB02", "ParentProcessGuid": "{87a71a6b-562a-5ec2-6850-01000000b000}", "ParentProcessId": 2800, "ParentImage": "C:\\\\Windows\\\\System32\\\\OpenSSH\\\\sshd.exe", "ParentCommandLine": "\"C:\\\\Windows\\\\System32\\\\OpenSSH\\\\sshd.exe\" \"-R\""}
{"RuleName": "-", "UtcTime": 1589794349.263, "ProcessGuid": "{87a71a6b-562d-5ec2-6c50-01000000b000}", "ProcessId": 4748, "Image": "C:\\\\Windows\\\\System32\\\\conhost.exe", "FileVersion": "10.0.17763.1075 (WinBuild.160101.0800)", "Description": "Console Window Host", "Product": "Microsoft® Windows® Operating System", "Company": "Microsoft Corporation", "OriginalFileName": "CONHOST.EXE", "CommandLine": "\\\\??\\\\C:\\\\Windows\\\\system32\\\\conhost.exe 0xffffffff -ForceV1", "CurrentDirectory": "C:\\\\Windows", "User": "NT AUTHORITY\\\\SYSTEM", "LogonGuid": "{87a71a6b-54eb-5ebe-e703-000000000000}", "LogonId": 999, "TerminalSessionId": 0, "IntegrityLevel": "System", "Hashes": "SHA1=74F28DD9B0DA310D85F1931DB2749A26A9A8AB02", "ParentProcessGuid": "{87a71a6b-562d-5ec2-6b50-01000000b000}", "ParentProcessId": 1060, "ParentImage": "C:\\\\Windows\\\\System32\\\\OpenSSH\\\\sshd.exe", "ParentCommandLine": "\"C:\\\\Windows\\\\System32\\\\OpenSSH\\\\sshd.exe\" \"-R\""}
{"RuleName": "-", "UtcTime": 1589794349.579, "ProcessGuid": "{87a71a6b-562d-5ec2-6d50-01000000b000}", "ProcessId": 1628, "Image": "C:\\\\Windows\\\\System32\\\\dllhost.exe", "FileVersion": "10.0.17763.1 (WinBuild.160101.0800)", "Description": "COM Surrogate", "Product": "Microsoft® Windows® Operating System", "Company": "Microsoft Corporation", "OriginalFileName": "dllhost.exe", "CommandLine": "C:\\\\Windows\\\\system32\\\\DllHost.exe /Processid:{AB8902B4-09CA-4BB6-B78D-A8F59079A8D5}", "CurrentDirectory": "C:\\\\Windows\\\\system32\\\\", "User": "EC2AMAZ-V0GPI6G\\\\Administrator", "LogonGuid": "{87a71a6b-5693-5ebe-ede9-040000000000}", "LogonId": 322029, "TerminalSessionId": 2, "IntegrityLevel": "High", "Hashes": "SHA1=DCE2AF90E45FB9FC05ECBC9BEDDEE53FB66F3C6D", "ParentProcessGuid": "{87a71a6b-54ec-5ebe-0d00-00000000b000}", "ParentProcessId": 840, "ParentImage": "C:\\\\Windows\\\\System32\\\\svchost.exe", "ParentCommandLine": "C:\\\\Windows\\\\system32\\\\svchost.exe -k DcomLaunch -p"}
{"RuleName": "-", "UtcTime": 1589794352.099, "ProcessGuid": "{87a71a6b-5630-5ec2-7050-01000000b000}", "ProcessId": 3428, "Image": "C:\\\\Windows\\\\System32\\\\conhost.exe", "FileVersion": "10.0.17763.1075 (WinBuild.160101.0800)", "Description": "Console Window Host", "Product": "Microsoft® Windows® Operating System", "Company": "Microsoft Corporation", "OriginalFileName": "CONHOST.EXE", "CommandLine": "\\\\??\\\\C:\\\\Windows\\\\system32\\\\conhost.exe 0xffffffff -ForceV1", "CurrentDirectory": "C:\\\\Windows", "User": "NT AUTHORITY\\\\SYSTEM", "LogonGuid": "{87a71a6b-54eb-5ebe-e703-000000000000}", "LogonId": 999, "TerminalSessionId": 0, "IntegrityLevel": "System", "Hashes": "SHA1=74F28DD9B0DA310D85F1931DB2749A26A9A8AB02", "ParentProcessGuid": "{87a71a6b-5630-5ec2-6f50-01000000b000}", "ParentProcessId": 3208, "ParentImage": "C:\\\\Windows\\\\System32\\\\OpenSSH\\\\sshd.exe", "ParentCommandLine": "\"C:\\\\Windows\\\\System32\\\\OpenSSH\\\\sshd.exe\" \"-R\""}
{"RuleName": "-", "UtcTime": 1589794357.152, "ProcessGuid": "{87a71a6b-5635-5ec2-7250-01000000b000}", "ProcessId": 4620, "Image": "C:\\\\Windows\\\\System32\\\\dllhost.exe", "FileVersion": "10.0.17763.1 (WinBuild.160101.0800)", "Description": "COM Surrogate", "Product": "Microsoft® Windows® Operating System", "Company": "Microsoft Corporation", "OriginalFileName": "dllhost.exe", "CommandLine": "C:\\\\Windows\\\\system32\\\\DllHost.exe /Processid:{AB8902B4-09CA-4BB6-B78D-A8F59079A8D5}", "CurrentDirectory": "C:\\\\Windows\\\\system32\\\\", "User": "EC2AMAZ-V0GPI6G\\\\Administrator", "LogonGuid": "{87a71a6b-5693-5ebe-ede9-040000000000}", "LogonId": 322029, "TerminalSessionId": 2, "IntegrityLevel": "High", "Hashes": "SHA1=DCE2AF90E45FB9FC05ECBC9BEDDEE53FB66F3C6D", "ParentProcessGuid": "{87a71a6b-54ec-5ebe-0d00-00000000b000}", "ParentProcessId": 840, "ParentImage": "C:\\\\Windows\\\\System32\\\\svchost.exe", "ParentCommandLine": "C:\\\\Windows\\\\system32\\\\svchost.exe -k DcomLaunch -p"}
{"RuleName": "-", "UtcTime": 1589794371.825, "ProcessGuid": "{87a71a6b-5643-5ec2-7450-01000000b000}", "ProcessId": 3340, "Image": "C:\\\\Windows\\\\System32\\\\conhost.exe", "FileVersion": "10.0.17763.1075 (WinBuild.160101.0800)", "Description": "Console Window Host", "Product": "Microsoft® Windows® Operating System", "Company": "Microsoft Corporation", "OriginalFileName": "CONHOST.EXE", "CommandLine": "\\\\??\\\\C:\\\\Windows\\\\system32\\\\conhost.exe 0xffffffff -ForceV1", "CurrentDirectory": "C:\\\\Windows", "User": "NT AUTHORITY\\\\SYSTEM", "LogonGuid": "{87a71a6b-54eb-5ebe-e703-000000000000}", "LogonId": 999, "TerminalSessionId": 0, "IntegrityLevel": "System", "Hashes": "SHA1=74F28DD9B0DA310D85F1931DB2749A26A9A8AB02", "ParentProcessGuid": "{87a71a6b-5643-5ec2-7350-01000000b000}", "ParentProcessId": 4588, "ParentImage": "C:\\\\Windows\\\\System32\\\\OpenSSH\\\\sshd.exe", "ParentCommandLine": "\"C:\\\\Windows\\\\System32\\\\OpenSSH\\\\sshd.exe\" \"-R\""}
{"RuleName": "-", "UtcTime": 1589794379.264, "ProcessGuid": "{87a71a6b-564b-5ec2-7750-01000000b000}", "ProcessId": 3336, "Image": "C:\\\\Windows\\\\System32\\\\conhost.exe", "FileVersion": "10.0.17763.1075 (WinBuild.160101.0800)", "Description": "Console Window Host", "Product": "Microsoft® Windows® Operating System", "Company": "Microsoft Corporation", "OriginalFileName": "CONHOST.EXE", "CommandLine": "\\\\??\\\\C:\\\\Windows\\\\system32\\\\conhost.exe 0xffffffff -ForceV1", "CurrentDirectory": "C:\\\\Windows", "User": "NT AUTHORITY\\\\SYSTEM", "LogonGuid": "{87a71a6b-54eb-5ebe-e703-000000000000}", "LogonId": 999, "TerminalSessionId": 0, "IntegrityLevel": "System", "Hashes": "SHA1=74F28DD9B0DA310D85F1931DB2749A26A9A8AB02", "ParentProcessGuid": "{87a71a6b-564b-5ec2-7650-01000000b000}", "ParentProcessId": 4256, "ParentImage": "C:\\\\Windows\\\\System32\\\\OpenSSH\\\\sshd.exe", "ParentCommandLine": "\"C:\\\\Windows\\\\System32\\\\OpenSSH\\\\sshd.exe\" \"-R\""}
{"RuleName": "-", "UtcTime": 1589794382.069, "ProcessGuid": "{87a71a6b-564e-5ec2-7a50-01000000b000}", "ProcessId": 4528, "Image": "C:\\\\Windows\\\\System32\\\\conhost.exe", "FileVersion": "10.0.17763.1075 (WinBuild.160101.0800)", "Description": "Console Window Host", "Product": "Microsoft® Windows® Operating System", "Company": "Microsoft Corporation", "OriginalFileName": "CONHOST.EXE", "CommandLine": "\\\\??\\\\C:\\\\Windows\\\\system32\\\\conhost.exe 0xffffffff -ForceV1", "CurrentDirectory": "C:\\\\Windows", "User": "NT AUTHORITY\\\\SYSTEM", "LogonGuid": "{87a71a6b-54eb-5ebe-e703-000000000000}", "LogonId": 999, "TerminalSessionId": 0, "IntegrityLevel": "System", "Hashes": "SHA1=74F28DD9B0DA310D85F1931DB2749A26A9A8AB02", "ParentProcessGuid": "{87a71a6b-564e-5ec2-7950-01000000b000}", "ParentProcessId": 3076, "ParentImage": "C:\\\\Windows\\\\System32\\\\OpenSSH\\\\sshd.exe", "ParentCommandLine": "\"C:\\\\Windows\\\\System32\\\\OpenSSH\\\\sshd.exe\" \"-R\""}
{"RuleName": "-", "UtcTime": 1589794384.887, "ProcessGuid": "{87a71a6b-5650-5ec2-7d50-01000000b000}", "ProcessId": 4276, "Image": "C:\\\\Windows\\\\System32\\\\conhost.exe", "FileVersion": "10.0.17763.1075 (WinBuild.160101.0800)", "Description": "Console Window Host", "Product": "Microsoft® Windows® Operating System", "Company": "Microsoft Corporation", "OriginalFileName": "CONHOST.EXE", "CommandLine": "\\\\??\\\\C:\\\\Windows\\\\system32\\\\conhost.exe 0xffffffff -ForceV1", "CurrentDirectory": "C:\\\\Windows", "User": "EC2AMAZ-V0GPI6G\\\\Administrator", "LogonGuid": "{87a71a6b-5693-5ebe-ede9-040000000000}", "LogonId": 322029, "TerminalSessionId": 2, "IntegrityLevel": "High", "Hashes": "SHA1=74F28DD9B0DA310D85F1931DB2749A26A9A8AB02", "ParentProcessGuid": "{87a71a6b-5650-5ec2-7c50-01000000b000}", "ParentProcessId": 2940, "ParentImage": "C:\\\\Users\\\\Administrator\\\\winlogbeat-7.7.0-windows-x86_64\\\\winlogbeat.exe", "ParentCommandLine": "\"C:\\\\Users\\\\Administrator\\\\winlogbeat-7.7.0-windows-x86_64\\\\winlogbeat.exe\" "}
{"RuleName": "-", "UtcTime": 1589794388.891, "ProcessGuid": "{87a71a6b-5654-5ec2-7e50-01000000b000}", "ProcessId": 540, "Image": "C:\\\\Program Files\\\\windows nt\\\\accessories\\\\wordpad.exe", "FileVersion": "10.0.17763.1075 (WinBuild.160101.0800)", "Description": "Windows Wordpad Application", "Product": "Microsoft® Windows® Operating System", "Company": "Microsoft Corporation", "OriginalFileName": "WORDPAD.EXE", "CommandLine": "\"C:\\\\Program Files\\\\Windows NT\\\\Accessories\\\\WORDPAD.EXE\" \"C:\\\\Users\\\\Administrator\\\\winlogbeat-7.7.0-windows-x86_64\\\\winlogbeat.yml\"", "CurrentDirectory": "C:\\\\Users\\\\Administrator\\\\winlogbeat-7.7.0-windows-x86_64\\\\", "User": "EC2AMAZ-V0GPI6G\\\\Administrator", "LogonGuid": "{87a71a6b-5693-5ebe-ede9-040000000000}", "LogonId": 322029, "TerminalSessionId": 2, "IntegrityLevel": "High", "Hashes": "SHA1=00CC94610D30D7F022F63BF9E7D823B20AFA5F21", "ParentProcessGuid": "{87a71a6b-5695-5ebe-9700-00000000b000}", "ParentProcessId": 1844, "ParentImage": "C:\\\\Windows\\\\explorer.exe", "ParentCommandLine": "C:\\\\Windows\\\\Explorer.EXE"}
{"RuleName": "-", "UtcTime": 1589794418.469, "ProcessGuid": "{87a71a6b-5672-5ec2-8050-01000000b000}", "ProcessId": 2428, "Image": "C:\\\\Windows\\\\System32\\\\conhost.exe", "FileVersion": "10.0.17763.1075 (WinBuild.160101.0800)", "Description": "Console Window Host", "Product": "Microsoft® Windows® Operating System", "Company": "Microsoft Corporation", "OriginalFileName": "CONHOST.EXE", "CommandLine": "\\\\??\\\\C:\\\\Windows\\\\system32\\\\conhost.exe 0xffffffff -ForceV1", "CurrentDirectory": "C:\\\\Windows", "User": "NT AUTHORITY\\\\SYSTEM", "LogonGuid": "{87a71a6b-54eb-5ebe-e703-000000000000}", "LogonId": 999, "TerminalSessionId": 0, "IntegrityLevel": "System", "Hashes": "SHA1=74F28DD9B0DA310D85F1931DB2749A26A9A8AB02", "ParentProcessGuid": "{87a71a6b-5672-5ec2-7f50-01000000b000}", "ParentProcessId": 2812, "ParentImage": "C:\\\\Windows\\\\System32\\\\OpenSSH\\\\sshd.exe", "ParentCommandLine": "\"C:\\\\Windows\\\\System32\\\\OpenSSH\\\\sshd.exe\" \"-R\""}
{"RuleName": "-", "UtcTime": 1589794423.734, "ProcessGuid": "{87a71a6b-5677-5ec2-8350-01000000b000}", "ProcessId": 2980, "Image": "C:\\\\Windows\\\\System32\\\\conhost.exe", "FileVersion": "10.0.17763.1075 (WinBuild.160101.0800)", "Description": "Console Window Host", "Product": "Microsoft® Windows® Operating System", "Company": "Microsoft Corporation", "OriginalFileName": "CONHOST.EXE", "CommandLine": "\\\\??\\\\C:\\\\Windows\\\\system32\\\\conhost.exe 0xffffffff -ForceV1", "CurrentDirectory": "C:\\\\Windows", "User": "NT AUTHORITY\\\\SYSTEM", "LogonGuid": "{87a71a6b-54eb-5ebe-e703-000000000000}", "LogonId": 999, "TerminalSessionId": 0, "IntegrityLevel": "System", "Hashes": "SHA1=74F28DD9B0DA310D85F1931DB2749A26A9A8AB02", "ParentProcessGuid": "{87a71a6b-5677-5ec2-8250-01000000b000}", "ParentProcessId": 4732, "ParentImage": "C:\\\\Windows\\\\System32\\\\OpenSSH\\\\sshd.exe", "ParentCommandLine": "\"C:\\\\Windows\\\\System32\\\\OpenSSH\\\\sshd.exe\" \"-R\""}
{"RuleName": "-", "UtcTime": 1589794425.66, "ProcessGuid": "{87a71a6b-5679-5ec2-8650-01000000b000}", "ProcessId": 3212, "Image": "C:\\\\Windows\\\\System32\\\\conhost.exe", "FileVersion": "10.0.17763.1075 (WinBuild.160101.0800)", "Description": "Console Window Host", "Product": "Microsoft® Windows® Operating System", "Company": "Microsoft Corporation", "OriginalFileName": "CONHOST.EXE", "CommandLine": "\\\\??\\\\C:\\\\Windows\\\\system32\\\\conhost.exe 0xffffffff -ForceV1", "CurrentDirectory": "C:\\\\Windows", "User": "NT AUTHORITY\\\\SYSTEM", "LogonGuid": "{87a71a6b-54eb-5ebe-e703-000000000000}", "LogonId": 999, "TerminalSessionId": 0, "IntegrityLevel": "System", "Hashes": "SHA1=74F28DD9B0DA310D85F1931DB2749A26A9A8AB02", "ParentProcessGuid": "{87a71a6b-5679-5ec2-8550-01000000b000}", "ParentProcessId": 5092, "ParentImage": "C:\\\\Windows\\\\System32\\\\OpenSSH\\\\sshd.exe", "ParentCommandLine": "\"C:\\\\Windows\\\\System32\\\\OpenSSH\\\\sshd.exe\" \"-R\""}
{"RuleName": "-", "UtcTime": 1589794457.466, "ProcessGuid": "{87a71a6b-5699-5ec2-8950-01000000b000}", "ProcessId": 3432, "Image": "C:\\\\Windows\\\\System32\\\\conhost.exe", "FileVersion": "10.0.17763.1075 (WinBuild.160101.0800)", "Description": "Console Window Host", "Product": "Microsoft® Windows® Operating System", "Company": "Microsoft Corporation", "OriginalFileName": "CONHOST.EXE", "CommandLine": "\\\\??\\\\C:\\\\Windows\\\\system32\\\\conhost.exe 0xffffffff -ForceV1", "CurrentDirectory": "C:\\\\Windows", "User": "NT AUTHORITY\\\\SYSTEM", "LogonGuid": "{87a71a6b-54eb-5ebe-e703-000000000000}", "LogonId": 999, "TerminalSessionId": 0, "IntegrityLevel": "System", "Hashes": "SHA1=74F28DD9B0DA310D85F1931DB2749A26A9A8AB02", "ParentProcessGuid": "{87a71a6b-5699-5ec2-8850-01000000b000}", "ParentProcessId": 2720, "ParentImage": "C:\\\\Windows\\\\System32\\\\OpenSSH\\\\sshd.exe", "ParentCommandLine": "\"C:\\\\Windows\\\\System32\\\\OpenSSH\\\\sshd.exe\" \"-R\""}
{"RuleName": "-", "UtcTime": 1589794459.729, "ProcessGuid": "{87a71a6b-569b-5ec2-8c50-01000000b000}", "ProcessId": 4300, "Image": "C:\\\\Windows\\\\System32\\\\conhost.exe", "FileVersion": "10.0.17763.1075 (WinBuild.160101.0800)", "Description": "Console Window Host", "Product": "Microsoft® Windows® Operating System", "Company": "Microsoft Corporation", "OriginalFileName": "CONHOST.EXE", "CommandLine": "\\\\??\\\\C:\\\\Windows\\\\system32\\\\conhost.exe 0xffffffff -ForceV1", "CurrentDirectory": "C:\\\\Windows", "User": "NT AUTHORITY\\\\SYSTEM", "LogonGuid": "{87a71a6b-54eb-5ebe-e703-000000000000}", "LogonId": 999, "TerminalSessionId": 0, "IntegrityLevel": "System", "Hashes": "SHA1=74F28DD9B0DA310D85F1931DB2749A26A9A8AB02", "ParentProcessGuid": "{87a71a6b-569b-5ec2-8b50-01000000b000}", "ParentProcessId": 2300, "ParentImage": "C:\\\\Windows\\\\System32\\\\OpenSSH\\\\sshd.exe", "ParentCommandLine": "\"C:\\\\Windows\\\\System32\\\\OpenSSH\\\\sshd.exe\" \"-R\""}
{"RuleName": "-", "UtcTime": 1589794472.482, "ProcessGuid": "{87a71a6b-56a8-5ec2-8f50-01000000b000}", "ProcessId": 3452, "Image": "C:\\\\Windows\\\\System32\\\\conhost.exe", "FileVersion": "10.0.17763.1075 (WinBuild.160101.0800)", "Description": "Console Window Host", "Product": "Microsoft® Windows® Operating System", "Company": "Microsoft Corporation", "OriginalFileName": "CONHOST.EXE", "CommandLine": "\\\\??\\\\C:\\\\Windows\\\\system32\\\\conhost.exe 0xffffffff -ForceV1", "CurrentDirectory": "C:\\\\Windows", "User": "NT AUTHORITY\\\\SYSTEM", "LogonGuid": "{87a71a6b-54eb-5ebe-e703-000000000000}", "LogonId": 999, "TerminalSessionId": 0, "IntegrityLevel": "System", "Hashes": "SHA1=74F28DD9B0DA310D85F1931DB2749A26A9A8AB02", "ParentProcessGuid": "{87a71a6b-56a8-5ec2-8e50-01000000b000}", "ParentProcessId": 5088, "ParentImage": "C:\\\\Windows\\\\System32\\\\OpenSSH\\\\sshd.exe", "ParentCommandLine": "\"C:\\\\Windows\\\\System32\\\\OpenSSH\\\\sshd.exe\" \"-R\""}
{"RuleName": "-", "UtcTime": 1589794486.095, "ProcessGuid": "{87a71a6b-56b6-5ec2-9250-01000000b000}", "ProcessId": 1852, "Image": "C:\\\\Windows\\\\System32\\\\conhost.exe", "FileVersion": "10.0.17763.1075 (WinBuild.160101.0800)", "Description": "Console Window Host", "Product": "Microsoft® Windows® Operating System", "Company": "Microsoft Corporation", "OriginalFileName": "CONHOST.EXE", "CommandLine": "\\\\??\\\\C:\\\\Windows\\\\system32\\\\conhost.exe 0xffffffff -ForceV1", "CurrentDirectory": "C:\\\\Windows", "User": "NT AUTHORITY\\\\SYSTEM", "LogonGuid": "{87a71a6b-54eb-5ebe-e703-000000000000}", "LogonId": 999, "TerminalSessionId": 0, "IntegrityLevel": "System", "Hashes": "SHA1=74F28DD9B0DA310D85F1931DB2749A26A9A8AB02", "ParentProcessGuid": "{87a71a6b-56b6-5ec2-9150-01000000b000}", "ParentProcessId": 3208, "ParentImage": "C:\\\\Windows\\\\System32\\\\OpenSSH\\\\sshd.exe", "ParentCommandLine": "\"C:\\\\Windows\\\\System32\\\\OpenSSH\\\\sshd.exe\" \"-R\""}
{"RuleName": "-", "UtcTime": 1589794491.798, "ProcessGuid": "{87a71a6b-56bb-5ec2-9550-01000000b000}", "ProcessId": 4708, "Image": "C:\\\\Windows\\\\System32\\\\conhost.exe", "FileVersion": "10.0.17763.1075 (WinBuild.160101.0800)", "Description": "Console Window Host", "Product": "Microsoft® Windows® Operating System", "Company": "Microsoft Corporation", "OriginalFileName": "CONHOST.EXE", "CommandLine": "\\\\??\\\\C:\\\\Windows\\\\system32\\\\conhost.exe 0xffffffff -ForceV1", "CurrentDirectory": "C:\\\\Windows", "User": "NT AUTHORITY\\\\SYSTEM", "LogonGuid": "{87a71a6b-54eb-5ebe-e703-000000000000}", "LogonId": 999, "TerminalSessionId": 0, "IntegrityLevel": "System", "Hashes": "SHA1=74F28DD9B0DA310D85F1931DB2749A26A9A8AB02", "ParentProcessGuid": "{87a71a6b-56bb-5ec2-9450-01000000b000}", "ParentProcessId": 560, "ParentImage": "C:\\\\Windows\\\\System32\\\\OpenSSH\\\\sshd.exe", "ParentCommandLine": "\"C:\\\\Windows\\\\System32\\\\OpenSSH\\\\sshd.exe\" \"-R\""}
{"RuleName": "-", "UtcTime": 1589794492.544, "ProcessGuid": "{87a71a6b-56bc-5ec2-9850-01000000b000}", "ProcessId": 2660, "Image": "C:\\\\Windows\\\\System32\\\\conhost.exe", "FileVersion": "10.0.17763.1075 (WinBuild.160101.0800)", "Description": "Console Window Host", "Product": "Microsoft® Windows® Operating System", "Company": "Microsoft Corporation", "OriginalFileName": "CONHOST.EXE", "CommandLine": "\\\\??\\\\C:\\\\Windows\\\\system32\\\\conhost.exe 0xffffffff -ForceV1", "CurrentDirectory": "C:\\\\Windows", "User": "NT AUTHORITY\\\\SYSTEM", "LogonGuid": "{87a71a6b-54eb-5ebe-e703-000000000000}", "LogonId": 999, "TerminalSessionId": 0, "IntegrityLevel": "System", "Hashes": "SHA1=74F28DD9B0DA310D85F1931DB2749A26A9A8AB02", "ParentProcessGuid": "{87a71a6b-56bc-5ec2-9750-01000000b000}", "ParentProcessId": 2268, "ParentImage": "C:\\\\Windows\\\\System32\\\\OpenSSH\\\\sshd.exe", "ParentCommandLine": "\"C:\\\\Windows\\\\System32\\\\OpenSSH\\\\sshd.exe\" \"-R\""}
{"RuleName": "-", "UtcTime": 1589794497.586, "ProcessGuid": "{87a71a6b-56c1-5ec2-9b50-01000000b000}", "ProcessId": 712, "Image": "C:\\\\Windows\\\\System32\\\\conhost.exe", "FileVersion": "10.0.17763.1075 (WinBuild.160101.0800)", "Description": "Console Window Host", "Product": "Microsoft® Windows® Operating System", "Company": "Microsoft Corporation", "OriginalFileName": "CONHOST.EXE", "CommandLine": "\\\\??\\\\C:\\\\Windows\\\\system32\\\\conhost.exe 0xffffffff -ForceV1", "CurrentDirectory": "C:\\\\Windows", "User": "NT AUTHORITY\\\\SYSTEM", "LogonGuid": "{87a71a6b-54eb-5ebe-e703-000000000000}", "LogonId": 999, "TerminalSessionId": 0, "IntegrityLevel": "System", "Hashes": "SHA1=74F28DD9B0DA310D85F1931DB2749A26A9A8AB02", "ParentProcessGuid": "{87a71a6b-56c1-5ec2-9a50-01000000b000}", "ParentProcessId": 3092, "ParentImage": "C:\\\\Windows\\\\System32\\\\OpenSSH\\\\sshd.exe", "ParentCommandLine": "\"C:\\\\Windows\\\\System32\\\\OpenSSH\\\\sshd.exe\" \"-R\""}
{"RuleName": "-", "UtcTime": 1589794498.623, "ProcessGuid": "{87a71a6b-56c2-5ec2-9e50-01000000b000}", "ProcessId": 4120, "Image": "C:\\\\Windows\\\\System32\\\\conhost.exe", "FileVersion": "10.0.17763.1075 (WinBuild.160101.0800)", "Description": "Console Window Host", "Product": "Microsoft® Windows® Operating System", "Company": "Microsoft Corporation", "OriginalFileName": "CONHOST.EXE", "CommandLine": "\\\\??\\\\C:\\\\Windows\\\\system32\\\\conhost.exe 0xffffffff -ForceV1", "CurrentDirectory": "C:\\\\Windows", "User": "NT AUTHORITY\\\\SYSTEM", "LogonGuid": "{87a71a6b-54eb-5ebe-e703-000000000000}", "LogonId": 999, "TerminalSessionId": 0, "IntegrityLevel": "System", "Hashes": "SHA1=74F28DD9B0DA310D85F1931DB2749A26A9A8AB02", "ParentProcessGuid": "{87a71a6b-56c2-5ec2-9d50-01000000b000}", "ParentProcessId": 3876, "ParentImage": "C:\\\\Windows\\\\System32\\\\OpenSSH\\\\sshd.exe", "ParentCommandLine": "\"C:\\\\Windows\\\\System32\\\\OpenSSH\\\\sshd.exe\" \"-R\""}
{"RuleName": "-", "UtcTime": 1589794504.262, "ProcessGuid": "{87a71a6b-56c8-5ec2-a150-01000000b000}", "ProcessId": 3776, "Image": "C:\\\\Windows\\\\System32\\\\conhost.exe", "FileVersion": "10.0.17763.1075 (WinBuild.160101.0800)", "Description": "Console Window Host", "Product": "Microsoft® Windows® Operating System", "Company": "Microsoft Corporation", "OriginalFileName": "CONHOST.EXE", "CommandLine": "\\\\??\\\\C:\\\\Windows\\\\system32\\\\conhost.exe 0xffffffff -ForceV1", "CurrentDirectory": "C:\\\\Windows", "User": "NT AUTHORITY\\\\SYSTEM", "LogonGuid": "{87a71a6b-54eb-5ebe-e703-000000000000}", "LogonId": 999, "TerminalSessionId": 0, "IntegrityLevel": "System", "Hashes": "SHA1=74F28DD9B0DA310D85F1931DB2749A26A9A8AB02", "ParentProcessGuid": "{87a71a6b-56c8-5ec2-a050-01000000b000}", "ParentProcessId": 1892, "ParentImage": "C:\\\\Windows\\\\System32\\\\OpenSSH\\\\sshd.exe", "ParentCommandLine": "\"C:\\\\Windows\\\\System32\\\\OpenSSH\\\\sshd.exe\" \"-R\""}
{"RuleName": "-", "UtcTime": 1589794509.292, "ProcessGuid": "{87a71a6b-56cd-5ec2-a450-01000000b000}", "ProcessId": 2596, "Image": "C:\\\\Windows\\\\System32\\\\conhost.exe", "FileVersion": "10.0.17763.1075 (WinBuild.160101.0800)", "Description": "Console Window Host", "Product": "Microsoft® Windows® Operating System", "Company": "Microsoft Corporation", "OriginalFileName": "CONHOST.EXE", "CommandLine": "\\\\??\\\\C:\\\\Windows\\\\system32\\\\conhost.exe 0xffffffff -ForceV1", "CurrentDirectory": "C:\\\\Windows", "User": "NT AUTHORITY\\\\SYSTEM", "LogonGuid": "{87a71a6b-54eb-5ebe-e703-000000000000}", "LogonId": 999, "TerminalSessionId": 0, "IntegrityLevel": "System", "Hashes": "SHA1=74F28DD9B0DA310D85F1931DB2749A26A9A8AB02", "ParentProcessGuid": "{87a71a6b-56cd-5ec2-a350-01000000b000}", "ParentProcessId": 3184, "ParentImage": "C:\\\\Windows\\\\System32\\\\OpenSSH\\\\sshd.exe", "ParentCommandLine": "\"C:\\\\Windows\\\\System32\\\\OpenSSH\\\\sshd.exe\" \"-R\""}
{"RuleName": "-", "UtcTime": 1589794515.119, "ProcessGuid": "{87a71a6b-56d3-5ec2-a750-01000000b000}", "ProcessId": 4692, "Image": "C:\\\\Windows\\\\System32\\\\conhost.exe", "FileVersion": "10.0.17763.1075 (WinBuild.160101.0800)", "Description": "Console Window Host", "Product": "Microsoft® Windows® Operating System", "Company": "Microsoft Corporation", "OriginalFileName": "CONHOST.EXE", "CommandLine": "\\\\??\\\\C:\\\\Windows\\\\system32\\\\conhost.exe 0xffffffff -ForceV1", "CurrentDirectory": "C:\\\\Windows", "User": "NT AUTHORITY\\\\SYSTEM", "LogonGuid": "{87a71a6b-54eb-5ebe-e703-000000000000}", "LogonId": 999, "TerminalSessionId": 0, "IntegrityLevel": "System", "Hashes": "SHA1=74F28DD9B0DA310D85F1931DB2749A26A9A8AB02", "ParentProcessGuid": "{87a71a6b-56d3-5ec2-a650-01000000b000}", "ParentProcessId": 5072, "ParentImage": "C:\\\\Windows\\\\System32\\\\OpenSSH\\\\sshd.exe", "ParentCommandLine": "\"C:\\\\Windows\\\\System32\\\\OpenSSH\\\\sshd.exe\" \"-R\""}
{"RuleName": "-", "UtcTime": 1589794526.083, "ProcessGuid": "{87a71a6b-56de-5ec2-aa50-01000000b000}", "ProcessId": 4696, "Image": "C:\\\\Windows\\\\System32\\\\conhost.exe", "FileVersion": "10.0.17763.1075 (WinBuild.160101.0800)", "Description": "Console Window Host", "Product": "Microsoft® Windows® Operating System", "Company": "Microsoft Corporation", "OriginalFileName": "CONHOST.EXE", "CommandLine": "\\\\??\\\\C:\\\\Windows\\\\system32\\\\conhost.exe 0xffffffff -ForceV1", "CurrentDirectory": "C:\\\\Windows", "User": "NT AUTHORITY\\\\SYSTEM", "LogonGuid": "{87a71a6b-54eb-5ebe-e703-000000000000}", "LogonId": 999, "TerminalSessionId": 0, "IntegrityLevel": "System", "Hashes": "SHA1=74F28DD9B0DA310D85F1931DB2749A26A9A8AB02", "ParentProcessGuid": "{87a71a6b-56de-5ec2-a950-01000000b000}", "ParentProcessId": 3732, "ParentImage": "C:\\\\Windows\\\\System32\\\\OpenSSH\\\\sshd.exe", "ParentCommandLine": "\"C:\\\\Windows\\\\System32\\\\OpenSSH\\\\sshd.exe\" \"-R\""}
{"RuleName": "-", "UtcTime": 1589794530.231, "ProcessGuid": "{87a71a6b-56e2-5ec2-ad50-01000000b000}", "ProcessId": 4500, "Image": "C:\\\\Windows\\\\System32\\\\conhost.exe", "FileVersion": "10.0.17763.1075 (WinBuild.160101.0800)", "Description": "Console Window Host", "Product": "Microsoft® Windows® Operating System", "Company": "Microsoft Corporation", "OriginalFileName": "CONHOST.EXE", "CommandLine": "\\\\??\\\\C:\\\\Windows\\\\system32\\\\conhost.exe 0xffffffff -ForceV1", "CurrentDirectory": "C:\\\\Windows", "User": "NT AUTHORITY\\\\SYSTEM", "LogonGuid": "{87a71a6b-54eb-5ebe-e703-000000000000}", "LogonId": 999, "TerminalSessionId": 0, "IntegrityLevel": "System", "Hashes": "SHA1=74F28DD9B0DA310D85F1931DB2749A26A9A8AB02", "ParentProcessGuid": "{87a71a6b-56e2-5ec2-ac50-01000000b000}", "ParentProcessId": 3052, "ParentImage": "C:\\\\Windows\\\\System32\\\\OpenSSH\\\\sshd.exe", "ParentCommandLine": "\"C:\\\\Windows\\\\System32\\\\OpenSSH\\\\sshd.exe\" \"-R\""}
{"RuleName": "-", "UtcTime": 1589794534.387, "ProcessGuid": "{87a71a6b-56e6-5ec2-b050-01000000b000}", "ProcessId": 4128, "Image": "C:\\\\Windows\\\\System32\\\\conhost.exe", "FileVersion": "10.0.17763.1075 (WinBuild.160101.0800)", "Description": "Console Window Host", "Product": "Microsoft® Windows® Operating System", "Company": "Microsoft Corporation", "OriginalFileName": "CONHOST.EXE", "CommandLine": "\\\\??\\\\C:\\\\Windows\\\\system32\\\\conhost.exe 0xffffffff -ForceV1", "CurrentDirectory": "C:\\\\Windows", "User": "NT AUTHORITY\\\\SYSTEM", "LogonGuid": "{87a71a6b-54eb-5ebe-e703-000000000000}", "LogonId": 999, "TerminalSessionId": 0, "IntegrityLevel": "System", "Hashes": "SHA1=74F28DD9B0DA310D85F1931DB2749A26A9A8AB02", "ParentProcessGuid": "{87a71a6b-56e6-5ec2-af50-01000000b000}", "ParentProcessId": 3920, "ParentImage": "C:\\\\Windows\\\\System32\\\\OpenSSH\\\\sshd.exe", "ParentCommandLine": "\"C:\\\\Windows\\\\System32\\\\OpenSSH\\\\sshd.exe\" \"-R\""}
{"RuleName": "-", "UtcTime": 1589794535.201, "ProcessGuid": "{87a71a6b-56e7-5ec2-b350-01000000b000}", "ProcessId": 4676, "Image": "C:\\\\Windows\\\\System32\\\\conhost.exe", "FileVersion": "10.0.17763.1075 (WinBuild.160101.0800)", "Description": "Console Window Host", "Product": "Microsoft® Windows® Operating System", "Company": "Microsoft Corporation", "OriginalFileName": "CONHOST.EXE", "CommandLine": "\\\\??\\\\C:\\\\Windows\\\\system32\\\\conhost.exe 0xffffffff -ForceV1", "CurrentDirectory": "C:\\\\Windows", "User": "NT AUTHORITY\\\\SYSTEM", "LogonGuid": "{87a71a6b-54eb-5ebe-e703-000000000000}", "LogonId": 999, "TerminalSessionId": 0, "IntegrityLevel": "System", "Hashes": "SHA1=74F28DD9B0DA310D85F1931DB2749A26A9A8AB02", "ParentProcessGuid": "{87a71a6b-56e7-5ec2-b250-01000000b000}", "ParentProcessId": 4652, "ParentImage": "C:\\\\Windows\\\\System32\\\\OpenSSH\\\\sshd.exe", "ParentCommandLine": "\"C:\\\\Windows\\\\System32\\\\OpenSSH\\\\sshd.exe\" \"-R\""}
{"RuleName": "-", "UtcTime": 1589794549.672, "ProcessGuid": "{87a71a6b-56f5-5ec2-b650-01000000b000}", "ProcessId": 2696, "Image": "C:\\\\Windows\\\\System32\\\\conhost.exe", "FileVersion": "10.0.17763.1075 (WinBuild.160101.0800)", "Description": "Console Window Host", "Product": "Microsoft® Windows® Operating System", "Company": "Microsoft Corporation", "OriginalFileName": "CONHOST.EXE", "CommandLine": "\\\\??\\\\C:\\\\Windows\\\\system32\\\\conhost.exe 0xffffffff -ForceV1", "CurrentDirectory": "C:\\\\Windows", "User": "NT AUTHORITY\\\\SYSTEM", "LogonGuid": "{87a71a6b-54eb-5ebe-e703-000000000000}", "LogonId": 999, "TerminalSessionId": 0, "IntegrityLevel": "System", "Hashes": "SHA1=74F28DD9B0DA310D85F1931DB2749A26A9A8AB02", "ParentProcessGuid": "{87a71a6b-56f5-5ec2-b550-01000000b000}", "ParentProcessId": 4200, "ParentImage": "C:\\\\Windows\\\\System32\\\\OpenSSH\\\\sshd.exe", "ParentCommandLine": "\"C:\\\\Windows\\\\System32\\\\OpenSSH\\\\sshd.exe\" \"-R\""}
{"RuleName": "-", "UtcTime": 1589794556.319, "ProcessGuid": "{87a71a6b-56fc-5ec2-b950-01000000b000}", "ProcessId": 3592, "Image": "C:\\\\Windows\\\\System32\\\\conhost.exe", "FileVersion": "10.0.17763.1075 (WinBuild.160101.0800)", "Description": "Console Window Host", "Product": "Microsoft® Windows® Operating System", "Company": "Microsoft Corporation", "OriginalFileName": "CONHOST.EXE", "CommandLine": "\\\\??\\\\C:\\\\Windows\\\\system32\\\\conhost.exe 0xffffffff -ForceV1", "CurrentDirectory": "C:\\\\Windows", "User": "NT AUTHORITY\\\\SYSTEM", "LogonGuid": "{87a71a6b-54eb-5ebe-e703-000000000000}", "LogonId": 999, "TerminalSessionId": 0, "IntegrityLevel": "System", "Hashes": "SHA1=74F28DD9B0DA310D85F1931DB2749A26A9A8AB02", "ParentProcessGuid": "{87a71a6b-56fc-5ec2-b850-01000000b000}", "ParentProcessId": 4852, "ParentImage": "C:\\\\Windows\\\\System32\\\\OpenSSH\\\\sshd.exe", "ParentCommandLine": "\"C:\\\\Windows\\\\System32\\\\OpenSSH\\\\sshd.exe\" \"-R\""}
{"RuleName": "-", "UtcTime": 1589794559.276, "ProcessGuid": "{87a71a6b-56ff-5ec2-bc50-01000000b000}", "ProcessId": 4444, "Image": "C:\\\\Windows\\\\System32\\\\conhost.exe", "FileVersion": "10.0.17763.1075 (WinBuild.160101.0800)", "Description": "Console Window Host", "Product": "Microsoft® Windows® Operating System", "Company": "Microsoft Corporation", "OriginalFileName": "CONHOST.EXE", "CommandLine": "\\\\??\\\\C:\\\\Windows\\\\system32\\\\conhost.exe 0xffffffff -ForceV1", "CurrentDirectory": "C:\\\\Windows", "User": "NT AUTHORITY\\\\SYSTEM", "LogonGuid": "{87a71a6b-54eb-5ebe-e703-000000000000}", "LogonId": 999, "TerminalSessionId": 0, "IntegrityLevel": "System", "Hashes": "SHA1=74F28DD9B0DA310D85F1931DB2749A26A9A8AB02", "ParentProcessGuid": "{87a71a6b-56ff-5ec2-bb50-01000000b000}", "ParentProcessId": 4308, "ParentImage": "C:\\\\Windows\\\\System32\\\\OpenSSH\\\\sshd.exe", "ParentCommandLine": "\"C:\\\\Windows\\\\System32\\\\OpenSSH\\\\sshd.exe\" \"-R\""}
{"RuleName": "-", "UtcTime": 1589794574.275, "ProcessGuid": "{87a71a6b-570e-5ec2-bf50-01000000b000}", "ProcessId": 3904, "Image": "C:\\\\Windows\\\\System32\\\\conhost.exe", "FileVersion": "10.0.17763.1075 (WinBuild.160101.0800)", "Description": "Console Window Host", "Product": "Microsoft® Windows® Operating System", "Company": "Microsoft Corporation", "OriginalFileName": "CONHOST.EXE", "CommandLine": "\\\\??\\\\C:\\\\Windows\\\\system32\\\\conhost.exe 0xffffffff -ForceV1", "CurrentDirectory": "C:\\\\Windows", "User": "NT AUTHORITY\\\\SYSTEM", "LogonGuid": "{87a71a6b-54eb-5ebe-e703-000000000000}", "LogonId": 999, "TerminalSessionId": 0, "IntegrityLevel": "System", "Hashes": "SHA1=74F28DD9B0DA310D85F1931DB2749A26A9A8AB02", "ParentProcessGuid": "{87a71a6b-570e-5ec2-be50-01000000b000}", "ParentProcessId": 4092, "ParentImage": "C:\\\\Windows\\\\System32\\\\OpenSSH\\\\sshd.exe", "ParentCommandLine": "\"C:\\\\Windows\\\\System32\\\\OpenSSH\\\\sshd.exe\" \"-R\""}
{"RuleName": "-", "UtcTime": 1589794587.523, "ProcessGuid": "{87a71a6b-571b-5ec2-c250-01000000b000}", "ProcessId": 3668, "Image": "C:\\\\Windows\\\\System32\\\\conhost.exe", "FileVersion": "10.0.17763.1075 (WinBuild.160101.0800)", "Description": "Console Window Host", "Product": "Microsoft® Windows® Operating System", "Company": "Microsoft Corporation", "OriginalFileName": "CONHOST.EXE", "CommandLine": "\\\\??\\\\C:\\\\Windows\\\\system32\\\\conhost.exe 0xffffffff -ForceV1", "CurrentDirectory": "C:\\\\Windows", "User": "NT AUTHORITY\\\\SYSTEM", "LogonGuid": "{87a71a6b-54eb-5ebe-e703-000000000000}", "LogonId": 999, "TerminalSessionId": 0, "IntegrityLevel": "System", "Hashes": "SHA1=74F28DD9B0DA310D85F1931DB2749A26A9A8AB02", "ParentProcessGuid": "{87a71a6b-571b-5ec2-c150-01000000b000}", "ParentProcessId": 4212, "ParentImage": "C:\\\\Windows\\\\System32\\\\OpenSSH\\\\sshd.exe", "ParentCommandLine": "\"C:\\\\Windows\\\\System32\\\\OpenSSH\\\\sshd.exe\" \"-R\""}
{"RuleName": "-", "UtcTime": 1589794598.317, "ProcessGuid": "{87a71a6b-5726-5ec2-c550-01000000b000}", "ProcessId": 2344, "Image": "C:\\\\Windows\\\\System32\\\\conhost.exe", "FileVersion": "10.0.17763.1075 (WinBuild.160101.0800)", "Description": "Console Window Host", "Product": "Microsoft® Windows® Operating System", "Company": "Microsoft Corporation", "OriginalFileName": "CONHOST.EXE", "CommandLine": "\\\\??\\\\C:\\\\Windows\\\\system32\\\\conhost.exe 0xffffffff -ForceV1", "CurrentDirectory": "C:\\\\Windows", "User": "NT AUTHORITY\\\\SYSTEM", "LogonGuid": "{87a71a6b-54eb-5ebe-e703-000000000000}", "LogonId": 999, "TerminalSessionId": 0, "IntegrityLevel": "System", "Hashes": "SHA1=74F28DD9B0DA310D85F1931DB2749A26A9A8AB02", "ParentProcessGuid": "{87a71a6b-5726-5ec2-c450-01000000b000}", "ParentProcessId": 4404, "ParentImage": "C:\\\\Windows\\\\System32\\\\OpenSSH\\\\sshd.exe", "ParentCommandLine": "\"C:\\\\Windows\\\\System32\\\\OpenSSH\\\\sshd.exe\" \"-R\""}
{"RuleName": "-", "UtcTime": 1589794615.808, "ProcessGuid": "{87a71a6b-5737-5ec2-c850-01000000b000}", "ProcessId": 4624, "Image": "C:\\\\Windows\\\\System32\\\\conhost.exe", "FileVersion": "10.0.17763.1075 (WinBuild.160101.0800)", "Description": "Console Window Host", "Product": "Microsoft® Windows® Operating System", "Company": "Microsoft Corporation", "OriginalFileName": "CONHOST.EXE", "CommandLine": "\\\\??\\\\C:\\\\Windows\\\\system32\\\\conhost.exe 0xffffffff -ForceV1", "CurrentDirectory": "C:\\\\Windows", "User": "NT AUTHORITY\\\\SYSTEM", "LogonGuid": "{87a71a6b-54eb-5ebe-e703-000000000000}", "LogonId": 999, "TerminalSessionId": 0, "IntegrityLevel": "System", "Hashes": "SHA1=74F28DD9B0DA310D85F1931DB2749A26A9A8AB02", "ParentProcessGuid": "{87a71a6b-5737-5ec2-c750-01000000b000}", "ParentProcessId": 712, "ParentImage": "C:\\\\Windows\\\\System32\\\\OpenSSH\\\\sshd.exe", "ParentCommandLine": "\"C:\\\\Windows\\\\System32\\\\OpenSSH\\\\sshd.exe\" \"-R\""}
{"RuleName": "-", "UtcTime": 1589794621.725, "ProcessGuid": "{87a71a6b-573d-5ec2-cb50-01000000b000}", "ProcessId": 4588, "Image": "C:\\\\Windows\\\\System32\\\\conhost.exe", "FileVersion": "10.0.17763.1075 (WinBuild.160101.0800)", "Description": "Console Window Host", "Product": "Microsoft® Windows® Operating System", "Company": "Microsoft Corporation", "OriginalFileName": "CONHOST.EXE", "CommandLine": "\\\\??\\\\C:\\\\Windows\\\\system32\\\\conhost.exe 0xffffffff -ForceV1", "CurrentDirectory": "C:\\\\Windows", "User": "NT AUTHORITY\\\\SYSTEM", "LogonGuid": "{87a71a6b-54eb-5ebe-e703-000000000000}", "LogonId": 999, "TerminalSessionId": 0, "IntegrityLevel": "System", "Hashes": "SHA1=74F28DD9B0DA310D85F1931DB2749A26A9A8AB02", "ParentProcessGuid": "{87a71a6b-573d-5ec2-ca50-01000000b000}", "ParentProcessId": 504, "ParentImage": "C:\\\\Windows\\\\System32\\\\OpenSSH\\\\sshd.exe", "ParentCommandLine": "\"C:\\\\Windows\\\\System32\\\\OpenSSH\\\\sshd.exe\" \"-R\""}
{"RuleName": "-", "UtcTime": 1589794623.134, "ProcessGuid": "{87a71a6b-573f-5ec2-ce50-01000000b000}", "ProcessId": 4352, "Image": "C:\\\\Windows\\\\System32\\\\conhost.exe", "FileVersion": "10.0.17763.1075 (WinBuild.160101.0800)", "Description": "Console Window Host", "Product": "Microsoft® Windows® Operating System", "Company": "Microsoft Corporation", "OriginalFileName": "CONHOST.EXE", "CommandLine": "\\\\??\\\\C:\\\\Windows\\\\system32\\\\conhost.exe 0xffffffff -ForceV1", "CurrentDirectory": "C:\\\\Windows", "User": "NT AUTHORITY\\\\SYSTEM", "LogonGuid": "{87a71a6b-54eb-5ebe-e703-000000000000}", "LogonId": 999, "TerminalSessionId": 0, "IntegrityLevel": "System", "Hashes": "SHA1=74F28DD9B0DA310D85F1931DB2749A26A9A8AB02", "ParentProcessGuid": "{87a71a6b-573f-5ec2-cd50-01000000b000}", "ParentProcessId": 4504, "ParentImage": "C:\\\\Windows\\\\System32\\\\OpenSSH\\\\sshd.exe", "ParentCommandLine": "\"C:\\\\Windows\\\\System32\\\\OpenSSH\\\\sshd.exe\" \"-R\""}
{"RuleName": "-", "UtcTime": 1589794630.197, "ProcessGuid": "{87a71a6b-5746-5ec2-d150-01000000b000}", "ProcessId": 4236, "Image": "C:\\\\Windows\\\\System32\\\\conhost.exe", "FileVersion": "10.0.17763.1075 (WinBuild.160101.0800)", "Description": "Console Window Host", "Product": "Microsoft® Windows® Operating System", "Company": "Microsoft Corporation", "OriginalFileName": "CONHOST.EXE", "CommandLine": "\\\\??\\\\C:\\\\Windows\\\\system32\\\\conhost.exe 0xffffffff -ForceV1", "CurrentDirectory": "C:\\\\Windows", "User": "NT AUTHORITY\\\\SYSTEM", "LogonGuid": "{87a71a6b-54eb-5ebe-e703-000000000000}", "LogonId": 999, "TerminalSessionId": 0, "IntegrityLevel": "System", "Hashes": "SHA1=74F28DD9B0DA310D85F1931DB2749A26A9A8AB02", "ParentProcessGuid": "{87a71a6b-5746-5ec2-d050-01000000b000}", "ParentProcessId": 4792, "ParentImage": "C:\\\\Windows\\\\System32\\\\OpenSSH\\\\sshd.exe", "ParentCommandLine": "\"C:\\\\Windows\\\\System32\\\\OpenSSH\\\\sshd.exe\" \"-R\""}
{"RuleName": "-", "UtcTime": 1589794667.261, "ProcessGuid": "{87a71a6b-576b-5ec2-d450-01000000b000}", "ProcessId": 4500, "Image": "C:\\\\Windows\\\\System32\\\\conhost.exe", "FileVersion": "10.0.17763.1075 (WinBuild.160101.0800)", "Description": "Console Window Host", "Product": "Microsoft® Windows® Operating System", "Company": "Microsoft Corporation", "OriginalFileName": "CONHOST.EXE", "CommandLine": "\\\\??\\\\C:\\\\Windows\\\\system32\\\\conhost.exe 0xffffffff -ForceV1", "CurrentDirectory": "C:\\\\Windows", "User": "NT AUTHORITY\\\\SYSTEM", "LogonGuid": "{87a71a6b-54eb-5ebe-e703-000000000000}", "LogonId": 999, "TerminalSessionId": 0, "IntegrityLevel": "System", "Hashes": "SHA1=74F28DD9B0DA310D85F1931DB2749A26A9A8AB02", "ParentProcessGuid": "{87a71a6b-576b-5ec2-d350-01000000b000}", "ParentProcessId": 4180, "ParentImage": "C:\\\\Windows\\\\System32\\\\OpenSSH\\\\sshd.exe", "ParentCommandLine": "\"C:\\\\Windows\\\\System32\\\\OpenSSH\\\\sshd.exe\" \"-R\""}
{"RuleName": "-", "UtcTime": 1589794686.111, "ProcessGuid": "{87a71a6b-577e-5ec2-d750-01000000b000}", "ProcessId": 4188, "Image": "C:\\\\Windows\\\\System32\\\\conhost.exe", "FileVersion": "10.0.17763.1075 (WinBuild.160101.0800)", "Description": "Console Window Host", "Product": "Microsoft® Windows® Operating System", "Company": "Microsoft Corporation", "OriginalFileName": "CONHOST.EXE", "CommandLine": "\\\\??\\\\C:\\\\Windows\\\\system32\\\\conhost.exe 0xffffffff -ForceV1", "CurrentDirectory": "C:\\\\Windows", "User": "NT AUTHORITY\\\\SYSTEM", "LogonGuid": "{87a71a6b-54eb-5ebe-e703-000000000000}", "LogonId": 999, "TerminalSessionId": 0, "IntegrityLevel": "System", "Hashes": "SHA1=74F28DD9B0DA310D85F1931DB2749A26A9A8AB02", "ParentProcessGuid": "{87a71a6b-577e-5ec2-d650-01000000b000}", "ParentProcessId": 4668, "ParentImage": "C:\\\\Windows\\\\System32\\\\OpenSSH\\\\sshd.exe", "ParentCommandLine": "\"C:\\\\Windows\\\\System32\\\\OpenSSH\\\\sshd.exe\" \"-R\""}
{"RuleName": "-", "UtcTime": 1589794704.338, "ProcessGuid": "{87a71a6b-5790-5ec2-da50-01000000b000}", "ProcessId": 4328, "Image": "C:\\\\Windows\\\\System32\\\\conhost.exe", "FileVersion": "10.0.17763.1075 (WinBuild.160101.0800)", "Description": "Console Window Host", "Product": "Microsoft® Windows® Operating System", "Company": "Microsoft Corporation", "OriginalFileName": "CONHOST.EXE", "CommandLine": "\\\\??\\\\C:\\\\Windows\\\\system32\\\\conhost.exe 0xffffffff -ForceV1", "CurrentDirectory": "C:\\\\Windows", "User": "NT AUTHORITY\\\\SYSTEM", "LogonGuid": "{87a71a6b-54eb-5ebe-e703-000000000000}", "LogonId": 999, "TerminalSessionId": 0, "IntegrityLevel": "System", "Hashes": "SHA1=74F28DD9B0DA310D85F1931DB2749A26A9A8AB02", "ParentProcessGuid": "{87a71a6b-5790-5ec2-d950-01000000b000}", "ParentProcessId": 3520, "ParentImage": "C:\\\\Windows\\\\System32\\\\OpenSSH\\\\sshd.exe", "ParentCommandLine": "\"C:\\\\Windows\\\\System32\\\\OpenSSH\\\\sshd.exe\" \"-R\""}
{"RuleName": "-", "UtcTime": 1589794716.65, "ProcessGuid": "{87a71a6b-579c-5ec2-dd50-01000000b000}", "ProcessId": 3232, "Image": "C:\\\\Windows\\\\System32\\\\conhost.exe", "FileVersion": "10.0.17763.1075 (WinBuild.160101.0800)", "Description": "Console Window Host", "Product": "Microsoft® Windows® Operating System", "Company": "Microsoft Corporation", "OriginalFileName": "CONHOST.EXE", "CommandLine": "\\\\??\\\\C:\\\\Windows\\\\system32\\\\conhost.exe 0xffffffff -ForceV1", "CurrentDirectory": "C:\\\\Windows", "User": "NT AUTHORITY\\\\SYSTEM", "LogonGuid": "{87a71a6b-54eb-5ebe-e703-000000000000}", "LogonId": 999, "TerminalSessionId": 0, "IntegrityLevel": "System", "Hashes": "SHA1=74F28DD9B0DA310D85F1931DB2749A26A9A8AB02", "ParentProcessGuid": "{87a71a6b-579c-5ec2-dc50-01000000b000}", "ParentProcessId": 4904, "ParentImage": "C:\\\\Windows\\\\System32\\\\OpenSSH\\\\sshd.exe", "ParentCommandLine": "\"C:\\\\Windows\\\\System32\\\\OpenSSH\\\\sshd.exe\" \"-R\""}
{"RuleName": "-", "UtcTime": 1589794718.066, "ProcessGuid": "{87a71a6b-579e-5ec2-e050-01000000b000}", "ProcessId": 560, "Image": "C:\\\\Windows\\\\System32\\\\conhost.exe", "FileVersion": "10.0.17763.1075 (WinBuild.160101.0800)", "Description": "Console Window Host", "Product": "Microsoft® Windows® Operating System", "Company": "Microsoft Corporation", "OriginalFileName": "CONHOST.EXE", "CommandLine": "\\\\??\\\\C:\\\\Windows\\\\system32\\\\conhost.exe 0xffffffff -ForceV1", "CurrentDirectory": "C:\\\\Windows", "User": "NT AUTHORITY\\\\SYSTEM", "LogonGuid": "{87a71a6b-54eb-5ebe-e703-000000000000}", "LogonId": 999, "TerminalSessionId": 0, "IntegrityLevel": "System", "Hashes": "SHA1=74F28DD9B0DA310D85F1931DB2749A26A9A8AB02", "ParentProcessGuid": "{87a71a6b-579e-5ec2-df50-01000000b000}", "ParentProcessId": 4396, "ParentImage": "C:\\\\Windows\\\\System32\\\\OpenSSH\\\\sshd.exe", "ParentCommandLine": "\"C:\\\\Windows\\\\System32\\\\OpenSSH\\\\sshd.exe\" \"-R\""}
{"RuleName": "-", "UtcTime": 1589794718.158, "ProcessGuid": "{87a71a6b-579e-5ec2-e250-01000000b000}", "ProcessId": 3884, "Image": "C:\\\\Windows\\\\System32\\\\conhost.exe", "FileVersion": "10.0.17763.1075 (WinBuild.160101.0800)", "Description": "Console Window Host", "Product": "Microsoft® Windows® Operating System", "Company": "Microsoft Corporation", "OriginalFileName": "CONHOST.EXE", "CommandLine": "\\\\??\\\\C:\\\\Windows\\\\system32\\\\conhost.exe 0xffffffff -ForceV1", "CurrentDirectory": "C:\\\\Windows", "User": "NT AUTHORITY\\\\SYSTEM", "LogonGuid": "{87a71a6b-54eb-5ebe-e703-000000000000}", "LogonId": 999, "TerminalSessionId": 0, "IntegrityLevel": "System", "Hashes": "SHA1=74F28DD9B0DA310D85F1931DB2749A26A9A8AB02", "ParentProcessGuid": "{87a71a6b-579e-5ec2-e150-01000000b000}", "ParentProcessId": 3892, "ParentImage": "C:\\\\Windows\\\\System32\\\\OpenSSH\\\\sshd.exe", "ParentCommandLine": "\"C:\\\\Windows\\\\System32\\\\OpenSSH\\\\sshd.exe\" \"-R\""}
{"RuleName": "-", "UtcTime": 1589794727.182, "ProcessGuid": "{87a71a6b-57a7-5ec2-e450-01000000b000}", "ProcessId": 4772, "Image": "C:\\\\Windows\\\\System32\\\\taskhostw.exe", "FileVersion": "10.0.17763.831 (WinBuild.160101.0800)", "Description": "Host Process for Windows Tasks", "Product": "Microsoft® Windows® Operating System", "Company": "Microsoft Corporation", "OriginalFileName": "taskhostw.exe", "CommandLine": "taskhostw.exe NGCKeyPregen", "CurrentDirectory": "C:\\\\Windows\\\\system32\\\\", "User": "NT AUTHORITY\\\\SYSTEM", "LogonGuid": "{87a71a6b-54eb-5ebe-e703-000000000000}", "LogonId": 999, "TerminalSessionId": 0, "IntegrityLevel": "System", "Hashes": "SHA1=77A6E223BF95348B3FA413B244CBB82598DAC9A2", "ParentProcessGuid": "{87a71a6b-54ed-5ebe-1a00-00000000b000}", "ParentProcessId": 1268, "ParentImage": "C:\\\\Windows\\\\System32\\\\svchost.exe", "ParentCommandLine": "C:\\\\Windows\\\\system32\\\\svchost.exe -k netsvcs -p"}
